[ 2017-09-06T03:54:55+08:00 ] 14.215.176.144 /index.php?s=/Home/Index
INFO: [ app_init ] --START--
INFO: Run Behavior\BuildLiteBehavior [ RunTime:0.000021s ]
INFO: Run Common\Behavior\InitHookBehavior [ RunTime:1.060659s ]
INFO: [ app_init ] --END-- [ RunTime:1.133245s ]
INFO: [ app_begin ] --START--
INFO: Run Behavior\ReadHtmlCacheBehavior [ RunTime:0.040463s ]
INFO: [ app_begin ] --END-- [ RunTime:0.040528s ]
SQL: SHOW COLUMNS FROM `mic_config` [ RunTime:0.4498s ]
SQL: SELECT `type`,`name`,`value` FROM `mic_config` WHERE `status` = 1  [ RunTime:0.0171s ]
INFO: [ view_parse ] --START--
INFO: [ template_filter ] --START--
INFO: Run Behavior\ContentReplaceBehavior [ RunTime:0.000083s ]
INFO: [ template_filter ] --END-- [ RunTime:0.000141s ]
INFO: Run Behavior\ParseTemplateBehavior [ RunTime:1.610250s ]
INFO: [ view_parse ] --END-- [ RunTime:1.610346s ]
INFO: [ view_filter ] --START--
INFO: Run Behavior\WriteHtmlCacheBehavior [ RunTime:0.041896s ]
INFO: [ view_filter ] --END-- [ RunTime:0.041944s ]
INFO: [ app_end ] --START--
INFO: Run Behavior\ShowPageTraceBehavior [ RunTime:0.120669s ]
INFO: [ app_end ] --END-- [ RunTime:0.120727s ]

[ 2017-09-06T06:25:09+08:00 ] 157.55.39.106 /
INFO: [ app_init ] --START--
INFO: Run Behavior\BuildLiteBehavior [ RunTime:0.000021s ]
INFO: Run Common\Behavior\InitHookBehavior [ RunTime:0.066038s ]
INFO: [ app_init ] --END-- [ RunTime:0.077520s ]
INFO: [ app_begin ] --START--
INFO: Run Behavior\ReadHtmlCacheBehavior [ RunTime:0.019397s ]
INFO: [ app_begin ] --END-- [ RunTime:0.019480s ]
SQL: SHOW COLUMNS FROM `mic_config` [ RunTime:0.3456s ]
SQL: SELECT `type`,`name`,`value` FROM `mic_config` WHERE `status` = 1  [ RunTime:0.0184s ]
INFO: [ view_parse ] --START--
INFO: [ template_filter ] --START--
INFO: Run Behavior\ContentReplaceBehavior [ RunTime:0.000079s ]
INFO: [ template_filter ] --END-- [ RunTime:0.000128s ]
INFO: Run Behavior\ParseTemplateBehavior [ RunTime:0.158677s ]
INFO: [ view_parse ] --END-- [ RunTime:0.158733s ]
INFO: [ view_filter ] --START--
INFO: Run Behavior\WriteHtmlCacheBehavior [ RunTime:0.020873s ]
INFO: [ view_filter ] --END-- [ RunTime:0.020954s ]
INFO: [ app_end ] --START--
INFO: Run Behavior\ShowPageTraceBehavior [ RunTime:0.016802s ]
INFO: [ app_end ] --END-- [ RunTime:0.016861s ]

[ 2017-09-06T12:23:54+08:00 ] 101.226.65.107 /
INFO: [ app_init ] --START--
INFO: Run Behavior\BuildLiteBehavior [ RunTime:0.000022s ]
INFO: Run Common\Behavior\InitHookBehavior [ RunTime:0.478915s ]
INFO: [ app_init ] --END-- [ RunTime:0.544228s ]
INFO: [ app_begin ] --START--
INFO: Run Behavior\ReadHtmlCacheBehavior [ RunTime:0.024450s ]
INFO: [ app_begin ] --END-- [ RunTime:0.024519s ]
SQL: SHOW COLUMNS FROM `mic_config` [ RunTime:0.2996s ]
SQL: SELECT `type`,`name`,`value` FROM `mic_config` WHERE `status` = 1  [ RunTime:0.0187s ]
INFO: [ view_parse ] --START--
INFO: [ template_filter ] --START--
INFO: Run Behavior\ContentReplaceBehavior [ RunTime:0.000094s ]
INFO: [ template_filter ] --END-- [ RunTime:0.000158s ]
INFO: Run Behavior\ParseTemplateBehavior [ RunTime:0.627455s ]
INFO: [ view_parse ] --END-- [ RunTime:0.627535s ]
INFO: [ view_filter ] --START--
INFO: Run Behavior\WriteHtmlCacheBehavior [ RunTime:0.054797s ]
INFO: [ view_filter ] --END-- [ RunTime:0.054962s ]
INFO: [ app_end ] --START--
INFO: Run Behavior\ShowPageTraceBehavior [ RunTime:0.063359s ]
INFO: [ app_end ] --END-- [ RunTime:0.063416s ]

[ 2017-09-06T18:35:03+08:00 ] 112.90.82.196 /
INFO: [ app_init ] --START--
INFO: Run Behavior\BuildLiteBehavior [ RunTime:0.000022s ]
INFO: Run Common\Behavior\InitHookBehavior [ RunTime:1.481922s ]
INFO: [ app_init ] --END-- [ RunTime:1.577568s ]
INFO: [ app_begin ] --START--
INFO: Run Behavior\ReadHtmlCacheBehavior [ RunTime:0.067233s ]
INFO: [ app_begin ] --END-- [ RunTime:0.067319s ]
SQL: SHOW COLUMNS FROM `mic_config` [ RunTime:0.2827s ]
SQL: SELECT `type`,`name`,`value` FROM `mic_config` WHERE `status` = 1  [ RunTime:0.0198s ]
INFO: [ view_parse ] --START--
INFO: [ template_filter ] --START--
INFO: Run Behavior\ContentReplaceBehavior [ RunTime:0.000072s ]
INFO: [ template_filter ] --END-- [ RunTime:0.000131s ]
INFO: Run Behavior\ParseTemplateBehavior [ RunTime:1.022751s ]
INFO: [ view_parse ] --END-- [ RunTime:1.022863s ]
INFO: [ view_filter ] --START--
INFO: Run Behavior\WriteHtmlCacheBehavior [ RunTime:0.063238s ]
INFO: [ view_filter ] --END-- [ RunTime:0.063299s ]
INFO: [ app_end ] --START--
INFO: Run Behavior\ShowPageTraceBehavior [ RunTime:0.147143s ]
INFO: [ app_end ] --END-- [ RunTime:0.147198s ]

[ 2017-09-06T22:54:40+08:00 ] 123.245.89.42 /
INFO: [ app_init ] --START--
INFO: Run Behavior\BuildLiteBehavior [ RunTime:0.000018s ]
INFO: Run Common\Behavior\InitHookBehavior [ RunTime:0.067270s ]
INFO: [ app_init ] --END-- [ RunTime:0.078614s ]
INFO: [ app_begin ] --START--
INFO: Run Behavior\ReadHtmlCacheBehavior [ RunTime:0.012927s ]
INFO: [ app_begin ] --END-- [ RunTime:0.012983s ]
SQL: SHOW COLUMNS FROM `mic_config` [ RunTime:0.2860s ]
SQL: SELECT `type`,`name`,`value` FROM `mic_config` WHERE `status` = 1  [ RunTime:0.0256s ]
INFO: [ view_parse ] --START--
INFO: [ template_filter ] --START--
INFO: Run Behavior\ContentReplaceBehavior [ RunTime:0.005787s ]
INFO: [ template_filter ] --END-- [ RunTime:0.005849s ]
INFO: Run Behavior\ParseTemplateBehavior [ RunTime:0.150016s ]
INFO: [ view_parse ] --END-- [ RunTime:0.150072s ]
INFO: [ view_filter ] --START--
INFO: Run Behavior\WriteHtmlCacheBehavior [ RunTime:0.017517s ]
INFO: [ view_filter ] --END-- [ RunTime:0.017562s ]
INFO: [ app_end ] --START--
INFO: Run Behavior\ShowPageTraceBehavior [ RunTime:0.010240s ]
INFO: [ app_end ] --END-- [ RunTime:0.010286s ]

