[ 2017-08-29T00:30:46+08:00 ] 103.88.46.136 /
INFO: [ app_init ] --START--
INFO: Run Behavior\BuildLiteBehavior [ RunTime:0.000022s ]
INFO: Run Common\Behavior\InitHookBehavior [ RunTime:0.793668s ]
INFO: [ app_init ] --END-- [ RunTime:0.855879s ]
INFO: [ app_begin ] --START--
INFO: Run Behavior\ReadHtmlCacheBehavior [ RunTime:0.055796s ]
INFO: [ app_begin ] --END-- [ RunTime:0.055865s ]
SQL: SHOW COLUMNS FROM `mic_config` [ RunTime:0.2416s ]
SQL: SELECT `type`,`name`,`value` FROM `mic_config` WHERE `status` = 1  [ RunTime:0.0147s ]
INFO: [ view_parse ] --START--
INFO: [ template_filter ] --START--
INFO: Run Behavior\ContentReplaceBehavior [ RunTime:0.000085s ]
INFO: [ template_filter ] --END-- [ RunTime:0.000157s ]
INFO: Run Behavior\ParseTemplateBehavior [ RunTime:0.811712s ]
INFO: [ view_parse ] --END-- [ RunTime:0.811816s ]
INFO: [ view_filter ] --START--
INFO: Run Behavior\WriteHtmlCacheBehavior [ RunTime:0.042712s ]
INFO: [ view_filter ] --END-- [ RunTime:0.042776s ]
INFO: [ app_end ] --START--
INFO: Run Behavior\ShowPageTraceBehavior [ RunTime:0.093137s ]
INFO: [ app_end ] --END-- [ RunTime:0.093225s ]

[ 2017-08-29T00:31:05+08:00 ] 103.88.46.136 /index.php?s=/Home/Personal
INFO: [ app_init ] --START--
INFO: Run Behavior\BuildLiteBehavior [ RunTime:0.000063s ]
INFO: Run Common\Behavior\InitHookBehavior [ RunTime:0.013212s ]
INFO: [ app_init ] --END-- [ RunTime:0.013548s ]
INFO: [ app_begin ] --START--
INFO: Run Behavior\ReadHtmlCacheBehavior [ RunTime:0.000329s ]
INFO: [ app_begin ] --END-- [ RunTime:0.000382s ]
SQL: SHOW COLUMNS FROM `mic_config` [ RunTime:0.0093s ]
SQL: SELECT `type`,`name`,`value` FROM `mic_config` WHERE `status` = 1  [ RunTime:0.0006s ]
SQL: SHOW COLUMNS FROM `mic_partner` [ RunTime:0.0028s ]
SQL: SELECT * FROM `mic_partner`  [ RunTime:0.0007s ]
SQL: SHOW COLUMNS FROM `mic_picture` [ RunTime:0.0011s ]
SQL: SELECT `path` FROM `mic_picture` WHERE `id` = 54  [ RunTime:0.0088s ]
SQL: SELECT `path` FROM `mic_picture` WHERE `id` = 55  [ RunTime:0.0003s ]
SQL: SELECT `path` FROM `mic_picture` WHERE `id` = 48  [ RunTime:0.0003s ]
SQL: SELECT `path` FROM `mic_picture` WHERE `id` = 49  [ RunTime:0.0003s ]
SQL: SELECT `path` FROM `mic_picture` WHERE `id` = 50  [ RunTime:0.0003s ]
SQL: SELECT `path` FROM `mic_picture` WHERE `id` = 51  [ RunTime:0.0003s ]
SQL: SELECT `path` FROM `mic_picture` WHERE `id` = 52  [ RunTime:0.0003s ]
SQL: SELECT `path` FROM `mic_picture` WHERE `id` = 53  [ RunTime:0.0003s ]
SQL: SELECT `path` FROM `mic_picture` WHERE `id` = 31  [ RunTime:0.0003s ]
SQL: SELECT `path` FROM `mic_picture` WHERE `id` = 32  [ RunTime:0.0003s ]
SQL: SELECT `path` FROM `mic_picture` WHERE `id` = 97  [ RunTime:0.0003s ]
SQL: SELECT `path` FROM `mic_picture` WHERE `id` = 99  [ RunTime:0.0003s ]
SQL: SELECT `path` FROM `mic_picture` WHERE `id` = 42  [ RunTime:0.0003s ]
SQL: SELECT `path` FROM `mic_picture` WHERE `id` = 43  [ RunTime:0.0003s ]
SQL: SELECT `path` FROM `mic_picture` WHERE `id` = 45  [ RunTime:0.0003s ]
SQL: SELECT `path` FROM `mic_picture` WHERE `id` = 46  [ RunTime:0.0003s ]
SQL: SELECT `path` FROM `mic_picture` WHERE `id` = 56  [ RunTime:0.0003s ]
SQL: SELECT `path` FROM `mic_picture` WHERE `id` = 57  [ RunTime:0.0003s ]
SQL: SELECT `path` FROM `mic_picture` WHERE `id` = 58  [ RunTime:0.0061s ]
SQL: SELECT `path` FROM `mic_picture` WHERE `id` = 59  [ RunTime:0.0003s ]
SQL: SELECT `path` FROM `mic_picture` WHERE `id` = 60  [ RunTime:0.0003s ]
SQL: SELECT `path` FROM `mic_picture` WHERE `id` = 61  [ RunTime:0.0003s ]
SQL: SELECT `path` FROM `mic_picture` WHERE `id` = 0  [ RunTime:0.0003s ]
SQL: SELECT `path` FROM `mic_picture` WHERE `id` = 0  [ RunTime:0.0002s ]
SQL: SELECT `path` FROM `mic_picture` WHERE `id` = 0  [ RunTime:0.0003s ]
SQL: SELECT `path` FROM `mic_picture` WHERE `id` = 0  [ RunTime:0.0002s ]
SQL: SELECT `path` FROM `mic_picture` WHERE `id` = 12  [ RunTime:0.0003s ]
SQL: SELECT `path` FROM `mic_picture` WHERE `id` = 63  [ RunTime:0.0003s ]
SQL: SELECT `path` FROM `mic_picture` WHERE `id` = 13  [ RunTime:0.0003s ]
SQL: SELECT `path` FROM `mic_picture` WHERE `id` = 64  [ RunTime:0.0004s ]
SQL: SELECT `path` FROM `mic_picture` WHERE `id` = 0  [ RunTime:0.0003s ]
SQL: SELECT `path` FROM `mic_picture` WHERE `id` = 0  [ RunTime:0.0004s ]
SQL: SELECT `path` FROM `mic_picture` WHERE `id` = 65  [ RunTime:0.0004s ]
SQL: SELECT `path` FROM `mic_picture` WHERE `id` = 66  [ RunTime:0.0003s ]
SQL: SELECT `path` FROM `mic_picture` WHERE `id` = 68  [ RunTime:0.0003s ]
SQL: SELECT `path` FROM `mic_picture` WHERE `id` = 69  [ RunTime:0.0003s ]
SQL: SELECT `path` FROM `mic_picture` WHERE `id` = 71  [ RunTime:0.0004s ]
SQL: SELECT `path` FROM `mic_picture` WHERE `id` = 70  [ RunTime:0.0003s ]
SQL: SELECT `path` FROM `mic_picture` WHERE `id` = 72  [ RunTime:0.0004s ]
SQL: SELECT `path` FROM `mic_picture` WHERE `id` = 73  [ RunTime:0.0003s ]
SQL: SELECT `path` FROM `mic_picture` WHERE `id` = 0  [ RunTime:0.0003s ]
SQL: SELECT `path` FROM `mic_picture` WHERE `id` = 0  [ RunTime:0.0004s ]
SQL: SELECT `path` FROM `mic_picture` WHERE `id` = 75  [ RunTime:0.0003s ]
SQL: SELECT `path` FROM `mic_picture` WHERE `id` = 74  [ RunTime:0.0003s ]
SQL: SELECT `path` FROM `mic_picture` WHERE `id` = 76  [ RunTime:0.0006s ]
SQL: SELECT `path` FROM `mic_picture` WHERE `id` = 77  [ RunTime:0.0003s ]
SQL: SELECT `path` FROM `mic_picture` WHERE `id` = 79  [ RunTime:0.0003s ]
SQL: SELECT `path` FROM `mic_picture` WHERE `id` = 78  [ RunTime:0.0003s ]
SQL: SELECT `path` FROM `mic_picture` WHERE `id` = 0  [ RunTime:0.0059s ]
SQL: SELECT `path` FROM `mic_picture` WHERE `id` = 0  [ RunTime:0.0003s ]
SQL: SELECT `path` FROM `mic_picture` WHERE `id` = 14  [ RunTime:0.0003s ]
SQL: SELECT `path` FROM `mic_picture` WHERE `id` = 80  [ RunTime:0.0004s ]
SQL: SELECT `path` FROM `mic_picture` WHERE `id` = 0  [ RunTime:0.0004s ]
SQL: SELECT `path` FROM `mic_picture` WHERE `id` = 81  [ RunTime:0.0003s ]
SQL: SELECT `path` FROM `mic_picture` WHERE `id` = 11  [ RunTime:0.0003s ]
SQL: SELECT `path` FROM `mic_picture` WHERE `id` = 83  [ RunTime:0.0003s ]
SQL: SELECT `path` FROM `mic_picture` WHERE `id` = 0  [ RunTime:0.0003s ]
SQL: SELECT `path` FROM `mic_picture` WHERE `id` = 0  [ RunTime:0.0003s ]
SQL: SELECT `path` FROM `mic_picture` WHERE `id` = 0  [ RunTime:0.0002s ]
SQL: SELECT `path` FROM `mic_picture` WHERE `id` = 0  [ RunTime:0.0060s ]
SQL: SELECT `path` FROM `mic_picture` WHERE `id` = 86  [ RunTime:0.0003s ]
SQL: SELECT `path` FROM `mic_picture` WHERE `id` = 85  [ RunTime:0.0003s ]
SQL: SELECT `path` FROM `mic_picture` WHERE `id` = 0  [ RunTime:0.0003s ]
SQL: SELECT `path` FROM `mic_picture` WHERE `id` = 0  [ RunTime:0.0002s ]
SQL: SELECT `path` FROM `mic_picture` WHERE `id` = 0  [ RunTime:0.0002s ]
SQL: SELECT `path` FROM `mic_picture` WHERE `id` = 0  [ RunTime:0.0002s ]
SQL: SELECT `path` FROM `mic_picture` WHERE `id` = 0  [ RunTime:0.0003s ]
SQL: SELECT `path` FROM `mic_picture` WHERE `id` = 0  [ RunTime:0.0002s ]
SQL: SELECT `path` FROM `mic_picture` WHERE `id` = 87  [ RunTime:0.0003s ]
SQL: SELECT `path` FROM `mic_picture` WHERE `id` = 88  [ RunTime:0.0003s ]
SQL: SELECT `path` FROM `mic_picture` WHERE `id` = 90  [ RunTime:0.0003s ]
SQL: SELECT `path` FROM `mic_picture` WHERE `id` = 89  [ RunTime:0.0003s ]
SQL: SELECT `path` FROM `mic_picture` WHERE `id` = 91  [ RunTime:0.0003s ]
SQL: SELECT `path` FROM `mic_picture` WHERE `id` = 92  [ RunTime:0.0003s ]
SQL: SELECT `path` FROM `mic_picture` WHERE `id` = 0  [ RunTime:0.0003s ]
SQL: SELECT `path` FROM `mic_picture` WHERE `id` = 0  [ RunTime:0.0003s ]
SQL: SELECT `path` FROM `mic_picture` WHERE `id` = 0  [ RunTime:0.0002s ]
SQL: SELECT `path` FROM `mic_picture` WHERE `id` = 0  [ RunTime:0.0002s ]
SQL: SELECT `path` FROM `mic_picture` WHERE `id` = 0  [ RunTime:0.0003s ]
SQL: SELECT `path` FROM `mic_picture` WHERE `id` = 0  [ RunTime:0.0003s ]
SQL: SELECT `path` FROM `mic_picture` WHERE `id` = 95  [ RunTime:0.0059s ]
SQL: SELECT `path` FROM `mic_picture` WHERE `id` = 94  [ RunTime:0.0003s ]
INFO: [ view_parse ] --START--
INFO: [ template_filter ] --START--
INFO: Run Behavior\ContentReplaceBehavior [ RunTime:0.000095s ]
INFO: [ template_filter ] --END-- [ RunTime:0.000155s ]
INFO: Run Behavior\ParseTemplateBehavior [ RunTime:0.314335s ]
INFO: [ view_parse ] --END-- [ RunTime:0.314487s ]
INFO: [ view_filter ] --START--
INFO: Run Behavior\WriteHtmlCacheBehavior [ RunTime:0.001611s ]
INFO: [ view_filter ] --END-- [ RunTime:0.001660s ]
INFO: [ app_end ] --START--
INFO: Run Behavior\ShowPageTraceBehavior [ RunTime:0.000634s ]
INFO: [ app_end ] --END-- [ RunTime:0.000690s ]

[ 2017-08-29T15:52:07+08:00 ] 113.59.99.237 /
INFO: [ app_init ] --START--
INFO: Run Behavior\BuildLiteBehavior [ RunTime:0.000020s ]
INFO: Run Common\Behavior\InitHookBehavior [ RunTime:1.213036s ]
INFO: [ app_init ] --END-- [ RunTime:1.265708s ]
INFO: [ app_begin ] --START--
INFO: Run Behavior\ReadHtmlCacheBehavior [ RunTime:0.042360s ]
INFO: [ app_begin ] --END-- [ RunTime:0.042423s ]
SQL: SHOW COLUMNS FROM `mic_config` [ RunTime:0.2803s ]
SQL: SELECT `type`,`name`,`value` FROM `mic_config` WHERE `status` = 1  [ RunTime:0.0173s ]
INFO: [ view_parse ] --START--
INFO: [ template_filter ] --START--
INFO: Run Behavior\ContentReplaceBehavior [ RunTime:0.000089s ]
INFO: [ template_filter ] --END-- [ RunTime:0.000181s ]
INFO: Run Behavior\ParseTemplateBehavior [ RunTime:0.860859s ]
INFO: [ view_parse ] --END-- [ RunTime:0.860946s ]
INFO: [ view_filter ] --START--
INFO: Run Behavior\WriteHtmlCacheBehavior [ RunTime:0.052844s ]
INFO: [ view_filter ] --END-- [ RunTime:0.052901s ]
INFO: [ app_end ] --START--
INFO: Run Behavior\ShowPageTraceBehavior [ RunTime:0.050846s ]
INFO: [ app_end ] --END-- [ RunTime:0.050925s ]

[ 2017-08-29T16:00:07+08:00 ] 113.59.99.237 /index.php?s=/Home/Personal
INFO: [ app_init ] --START--
INFO: Run Behavior\BuildLiteBehavior [ RunTime:0.000020s ]
INFO: Run Common\Behavior\InitHookBehavior [ RunTime:0.020691s ]
INFO: [ app_init ] --END-- [ RunTime:0.021187s ]
INFO: [ app_begin ] --START--
INFO: Run Behavior\ReadHtmlCacheBehavior [ RunTime:0.002797s ]
INFO: [ app_begin ] --END-- [ RunTime:0.003514s ]
SQL: SHOW COLUMNS FROM `mic_config` [ RunTime:0.2019s ]
SQL: SELECT `type`,`name`,`value` FROM `mic_config` WHERE `status` = 1  [ RunTime:0.0008s ]
SQL: SHOW COLUMNS FROM `mic_partner` [ RunTime:0.3089s ]
SQL: SELECT * FROM `mic_partner`  [ RunTime:0.0223s ]
SQL: SHOW COLUMNS FROM `mic_picture` [ RunTime:0.0036s ]
SQL: SELECT `path` FROM `mic_picture` WHERE `id` = 54  [ RunTime:0.0050s ]
SQL: SELECT `path` FROM `mic_picture` WHERE `id` = 55  [ RunTime:0.0003s ]
SQL: SELECT `path` FROM `mic_picture` WHERE `id` = 48  [ RunTime:0.0004s ]
SQL: SELECT `path` FROM `mic_picture` WHERE `id` = 49  [ RunTime:0.0003s ]
SQL: SELECT `path` FROM `mic_picture` WHERE `id` = 50  [ RunTime:0.0003s ]
SQL: SELECT `path` FROM `mic_picture` WHERE `id` = 51  [ RunTime:0.0003s ]
SQL: SELECT `path` FROM `mic_picture` WHERE `id` = 52  [ RunTime:0.0003s ]
SQL: SELECT `path` FROM `mic_picture` WHERE `id` = 53  [ RunTime:0.0003s ]
SQL: SELECT `path` FROM `mic_picture` WHERE `id` = 31  [ RunTime:0.0003s ]
SQL: SELECT `path` FROM `mic_picture` WHERE `id` = 32  [ RunTime:0.0003s ]
SQL: SELECT `path` FROM `mic_picture` WHERE `id` = 97  [ RunTime:0.0058s ]
SQL: SELECT `path` FROM `mic_picture` WHERE `id` = 99  [ RunTime:0.0004s ]
SQL: SELECT `path` FROM `mic_picture` WHERE `id` = 42  [ RunTime:0.0003s ]
SQL: SELECT `path` FROM `mic_picture` WHERE `id` = 43  [ RunTime:0.0003s ]
SQL: SELECT `path` FROM `mic_picture` WHERE `id` = 45  [ RunTime:0.0003s ]
SQL: SELECT `path` FROM `mic_picture` WHERE `id` = 46  [ RunTime:0.0003s ]
SQL: SELECT `path` FROM `mic_picture` WHERE `id` = 56  [ RunTime:0.0003s ]
SQL: SELECT `path` FROM `mic_picture` WHERE `id` = 57  [ RunTime:0.0003s ]
SQL: SELECT `path` FROM `mic_picture` WHERE `id` = 58  [ RunTime:0.0003s ]
SQL: SELECT `path` FROM `mic_picture` WHERE `id` = 59  [ RunTime:0.0003s ]
SQL: SELECT `path` FROM `mic_picture` WHERE `id` = 60  [ RunTime:0.0060s ]
SQL: SELECT `path` FROM `mic_picture` WHERE `id` = 61  [ RunTime:0.0003s ]
SQL: SELECT `path` FROM `mic_picture` WHERE `id` = 0  [ RunTime:0.0003s ]
SQL: SELECT `path` FROM `mic_picture` WHERE `id` = 0  [ RunTime:0.0003s ]
SQL: SELECT `path` FROM `mic_picture` WHERE `id` = 0  [ RunTime:0.0003s ]
SQL: SELECT `path` FROM `mic_picture` WHERE `id` = 0  [ RunTime:0.0003s ]
SQL: SELECT `path` FROM `mic_picture` WHERE `id` = 12  [ RunTime:0.0003s ]
SQL: SELECT `path` FROM `mic_picture` WHERE `id` = 63  [ RunTime:0.0003s ]
SQL: SELECT `path` FROM `mic_picture` WHERE `id` = 13  [ RunTime:0.0003s ]
SQL: SELECT `path` FROM `mic_picture` WHERE `id` = 64  [ RunTime:0.0003s ]
SQL: SELECT `path` FROM `mic_picture` WHERE `id` = 0  [ RunTime:0.0003s ]
SQL: SELECT `path` FROM `mic_picture` WHERE `id` = 0  [ RunTime:0.0002s ]
SQL: SELECT `path` FROM `mic_picture` WHERE `id` = 65  [ RunTime:0.0003s ]
SQL: SELECT `path` FROM `mic_picture` WHERE `id` = 66  [ RunTime:0.0003s ]
SQL: SELECT `path` FROM `mic_picture` WHERE `id` = 68  [ RunTime:0.0003s ]
SQL: SELECT `path` FROM `mic_picture` WHERE `id` = 69  [ RunTime:0.0003s ]
SQL: SELECT `path` FROM `mic_picture` WHERE `id` = 71  [ RunTime:0.0003s ]
SQL: SELECT `path` FROM `mic_picture` WHERE `id` = 70  [ RunTime:0.0003s ]
SQL: SELECT `path` FROM `mic_picture` WHERE `id` = 72  [ RunTime:0.0003s ]
SQL: SELECT `path` FROM `mic_picture` WHERE `id` = 73  [ RunTime:0.0003s ]
SQL: SELECT `path` FROM `mic_picture` WHERE `id` = 0  [ RunTime:0.0003s ]
SQL: SELECT `path` FROM `mic_picture` WHERE `id` = 0  [ RunTime:0.0003s ]
SQL: SELECT `path` FROM `mic_picture` WHERE `id` = 75  [ RunTime:0.0003s ]
SQL: SELECT `path` FROM `mic_picture` WHERE `id` = 74  [ RunTime:0.0003s ]
SQL: SELECT `path` FROM `mic_picture` WHERE `id` = 76  [ RunTime:0.0003s ]
SQL: SELECT `path` FROM `mic_picture` WHERE `id` = 77  [ RunTime:0.0003s ]
SQL: SELECT `path` FROM `mic_picture` WHERE `id` = 79  [ RunTime:0.0003s ]
SQL: SELECT `path` FROM `mic_picture` WHERE `id` = 78  [ RunTime:0.0003s ]
SQL: SELECT `path` FROM `mic_picture` WHERE `id` = 0  [ RunTime:0.0002s ]
SQL: SELECT `path` FROM `mic_picture` WHERE `id` = 0  [ RunTime:0.0003s ]
SQL: SELECT `path` FROM `mic_picture` WHERE `id` = 14  [ RunTime:0.0003s ]
SQL: SELECT `path` FROM `mic_picture` WHERE `id` = 80  [ RunTime:0.0060s ]
SQL: SELECT `path` FROM `mic_picture` WHERE `id` = 0  [ RunTime:0.0003s ]
SQL: SELECT `path` FROM `mic_picture` WHERE `id` = 81  [ RunTime:0.0003s ]
SQL: SELECT `path` FROM `mic_picture` WHERE `id` = 11  [ RunTime:0.0003s ]
SQL: SELECT `path` FROM `mic_picture` WHERE `id` = 83  [ RunTime:0.0003s ]
SQL: SELECT `path` FROM `mic_picture` WHERE `id` = 0  [ RunTime:0.0003s ]
SQL: SELECT `path` FROM `mic_picture` WHERE `id` = 0  [ RunTime:0.0002s ]
SQL: SELECT `path` FROM `mic_picture` WHERE `id` = 0  [ RunTime:0.0003s ]
SQL: SELECT `path` FROM `mic_picture` WHERE `id` = 0  [ RunTime:0.0003s ]
SQL: SELECT `path` FROM `mic_picture` WHERE `id` = 86  [ RunTime:0.0003s ]
SQL: SELECT `path` FROM `mic_picture` WHERE `id` = 85  [ RunTime:0.0003s ]
SQL: SELECT `path` FROM `mic_picture` WHERE `id` = 0  [ RunTime:0.0060s ]
SQL: SELECT `path` FROM `mic_picture` WHERE `id` = 0  [ RunTime:0.0003s ]
SQL: SELECT `path` FROM `mic_picture` WHERE `id` = 0  [ RunTime:0.0002s ]
SQL: SELECT `path` FROM `mic_picture` WHERE `id` = 0  [ RunTime:0.0003s ]
SQL: SELECT `path` FROM `mic_picture` WHERE `id` = 0  [ RunTime:0.0003s ]
SQL: SELECT `path` FROM `mic_picture` WHERE `id` = 0  [ RunTime:0.0003s ]
SQL: SELECT `path` FROM `mic_picture` WHERE `id` = 87  [ RunTime:0.0003s ]
SQL: SELECT `path` FROM `mic_picture` WHERE `id` = 88  [ RunTime:0.0003s ]
SQL: SELECT `path` FROM `mic_picture` WHERE `id` = 90  [ RunTime:0.0003s ]
SQL: SELECT `path` FROM `mic_picture` WHERE `id` = 89  [ RunTime:0.0003s ]
SQL: SELECT `path` FROM `mic_picture` WHERE `id` = 91  [ RunTime:0.0060s ]
SQL: SELECT `path` FROM `mic_picture` WHERE `id` = 92  [ RunTime:0.0003s ]
SQL: SELECT `path` FROM `mic_picture` WHERE `id` = 0  [ RunTime:0.0003s ]
SQL: SELECT `path` FROM `mic_picture` WHERE `id` = 0  [ RunTime:0.0002s ]
SQL: SELECT `path` FROM `mic_picture` WHERE `id` = 0  [ RunTime:0.0002s ]
SQL: SELECT `path` FROM `mic_picture` WHERE `id` = 0  [ RunTime:0.0003s ]
SQL: SELECT `path` FROM `mic_picture` WHERE `id` = 0  [ RunTime:0.0002s ]
SQL: SELECT `path` FROM `mic_picture` WHERE `id` = 0  [ RunTime:0.0003s ]
SQL: SELECT `path` FROM `mic_picture` WHERE `id` = 95  [ RunTime:0.0003s ]
SQL: SELECT `path` FROM `mic_picture` WHERE `id` = 94  [ RunTime:0.0003s ]
INFO: [ view_parse ] --START--
INFO: [ template_filter ] --START--
INFO: Run Behavior\ContentReplaceBehavior [ RunTime:0.000083s ]
INFO: [ template_filter ] --END-- [ RunTime:0.000134s ]
INFO: Run Behavior\ParseTemplateBehavior [ RunTime:0.257302s ]
INFO: [ view_parse ] --END-- [ RunTime:0.257368s ]
INFO: [ view_filter ] --START--
INFO: Run Behavior\WriteHtmlCacheBehavior [ RunTime:0.000625s ]
INFO: [ view_filter ] --END-- [ RunTime:0.000668s ]
INFO: [ app_end ] --START--
INFO: Run Behavior\ShowPageTraceBehavior [ RunTime:0.006400s ]
INFO: [ app_end ] --END-- [ RunTime:0.006454s ]

[ 2017-08-29T16:00:15+08:00 ] 140.207.124.105 /index.php?s=/Home/Personal
INFO: [ app_init ] --START--
INFO: Run Behavior\BuildLiteBehavior [ RunTime:0.000027s ]
INFO: Run Common\Behavior\InitHookBehavior [ RunTime:0.007834s ]
INFO: [ app_init ] --END-- [ RunTime:0.007979s ]
INFO: [ app_begin ] --START--
INFO: Run Behavior\ReadHtmlCacheBehavior [ RunTime:0.000189s ]
INFO: [ app_begin ] --END-- [ RunTime:0.000264s ]
SQL: SHOW COLUMNS FROM `mic_config` [ RunTime:0.0058s ]
SQL: SELECT `type`,`name`,`value` FROM `mic_config` WHERE `status` = 1  [ RunTime:0.0006s ]
SQL: SHOW COLUMNS FROM `mic_partner` [ RunTime:0.0026s ]
SQL: SELECT * FROM `mic_partner`  [ RunTime:0.1818s ]
SQL: SHOW COLUMNS FROM `mic_picture` [ RunTime:0.0019s ]
SQL: SELECT `path` FROM `mic_picture` WHERE `id` = 54  [ RunTime:0.0004s ]
SQL: SELECT `path` FROM `mic_picture` WHERE `id` = 55  [ RunTime:0.0003s ]
SQL: SELECT `path` FROM `mic_picture` WHERE `id` = 48  [ RunTime:0.0003s ]
SQL: SELECT `path` FROM `mic_picture` WHERE `id` = 49  [ RunTime:0.0003s ]
SQL: SELECT `path` FROM `mic_picture` WHERE `id` = 50  [ RunTime:0.0003s ]
SQL: SELECT `path` FROM `mic_picture` WHERE `id` = 51  [ RunTime:0.0003s ]
SQL: SELECT `path` FROM `mic_picture` WHERE `id` = 52  [ RunTime:0.0003s ]
SQL: SELECT `path` FROM `mic_picture` WHERE `id` = 53  [ RunTime:0.0003s ]
SQL: SELECT `path` FROM `mic_picture` WHERE `id` = 31  [ RunTime:0.0003s ]
SQL: SELECT `path` FROM `mic_picture` WHERE `id` = 32  [ RunTime:0.0003s ]
SQL: SELECT `path` FROM `mic_picture` WHERE `id` = 97  [ RunTime:0.0003s ]
SQL: SELECT `path` FROM `mic_picture` WHERE `id` = 99  [ RunTime:0.0003s ]
SQL: SELECT `path` FROM `mic_picture` WHERE `id` = 42  [ RunTime:0.0061s ]
SQL: SELECT `path` FROM `mic_picture` WHERE `id` = 43  [ RunTime:0.0003s ]
SQL: SELECT `path` FROM `mic_picture` WHERE `id` = 45  [ RunTime:0.0003s ]
SQL: SELECT `path` FROM `mic_picture` WHERE `id` = 46  [ RunTime:0.0003s ]
SQL: SELECT `path` FROM `mic_picture` WHERE `id` = 56  [ RunTime:0.0003s ]
SQL: SELECT `path` FROM `mic_picture` WHERE `id` = 57  [ RunTime:0.0003s ]
SQL: SELECT `path` FROM `mic_picture` WHERE `id` = 58  [ RunTime:0.0003s ]
SQL: SELECT `path` FROM `mic_picture` WHERE `id` = 59  [ RunTime:0.0003s ]
SQL: SELECT `path` FROM `mic_picture` WHERE `id` = 60  [ RunTime:0.0003s ]
SQL: SELECT `path` FROM `mic_picture` WHERE `id` = 61  [ RunTime:0.0003s ]
SQL: SELECT `path` FROM `mic_picture` WHERE `id` = 0  [ RunTime:0.0059s ]
SQL: SELECT `path` FROM `mic_picture` WHERE `id` = 0  [ RunTime:0.0003s ]
SQL: SELECT `path` FROM `mic_picture` WHERE `id` = 0  [ RunTime:0.0002s ]
SQL: SELECT `path` FROM `mic_picture` WHERE `id` = 0  [ RunTime:0.0003s ]
SQL: SELECT `path` FROM `mic_picture` WHERE `id` = 12  [ RunTime:0.0003s ]
SQL: SELECT `path` FROM `mic_picture` WHERE `id` = 63  [ RunTime:0.0003s ]
SQL: SELECT `path` FROM `mic_picture` WHERE `id` = 13  [ RunTime:0.0003s ]
SQL: SELECT `path` FROM `mic_picture` WHERE `id` = 64  [ RunTime:0.0002s ]
SQL: SELECT `path` FROM `mic_picture` WHERE `id` = 0  [ RunTime:0.0003s ]
SQL: SELECT `path` FROM `mic_picture` WHERE `id` = 0  [ RunTime:0.0003s ]
SQL: SELECT `path` FROM `mic_picture` WHERE `id` = 65  [ RunTime:0.0059s ]
SQL: SELECT `path` FROM `mic_picture` WHERE `id` = 66  [ RunTime:0.0004s ]
SQL: SELECT `path` FROM `mic_picture` WHERE `id` = 68  [ RunTime:0.0003s ]
SQL: SELECT `path` FROM `mic_picture` WHERE `id` = 69  [ RunTime:0.0003s ]
SQL: SELECT `path` FROM `mic_picture` WHERE `id` = 71  [ RunTime:0.0003s ]
SQL: SELECT `path` FROM `mic_picture` WHERE `id` = 70  [ RunTime:0.0003s ]
SQL: SELECT `path` FROM `mic_picture` WHERE `id` = 72  [ RunTime:0.0003s ]
SQL: SELECT `path` FROM `mic_picture` WHERE `id` = 73  [ RunTime:0.0003s ]
SQL: SELECT `path` FROM `mic_picture` WHERE `id` = 0  [ RunTime:0.0003s ]
SQL: SELECT `path` FROM `mic_picture` WHERE `id` = 0  [ RunTime:0.0003s ]
SQL: SELECT `path` FROM `mic_picture` WHERE `id` = 75  [ RunTime:0.0060s ]
SQL: SELECT `path` FROM `mic_picture` WHERE `id` = 74  [ RunTime:0.0003s ]
SQL: SELECT `path` FROM `mic_picture` WHERE `id` = 76  [ RunTime:0.0003s ]
SQL: SELECT `path` FROM `mic_picture` WHERE `id` = 77  [ RunTime:0.0003s ]
SQL: SELECT `path` FROM `mic_picture` WHERE `id` = 79  [ RunTime:0.0003s ]
SQL: SELECT `path` FROM `mic_picture` WHERE `id` = 78  [ RunTime:0.0003s ]
SQL: SELECT `path` FROM `mic_picture` WHERE `id` = 0  [ RunTime:0.0003s ]
SQL: SELECT `path` FROM `mic_picture` WHERE `id` = 0  [ RunTime:0.0003s ]
SQL: SELECT `path` FROM `mic_picture` WHERE `id` = 14  [ RunTime:0.0003s ]
SQL: SELECT `path` FROM `mic_picture` WHERE `id` = 80  [ RunTime:0.0003s ]
SQL: SELECT `path` FROM `mic_picture` WHERE `id` = 0  [ RunTime:0.0060s ]
SQL: SELECT `path` FROM `mic_picture` WHERE `id` = 81  [ RunTime:0.0003s ]
SQL: SELECT `path` FROM `mic_picture` WHERE `id` = 11  [ RunTime:0.0003s ]
SQL: SELECT `path` FROM `mic_picture` WHERE `id` = 83  [ RunTime:0.0003s ]
SQL: SELECT `path` FROM `mic_picture` WHERE `id` = 0  [ RunTime:0.0003s ]
SQL: SELECT `path` FROM `mic_picture` WHERE `id` = 0  [ RunTime:0.0003s ]
SQL: SELECT `path` FROM `mic_picture` WHERE `id` = 0  [ RunTime:0.0003s ]
SQL: SELECT `path` FROM `mic_picture` WHERE `id` = 0  [ RunTime:0.0003s ]
SQL: SELECT `path` FROM `mic_picture` WHERE `id` = 86  [ RunTime:0.0003s ]
SQL: SELECT `path` FROM `mic_picture` WHERE `id` = 85  [ RunTime:0.0003s ]
SQL: SELECT `path` FROM `mic_picture` WHERE `id` = 0  [ RunTime:0.0060s ]
SQL: SELECT `path` FROM `mic_picture` WHERE `id` = 0  [ RunTime:0.0003s ]
SQL: SELECT `path` FROM `mic_picture` WHERE `id` = 0  [ RunTime:0.0003s ]
SQL: SELECT `path` FROM `mic_picture` WHERE `id` = 0  [ RunTime:0.0003s ]
SQL: SELECT `path` FROM `mic_picture` WHERE `id` = 0  [ RunTime:0.0003s ]
SQL: SELECT `path` FROM `mic_picture` WHERE `id` = 0  [ RunTime:0.0003s ]
SQL: SELECT `path` FROM `mic_picture` WHERE `id` = 87  [ RunTime:0.0003s ]
SQL: SELECT `path` FROM `mic_picture` WHERE `id` = 88  [ RunTime:0.0003s ]
SQL: SELECT `path` FROM `mic_picture` WHERE `id` = 90  [ RunTime:0.0004s ]
SQL: SELECT `path` FROM `mic_picture` WHERE `id` = 89  [ RunTime:0.0003s ]
SQL: SELECT `path` FROM `mic_picture` WHERE `id` = 91  [ RunTime:0.0060s ]
SQL: SELECT `path` FROM `mic_picture` WHERE `id` = 92  [ RunTime:0.0003s ]
SQL: SELECT `path` FROM `mic_picture` WHERE `id` = 0  [ RunTime:0.0003s ]
SQL: SELECT `path` FROM `mic_picture` WHERE `id` = 0  [ RunTime:0.0002s ]
SQL: SELECT `path` FROM `mic_picture` WHERE `id` = 0  [ RunTime:0.0003s ]
SQL: SELECT `path` FROM `mic_picture` WHERE `id` = 0  [ RunTime:0.0002s ]
SQL: SELECT `path` FROM `mic_picture` WHERE `id` = 0  [ RunTime:0.0002s ]
SQL: SELECT `path` FROM `mic_picture` WHERE `id` = 0  [ RunTime:0.0002s ]
SQL: SELECT `path` FROM `mic_picture` WHERE `id` = 95  [ RunTime:0.0003s ]
SQL: SELECT `path` FROM `mic_picture` WHERE `id` = 94  [ RunTime:0.0003s ]
INFO: [ view_parse ] --START--
INFO: [ template_filter ] --START--
INFO: Run Behavior\ContentReplaceBehavior [ RunTime:0.000101s ]
INFO: [ template_filter ] --END-- [ RunTime:0.000165s ]
INFO: Run Behavior\ParseTemplateBehavior [ RunTime:0.050045s ]
INFO: [ view_parse ] --END-- [ RunTime:0.050107s ]
INFO: [ view_filter ] --START--
INFO: Run Behavior\WriteHtmlCacheBehavior [ RunTime:0.001604s ]
INFO: [ view_filter ] --END-- [ RunTime:0.001649s ]
INFO: [ app_end ] --START--
INFO: Run Behavior\ShowPageTraceBehavior [ RunTime:0.000347s ]
INFO: [ app_end ] --END-- [ RunTime:0.000406s ]

[ 2017-08-29T16:00:22+08:00 ] 113.59.99.237 /index.php?s=/Home/infomalessay/jottings
INFO: [ app_init ] --START--
INFO: Run Behavior\BuildLiteBehavior [ RunTime:0.000017s ]
INFO: Run Common\Behavior\InitHookBehavior [ RunTime:0.002662s ]
INFO: [ app_init ] --END-- [ RunTime:0.002774s ]
INFO: [ app_begin ] --START--
INFO: Run Behavior\ReadHtmlCacheBehavior [ RunTime:0.000256s ]
INFO: [ app_begin ] --END-- [ RunTime:0.000315s ]
SQL: SHOW COLUMNS FROM `mic_config` [ RunTime:0.0014s ]
SQL: SELECT `type`,`name`,`value` FROM `mic_config` WHERE `status` = 1  [ RunTime:0.0063s ]
SQL: SHOW COLUMNS FROM `mic_document` [ RunTime:0.0035s ]
SQL: SELECT `id`,`title`,`cover_id`,`create_time` FROM `mic_document` WHERE ( status!=-1 )  [ RunTime:0.0049s ]
SQL: SHOW COLUMNS FROM `mic_document_article` [ RunTime:0.0018s ]
SQL: SELECT `exp_station` FROM `mic_document_article` WHERE ( id=39 ) LIMIT 1   [ RunTime:0.0015s ]
SQL: SELECT `exp_station` FROM `mic_document_article` WHERE ( id=25 ) LIMIT 1   [ RunTime:0.0003s ]
SQL: SHOW COLUMNS FROM `mic_picture` [ RunTime:0.0006s ]
SQL: SELECT `path` FROM `mic_picture` WHERE `id` = 44 LIMIT 1   [ RunTime:0.0003s ]
SQL: SELECT `exp_station` FROM `mic_document_article` WHERE ( id=38 ) LIMIT 1   [ RunTime:0.0003s ]
SQL: SELECT `exp_station` FROM `mic_document_article` WHERE ( id=28 ) LIMIT 1   [ RunTime:0.0003s ]
SQL: SELECT `path` FROM `mic_picture` WHERE `id` = 47 LIMIT 1   [ RunTime:0.0003s ]
SQL: SELECT `exp_station` FROM `mic_document_article` WHERE ( id=30 ) LIMIT 1   [ RunTime:0.0004s ]
SQL: SELECT `path` FROM `mic_picture` WHERE `id` = 41 LIMIT 1   [ RunTime:0.0003s ]
SQL: SELECT `exp_station` FROM `mic_document_article` WHERE ( id=31 ) LIMIT 1   [ RunTime:0.0003s ]
SQL: SELECT `path` FROM `mic_picture` WHERE `id` = 40 LIMIT 1   [ RunTime:0.0003s ]
SQL: SELECT `exp_station` FROM `mic_document_article` WHERE ( id=32 ) LIMIT 1   [ RunTime:0.0004s ]
SQL: SELECT `path` FROM `mic_picture` WHERE `id` = 39 LIMIT 1   [ RunTime:0.0003s ]
SQL: SELECT `exp_station` FROM `mic_document_article` WHERE ( id=33 ) LIMIT 1   [ RunTime:0.0011s ]
SQL: SELECT `exp_station` FROM `mic_document_article` WHERE ( id=34 ) LIMIT 1   [ RunTime:0.0004s ]
SQL: SELECT `path` FROM `mic_picture` WHERE `id` = 38 LIMIT 1   [ RunTime:0.0004s ]
SQL: SELECT `exp_station` FROM `mic_document_article` WHERE ( id=35 ) LIMIT 1   [ RunTime:0.0003s ]
SQL: SELECT `path` FROM `mic_picture` WHERE `id` = 37 LIMIT 1   [ RunTime:0.0003s ]
SQL: SELECT `exp_station` FROM `mic_document_article` WHERE ( id=36 ) LIMIT 1   [ RunTime:0.0003s ]
SQL: SELECT `path` FROM `mic_picture` WHERE `id` = 36 LIMIT 1   [ RunTime:0.0003s ]
SQL: SELECT `exp_station` FROM `mic_document_article` WHERE ( id=37 ) LIMIT 1   [ RunTime:0.0003s ]
SQL: SELECT `exp_station` FROM `mic_document_article` WHERE ( id=40 ) LIMIT 1   [ RunTime:0.0003s ]
SQL: SELECT `exp_station` FROM `mic_document_article` WHERE ( id=41 ) LIMIT 1   [ RunTime:0.0003s ]
INFO: [ view_parse ] --START--
INFO: [ template_filter ] --START--
INFO: Run Behavior\ContentReplaceBehavior [ RunTime:0.000064s ]
INFO: [ template_filter ] --END-- [ RunTime:0.000122s ]
INFO: Run Behavior\ParseTemplateBehavior [ RunTime:0.221113s ]
INFO: [ view_parse ] --END-- [ RunTime:0.221204s ]
INFO: [ view_filter ] --START--
INFO: Run Behavior\WriteHtmlCacheBehavior [ RunTime:0.000327s ]
INFO: [ view_filter ] --END-- [ RunTime:0.000372s ]
INFO: [ app_end ] --START--
INFO: Run Behavior\ShowPageTraceBehavior [ RunTime:0.000331s ]
INFO: [ app_end ] --END-- [ RunTime:0.000373s ]

[ 2017-08-29T16:00:39+08:00 ] 140.207.185.111 /index.php?s=/Home/infomalessay/jottings
INFO: [ app_init ] --START--
INFO: Run Behavior\BuildLiteBehavior [ RunTime:0.000018s ]
INFO: Run Common\Behavior\InitHookBehavior [ RunTime:0.005624s ]
INFO: [ app_init ] --END-- [ RunTime:0.011640s ]
INFO: [ app_begin ] --START--
INFO: Run Behavior\ReadHtmlCacheBehavior [ RunTime:0.000483s ]
INFO: [ app_begin ] --END-- [ RunTime:0.000542s ]
SQL: SHOW COLUMNS FROM `mic_config` [ RunTime:0.0050s ]
SQL: SELECT `type`,`name`,`value` FROM `mic_config` WHERE `status` = 1  [ RunTime:0.0012s ]
SQL: SHOW COLUMNS FROM `mic_document` [ RunTime:0.0026s ]
SQL: SELECT `id`,`title`,`cover_id`,`create_time` FROM `mic_document` WHERE ( status!=-1 )  [ RunTime:0.0008s ]
SQL: SHOW COLUMNS FROM `mic_document_article` [ RunTime:0.0007s ]
SQL: SELECT `exp_station` FROM `mic_document_article` WHERE ( id=39 ) LIMIT 1   [ RunTime:0.0010s ]
SQL: SELECT `exp_station` FROM `mic_document_article` WHERE ( id=25 ) LIMIT 1   [ RunTime:0.0003s ]
SQL: SHOW COLUMNS FROM `mic_picture` [ RunTime:0.0078s ]
SQL: SELECT `path` FROM `mic_picture` WHERE `id` = 44 LIMIT 1   [ RunTime:0.0003s ]
SQL: SELECT `exp_station` FROM `mic_document_article` WHERE ( id=38 ) LIMIT 1   [ RunTime:0.0003s ]
SQL: SELECT `exp_station` FROM `mic_document_article` WHERE ( id=28 ) LIMIT 1   [ RunTime:0.0004s ]
SQL: SELECT `path` FROM `mic_picture` WHERE `id` = 47 LIMIT 1   [ RunTime:0.0003s ]
SQL: SELECT `exp_station` FROM `mic_document_article` WHERE ( id=30 ) LIMIT 1   [ RunTime:0.0003s ]
SQL: SELECT `path` FROM `mic_picture` WHERE `id` = 41 LIMIT 1   [ RunTime:0.0003s ]
SQL: SELECT `exp_station` FROM `mic_document_article` WHERE ( id=31 ) LIMIT 1   [ RunTime:0.0059s ]
SQL: SELECT `path` FROM `mic_picture` WHERE `id` = 40 LIMIT 1   [ RunTime:0.0003s ]
SQL: SELECT `exp_station` FROM `mic_document_article` WHERE ( id=32 ) LIMIT 1   [ RunTime:0.0003s ]
SQL: SELECT `path` FROM `mic_picture` WHERE `id` = 39 LIMIT 1   [ RunTime:0.0003s ]
SQL: SELECT `exp_station` FROM `mic_document_article` WHERE ( id=33 ) LIMIT 1   [ RunTime:0.0010s ]
SQL: SELECT `exp_station` FROM `mic_document_article` WHERE ( id=34 ) LIMIT 1   [ RunTime:0.0003s ]
SQL: SELECT `path` FROM `mic_picture` WHERE `id` = 38 LIMIT 1   [ RunTime:0.0003s ]
SQL: SELECT `exp_station` FROM `mic_document_article` WHERE ( id=35 ) LIMIT 1   [ RunTime:0.0003s ]
SQL: SELECT `path` FROM `mic_picture` WHERE `id` = 37 LIMIT 1   [ RunTime:0.0003s ]
SQL: SELECT `exp_station` FROM `mic_document_article` WHERE ( id=36 ) LIMIT 1   [ RunTime:0.0060s ]
SQL: SELECT `path` FROM `mic_picture` WHERE `id` = 36 LIMIT 1   [ RunTime:0.0003s ]
SQL: SELECT `exp_station` FROM `mic_document_article` WHERE ( id=37 ) LIMIT 1   [ RunTime:0.0004s ]
SQL: SELECT `exp_station` FROM `mic_document_article` WHERE ( id=40 ) LIMIT 1   [ RunTime:0.0003s ]
SQL: SELECT `exp_station` FROM `mic_document_article` WHERE ( id=41 ) LIMIT 1   [ RunTime:0.0003s ]
INFO: [ view_parse ] --START--
INFO: [ template_filter ] --START--
INFO: Run Behavior\ContentReplaceBehavior [ RunTime:0.000063s ]
INFO: [ template_filter ] --END-- [ RunTime:0.000118s ]
INFO: Run Behavior\ParseTemplateBehavior [ RunTime:0.044231s ]
INFO: [ view_parse ] --END-- [ RunTime:0.044310s ]
INFO: [ view_filter ] --START--
INFO: Run Behavior\WriteHtmlCacheBehavior [ RunTime:0.002781s ]
INFO: [ view_filter ] --END-- [ RunTime:0.002827s ]
INFO: [ app_end ] --START--
INFO: Run Behavior\ShowPageTraceBehavior [ RunTime:0.000455s ]
INFO: [ app_end ] --END-- [ RunTime:0.000499s ]

