[ 2017-09-08T12:08:41+08:00 ] 64.233.172.187 /
INFO: [ app_init ] --START--
INFO: Run Behavior\BuildLiteBehavior [ RunTime:0.000076s ]
INFO: Run Common\Behavior\InitHookBehavior [ RunTime:1.223155s ]
INFO: [ app_init ] --END-- [ RunTime:1.274246s ]
INFO: [ app_begin ] --START--
INFO: Run Behavior\ReadHtmlCacheBehavior [ RunTime:0.059036s ]
INFO: [ app_begin ] --END-- [ RunTime:0.059119s ]
SQL: SHOW COLUMNS FROM `mic_config` [ RunTime:0.2581s ]
SQL: SELECT `type`,`name`,`value` FROM `mic_config` WHERE `status` = 1  [ RunTime:0.0151s ]
INFO: [ view_parse ] --START--
INFO: [ template_filter ] --START--
INFO: Run Behavior\ContentReplaceBehavior [ RunTime:0.000141s ]
INFO: [ template_filter ] --END-- [ RunTime:0.005956s ]
INFO: Run Behavior\ParseTemplateBehavior [ RunTime:1.331238s ]
INFO: [ view_parse ] --END-- [ RunTime:1.331317s ]
INFO: [ view_filter ] --START--
INFO: Run Behavior\WriteHtmlCacheBehavior [ RunTime:0.072350s ]
INFO: [ view_filter ] --END-- [ RunTime:0.072403s ]
INFO: [ app_end ] --START--
INFO: Run Behavior\ShowPageTraceBehavior [ RunTime:0.039622s ]
INFO: [ app_end ] --END-- [ RunTime:0.039666s ]

[ 2017-09-08T14:44:01+08:00 ] 101.226.68.215 /
INFO: [ app_init ] --START--
INFO: Run Behavior\BuildLiteBehavior [ RunTime:0.000019s ]
INFO: Run Common\Behavior\InitHookBehavior [ RunTime:0.068862s ]
INFO: [ app_init ] --END-- [ RunTime:0.082731s ]
INFO: [ app_begin ] --START--
INFO: Run Behavior\ReadHtmlCacheBehavior [ RunTime:0.011682s ]
INFO: [ app_begin ] --END-- [ RunTime:0.011764s ]
SQL: SHOW COLUMNS FROM `mic_config` [ RunTime:0.2707s ]
SQL: SELECT `type`,`name`,`value` FROM `mic_config` WHERE `status` = 1  [ RunTime:0.0097s ]
INFO: [ view_parse ] --START--
INFO: [ template_filter ] --START--
INFO: Run Behavior\ContentReplaceBehavior [ RunTime:0.000089s ]
INFO: [ template_filter ] --END-- [ RunTime:0.000154s ]
INFO: Run Behavior\ParseTemplateBehavior [ RunTime:0.162665s ]
INFO: [ view_parse ] --END-- [ RunTime:0.162749s ]
INFO: [ view_filter ] --START--
INFO: Run Behavior\WriteHtmlCacheBehavior [ RunTime:0.009739s ]
INFO: [ view_filter ] --END-- [ RunTime:0.009786s ]
INFO: [ app_end ] --START--
INFO: Run Behavior\ShowPageTraceBehavior [ RunTime:0.012654s ]
INFO: [ app_end ] --END-- [ RunTime:0.012733s ]

[ 2017-09-08T22:41:45+08:00 ] 202.100.214.105 /
INFO: [ app_init ] --START--
INFO: Run Behavior\BuildLiteBehavior [ RunTime:0.000021s ]
INFO: Run Common\Behavior\InitHookBehavior [ RunTime:0.639682s ]
INFO: [ app_init ] --END-- [ RunTime:0.687476s ]
INFO: [ app_begin ] --START--
INFO: Run Behavior\ReadHtmlCacheBehavior [ RunTime:0.046690s ]
INFO: [ app_begin ] --END-- [ RunTime:0.046790s ]
SQL: SHOW COLUMNS FROM `mic_config` [ RunTime:0.3038s ]
SQL: SELECT `type`,`name`,`value` FROM `mic_config` WHERE `status` = 1  [ RunTime:0.2120s ]
INFO: [ view_parse ] --START--
INFO: [ template_filter ] --START--
INFO: Run Behavior\ContentReplaceBehavior [ RunTime:0.000064s ]
INFO: [ template_filter ] --END-- [ RunTime:0.000116s ]
INFO: Run Behavior\ParseTemplateBehavior [ RunTime:1.338954s ]
INFO: [ view_parse ] --END-- [ RunTime:1.339009s ]
INFO: [ view_filter ] --START--
INFO: Run Behavior\WriteHtmlCacheBehavior [ RunTime:0.062206s ]
INFO: [ view_filter ] --END-- [ RunTime:0.062248s ]
INFO: [ app_end ] --START--
INFO: Run Behavior\ShowPageTraceBehavior [ RunTime:0.203763s ]
INFO: [ app_end ] --END-- [ RunTime:0.203815s ]

[ 2017-09-08T22:42:04+08:00 ] 202.100.214.105 /index.php?s=/Home/Experience
INFO: [ app_init ] --START--
INFO: Run Behavior\BuildLiteBehavior [ RunTime:0.000027s ]
INFO: Run Common\Behavior\InitHookBehavior [ RunTime:0.012187s ]
INFO: [ app_init ] --END-- [ RunTime:0.012482s ]
INFO: [ app_begin ] --START--
INFO: Run Behavior\ReadHtmlCacheBehavior [ RunTime:0.000294s ]
INFO: [ app_begin ] --END-- [ RunTime:0.000348s ]
SQL: SHOW COLUMNS FROM `mic_config` [ RunTime:0.0077s ]
SQL: SELECT `type`,`name`,`value` FROM `mic_config` WHERE `status` = 1  [ RunTime:0.0007s ]
INFO: [ view_parse ] --START--
INFO: [ template_filter ] --START--
INFO: Run Behavior\ContentReplaceBehavior [ RunTime:0.000107s ]
INFO: [ template_filter ] --END-- [ RunTime:0.000179s ]
INFO: Run Behavior\ParseTemplateBehavior [ RunTime:0.164054s ]
INFO: [ view_parse ] --END-- [ RunTime:0.164146s ]
INFO: [ view_filter ] --START--
INFO: Run Behavior\WriteHtmlCacheBehavior [ RunTime:0.002860s ]
INFO: [ view_filter ] --END-- [ RunTime:0.002907s ]
INFO: [ app_end ] --START--
INFO: Run Behavior\ShowPageTraceBehavior [ RunTime:0.000586s ]
INFO: [ app_end ] --END-- [ RunTime:0.000628s ]

[ 2017-09-08T22:42:09+08:00 ] 202.100.214.105 /index.php?s=/Home/Experience/catalog/id/3
INFO: [ app_init ] --START--
INFO: Run Behavior\BuildLiteBehavior [ RunTime:0.000015s ]
INFO: Run Common\Behavior\InitHookBehavior [ RunTime:0.001588s ]
INFO: [ app_init ] --END-- [ RunTime:0.001718s ]
INFO: [ app_begin ] --START--
INFO: Run Behavior\ReadHtmlCacheBehavior [ RunTime:0.000163s ]
INFO: [ app_begin ] --END-- [ RunTime:0.000207s ]
SQL: SHOW COLUMNS FROM `mic_config` [ RunTime:0.0051s ]
SQL: SELECT `type`,`name`,`value` FROM `mic_config` WHERE `status` = 1  [ RunTime:0.0007s ]
SQL: SHOW COLUMNS FROM `mic_document_article` [ RunTime:0.0039s ]
SQL: SELECT `id`,`author` FROM `mic_document_article` WHERE ( exp_station=3 )  [ RunTime:0.0031s ]
SQL: SHOW COLUMNS FROM `mic_document` [ RunTime:0.0060s ]
SQL: SELECT `id`,`title`,`create_time` FROM `mic_document` WHERE `id` IN ('39')  [ RunTime:0.2039s ]
INFO: [ view_parse ] --START--
INFO: [ template_filter ] --START--
INFO: Run Behavior\ContentReplaceBehavior [ RunTime:0.000061s ]
INFO: [ template_filter ] --END-- [ RunTime:0.000114s ]
INFO: Run Behavior\ParseTemplateBehavior [ RunTime:0.645988s ]
INFO: [ view_parse ] --END-- [ RunTime:0.646047s ]
INFO: [ view_filter ] --START--
INFO: Run Behavior\WriteHtmlCacheBehavior [ RunTime:0.000311s ]
INFO: [ view_filter ] --END-- [ RunTime:0.000350s ]
INFO: [ app_end ] --START--
INFO: Run Behavior\ShowPageTraceBehavior [ RunTime:0.000276s ]
INFO: [ app_end ] --END-- [ RunTime:0.000313s ]

[ 2017-09-08T22:42:18+08:00 ] 202.100.214.105 /index.php?s=/Home/Experience/subpage/id/39
INFO: [ app_init ] --START--
INFO: Run Behavior\BuildLiteBehavior [ RunTime:0.000017s ]
INFO: Run Common\Behavior\InitHookBehavior [ RunTime:0.010054s ]
INFO: [ app_init ] --END-- [ RunTime:0.010185s ]
INFO: [ app_begin ] --START--
INFO: Run Behavior\ReadHtmlCacheBehavior [ RunTime:0.000207s ]
INFO: [ app_begin ] --END-- [ RunTime:0.000261s ]
SQL: SHOW COLUMNS FROM `mic_config` [ RunTime:0.0027s ]
SQL: SELECT `type`,`name`,`value` FROM `mic_config` WHERE `status` = 1  [ RunTime:0.0007s ]
SQL: SHOW COLUMNS FROM `mic_document` [ RunTime:0.0033s ]
SQL: SELECT `title`,`create_time` FROM `mic_document` WHERE ( id=39 ) LIMIT 1   [ RunTime:0.0005s ]
SQL: SHOW COLUMNS FROM `mic_document_article` [ RunTime:0.0064s ]
SQL: SELECT `content`,`author`,`keyword` FROM `mic_document_article` WHERE ( id=39 ) LIMIT 1   [ RunTime:0.0014s ]
INFO: [ view_parse ] --START--
INFO: [ template_filter ] --START--
INFO: Run Behavior\ContentReplaceBehavior [ RunTime:0.000113s ]
INFO: [ template_filter ] --END-- [ RunTime:0.000233s ]
INFO: Run Behavior\ParseTemplateBehavior [ RunTime:0.397800s ]
INFO: [ view_parse ] --END-- [ RunTime:0.397864s ]
INFO: [ view_filter ] --START--
INFO: Run Behavior\WriteHtmlCacheBehavior [ RunTime:0.001165s ]
INFO: [ view_filter ] --END-- [ RunTime:0.001206s ]
INFO: [ app_end ] --START--
INFO: Run Behavior\ShowPageTraceBehavior [ RunTime:0.000301s ]
INFO: [ app_end ] --END-- [ RunTime:0.000376s ]

[ 2017-09-08T22:43:16+08:00 ] 202.100.214.105 /index.php?s=/Home/Index
INFO: [ app_init ] --START--
INFO: Run Behavior\BuildLiteBehavior [ RunTime:0.000030s ]
INFO: Run Common\Behavior\InitHookBehavior [ RunTime:0.013872s ]
INFO: [ app_init ] --END-- [ RunTime:0.020070s ]
INFO: [ app_begin ] --START--
INFO: Run Behavior\ReadHtmlCacheBehavior [ RunTime:0.000371s ]
INFO: [ app_begin ] --END-- [ RunTime:0.000445s ]
SQL: SHOW COLUMNS FROM `mic_config` [ RunTime:0.0109s ]
SQL: SELECT `type`,`name`,`value` FROM `mic_config` WHERE `status` = 1  [ RunTime:0.0041s ]
INFO: [ view_parse ] --START--
INFO: [ template_filter ] --START--
INFO: Run Behavior\ContentReplaceBehavior [ RunTime:0.000057s ]
INFO: [ template_filter ] --END-- [ RunTime:0.000111s ]
INFO: Run Behavior\ParseTemplateBehavior [ RunTime:0.045111s ]
INFO: [ view_parse ] --END-- [ RunTime:0.045164s ]
INFO: [ view_filter ] --START--
INFO: Run Behavior\WriteHtmlCacheBehavior [ RunTime:0.002312s ]
INFO: [ view_filter ] --END-- [ RunTime:0.002355s ]
INFO: [ app_end ] --START--
INFO: Run Behavior\ShowPageTraceBehavior [ RunTime:0.000403s ]
INFO: [ app_end ] --END-- [ RunTime:0.000442s ]

[ 2017-09-08T23:19:38+08:00 ] 222.171.7.67 /
INFO: [ app_init ] --START--
INFO: Run Behavior\BuildLiteBehavior [ RunTime:0.000019s ]
INFO: Run Common\Behavior\InitHookBehavior [ RunTime:0.059874s ]
INFO: [ app_init ] --END-- [ RunTime:0.075814s ]
INFO: [ app_begin ] --START--
INFO: Run Behavior\ReadHtmlCacheBehavior [ RunTime:0.015379s ]
INFO: [ app_begin ] --END-- [ RunTime:0.015435s ]
SQL: SHOW COLUMNS FROM `mic_config` [ RunTime:0.2738s ]
SQL: SELECT `type`,`name`,`value` FROM `mic_config` WHERE `status` = 1  [ RunTime:0.0142s ]
INFO: [ view_parse ] --START--
INFO: [ template_filter ] --START--
INFO: Run Behavior\ContentReplaceBehavior [ RunTime:0.000088s ]
INFO: [ template_filter ] --END-- [ RunTime:0.000144s ]
INFO: Run Behavior\ParseTemplateBehavior [ RunTime:0.173321s ]
INFO: [ view_parse ] --END-- [ RunTime:0.173385s ]
INFO: [ view_filter ] --START--
INFO: Run Behavior\WriteHtmlCacheBehavior [ RunTime:0.009690s ]
INFO: [ view_filter ] --END-- [ RunTime:0.009732s ]
INFO: [ app_end ] --START--
INFO: Run Behavior\ShowPageTraceBehavior [ RunTime:0.019968s ]
INFO: [ app_end ] --END-- [ RunTime:0.020021s ]

[ 2017-09-08T23:19:48+08:00 ] 14.17.21.58 /index.php?s=/Home/personal
INFO: [ app_init ] --START--
INFO: Run Behavior\BuildLiteBehavior [ RunTime:0.000015s ]
INFO: Run Common\Behavior\InitHookBehavior [ RunTime:0.026939s ]
INFO: [ app_init ] --END-- [ RunTime:0.027088s ]
INFO: [ app_begin ] --START--
INFO: Run Behavior\ReadHtmlCacheBehavior [ RunTime:0.002146s ]
INFO: [ app_begin ] --END-- [ RunTime:0.002235s ]
SQL: SHOW COLUMNS FROM `mic_config` [ RunTime:0.0115s ]
SQL: SELECT `type`,`name`,`value` FROM `mic_config` WHERE `status` = 1  [ RunTime:0.0006s ]
SQL: SHOW COLUMNS FROM `mic_partner` [ RunTime:0.0086s ]
SQL: SELECT * FROM `mic_partner`  [ RunTime:0.0007s ]
SQL: SHOW COLUMNS FROM `mic_picture` [ RunTime:0.0078s ]
SQL: SELECT `path` FROM `mic_picture` WHERE `id` = 54  [ RunTime:0.0003s ]
SQL: SELECT `path` FROM `mic_picture` WHERE `id` = 55  [ RunTime:0.0003s ]
SQL: SELECT `path` FROM `mic_picture` WHERE `id` = 48  [ RunTime:0.0003s ]
SQL: SELECT `path` FROM `mic_picture` WHERE `id` = 49  [ RunTime:0.0003s ]
SQL: SELECT `path` FROM `mic_picture` WHERE `id` = 50  [ RunTime:0.0003s ]
SQL: SELECT `path` FROM `mic_picture` WHERE `id` = 51  [ RunTime:0.0003s ]
SQL: SELECT `path` FROM `mic_picture` WHERE `id` = 52  [ RunTime:0.0003s ]
SQL: SELECT `path` FROM `mic_picture` WHERE `id` = 53  [ RunTime:0.0003s ]
SQL: SELECT `path` FROM `mic_picture` WHERE `id` = 31  [ RunTime:0.0004s ]
SQL: SELECT `path` FROM `mic_picture` WHERE `id` = 32  [ RunTime:0.0061s ]
SQL: SELECT `path` FROM `mic_picture` WHERE `id` = 97  [ RunTime:0.0003s ]
SQL: SELECT `path` FROM `mic_picture` WHERE `id` = 99  [ RunTime:0.0003s ]
SQL: SELECT `path` FROM `mic_picture` WHERE `id` = 42  [ RunTime:0.0003s ]
SQL: SELECT `path` FROM `mic_picture` WHERE `id` = 43  [ RunTime:0.0003s ]
SQL: SELECT `path` FROM `mic_picture` WHERE `id` = 45  [ RunTime:0.0003s ]
SQL: SELECT `path` FROM `mic_picture` WHERE `id` = 46  [ RunTime:0.0003s ]
SQL: SELECT `path` FROM `mic_picture` WHERE `id` = 56  [ RunTime:0.0003s ]
SQL: SELECT `path` FROM `mic_picture` WHERE `id` = 57  [ RunTime:0.0003s ]
SQL: SELECT `path` FROM `mic_picture` WHERE `id` = 58  [ RunTime:0.0003s ]
SQL: SELECT `path` FROM `mic_picture` WHERE `id` = 59  [ RunTime:0.0060s ]
SQL: SELECT `path` FROM `mic_picture` WHERE `id` = 60  [ RunTime:0.0003s ]
SQL: SELECT `path` FROM `mic_picture` WHERE `id` = 61  [ RunTime:0.0003s ]
SQL: SELECT `path` FROM `mic_picture` WHERE `id` = 0  [ RunTime:0.0003s ]
SQL: SELECT `path` FROM `mic_picture` WHERE `id` = 0  [ RunTime:0.0003s ]
SQL: SELECT `path` FROM `mic_picture` WHERE `id` = 0  [ RunTime:0.0003s ]
SQL: SELECT `path` FROM `mic_picture` WHERE `id` = 0  [ RunTime:0.0003s ]
SQL: SELECT `path` FROM `mic_picture` WHERE `id` = 12  [ RunTime:0.0003s ]
SQL: SELECT `path` FROM `mic_picture` WHERE `id` = 63  [ RunTime:0.0003s ]
SQL: SELECT `path` FROM `mic_picture` WHERE `id` = 13  [ RunTime:0.0003s ]
SQL: SELECT `path` FROM `mic_picture` WHERE `id` = 64  [ RunTime:0.0003s ]
SQL: SELECT `path` FROM `mic_picture` WHERE `id` = 0  [ RunTime:0.0060s ]
SQL: SELECT `path` FROM `mic_picture` WHERE `id` = 0  [ RunTime:0.0003s ]
SQL: SELECT `path` FROM `mic_picture` WHERE `id` = 65  [ RunTime:0.0003s ]
SQL: SELECT `path` FROM `mic_picture` WHERE `id` = 66  [ RunTime:0.0003s ]
SQL: SELECT `path` FROM `mic_picture` WHERE `id` = 68  [ RunTime:0.0003s ]
SQL: SELECT `path` FROM `mic_picture` WHERE `id` = 69  [ RunTime:0.0003s ]
SQL: SELECT `path` FROM `mic_picture` WHERE `id` = 71  [ RunTime:0.0003s ]
SQL: SELECT `path` FROM `mic_picture` WHERE `id` = 70  [ RunTime:0.0003s ]
SQL: SELECT `path` FROM `mic_picture` WHERE `id` = 72  [ RunTime:0.0003s ]
SQL: SELECT `path` FROM `mic_picture` WHERE `id` = 73  [ RunTime:0.0003s ]
SQL: SELECT `path` FROM `mic_picture` WHERE `id` = 0  [ RunTime:0.0062s ]
SQL: SELECT `path` FROM `mic_picture` WHERE `id` = 0  [ RunTime:0.0003s ]
SQL: SELECT `path` FROM `mic_picture` WHERE `id` = 75  [ RunTime:0.0003s ]
SQL: SELECT `path` FROM `mic_picture` WHERE `id` = 74  [ RunTime:0.0003s ]
SQL: SELECT `path` FROM `mic_picture` WHERE `id` = 76  [ RunTime:0.0003s ]
SQL: SELECT `path` FROM `mic_picture` WHERE `id` = 77  [ RunTime:0.0003s ]
SQL: SELECT `path` FROM `mic_picture` WHERE `id` = 79  [ RunTime:0.0003s ]
SQL: SELECT `path` FROM `mic_picture` WHERE `id` = 78  [ RunTime:0.0003s ]
SQL: SELECT `path` FROM `mic_picture` WHERE `id` = 0  [ RunTime:0.0003s ]
SQL: SELECT `path` FROM `mic_picture` WHERE `id` = 0  [ RunTime:0.0003s ]
SQL: SELECT `path` FROM `mic_picture` WHERE `id` = 14  [ RunTime:0.0061s ]
SQL: SELECT `path` FROM `mic_picture` WHERE `id` = 80  [ RunTime:0.0003s ]
SQL: SELECT `path` FROM `mic_picture` WHERE `id` = 0  [ RunTime:0.0003s ]
SQL: SELECT `path` FROM `mic_picture` WHERE `id` = 81  [ RunTime:0.0003s ]
SQL: SELECT `path` FROM `mic_picture` WHERE `id` = 11  [ RunTime:0.0003s ]
SQL: SELECT `path` FROM `mic_picture` WHERE `id` = 83  [ RunTime:0.0003s ]
SQL: SELECT `path` FROM `mic_picture` WHERE `id` = 0  [ RunTime:0.0003s ]
SQL: SELECT `path` FROM `mic_picture` WHERE `id` = 0  [ RunTime:0.0003s ]
SQL: SELECT `path` FROM `mic_picture` WHERE `id` = 0  [ RunTime:0.0003s ]
SQL: SELECT `path` FROM `mic_picture` WHERE `id` = 0  [ RunTime:0.0003s ]
SQL: SELECT `path` FROM `mic_picture` WHERE `id` = 86  [ RunTime:0.0061s ]
SQL: SELECT `path` FROM `mic_picture` WHERE `id` = 85  [ RunTime:0.0003s ]
SQL: SELECT `path` FROM `mic_picture` WHERE `id` = 0  [ RunTime:0.0003s ]
SQL: SELECT `path` FROM `mic_picture` WHERE `id` = 0  [ RunTime:0.0002s ]
SQL: SELECT `path` FROM `mic_picture` WHERE `id` = 0  [ RunTime:0.0002s ]
SQL: SELECT `path` FROM `mic_picture` WHERE `id` = 0  [ RunTime:0.0003s ]
SQL: SELECT `path` FROM `mic_picture` WHERE `id` = 0  [ RunTime:0.0003s ]
SQL: SELECT `path` FROM `mic_picture` WHERE `id` = 0  [ RunTime:0.0002s ]
SQL: SELECT `path` FROM `mic_picture` WHERE `id` = 87  [ RunTime:0.0003s ]
SQL: SELECT `path` FROM `mic_picture` WHERE `id` = 88  [ RunTime:0.0003s ]
SQL: SELECT `path` FROM `mic_picture` WHERE `id` = 90  [ RunTime:0.0061s ]
SQL: SELECT `path` FROM `mic_picture` WHERE `id` = 89  [ RunTime:0.0003s ]
SQL: SELECT `path` FROM `mic_picture` WHERE `id` = 91  [ RunTime:0.0003s ]
SQL: SELECT `path` FROM `mic_picture` WHERE `id` = 92  [ RunTime:0.0003s ]
SQL: SELECT `path` FROM `mic_picture` WHERE `id` = 0  [ RunTime:0.0003s ]
SQL: SELECT `path` FROM `mic_picture` WHERE `id` = 0  [ RunTime:0.0003s ]
SQL: SELECT `path` FROM `mic_picture` WHERE `id` = 0  [ RunTime:0.0003s ]
SQL: SELECT `path` FROM `mic_picture` WHERE `id` = 0  [ RunTime:0.0002s ]
SQL: SELECT `path` FROM `mic_picture` WHERE `id` = 0  [ RunTime:0.0003s ]
SQL: SELECT `path` FROM `mic_picture` WHERE `id` = 0  [ RunTime:0.0003s ]
SQL: SELECT `path` FROM `mic_picture` WHERE `id` = 95  [ RunTime:0.0003s ]
SQL: SELECT `path` FROM `mic_picture` WHERE `id` = 94  [ RunTime:0.0061s ]
INFO: [ view_parse ] --START--
INFO: [ template_filter ] --START--
INFO: Run Behavior\ContentReplaceBehavior [ RunTime:0.000091s ]
INFO: [ template_filter ] --END-- [ RunTime:0.000144s ]
INFO: Run Behavior\ParseTemplateBehavior [ RunTime:0.080153s ]
INFO: [ view_parse ] --END-- [ RunTime:0.080226s ]
INFO: [ view_filter ] --START--
INFO: Run Behavior\WriteHtmlCacheBehavior [ RunTime:0.000721s ]
INFO: [ view_filter ] --END-- [ RunTime:0.000776s ]
INFO: [ app_end ] --START--
INFO: Run Behavior\ShowPageTraceBehavior [ RunTime:0.000353s ]
INFO: [ app_end ] --END-- [ RunTime:0.000428s ]

[ 2017-09-08T23:19:48+08:00 ] 222.171.7.67 /index.php?s=/Home/personal
INFO: [ app_init ] --START--
INFO: Run Behavior\BuildLiteBehavior [ RunTime:0.000015s ]
INFO: Run Common\Behavior\InitHookBehavior [ RunTime:0.005192s ]
INFO: [ app_init ] --END-- [ RunTime:0.005347s ]
INFO: [ app_begin ] --START--
INFO: Run Behavior\ReadHtmlCacheBehavior [ RunTime:0.000167s ]
INFO: [ app_begin ] --END-- [ RunTime:0.000243s ]
SQL: SHOW COLUMNS FROM `mic_config` [ RunTime:0.0045s ]
SQL: SELECT `type`,`name`,`value` FROM `mic_config` WHERE `status` = 1  [ RunTime:0.0012s ]
SQL: SHOW COLUMNS FROM `mic_partner` [ RunTime:0.0083s ]
SQL: SELECT * FROM `mic_partner`  [ RunTime:0.0014s ]
SQL: SHOW COLUMNS FROM `mic_picture` [ RunTime:0.0029s ]
SQL: SELECT `path` FROM `mic_picture` WHERE `id` = 54  [ RunTime:0.0026s ]
SQL: SELECT `path` FROM `mic_picture` WHERE `id` = 55  [ RunTime:0.0010s ]
SQL: SELECT `path` FROM `mic_picture` WHERE `id` = 48  [ RunTime:0.0003s ]
SQL: SELECT `path` FROM `mic_picture` WHERE `id` = 49  [ RunTime:0.0003s ]
SQL: SELECT `path` FROM `mic_picture` WHERE `id` = 50  [ RunTime:0.0003s ]
SQL: SELECT `path` FROM `mic_picture` WHERE `id` = 51  [ RunTime:0.0060s ]
SQL: SELECT `path` FROM `mic_picture` WHERE `id` = 52  [ RunTime:0.0003s ]
SQL: SELECT `path` FROM `mic_picture` WHERE `id` = 53  [ RunTime:0.0003s ]
SQL: SELECT `path` FROM `mic_picture` WHERE `id` = 31  [ RunTime:0.0003s ]
SQL: SELECT `path` FROM `mic_picture` WHERE `id` = 32  [ RunTime:0.0003s ]
SQL: SELECT `path` FROM `mic_picture` WHERE `id` = 97  [ RunTime:0.0003s ]
SQL: SELECT `path` FROM `mic_picture` WHERE `id` = 99  [ RunTime:0.0003s ]
SQL: SELECT `path` FROM `mic_picture` WHERE `id` = 42  [ RunTime:0.0003s ]
SQL: SELECT `path` FROM `mic_picture` WHERE `id` = 43  [ RunTime:0.0003s ]
SQL: SELECT `path` FROM `mic_picture` WHERE `id` = 45  [ RunTime:0.0003s ]
SQL: SELECT `path` FROM `mic_picture` WHERE `id` = 46  [ RunTime:0.0003s ]
SQL: SELECT `path` FROM `mic_picture` WHERE `id` = 56  [ RunTime:0.0003s ]
SQL: SELECT `path` FROM `mic_picture` WHERE `id` = 57  [ RunTime:0.0003s ]
SQL: SELECT `path` FROM `mic_picture` WHERE `id` = 58  [ RunTime:0.0003s ]
SQL: SELECT `path` FROM `mic_picture` WHERE `id` = 59  [ RunTime:0.0003s ]
SQL: SELECT `path` FROM `mic_picture` WHERE `id` = 60  [ RunTime:0.0003s ]
SQL: SELECT `path` FROM `mic_picture` WHERE `id` = 61  [ RunTime:0.0003s ]
SQL: SELECT `path` FROM `mic_picture` WHERE `id` = 0  [ RunTime:0.0003s ]
SQL: SELECT `path` FROM `mic_picture` WHERE `id` = 0  [ RunTime:0.0003s ]
SQL: SELECT `path` FROM `mic_picture` WHERE `id` = 0  [ RunTime:0.0002s ]
SQL: SELECT `path` FROM `mic_picture` WHERE `id` = 0  [ RunTime:0.0003s ]
SQL: SELECT `path` FROM `mic_picture` WHERE `id` = 12  [ RunTime:0.0003s ]
SQL: SELECT `path` FROM `mic_picture` WHERE `id` = 63  [ RunTime:0.0003s ]
SQL: SELECT `path` FROM `mic_picture` WHERE `id` = 13  [ RunTime:0.0003s ]
SQL: SELECT `path` FROM `mic_picture` WHERE `id` = 64  [ RunTime:0.0003s ]
SQL: SELECT `path` FROM `mic_picture` WHERE `id` = 0  [ RunTime:0.0003s ]
SQL: SELECT `path` FROM `mic_picture` WHERE `id` = 0  [ RunTime:0.0003s ]
SQL: SELECT `path` FROM `mic_picture` WHERE `id` = 65  [ RunTime:0.0003s ]
SQL: SELECT `path` FROM `mic_picture` WHERE `id` = 66  [ RunTime:0.0003s ]
SQL: SELECT `path` FROM `mic_picture` WHERE `id` = 68  [ RunTime:0.0003s ]
SQL: SELECT `path` FROM `mic_picture` WHERE `id` = 69  [ RunTime:0.0003s ]
SQL: SELECT `path` FROM `mic_picture` WHERE `id` = 71  [ RunTime:0.0060s ]
SQL: SELECT `path` FROM `mic_picture` WHERE `id` = 70  [ RunTime:0.0003s ]
SQL: SELECT `path` FROM `mic_picture` WHERE `id` = 72  [ RunTime:0.0003s ]
SQL: SELECT `path` FROM `mic_picture` WHERE `id` = 73  [ RunTime:0.0003s ]
SQL: SELECT `path` FROM `mic_picture` WHERE `id` = 0  [ RunTime:0.0002s ]
SQL: SELECT `path` FROM `mic_picture` WHERE `id` = 0  [ RunTime:0.0003s ]
SQL: SELECT `path` FROM `mic_picture` WHERE `id` = 75  [ RunTime:0.0003s ]
SQL: SELECT `path` FROM `mic_picture` WHERE `id` = 74  [ RunTime:0.0003s ]
SQL: SELECT `path` FROM `mic_picture` WHERE `id` = 76  [ RunTime:0.0003s ]
SQL: SELECT `path` FROM `mic_picture` WHERE `id` = 77  [ RunTime:0.0003s ]
SQL: SELECT `path` FROM `mic_picture` WHERE `id` = 79  [ RunTime:0.0003s ]
SQL: SELECT `path` FROM `mic_picture` WHERE `id` = 78  [ RunTime:0.0003s ]
SQL: SELECT `path` FROM `mic_picture` WHERE `id` = 0  [ RunTime:0.0003s ]
SQL: SELECT `path` FROM `mic_picture` WHERE `id` = 0  [ RunTime:0.0003s ]
SQL: SELECT `path` FROM `mic_picture` WHERE `id` = 14  [ RunTime:0.0003s ]
SQL: SELECT `path` FROM `mic_picture` WHERE `id` = 80  [ RunTime:0.0003s ]
SQL: SELECT `path` FROM `mic_picture` WHERE `id` = 0  [ RunTime:0.0003s ]
SQL: SELECT `path` FROM `mic_picture` WHERE `id` = 81  [ RunTime:0.0003s ]
SQL: SELECT `path` FROM `mic_picture` WHERE `id` = 11  [ RunTime:0.0003s ]
SQL: SELECT `path` FROM `mic_picture` WHERE `id` = 83  [ RunTime:0.0003s ]
SQL: SELECT `path` FROM `mic_picture` WHERE `id` = 0  [ RunTime:0.0002s ]
SQL: SELECT `path` FROM `mic_picture` WHERE `id` = 0  [ RunTime:0.0060s ]
SQL: SELECT `path` FROM `mic_picture` WHERE `id` = 0  [ RunTime:0.0003s ]
SQL: SELECT `path` FROM `mic_picture` WHERE `id` = 0  [ RunTime:0.0003s ]
SQL: SELECT `path` FROM `mic_picture` WHERE `id` = 86  [ RunTime:0.0004s ]
SQL: SELECT `path` FROM `mic_picture` WHERE `id` = 85  [ RunTime:0.0003s ]
SQL: SELECT `path` FROM `mic_picture` WHERE `id` = 0  [ RunTime:0.0003s ]
SQL: SELECT `path` FROM `mic_picture` WHERE `id` = 0  [ RunTime:0.0003s ]
SQL: SELECT `path` FROM `mic_picture` WHERE `id` = 0  [ RunTime:0.0003s ]
SQL: SELECT `path` FROM `mic_picture` WHERE `id` = 0  [ RunTime:0.0003s ]
SQL: SELECT `path` FROM `mic_picture` WHERE `id` = 0  [ RunTime:0.0003s ]
SQL: SELECT `path` FROM `mic_picture` WHERE `id` = 0  [ RunTime:0.0060s ]
SQL: SELECT `path` FROM `mic_picture` WHERE `id` = 87  [ RunTime:0.0003s ]
SQL: SELECT `path` FROM `mic_picture` WHERE `id` = 88  [ RunTime:0.0003s ]
SQL: SELECT `path` FROM `mic_picture` WHERE `id` = 90  [ RunTime:0.0003s ]
SQL: SELECT `path` FROM `mic_picture` WHERE `id` = 89  [ RunTime:0.0003s ]
SQL: SELECT `path` FROM `mic_picture` WHERE `id` = 91  [ RunTime:0.0003s ]
SQL: SELECT `path` FROM `mic_picture` WHERE `id` = 92  [ RunTime:0.0003s ]
SQL: SELECT `path` FROM `mic_picture` WHERE `id` = 0  [ RunTime:0.0002s ]
SQL: SELECT `path` FROM `mic_picture` WHERE `id` = 0  [ RunTime:0.0002s ]
SQL: SELECT `path` FROM `mic_picture` WHERE `id` = 0  [ RunTime:0.0003s ]
SQL: SELECT `path` FROM `mic_picture` WHERE `id` = 0  [ RunTime:0.0002s ]
SQL: SELECT `path` FROM `mic_picture` WHERE `id` = 0  [ RunTime:0.0060s ]
SQL: SELECT `path` FROM `mic_picture` WHERE `id` = 0  [ RunTime:0.0003s ]
SQL: SELECT `path` FROM `mic_picture` WHERE `id` = 95  [ RunTime:0.0003s ]
SQL: SELECT `path` FROM `mic_picture` WHERE `id` = 94  [ RunTime:0.0003s ]
INFO: [ view_parse ] --START--
INFO: [ template_filter ] --START--
INFO: Run Behavior\ContentReplaceBehavior [ RunTime:0.086611s ]
INFO: [ template_filter ] --END-- [ RunTime:0.086678s ]
INFO: Run Behavior\ParseTemplateBehavior [ RunTime:0.455394s ]
INFO: [ view_parse ] --END-- [ RunTime:0.455471s ]
INFO: [ view_filter ] --START--
INFO: Run Behavior\WriteHtmlCacheBehavior [ RunTime:0.000348s ]
INFO: [ view_filter ] --END-- [ RunTime:0.000405s ]
INFO: [ app_end ] --START--
INFO: Run Behavior\ShowPageTraceBehavior [ RunTime:0.000356s ]
INFO: [ app_end ] --END-- [ RunTime:0.000416s ]

[ 2017-09-08T23:20:08+08:00 ] 222.171.7.67 /index.php?s=/Home/Index
INFO: [ app_init ] --START--
INFO: Run Behavior\BuildLiteBehavior [ RunTime:0.000018s ]
INFO: Run Common\Behavior\InitHookBehavior [ RunTime:0.013772s ]
INFO: [ app_init ] --END-- [ RunTime:0.014045s ]
INFO: [ app_begin ] --START--
INFO: Run Behavior\ReadHtmlCacheBehavior [ RunTime:0.000311s ]
INFO: [ app_begin ] --END-- [ RunTime:0.000358s ]
SQL: SHOW COLUMNS FROM `mic_config` [ RunTime:0.0009s ]
SQL: SELECT `type`,`name`,`value` FROM `mic_config` WHERE `status` = 1  [ RunTime:0.0006s ]
INFO: [ view_parse ] --START--
INFO: [ template_filter ] --START--
INFO: Run Behavior\ContentReplaceBehavior [ RunTime:0.005824s ]
INFO: [ template_filter ] --END-- [ RunTime:0.005873s ]
INFO: Run Behavior\ParseTemplateBehavior [ RunTime:0.051270s ]
INFO: [ view_parse ] --END-- [ RunTime:0.051323s ]
INFO: [ view_filter ] --START--
INFO: Run Behavior\WriteHtmlCacheBehavior [ RunTime:0.002107s ]
INFO: [ view_filter ] --END-- [ RunTime:0.002154s ]
INFO: [ app_end ] --START--
INFO: Run Behavior\ShowPageTraceBehavior [ RunTime:0.000514s ]
INFO: [ app_end ] --END-- [ RunTime:0.000555s ]

[ 2017-09-08T23:20:09+08:00 ] 14.17.3.65 /index.php?s=/Home/Index
INFO: [ app_init ] --START--
INFO: Run Behavior\BuildLiteBehavior [ RunTime:0.000015s ]
INFO: Run Common\Behavior\InitHookBehavior [ RunTime:0.001849s ]
INFO: [ app_init ] --END-- [ RunTime:0.001953s ]
INFO: [ app_begin ] --START--
INFO: Run Behavior\ReadHtmlCacheBehavior [ RunTime:0.000209s ]
INFO: [ app_begin ] --END-- [ RunTime:0.000258s ]
SQL: SHOW COLUMNS FROM `mic_config` [ RunTime:0.0016s ]
SQL: SELECT `type`,`name`,`value` FROM `mic_config` WHERE `status` = 1  [ RunTime:0.0012s ]
INFO: [ view_parse ] --START--
INFO: [ template_filter ] --START--
INFO: Run Behavior\ContentReplaceBehavior [ RunTime:0.000059s ]
INFO: [ template_filter ] --END-- [ RunTime:0.000102s ]
INFO: Run Behavior\ParseTemplateBehavior [ RunTime:0.035124s ]
INFO: [ view_parse ] --END-- [ RunTime:0.035176s ]
INFO: [ view_filter ] --START--
INFO: Run Behavior\WriteHtmlCacheBehavior [ RunTime:0.000322s ]
INFO: [ view_filter ] --END-- [ RunTime:0.000363s ]
INFO: [ app_end ] --START--
INFO: Run Behavior\ShowPageTraceBehavior [ RunTime:0.000276s ]
INFO: [ app_end ] --END-- [ RunTime:0.000315s ]

[ 2017-09-08T23:20:15+08:00 ] 222.171.7.67 /index.php?s=/Home/Personal
INFO: [ app_init ] --START--
INFO: Run Behavior\BuildLiteBehavior [ RunTime:0.000017s ]
INFO: Run Common\Behavior\InitHookBehavior [ RunTime:0.001517s ]
INFO: [ app_init ] --END-- [ RunTime:0.001627s ]
INFO: [ app_begin ] --START--
INFO: Run Behavior\ReadHtmlCacheBehavior [ RunTime:0.000180s ]
INFO: [ app_begin ] --END-- [ RunTime:0.000227s ]
SQL: SHOW COLUMNS FROM `mic_config` [ RunTime:0.0085s ]
SQL: SELECT `type`,`name`,`value` FROM `mic_config` WHERE `status` = 1  [ RunTime:0.0012s ]
SQL: SHOW COLUMNS FROM `mic_partner` [ RunTime:0.0098s ]
SQL: SELECT * FROM `mic_partner`  [ RunTime:0.0006s ]
SQL: SHOW COLUMNS FROM `mic_picture` [ RunTime:0.0077s ]
SQL: SELECT `path` FROM `mic_picture` WHERE `id` = 54  [ RunTime:0.0003s ]
SQL: SELECT `path` FROM `mic_picture` WHERE `id` = 55  [ RunTime:0.0003s ]
SQL: SELECT `path` FROM `mic_picture` WHERE `id` = 48  [ RunTime:0.0003s ]
SQL: SELECT `path` FROM `mic_picture` WHERE `id` = 49  [ RunTime:0.0003s ]
SQL: SELECT `path` FROM `mic_picture` WHERE `id` = 50  [ RunTime:0.0003s ]
SQL: SELECT `path` FROM `mic_picture` WHERE `id` = 51  [ RunTime:0.0003s ]
SQL: SELECT `path` FROM `mic_picture` WHERE `id` = 52  [ RunTime:0.0002s ]
SQL: SELECT `path` FROM `mic_picture` WHERE `id` = 53  [ RunTime:0.0003s ]
SQL: SELECT `path` FROM `mic_picture` WHERE `id` = 31  [ RunTime:0.0003s ]
SQL: SELECT `path` FROM `mic_picture` WHERE `id` = 32  [ RunTime:0.0062s ]
SQL: SELECT `path` FROM `mic_picture` WHERE `id` = 97  [ RunTime:0.0003s ]
SQL: SELECT `path` FROM `mic_picture` WHERE `id` = 99  [ RunTime:0.0002s ]
SQL: SELECT `path` FROM `mic_picture` WHERE `id` = 42  [ RunTime:0.0003s ]
SQL: SELECT `path` FROM `mic_picture` WHERE `id` = 43  [ RunTime:0.0003s ]
SQL: SELECT `path` FROM `mic_picture` WHERE `id` = 45  [ RunTime:0.0002s ]
SQL: SELECT `path` FROM `mic_picture` WHERE `id` = 46  [ RunTime:0.0003s ]
SQL: SELECT `path` FROM `mic_picture` WHERE `id` = 56  [ RunTime:0.0003s ]
SQL: SELECT `path` FROM `mic_picture` WHERE `id` = 57  [ RunTime:0.0003s ]
SQL: SELECT `path` FROM `mic_picture` WHERE `id` = 58  [ RunTime:0.0003s ]
SQL: SELECT `path` FROM `mic_picture` WHERE `id` = 59  [ RunTime:0.0003s ]
SQL: SELECT `path` FROM `mic_picture` WHERE `id` = 60  [ RunTime:0.0061s ]
SQL: SELECT `path` FROM `mic_picture` WHERE `id` = 61  [ RunTime:0.0003s ]
SQL: SELECT `path` FROM `mic_picture` WHERE `id` = 0  [ RunTime:0.0003s ]
SQL: SELECT `path` FROM `mic_picture` WHERE `id` = 0  [ RunTime:0.0002s ]
SQL: SELECT `path` FROM `mic_picture` WHERE `id` = 0  [ RunTime:0.0002s ]
SQL: SELECT `path` FROM `mic_picture` WHERE `id` = 0  [ RunTime:0.0002s ]
SQL: SELECT `path` FROM `mic_picture` WHERE `id` = 12  [ RunTime:0.0003s ]
SQL: SELECT `path` FROM `mic_picture` WHERE `id` = 63  [ RunTime:0.0003s ]
SQL: SELECT `path` FROM `mic_picture` WHERE `id` = 13  [ RunTime:0.0002s ]
SQL: SELECT `path` FROM `mic_picture` WHERE `id` = 64  [ RunTime:0.0003s ]
SQL: SELECT `path` FROM `mic_picture` WHERE `id` = 0  [ RunTime:0.0002s ]
SQL: SELECT `path` FROM `mic_picture` WHERE `id` = 0  [ RunTime:0.0061s ]
SQL: SELECT `path` FROM `mic_picture` WHERE `id` = 65  [ RunTime:0.0003s ]
SQL: SELECT `path` FROM `mic_picture` WHERE `id` = 66  [ RunTime:0.0002s ]
SQL: SELECT `path` FROM `mic_picture` WHERE `id` = 68  [ RunTime:0.0003s ]
SQL: SELECT `path` FROM `mic_picture` WHERE `id` = 69  [ RunTime:0.0003s ]
SQL: SELECT `path` FROM `mic_picture` WHERE `id` = 71  [ RunTime:0.0002s ]
SQL: SELECT `path` FROM `mic_picture` WHERE `id` = 70  [ RunTime:0.0003s ]
SQL: SELECT `path` FROM `mic_picture` WHERE `id` = 72  [ RunTime:0.0003s ]
SQL: SELECT `path` FROM `mic_picture` WHERE `id` = 73  [ RunTime:0.0003s ]
SQL: SELECT `path` FROM `mic_picture` WHERE `id` = 0  [ RunTime:0.0003s ]
SQL: SELECT `path` FROM `mic_picture` WHERE `id` = 0  [ RunTime:0.0002s ]
SQL: SELECT `path` FROM `mic_picture` WHERE `id` = 75  [ RunTime:0.0062s ]
SQL: SELECT `path` FROM `mic_picture` WHERE `id` = 74  [ RunTime:0.0003s ]
SQL: SELECT `path` FROM `mic_picture` WHERE `id` = 76  [ RunTime:0.0002s ]
SQL: SELECT `path` FROM `mic_picture` WHERE `id` = 77  [ RunTime:0.0003s ]
SQL: SELECT `path` FROM `mic_picture` WHERE `id` = 79  [ RunTime:0.0003s ]
SQL: SELECT `path` FROM `mic_picture` WHERE `id` = 78  [ RunTime:0.0002s ]
SQL: SELECT `path` FROM `mic_picture` WHERE `id` = 0  [ RunTime:0.0003s ]
SQL: SELECT `path` FROM `mic_picture` WHERE `id` = 0  [ RunTime:0.0003s ]
SQL: SELECT `path` FROM `mic_picture` WHERE `id` = 14  [ RunTime:0.0002s ]
SQL: SELECT `path` FROM `mic_picture` WHERE `id` = 80  [ RunTime:0.0003s ]
SQL: SELECT `path` FROM `mic_picture` WHERE `id` = 0  [ RunTime:0.0003s ]
SQL: SELECT `path` FROM `mic_picture` WHERE `id` = 81  [ RunTime:0.0002s ]
SQL: SELECT `path` FROM `mic_picture` WHERE `id` = 11  [ RunTime:0.0003s ]
SQL: SELECT `path` FROM `mic_picture` WHERE `id` = 83  [ RunTime:0.0003s ]
SQL: SELECT `path` FROM `mic_picture` WHERE `id` = 0  [ RunTime:0.0002s ]
SQL: SELECT `path` FROM `mic_picture` WHERE `id` = 0  [ RunTime:0.0003s ]
SQL: SELECT `path` FROM `mic_picture` WHERE `id` = 0  [ RunTime:0.0002s ]
SQL: SELECT `path` FROM `mic_picture` WHERE `id` = 0  [ RunTime:0.0002s ]
SQL: SELECT `path` FROM `mic_picture` WHERE `id` = 86  [ RunTime:0.0003s ]
SQL: SELECT `path` FROM `mic_picture` WHERE `id` = 85  [ RunTime:0.0003s ]
SQL: SELECT `path` FROM `mic_picture` WHERE `id` = 0  [ RunTime:0.0002s ]
SQL: SELECT `path` FROM `mic_picture` WHERE `id` = 0  [ RunTime:0.0003s ]
SQL: SELECT `path` FROM `mic_picture` WHERE `id` = 0  [ RunTime:0.0003s ]
SQL: SELECT `path` FROM `mic_picture` WHERE `id` = 0  [ RunTime:0.0062s ]
SQL: SELECT `path` FROM `mic_picture` WHERE `id` = 0  [ RunTime:0.0003s ]
SQL: SELECT `path` FROM `mic_picture` WHERE `id` = 0  [ RunTime:0.0003s ]
SQL: SELECT `path` FROM `mic_picture` WHERE `id` = 87  [ RunTime:0.0003s ]
SQL: SELECT `path` FROM `mic_picture` WHERE `id` = 88  [ RunTime:0.0003s ]
SQL: SELECT `path` FROM `mic_picture` WHERE `id` = 90  [ RunTime:0.0002s ]
SQL: SELECT `path` FROM `mic_picture` WHERE `id` = 89  [ RunTime:0.0003s ]
SQL: SELECT `path` FROM `mic_picture` WHERE `id` = 91  [ RunTime:0.0004s ]
SQL: SELECT `path` FROM `mic_picture` WHERE `id` = 92  [ RunTime:0.0003s ]
SQL: SELECT `path` FROM `mic_picture` WHERE `id` = 0  [ RunTime:0.0003s ]
SQL: SELECT `path` FROM `mic_picture` WHERE `id` = 0  [ RunTime:0.0002s ]
SQL: SELECT `path` FROM `mic_picture` WHERE `id` = 0  [ RunTime:0.0060s ]
SQL: SELECT `path` FROM `mic_picture` WHERE `id` = 0  [ RunTime:0.0003s ]
SQL: SELECT `path` FROM `mic_picture` WHERE `id` = 0  [ RunTime:0.0002s ]
SQL: SELECT `path` FROM `mic_picture` WHERE `id` = 0  [ RunTime:0.0003s ]
SQL: SELECT `path` FROM `mic_picture` WHERE `id` = 95  [ RunTime:0.0003s ]
SQL: SELECT `path` FROM `mic_picture` WHERE `id` = 94  [ RunTime:0.0002s ]
INFO: [ view_parse ] --START--
INFO: [ template_filter ] --START--
INFO: Run Behavior\ContentReplaceBehavior [ RunTime:0.000791s ]
INFO: [ template_filter ] --END-- [ RunTime:0.000848s ]
INFO: Run Behavior\ParseTemplateBehavior [ RunTime:1.219653s ]
INFO: [ view_parse ] --END-- [ RunTime:1.219727s ]
INFO: [ view_filter ] --START--
INFO: Run Behavior\WriteHtmlCacheBehavior [ RunTime:0.000376s ]
INFO: [ view_filter ] --END-- [ RunTime:0.000420s ]
INFO: [ app_end ] --START--
INFO: Run Behavior\ShowPageTraceBehavior [ RunTime:0.000374s ]
INFO: [ app_end ] --END-- [ RunTime:0.000421s ]

[ 2017-09-08T23:20:17+08:00 ] 183.57.53.196 /index.php?s=/Home/Personal
INFO: [ app_init ] --START--
INFO: Run Behavior\BuildLiteBehavior [ RunTime:0.000026s ]
INFO: Run Common\Behavior\InitHookBehavior [ RunTime:0.007416s ]
INFO: [ app_init ] --END-- [ RunTime:0.007545s ]
INFO: [ app_begin ] --START--
INFO: Run Behavior\ReadHtmlCacheBehavior [ RunTime:0.000199s ]
INFO: [ app_begin ] --END-- [ RunTime:0.000252s ]
SQL: SHOW COLUMNS FROM `mic_config` [ RunTime:0.0069s ]
SQL: SELECT `type`,`name`,`value` FROM `mic_config` WHERE `status` = 1  [ RunTime:0.0006s ]
SQL: SHOW COLUMNS FROM `mic_partner` [ RunTime:0.0008s ]
SQL: SELECT * FROM `mic_partner`  [ RunTime:0.0064s ]
SQL: SHOW COLUMNS FROM `mic_picture` [ RunTime:0.0007s ]
SQL: SELECT `path` FROM `mic_picture` WHERE `id` = 54  [ RunTime:0.0003s ]
SQL: SELECT `path` FROM `mic_picture` WHERE `id` = 55  [ RunTime:0.0003s ]
SQL: SELECT `path` FROM `mic_picture` WHERE `id` = 48  [ RunTime:0.0003s ]
SQL: SELECT `path` FROM `mic_picture` WHERE `id` = 49  [ RunTime:0.0003s ]
SQL: SELECT `path` FROM `mic_picture` WHERE `id` = 50  [ RunTime:0.0003s ]
SQL: SELECT `path` FROM `mic_picture` WHERE `id` = 51  [ RunTime:0.0003s ]
SQL: SELECT `path` FROM `mic_picture` WHERE `id` = 52  [ RunTime:0.0061s ]
SQL: SELECT `path` FROM `mic_picture` WHERE `id` = 53  [ RunTime:0.0003s ]
SQL: SELECT `path` FROM `mic_picture` WHERE `id` = 31  [ RunTime:0.0003s ]
SQL: SELECT `path` FROM `mic_picture` WHERE `id` = 32  [ RunTime:0.0003s ]
SQL: SELECT `path` FROM `mic_picture` WHERE `id` = 97  [ RunTime:0.0003s ]
SQL: SELECT `path` FROM `mic_picture` WHERE `id` = 99  [ RunTime:0.0003s ]
SQL: SELECT `path` FROM `mic_picture` WHERE `id` = 42  [ RunTime:0.0003s ]
SQL: SELECT `path` FROM `mic_picture` WHERE `id` = 43  [ RunTime:0.0003s ]
SQL: SELECT `path` FROM `mic_picture` WHERE `id` = 45  [ RunTime:0.0003s ]
SQL: SELECT `path` FROM `mic_picture` WHERE `id` = 46  [ RunTime:0.0062s ]
SQL: SELECT `path` FROM `mic_picture` WHERE `id` = 56  [ RunTime:0.0003s ]
SQL: SELECT `path` FROM `mic_picture` WHERE `id` = 57  [ RunTime:0.0003s ]
SQL: SELECT `path` FROM `mic_picture` WHERE `id` = 58  [ RunTime:0.0003s ]
SQL: SELECT `path` FROM `mic_picture` WHERE `id` = 59  [ RunTime:0.0003s ]
SQL: SELECT `path` FROM `mic_picture` WHERE `id` = 60  [ RunTime:0.0003s ]
SQL: SELECT `path` FROM `mic_picture` WHERE `id` = 61  [ RunTime:0.0003s ]
SQL: SELECT `path` FROM `mic_picture` WHERE `id` = 0  [ RunTime:0.0003s ]
SQL: SELECT `path` FROM `mic_picture` WHERE `id` = 0  [ RunTime:0.0002s ]
SQL: SELECT `path` FROM `mic_picture` WHERE `id` = 0  [ RunTime:0.0003s ]
SQL: SELECT `path` FROM `mic_picture` WHERE `id` = 0  [ RunTime:0.0060s ]
SQL: SELECT `path` FROM `mic_picture` WHERE `id` = 12  [ RunTime:0.0003s ]
SQL: SELECT `path` FROM `mic_picture` WHERE `id` = 63  [ RunTime:0.0003s ]
SQL: SELECT `path` FROM `mic_picture` WHERE `id` = 13  [ RunTime:0.0003s ]
SQL: SELECT `path` FROM `mic_picture` WHERE `id` = 64  [ RunTime:0.0003s ]
SQL: SELECT `path` FROM `mic_picture` WHERE `id` = 0  [ RunTime:0.0002s ]
SQL: SELECT `path` FROM `mic_picture` WHERE `id` = 0  [ RunTime:0.0002s ]
SQL: SELECT `path` FROM `mic_picture` WHERE `id` = 65  [ RunTime:0.0003s ]
SQL: SELECT `path` FROM `mic_picture` WHERE `id` = 66  [ RunTime:0.0002s ]
SQL: SELECT `path` FROM `mic_picture` WHERE `id` = 68  [ RunTime:0.0002s ]
SQL: SELECT `path` FROM `mic_picture` WHERE `id` = 69  [ RunTime:0.0003s ]
SQL: SELECT `path` FROM `mic_picture` WHERE `id` = 71  [ RunTime:0.0003s ]
SQL: SELECT `path` FROM `mic_picture` WHERE `id` = 70  [ RunTime:0.0003s ]
SQL: SELECT `path` FROM `mic_picture` WHERE `id` = 72  [ RunTime:0.0003s ]
SQL: SELECT `path` FROM `mic_picture` WHERE `id` = 73  [ RunTime:0.0003s ]
SQL: SELECT `path` FROM `mic_picture` WHERE `id` = 0  [ RunTime:0.0003s ]
SQL: SELECT `path` FROM `mic_picture` WHERE `id` = 0  [ RunTime:0.0002s ]
SQL: SELECT `path` FROM `mic_picture` WHERE `id` = 75  [ RunTime:0.0003s ]
SQL: SELECT `path` FROM `mic_picture` WHERE `id` = 74  [ RunTime:0.0003s ]
SQL: SELECT `path` FROM `mic_picture` WHERE `id` = 76  [ RunTime:0.0003s ]
SQL: SELECT `path` FROM `mic_picture` WHERE `id` = 77  [ RunTime:0.0003s ]
SQL: SELECT `path` FROM `mic_picture` WHERE `id` = 79  [ RunTime:0.0061s ]
SQL: SELECT `path` FROM `mic_picture` WHERE `id` = 78  [ RunTime:0.0006s ]
SQL: SELECT `path` FROM `mic_picture` WHERE `id` = 0  [ RunTime:0.0003s ]
SQL: SELECT `path` FROM `mic_picture` WHERE `id` = 0  [ RunTime:0.0002s ]
SQL: SELECT `path` FROM `mic_picture` WHERE `id` = 14  [ RunTime:0.0003s ]
SQL: SELECT `path` FROM `mic_picture` WHERE `id` = 80  [ RunTime:0.0003s ]
SQL: SELECT `path` FROM `mic_picture` WHERE `id` = 0  [ RunTime:0.0002s ]
SQL: SELECT `path` FROM `mic_picture` WHERE `id` = 81  [ RunTime:0.0003s ]
SQL: SELECT `path` FROM `mic_picture` WHERE `id` = 11  [ RunTime:0.0003s ]
SQL: SELECT `path` FROM `mic_picture` WHERE `id` = 83  [ RunTime:0.0003s ]
SQL: SELECT `path` FROM `mic_picture` WHERE `id` = 0  [ RunTime:0.0063s ]
SQL: SELECT `path` FROM `mic_picture` WHERE `id` = 0  [ RunTime:0.0003s ]
SQL: SELECT `path` FROM `mic_picture` WHERE `id` = 0  [ RunTime:0.0003s ]
SQL: SELECT `path` FROM `mic_picture` WHERE `id` = 0  [ RunTime:0.0002s ]
SQL: SELECT `path` FROM `mic_picture` WHERE `id` = 86  [ RunTime:0.0003s ]
SQL: SELECT `path` FROM `mic_picture` WHERE `id` = 85  [ RunTime:0.0003s ]
SQL: SELECT `path` FROM `mic_picture` WHERE `id` = 0  [ RunTime:0.0003s ]
SQL: SELECT `path` FROM `mic_picture` WHERE `id` = 0  [ RunTime:0.0003s ]
SQL: SELECT `path` FROM `mic_picture` WHERE `id` = 0  [ RunTime:0.0003s ]
SQL: SELECT `path` FROM `mic_picture` WHERE `id` = 0  [ RunTime:0.0002s ]
SQL: SELECT `path` FROM `mic_picture` WHERE `id` = 0  [ RunTime:0.0003s ]
SQL: SELECT `path` FROM `mic_picture` WHERE `id` = 0  [ RunTime:0.0003s ]
SQL: SELECT `path` FROM `mic_picture` WHERE `id` = 87  [ RunTime:0.0003s ]
SQL: SELECT `path` FROM `mic_picture` WHERE `id` = 88  [ RunTime:0.0003s ]
SQL: SELECT `path` FROM `mic_picture` WHERE `id` = 90  [ RunTime:0.0003s ]
SQL: SELECT `path` FROM `mic_picture` WHERE `id` = 89  [ RunTime:0.0003s ]
SQL: SELECT `path` FROM `mic_picture` WHERE `id` = 91  [ RunTime:0.0003s ]
SQL: SELECT `path` FROM `mic_picture` WHERE `id` = 92  [ RunTime:0.0002s ]
SQL: SELECT `path` FROM `mic_picture` WHERE `id` = 0  [ RunTime:0.0002s ]
SQL: SELECT `path` FROM `mic_picture` WHERE `id` = 0  [ RunTime:0.0003s ]
SQL: SELECT `path` FROM `mic_picture` WHERE `id` = 0  [ RunTime:0.0002s ]
SQL: SELECT `path` FROM `mic_picture` WHERE `id` = 0  [ RunTime:0.0002s ]
SQL: SELECT `path` FROM `mic_picture` WHERE `id` = 0  [ RunTime:0.0062s ]
SQL: SELECT `path` FROM `mic_picture` WHERE `id` = 0  [ RunTime:0.0002s ]
SQL: SELECT `path` FROM `mic_picture` WHERE `id` = 95  [ RunTime:0.0003s ]
SQL: SELECT `path` FROM `mic_picture` WHERE `id` = 94  [ RunTime:0.0003s ]
INFO: [ view_parse ] --START--
INFO: [ template_filter ] --START--
INFO: Run Behavior\ContentReplaceBehavior [ RunTime:0.000090s ]
INFO: [ template_filter ] --END-- [ RunTime:0.000136s ]
NOTIC: [2] file_put_contents(./Runtime/Cache/Home/234c96bd7cd8162248b6749002ab886c.php): failed to open stream: Permission denied D:\home\site\wwwroot\ThinkPHP\Library\Think\Storage\Driver\File.class.php 第 46 行.
ERR: _STORAGE_WRITE_ERROR_:./Runtime/Cache/Home/234c96bd7cd8162248b6749002ab886c.php

[ 2017-09-08T23:20:19+08:00 ] 117.185.27.115 /index.php?s=/Home/Index
INFO: [ app_init ] --START--
INFO: Run Behavior\BuildLiteBehavior [ RunTime:0.000014s ]
INFO: Run Common\Behavior\InitHookBehavior [ RunTime:0.004578s ]
INFO: [ app_init ] --END-- [ RunTime:0.004676s ]
INFO: [ app_begin ] --START--
INFO: Run Behavior\ReadHtmlCacheBehavior [ RunTime:0.000168s ]
INFO: [ app_begin ] --END-- [ RunTime:0.000213s ]
SQL: SHOW COLUMNS FROM `mic_config` [ RunTime:0.0077s ]
SQL: SELECT `type`,`name`,`value` FROM `mic_config` WHERE `status` = 1  [ RunTime:0.0015s ]
INFO: [ view_parse ] --START--
INFO: [ template_filter ] --START--
INFO: Run Behavior\ContentReplaceBehavior [ RunTime:0.000058s ]
INFO: [ template_filter ] --END-- [ RunTime:0.000102s ]
NOTIC: [2] file_put_contents(./Runtime/Cache/Home/2a94b8bda04ff446dcedd42276fc99ee.php): failed to open stream: Permission denied D:\home\site\wwwroot\ThinkPHP\Library\Think\Storage\Driver\File.class.php 第 46 行.
ERR: _STORAGE_WRITE_ERROR_:./Runtime/Cache/Home/2a94b8bda04ff446dcedd42276fc99ee.php

[ 2017-09-08T23:20:19+08:00 ] 117.185.27.115 /index.php?s=/Home/Index
INFO: [ app_init ] --START--
INFO: Run Behavior\BuildLiteBehavior [ RunTime:0.000015s ]
INFO: Run Common\Behavior\InitHookBehavior [ RunTime:0.017520s ]
INFO: [ app_init ] --END-- [ RunTime:0.017653s ]
INFO: [ app_begin ] --START--
INFO: Run Behavior\ReadHtmlCacheBehavior [ RunTime:0.005889s ]
INFO: [ app_begin ] --END-- [ RunTime:0.005941s ]
SQL: SHOW COLUMNS FROM `mic_config` [ RunTime:0.0103s ]
SQL: SELECT `type`,`name`,`value` FROM `mic_config` WHERE `status` = 1  [ RunTime:0.0006s ]
INFO: [ view_parse ] --START--
INFO: [ template_filter ] --START--
INFO: Run Behavior\ContentReplaceBehavior [ RunTime:0.000065s ]
INFO: [ template_filter ] --END-- [ RunTime:0.000132s ]
INFO: Run Behavior\ParseTemplateBehavior [ RunTime:0.053092s ]
INFO: [ view_parse ] --END-- [ RunTime:0.053154s ]
INFO: [ view_filter ] --START--
INFO: Run Behavior\WriteHtmlCacheBehavior [ RunTime:0.000180s ]
INFO: [ view_filter ] --END-- [ RunTime:0.000256s ]
INFO: [ app_end ] --START--
INFO: Run Behavior\ShowPageTraceBehavior [ RunTime:0.000189s ]
INFO: [ app_end ] --END-- [ RunTime:0.000229s ]

[ 2017-09-08T23:20:20+08:00 ] 222.171.7.67 /
INFO: [ app_init ] --START--
INFO: Run Behavior\BuildLiteBehavior [ RunTime:0.000015s ]
INFO: Run Common\Behavior\InitHookBehavior [ RunTime:0.002808s ]
INFO: [ app_init ] --END-- [ RunTime:0.002915s ]
INFO: [ app_begin ] --START--
INFO: Run Behavior\ReadHtmlCacheBehavior [ RunTime:0.000219s ]
INFO: [ app_begin ] --END-- [ RunTime:0.000268s ]
SQL: SHOW COLUMNS FROM `mic_config` [ RunTime:0.0024s ]
SQL: SELECT `type`,`name`,`value` FROM `mic_config` WHERE `status` = 1  [ RunTime:0.0010s ]
INFO: [ view_parse ] --START--
INFO: [ template_filter ] --START--
INFO: Run Behavior\ContentReplaceBehavior [ RunTime:0.000066s ]
INFO: [ template_filter ] --END-- [ RunTime:0.000174s ]
INFO: Run Behavior\ParseTemplateBehavior [ RunTime:0.018885s ]
INFO: [ view_parse ] --END-- [ RunTime:0.018934s ]
INFO: [ view_filter ] --START--
INFO: Run Behavior\WriteHtmlCacheBehavior [ RunTime:0.000253s ]
INFO: [ view_filter ] --END-- [ RunTime:0.000293s ]
INFO: [ app_end ] --START--
INFO: Run Behavior\ShowPageTraceBehavior [ RunTime:0.000173s ]
INFO: [ app_end ] --END-- [ RunTime:0.000211s ]

[ 2017-09-08T23:20:22+08:00 ] 222.171.7.67 /index.php?s=/Home/Experience
INFO: [ app_init ] --START--
INFO: Run Behavior\BuildLiteBehavior [ RunTime:0.000015s ]
INFO: Run Common\Behavior\InitHookBehavior [ RunTime:0.001802s ]
INFO: [ app_init ] --END-- [ RunTime:0.001921s ]
INFO: [ app_begin ] --START--
INFO: Run Behavior\ReadHtmlCacheBehavior [ RunTime:0.000205s ]
INFO: [ app_begin ] --END-- [ RunTime:0.000257s ]
SQL: SHOW COLUMNS FROM `mic_config` [ RunTime:0.0074s ]
SQL: SELECT `type`,`name`,`value` FROM `mic_config` WHERE `status` = 1  [ RunTime:0.0028s ]
INFO: [ view_parse ] --START--
INFO: [ template_filter ] --START--
INFO: Run Behavior\ContentReplaceBehavior [ RunTime:0.000095s ]
INFO: [ template_filter ] --END-- [ RunTime:0.000142s ]
INFO: Run Behavior\ParseTemplateBehavior [ RunTime:0.029767s ]
INFO: [ view_parse ] --END-- [ RunTime:0.029833s ]
INFO: [ view_filter ] --START--
INFO: Run Behavior\WriteHtmlCacheBehavior [ RunTime:0.000181s ]
INFO: [ view_filter ] --END-- [ RunTime:0.000219s ]
INFO: [ app_end ] --START--
INFO: Run Behavior\ShowPageTraceBehavior [ RunTime:0.000192s ]
INFO: [ app_end ] --END-- [ RunTime:0.000247s ]

[ 2017-09-08T23:20:25+08:00 ] 222.171.7.67 /index.php?s=/Home/Experience/catalog/id/3
INFO: [ app_init ] --START--
INFO: Run Behavior\BuildLiteBehavior [ RunTime:0.000027s ]
INFO: Run Common\Behavior\InitHookBehavior [ RunTime:0.007296s ]
INFO: [ app_init ] --END-- [ RunTime:0.007440s ]
INFO: [ app_begin ] --START--
INFO: Run Behavior\ReadHtmlCacheBehavior [ RunTime:0.000203s ]
INFO: [ app_begin ] --END-- [ RunTime:0.000256s ]
SQL: SHOW COLUMNS FROM `mic_config` [ RunTime:0.0010s ]
SQL: SELECT `type`,`name`,`value` FROM `mic_config` WHERE `status` = 1  [ RunTime:0.0006s ]
SQL: SHOW COLUMNS FROM `mic_document_article` [ RunTime:0.0023s ]
SQL: SELECT `id`,`author` FROM `mic_document_article` WHERE ( exp_station=3 )  [ RunTime:0.0028s ]
SQL: SHOW COLUMNS FROM `mic_document` [ RunTime:0.0030s ]
SQL: SELECT `id`,`title`,`create_time` FROM `mic_document` WHERE `id` IN ('39')  [ RunTime:0.0006s ]
INFO: [ view_parse ] --START--
INFO: [ template_filter ] --START--
INFO: Run Behavior\ContentReplaceBehavior [ RunTime:0.000059s ]
INFO: [ template_filter ] --END-- [ RunTime:0.000109s ]
INFO: Run Behavior\ParseTemplateBehavior [ RunTime:0.035282s ]
INFO: [ view_parse ] --END-- [ RunTime:0.035351s ]
INFO: [ view_filter ] --START--
INFO: Run Behavior\WriteHtmlCacheBehavior [ RunTime:0.000196s ]
INFO: [ view_filter ] --END-- [ RunTime:0.000236s ]
INFO: [ app_end ] --START--
INFO: Run Behavior\ShowPageTraceBehavior [ RunTime:0.000195s ]
INFO: [ app_end ] --END-- [ RunTime:0.000253s ]

[ 2017-09-08T23:20:32+08:00 ] 117.185.27.115 /index.php?s=/Home/Experience
INFO: [ app_init ] --START--
INFO: Run Behavior\BuildLiteBehavior [ RunTime:0.000018s ]
INFO: Run Common\Behavior\InitHookBehavior [ RunTime:0.005701s ]
INFO: [ app_init ] --END-- [ RunTime:0.005957s ]
INFO: [ app_begin ] --START--
INFO: Run Behavior\ReadHtmlCacheBehavior [ RunTime:0.000361s ]
INFO: [ app_begin ] --END-- [ RunTime:0.000414s ]
SQL: SHOW COLUMNS FROM `mic_config` [ RunTime:0.0019s ]
SQL: SELECT `type`,`name`,`value` FROM `mic_config` WHERE `status` = 1  [ RunTime:0.0012s ]
INFO: [ view_parse ] --START--
INFO: [ template_filter ] --START--
INFO: Run Behavior\ContentReplaceBehavior [ RunTime:0.000088s ]
INFO: [ template_filter ] --END-- [ RunTime:0.000138s ]
INFO: Run Behavior\ParseTemplateBehavior [ RunTime:0.021045s ]
INFO: [ view_parse ] --END-- [ RunTime:0.021094s ]
INFO: [ view_filter ] --START--
INFO: Run Behavior\WriteHtmlCacheBehavior [ RunTime:0.000280s ]
INFO: [ view_filter ] --END-- [ RunTime:0.000320s ]
INFO: [ app_end ] --START--
INFO: Run Behavior\ShowPageTraceBehavior [ RunTime:0.000320s ]
INFO: [ app_end ] --END-- [ RunTime:0.000361s ]

[ 2017-09-08T23:20:33+08:00 ] 222.171.7.67 /index.php?s=/Home/Experience
INFO: [ app_init ] --START--
INFO: Run Behavior\BuildLiteBehavior [ RunTime:0.000017s ]
INFO: Run Common\Behavior\InitHookBehavior [ RunTime:0.007579s ]
INFO: [ app_init ] --END-- [ RunTime:0.007736s ]
INFO: [ app_begin ] --START--
INFO: Run Behavior\ReadHtmlCacheBehavior [ RunTime:0.000206s ]
INFO: [ app_begin ] --END-- [ RunTime:0.000254s ]
SQL: SHOW COLUMNS FROM `mic_config` [ RunTime:0.0015s ]
SQL: SELECT `type`,`name`,`value` FROM `mic_config` WHERE `status` = 1  [ RunTime:0.0029s ]
INFO: [ view_parse ] --START--
INFO: [ template_filter ] --START--
INFO: Run Behavior\ContentReplaceBehavior [ RunTime:0.000097s ]
INFO: [ template_filter ] --END-- [ RunTime:0.000144s ]
INFO: Run Behavior\ParseTemplateBehavior [ RunTime:0.021985s ]
INFO: [ view_parse ] --END-- [ RunTime:0.022045s ]
INFO: [ view_filter ] --START--
INFO: Run Behavior\WriteHtmlCacheBehavior [ RunTime:0.000208s ]
INFO: [ view_filter ] --END-- [ RunTime:0.000248s ]
INFO: [ app_end ] --START--
INFO: Run Behavior\ShowPageTraceBehavior [ RunTime:0.000208s ]
INFO: [ app_end ] --END-- [ RunTime:0.000249s ]

[ 2017-09-08T23:20:35+08:00 ] 117.185.27.113 /index.php?s=/Home/Experience/catalog/id/3
INFO: [ app_init ] --START--
INFO: Run Behavior\BuildLiteBehavior [ RunTime:0.000014s ]
INFO: Run Common\Behavior\InitHookBehavior [ RunTime:0.001473s ]
INFO: [ app_init ] --END-- [ RunTime:0.001578s ]
INFO: [ app_begin ] --START--
INFO: Run Behavior\ReadHtmlCacheBehavior [ RunTime:0.000182s ]
INFO: [ app_begin ] --END-- [ RunTime:0.000234s ]
SQL: SHOW COLUMNS FROM `mic_config` [ RunTime:0.0019s ]
SQL: SELECT `type`,`name`,`value` FROM `mic_config` WHERE `status` = 1  [ RunTime:0.0007s ]
SQL: SHOW COLUMNS FROM `mic_document_article` [ RunTime:0.0006s ]
SQL: SELECT `id`,`author` FROM `mic_document_article` WHERE ( exp_station=3 )  [ RunTime:0.0004s ]
SQL: SHOW COLUMNS FROM `mic_document` [ RunTime:0.0072s ]
SQL: SELECT `id`,`title`,`create_time` FROM `mic_document` WHERE `id` IN ('39')  [ RunTime:0.0003s ]
INFO: [ view_parse ] --START--
INFO: [ template_filter ] --START--
INFO: Run Behavior\ContentReplaceBehavior [ RunTime:0.000075s ]
INFO: [ template_filter ] --END-- [ RunTime:0.000438s ]
INFO: Run Behavior\ParseTemplateBehavior [ RunTime:0.027972s ]
INFO: [ view_parse ] --END-- [ RunTime:0.028028s ]
INFO: [ view_filter ] --START--
INFO: Run Behavior\WriteHtmlCacheBehavior [ RunTime:0.000192s ]
INFO: [ view_filter ] --END-- [ RunTime:0.000231s ]
INFO: [ app_end ] --START--
INFO: Run Behavior\ShowPageTraceBehavior [ RunTime:0.000161s ]
INFO: [ app_end ] --END-- [ RunTime:0.000197s ]

[ 2017-09-08T23:20:36+08:00 ] 222.171.7.67 /index.php?s=/Home/Index
INFO: [ app_init ] --START--
INFO: Run Behavior\BuildLiteBehavior [ RunTime:0.000016s ]
INFO: Run Common\Behavior\InitHookBehavior [ RunTime:0.001621s ]
INFO: [ app_init ] --END-- [ RunTime:0.001732s ]
INFO: [ app_begin ] --START--
INFO: Run Behavior\ReadHtmlCacheBehavior [ RunTime:0.000186s ]
INFO: [ app_begin ] --END-- [ RunTime:0.000251s ]
SQL: SHOW COLUMNS FROM `mic_config` [ RunTime:0.0013s ]
SQL: SELECT `type`,`name`,`value` FROM `mic_config` WHERE `status` = 1  [ RunTime:0.0015s ]
INFO: [ view_parse ] --START--
INFO: [ template_filter ] --START--
INFO: Run Behavior\ContentReplaceBehavior [ RunTime:0.000057s ]
INFO: [ template_filter ] --END-- [ RunTime:0.000126s ]
INFO: Run Behavior\ParseTemplateBehavior [ RunTime:0.028194s ]
INFO: [ view_parse ] --END-- [ RunTime:0.028257s ]
INFO: [ view_filter ] --START--
INFO: Run Behavior\WriteHtmlCacheBehavior [ RunTime:0.000163s ]
INFO: [ view_filter ] --END-- [ RunTime:0.000202s ]
INFO: [ app_end ] --START--
INFO: Run Behavior\ShowPageTraceBehavior [ RunTime:0.000165s ]
INFO: [ app_end ] --END-- [ RunTime:0.000201s ]

[ 2017-09-08T23:20:42+08:00 ] 222.171.7.67 /index.php?s=/Home/infomalessay/jottings
INFO: [ app_init ] --START--
INFO: Run Behavior\BuildLiteBehavior [ RunTime:0.000040s ]
INFO: Run Common\Behavior\InitHookBehavior [ RunTime:0.007762s ]
INFO: [ app_init ] --END-- [ RunTime:0.007913s ]
INFO: [ app_begin ] --START--
INFO: Run Behavior\ReadHtmlCacheBehavior [ RunTime:0.000201s ]
INFO: [ app_begin ] --END-- [ RunTime:0.000254s ]
SQL: SHOW COLUMNS FROM `mic_config` [ RunTime:0.0010s ]
SQL: SELECT `type`,`name`,`value` FROM `mic_config` WHERE `status` = 1  [ RunTime:0.0006s ]
SQL: SHOW COLUMNS FROM `mic_document` [ RunTime:0.0041s ]
SQL: SELECT `id`,`title`,`cover_id`,`create_time` FROM `mic_document` WHERE ( status!=-1 )  [ RunTime:0.0018s ]
SQL: SHOW COLUMNS FROM `mic_document_article` [ RunTime:0.0017s ]
SQL: SELECT `exp_station` FROM `mic_document_article` WHERE ( id=39 ) LIMIT 1   [ RunTime:0.0064s ]
SQL: SELECT `exp_station` FROM `mic_document_article` WHERE ( id=25 ) LIMIT 1   [ RunTime:0.0004s ]
SQL: SHOW COLUMNS FROM `mic_picture` [ RunTime:0.0006s ]
SQL: SELECT `path` FROM `mic_picture` WHERE `id` = 44 LIMIT 1   [ RunTime:0.0003s ]
SQL: SELECT `exp_station` FROM `mic_document_article` WHERE ( id=38 ) LIMIT 1   [ RunTime:0.0003s ]
SQL: SELECT `exp_station` FROM `mic_document_article` WHERE ( id=28 ) LIMIT 1   [ RunTime:0.0009s ]
SQL: SELECT `path` FROM `mic_picture` WHERE `id` = 47 LIMIT 1   [ RunTime:0.0002s ]
SQL: SELECT `exp_station` FROM `mic_document_article` WHERE ( id=30 ) LIMIT 1   [ RunTime:0.0003s ]
SQL: SELECT `path` FROM `mic_picture` WHERE `id` = 41 LIMIT 1   [ RunTime:0.0003s ]
SQL: SELECT `exp_station` FROM `mic_document_article` WHERE ( id=31 ) LIMIT 1   [ RunTime:0.0003s ]
SQL: SELECT `path` FROM `mic_picture` WHERE `id` = 40 LIMIT 1   [ RunTime:0.0003s ]
SQL: SELECT `exp_station` FROM `mic_document_article` WHERE ( id=32 ) LIMIT 1   [ RunTime:0.0003s ]
SQL: SELECT `path` FROM `mic_picture` WHERE `id` = 39 LIMIT 1   [ RunTime:0.0004s ]
SQL: SELECT `exp_station` FROM `mic_document_article` WHERE ( id=33 ) LIMIT 1   [ RunTime:0.0003s ]
SQL: SELECT `exp_station` FROM `mic_document_article` WHERE ( id=34 ) LIMIT 1   [ RunTime:0.0003s ]
SQL: SELECT `path` FROM `mic_picture` WHERE `id` = 38 LIMIT 1   [ RunTime:0.0003s ]
SQL: SELECT `exp_station` FROM `mic_document_article` WHERE ( id=35 ) LIMIT 1   [ RunTime:0.0061s ]
SQL: SELECT `path` FROM `mic_picture` WHERE `id` = 37 LIMIT 1   [ RunTime:0.0003s ]
SQL: SELECT `exp_station` FROM `mic_document_article` WHERE ( id=36 ) LIMIT 1   [ RunTime:0.0003s ]
SQL: SELECT `path` FROM `mic_picture` WHERE `id` = 36 LIMIT 1   [ RunTime:0.0003s ]
SQL: SELECT `exp_station` FROM `mic_document_article` WHERE ( id=37 ) LIMIT 1   [ RunTime:0.0004s ]
SQL: SELECT `exp_station` FROM `mic_document_article` WHERE ( id=40 ) LIMIT 1   [ RunTime:0.0003s ]
SQL: SELECT `exp_station` FROM `mic_document_article` WHERE ( id=41 ) LIMIT 1   [ RunTime:0.0003s ]
INFO: [ view_parse ] --START--
INFO: [ template_filter ] --START--
INFO: Run Behavior\ContentReplaceBehavior [ RunTime:0.000061s ]
INFO: [ template_filter ] --END-- [ RunTime:0.000112s ]
INFO: Run Behavior\ParseTemplateBehavior [ RunTime:0.159807s ]
INFO: [ view_parse ] --END-- [ RunTime:0.159898s ]
INFO: [ view_filter ] --START--
INFO: Run Behavior\WriteHtmlCacheBehavior [ RunTime:0.000206s ]
INFO: [ view_filter ] --END-- [ RunTime:0.000264s ]
INFO: [ app_end ] --START--
INFO: Run Behavior\ShowPageTraceBehavior [ RunTime:0.005977s ]
INFO: [ app_end ] --END-- [ RunTime:0.006019s ]

[ 2017-09-08T23:20:42+08:00 ] 183.57.53.197 /index.php?s=/Home/infomalessay/jottings
INFO: [ app_init ] --START--
INFO: Run Behavior\BuildLiteBehavior [ RunTime:0.000015s ]
INFO: Run Common\Behavior\InitHookBehavior [ RunTime:0.004034s ]
INFO: [ app_init ] --END-- [ RunTime:0.004138s ]
INFO: [ app_begin ] --START--
INFO: Run Behavior\ReadHtmlCacheBehavior [ RunTime:0.000191s ]
INFO: [ app_begin ] --END-- [ RunTime:0.000243s ]
SQL: SHOW COLUMNS FROM `mic_config` [ RunTime:0.0009s ]
SQL: SELECT `type`,`name`,`value` FROM `mic_config` WHERE `status` = 1  [ RunTime:0.0007s ]
SQL: SHOW COLUMNS FROM `mic_document` [ RunTime:0.0075s ]
SQL: SELECT `id`,`title`,`cover_id`,`create_time` FROM `mic_document` WHERE ( status!=-1 )  [ RunTime:0.0005s ]
SQL: SHOW COLUMNS FROM `mic_document_article` [ RunTime:0.0006s ]
SQL: SELECT `exp_station` FROM `mic_document_article` WHERE ( id=39 ) LIMIT 1   [ RunTime:0.0003s ]
SQL: SELECT `exp_station` FROM `mic_document_article` WHERE ( id=25 ) LIMIT 1   [ RunTime:0.0003s ]
SQL: SHOW COLUMNS FROM `mic_picture` [ RunTime:0.0006s ]
SQL: SELECT `path` FROM `mic_picture` WHERE `id` = 44 LIMIT 1   [ RunTime:0.0003s ]
SQL: SELECT `exp_station` FROM `mic_document_article` WHERE ( id=38 ) LIMIT 1   [ RunTime:0.0003s ]
SQL: SELECT `exp_station` FROM `mic_document_article` WHERE ( id=28 ) LIMIT 1   [ RunTime:0.0003s ]
SQL: SELECT `path` FROM `mic_picture` WHERE `id` = 47 LIMIT 1   [ RunTime:0.0003s ]
SQL: SELECT `exp_station` FROM `mic_document_article` WHERE ( id=30 ) LIMIT 1   [ RunTime:0.0003s ]
SQL: SELECT `path` FROM `mic_picture` WHERE `id` = 41 LIMIT 1   [ RunTime:0.0003s ]
SQL: SELECT `exp_station` FROM `mic_document_article` WHERE ( id=31 ) LIMIT 1   [ RunTime:0.0003s ]
SQL: SELECT `path` FROM `mic_picture` WHERE `id` = 40 LIMIT 1   [ RunTime:0.0002s ]
SQL: SELECT `exp_station` FROM `mic_document_article` WHERE ( id=32 ) LIMIT 1   [ RunTime:0.0003s ]
SQL: SELECT `path` FROM `mic_picture` WHERE `id` = 39 LIMIT 1   [ RunTime:0.0003s ]
SQL: SELECT `exp_station` FROM `mic_document_article` WHERE ( id=33 ) LIMIT 1   [ RunTime:0.0003s ]
SQL: SELECT `exp_station` FROM `mic_document_article` WHERE ( id=34 ) LIMIT 1   [ RunTime:0.0003s ]
SQL: SELECT `path` FROM `mic_picture` WHERE `id` = 38 LIMIT 1   [ RunTime:0.0002s ]
SQL: SELECT `exp_station` FROM `mic_document_article` WHERE ( id=35 ) LIMIT 1   [ RunTime:0.0003s ]
SQL: SELECT `path` FROM `mic_picture` WHERE `id` = 37 LIMIT 1   [ RunTime:0.0003s ]
SQL: SELECT `exp_station` FROM `mic_document_article` WHERE ( id=36 ) LIMIT 1   [ RunTime:0.0003s ]
SQL: SELECT `path` FROM `mic_picture` WHERE `id` = 36 LIMIT 1   [ RunTime:0.0003s ]
SQL: SELECT `exp_station` FROM `mic_document_article` WHERE ( id=37 ) LIMIT 1   [ RunTime:0.0003s ]
SQL: SELECT `exp_station` FROM `mic_document_article` WHERE ( id=40 ) LIMIT 1   [ RunTime:0.0002s ]
SQL: SELECT `exp_station` FROM `mic_document_article` WHERE ( id=41 ) LIMIT 1   [ RunTime:0.0061s ]
INFO: [ view_parse ] --START--
INFO: [ template_filter ] --START--
INFO: Run Behavior\ContentReplaceBehavior [ RunTime:0.000056s ]
INFO: [ template_filter ] --END-- [ RunTime:0.000103s ]
INFO: Run Behavior\ParseTemplateBehavior [ RunTime:0.062212s ]
INFO: [ view_parse ] --END-- [ RunTime:0.062263s ]
INFO: [ view_filter ] --START--
INFO: Run Behavior\WriteHtmlCacheBehavior [ RunTime:0.001397s ]
INFO: [ view_filter ] --END-- [ RunTime:0.001452s ]
INFO: [ app_end ] --START--
INFO: Run Behavior\ShowPageTraceBehavior [ RunTime:0.006235s ]
INFO: [ app_end ] --END-- [ RunTime:0.006291s ]

[ 2017-09-08T23:20:50+08:00 ] 222.171.7.67 /index.php?s=/Home/infomalessay/subpage/id/31
INFO: [ app_init ] --START--
INFO: Run Behavior\BuildLiteBehavior [ RunTime:0.000028s ]
INFO: Run Common\Behavior\InitHookBehavior [ RunTime:0.001746s ]
INFO: [ app_init ] --END-- [ RunTime:0.001923s ]
INFO: [ app_begin ] --START--
INFO: Run Behavior\ReadHtmlCacheBehavior [ RunTime:0.000198s ]
INFO: [ app_begin ] --END-- [ RunTime:0.000249s ]
SQL: SHOW COLUMNS FROM `mic_config` [ RunTime:0.0018s ]
SQL: SELECT `type`,`name`,`value` FROM `mic_config` WHERE `status` = 1  [ RunTime:0.0007s ]
SQL: SHOW COLUMNS FROM `mic_document` [ RunTime:0.0021s ]
SQL: SELECT `title`,`create_time` FROM `mic_document` WHERE ( id=31 ) LIMIT 1   [ RunTime:0.0004s ]
SQL: SHOW COLUMNS FROM `mic_document_article` [ RunTime:0.0007s ]
SQL: SELECT `content`,`author`,`keyword` FROM `mic_document_article` WHERE ( id=31 ) LIMIT 1   [ RunTime:0.0004s ]
INFO: [ view_parse ] --START--
INFO: [ template_filter ] --START--
INFO: Run Behavior\ContentReplaceBehavior [ RunTime:0.000048s ]
INFO: [ template_filter ] --END-- [ RunTime:0.000113s ]
INFO: Run Behavior\ParseTemplateBehavior [ RunTime:0.157199s ]
INFO: [ view_parse ] --END-- [ RunTime:0.157268s ]
INFO: [ view_filter ] --START--
INFO: Run Behavior\WriteHtmlCacheBehavior [ RunTime:0.000320s ]
INFO: [ view_filter ] --END-- [ RunTime:0.000362s ]
INFO: [ app_end ] --START--
INFO: Run Behavior\ShowPageTraceBehavior [ RunTime:0.000273s ]
INFO: [ app_end ] --END-- [ RunTime:0.000311s ]

[ 2017-09-08T23:25:35+08:00 ] 123.151.42.47 /
INFO: [ app_init ] --START--
INFO: Run Behavior\BuildLiteBehavior [ RunTime:0.000020s ]
INFO: Run Common\Behavior\InitHookBehavior [ RunTime:0.016971s ]
INFO: [ app_init ] --END-- [ RunTime:0.017286s ]
INFO: [ app_begin ] --START--
INFO: Run Behavior\ReadHtmlCacheBehavior [ RunTime:0.001911s ]
INFO: [ app_begin ] --END-- [ RunTime:0.001980s ]
SQL: SHOW COLUMNS FROM `mic_config` [ RunTime:0.0041s ]
SQL: SELECT `type`,`name`,`value` FROM `mic_config` WHERE `status` = 1  [ RunTime:0.0050s ]
INFO: [ view_parse ] --START--
INFO: [ template_filter ] --START--
INFO: Run Behavior\ContentReplaceBehavior [ RunTime:0.000070s ]
INFO: [ template_filter ] --END-- [ RunTime:0.000124s ]
INFO: Run Behavior\ParseTemplateBehavior [ RunTime:0.059189s ]
INFO: [ view_parse ] --END-- [ RunTime:0.059263s ]
INFO: [ view_filter ] --START--
INFO: Run Behavior\WriteHtmlCacheBehavior [ RunTime:0.000496s ]
INFO: [ view_filter ] --END-- [ RunTime:0.000540s ]
INFO: [ app_end ] --START--
INFO: Run Behavior\ShowPageTraceBehavior [ RunTime:0.000443s ]
INFO: [ app_end ] --END-- [ RunTime:0.000486s ]

[ 2017-09-08T23:25:36+08:00 ] 111.161.105.17 /
INFO: [ app_init ] --START--
INFO: Run Behavior\BuildLiteBehavior [ RunTime:0.000015s ]
INFO: Run Common\Behavior\InitHookBehavior [ RunTime:0.001406s ]
INFO: [ app_init ] --END-- [ RunTime:0.001509s ]
INFO: [ app_begin ] --START--
INFO: Run Behavior\ReadHtmlCacheBehavior [ RunTime:0.000315s ]
INFO: [ app_begin ] --END-- [ RunTime:0.000396s ]
SQL: SHOW COLUMNS FROM `mic_config` [ RunTime:0.0068s ]
SQL: SELECT `type`,`name`,`value` FROM `mic_config` WHERE `status` = 1  [ RunTime:0.0013s ]
INFO: [ view_parse ] --START--
INFO: [ template_filter ] --START--
INFO: Run Behavior\ContentReplaceBehavior [ RunTime:0.000059s ]
INFO: [ template_filter ] --END-- [ RunTime:0.000115s ]
INFO: Run Behavior\ParseTemplateBehavior [ RunTime:0.027683s ]
INFO: [ view_parse ] --END-- [ RunTime:0.027737s ]
INFO: [ view_filter ] --START--
INFO: Run Behavior\WriteHtmlCacheBehavior [ RunTime:0.000341s ]
INFO: [ view_filter ] --END-- [ RunTime:0.000383s ]
INFO: [ app_end ] --START--
INFO: Run Behavior\ShowPageTraceBehavior [ RunTime:0.000295s ]
INFO: [ app_end ] --END-- [ RunTime:0.000333s ]

[ 2017-09-08T23:25:37+08:00 ] 111.30.131.199 /
INFO: [ app_init ] --START--
INFO: Run Behavior\BuildLiteBehavior [ RunTime:0.000014s ]
INFO: Run Common\Behavior\InitHookBehavior [ RunTime:0.001658s ]
INFO: [ app_init ] --END-- [ RunTime:0.001764s ]
INFO: [ app_begin ] --START--
INFO: Run Behavior\ReadHtmlCacheBehavior [ RunTime:0.000253s ]
INFO: [ app_begin ] --END-- [ RunTime:0.000342s ]
SQL: SHOW COLUMNS FROM `mic_config` [ RunTime:0.0011s ]
SQL: SELECT `type`,`name`,`value` FROM `mic_config` WHERE `status` = 1  [ RunTime:0.0006s ]
INFO: [ view_parse ] --START--
INFO: [ template_filter ] --START--
INFO: Run Behavior\ContentReplaceBehavior [ RunTime:0.000059s ]
INFO: [ template_filter ] --END-- [ RunTime:0.000102s ]
INFO: Run Behavior\ParseTemplateBehavior [ RunTime:0.030810s ]
INFO: [ view_parse ] --END-- [ RunTime:0.030868s ]
INFO: [ view_filter ] --START--
INFO: Run Behavior\WriteHtmlCacheBehavior [ RunTime:0.000278s ]
INFO: [ view_filter ] --END-- [ RunTime:0.000317s ]
INFO: [ app_end ] --START--
INFO: Run Behavior\ShowPageTraceBehavior [ RunTime:0.000311s ]
INFO: [ app_end ] --END-- [ RunTime:0.000353s ]

[ 2017-09-08T23:25:53+08:00 ] 123.151.42.47 /index.php?s=/Home/infomalessay/jottings
INFO: [ app_init ] --START--
INFO: Run Behavior\BuildLiteBehavior [ RunTime:0.000017s ]
INFO: Run Common\Behavior\InitHookBehavior [ RunTime:0.012303s ]
INFO: [ app_init ] --END-- [ RunTime:0.012425s ]
INFO: [ app_begin ] --START--
INFO: Run Behavior\ReadHtmlCacheBehavior [ RunTime:0.000227s ]
INFO: [ app_begin ] --END-- [ RunTime:0.000276s ]
SQL: SHOW COLUMNS FROM `mic_config` [ RunTime:0.0009s ]
SQL: SELECT `type`,`name`,`value` FROM `mic_config` WHERE `status` = 1  [ RunTime:0.0008s ]
SQL: SHOW COLUMNS FROM `mic_document` [ RunTime:0.0020s ]
SQL: SELECT `id`,`title`,`cover_id`,`create_time` FROM `mic_document` WHERE ( status!=-1 )  [ RunTime:0.0022s ]
SQL: SHOW COLUMNS FROM `mic_document_article` [ RunTime:0.0021s ]
SQL: SELECT `exp_station` FROM `mic_document_article` WHERE ( id=39 ) LIMIT 1   [ RunTime:0.0004s ]
SQL: SELECT `exp_station` FROM `mic_document_article` WHERE ( id=25 ) LIMIT 1   [ RunTime:0.0003s ]
SQL: SHOW COLUMNS FROM `mic_picture` [ RunTime:0.0119s ]
SQL: SELECT `path` FROM `mic_picture` WHERE `id` = 44 LIMIT 1   [ RunTime:0.0003s ]
SQL: SELECT `exp_station` FROM `mic_document_article` WHERE ( id=38 ) LIMIT 1   [ RunTime:0.0003s ]
SQL: SELECT `exp_station` FROM `mic_document_article` WHERE ( id=28 ) LIMIT 1   [ RunTime:0.0003s ]
SQL: SELECT `path` FROM `mic_picture` WHERE `id` = 47 LIMIT 1   [ RunTime:0.0003s ]
SQL: SELECT `exp_station` FROM `mic_document_article` WHERE ( id=30 ) LIMIT 1   [ RunTime:0.0003s ]
SQL: SELECT `path` FROM `mic_picture` WHERE `id` = 41 LIMIT 1   [ RunTime:0.0003s ]
SQL: SELECT `exp_station` FROM `mic_document_article` WHERE ( id=31 ) LIMIT 1   [ RunTime:0.0003s ]
SQL: SELECT `path` FROM `mic_picture` WHERE `id` = 40 LIMIT 1   [ RunTime:0.0003s ]
SQL: SELECT `exp_station` FROM `mic_document_article` WHERE ( id=32 ) LIMIT 1   [ RunTime:0.0003s ]
SQL: SELECT `path` FROM `mic_picture` WHERE `id` = 39 LIMIT 1   [ RunTime:0.0003s ]
SQL: SELECT `exp_station` FROM `mic_document_article` WHERE ( id=33 ) LIMIT 1   [ RunTime:0.0003s ]
SQL: SELECT `exp_station` FROM `mic_document_article` WHERE ( id=34 ) LIMIT 1   [ RunTime:0.0003s ]
SQL: SELECT `path` FROM `mic_picture` WHERE `id` = 38 LIMIT 1   [ RunTime:0.0003s ]
SQL: SELECT `exp_station` FROM `mic_document_article` WHERE ( id=35 ) LIMIT 1   [ RunTime:0.0003s ]
SQL: SELECT `path` FROM `mic_picture` WHERE `id` = 37 LIMIT 1   [ RunTime:0.0003s ]
SQL: SELECT `exp_station` FROM `mic_document_article` WHERE ( id=36 ) LIMIT 1   [ RunTime:0.0003s ]
SQL: SELECT `path` FROM `mic_picture` WHERE `id` = 36 LIMIT 1   [ RunTime:0.0003s ]
SQL: SELECT `exp_station` FROM `mic_document_article` WHERE ( id=37 ) LIMIT 1   [ RunTime:0.0003s ]
SQL: SELECT `exp_station` FROM `mic_document_article` WHERE ( id=40 ) LIMIT 1   [ RunTime:0.0003s ]
SQL: SELECT `exp_station` FROM `mic_document_article` WHERE ( id=41 ) LIMIT 1   [ RunTime:0.0004s ]
INFO: [ view_parse ] --START--
INFO: [ template_filter ] --START--
INFO: Run Behavior\ContentReplaceBehavior [ RunTime:0.000065s ]
INFO: [ template_filter ] --END-- [ RunTime:0.000114s ]
INFO: Run Behavior\ParseTemplateBehavior [ RunTime:0.039279s ]
INFO: [ view_parse ] --END-- [ RunTime:0.039343s ]
INFO: [ view_filter ] --START--
INFO: Run Behavior\WriteHtmlCacheBehavior [ RunTime:0.001206s ]
INFO: [ view_filter ] --END-- [ RunTime:0.001247s ]
INFO: [ app_end ] --START--
INFO: Run Behavior\ShowPageTraceBehavior [ RunTime:0.000328s ]
INFO: [ app_end ] --END-- [ RunTime:0.000370s ]

[ 2017-09-08T23:26:03+08:00 ] 123.151.42.47 /index.php?s=/Home/Experience
INFO: [ app_init ] --START--
INFO: Run Behavior\BuildLiteBehavior [ RunTime:0.000019s ]
INFO: Run Common\Behavior\InitHookBehavior [ RunTime:0.002135s ]
INFO: [ app_init ] --END-- [ RunTime:0.002408s ]
INFO: [ app_begin ] --START--
INFO: Run Behavior\ReadHtmlCacheBehavior [ RunTime:0.000360s ]
INFO: [ app_begin ] --END-- [ RunTime:0.000422s ]
SQL: SHOW COLUMNS FROM `mic_config` [ RunTime:0.0016s ]
SQL: SELECT `type`,`name`,`value` FROM `mic_config` WHERE `status` = 1  [ RunTime:0.0006s ]
INFO: [ view_parse ] --START--
INFO: [ template_filter ] --START--
INFO: Run Behavior\ContentReplaceBehavior [ RunTime:0.000090s ]
INFO: [ template_filter ] --END-- [ RunTime:0.000140s ]
INFO: Run Behavior\ParseTemplateBehavior [ RunTime:0.034719s ]
INFO: [ view_parse ] --END-- [ RunTime:0.034805s ]
INFO: [ view_filter ] --START--
INFO: Run Behavior\WriteHtmlCacheBehavior [ RunTime:0.000468s ]
INFO: [ view_filter ] --END-- [ RunTime:0.000512s ]
INFO: [ app_end ] --START--
INFO: Run Behavior\ShowPageTraceBehavior [ RunTime:0.000501s ]
INFO: [ app_end ] --END-- [ RunTime:0.000567s ]

[ 2017-09-08T23:26:04+08:00 ] 117.185.27.115 /index.php?s=/Home/infomalessay/jottings
INFO: [ app_init ] --START--
INFO: Run Behavior\BuildLiteBehavior [ RunTime:0.000014s ]
INFO: Run Common\Behavior\InitHookBehavior [ RunTime:0.009035s ]
INFO: [ app_init ] --END-- [ RunTime:0.009200s ]
INFO: [ app_begin ] --START--
INFO: Run Behavior\ReadHtmlCacheBehavior [ RunTime:0.000206s ]
INFO: [ app_begin ] --END-- [ RunTime:0.000253s ]
SQL: SHOW COLUMNS FROM `mic_config` [ RunTime:0.0027s ]
SQL: SELECT `type`,`name`,`value` FROM `mic_config` WHERE `status` = 1  [ RunTime:0.0018s ]
SQL: SHOW COLUMNS FROM `mic_document` [ RunTime:0.0033s ]
SQL: SELECT `id`,`title`,`cover_id`,`create_time` FROM `mic_document` WHERE ( status!=-1 )  [ RunTime:0.0020s ]
SQL: SHOW COLUMNS FROM `mic_document_article` [ RunTime:0.0053s ]
SQL: SELECT `exp_station` FROM `mic_document_article` WHERE ( id=39 ) LIMIT 1   [ RunTime:0.0004s ]
SQL: SELECT `exp_station` FROM `mic_document_article` WHERE ( id=25 ) LIMIT 1   [ RunTime:0.0003s ]
SQL: SHOW COLUMNS FROM `mic_picture` [ RunTime:0.0074s ]
SQL: SELECT `path` FROM `mic_picture` WHERE `id` = 44 LIMIT 1   [ RunTime:0.0003s ]
SQL: SELECT `exp_station` FROM `mic_document_article` WHERE ( id=38 ) LIMIT 1   [ RunTime:0.0003s ]
SQL: SELECT `exp_station` FROM `mic_document_article` WHERE ( id=28 ) LIMIT 1   [ RunTime:0.0003s ]
SQL: SELECT `path` FROM `mic_picture` WHERE `id` = 47 LIMIT 1   [ RunTime:0.0003s ]
SQL: SELECT `exp_station` FROM `mic_document_article` WHERE ( id=30 ) LIMIT 1   [ RunTime:0.0003s ]
SQL: SELECT `path` FROM `mic_picture` WHERE `id` = 41 LIMIT 1   [ RunTime:0.0003s ]
SQL: SELECT `exp_station` FROM `mic_document_article` WHERE ( id=31 ) LIMIT 1   [ RunTime:0.0003s ]
SQL: SELECT `path` FROM `mic_picture` WHERE `id` = 40 LIMIT 1   [ RunTime:0.0003s ]
SQL: SELECT `exp_station` FROM `mic_document_article` WHERE ( id=32 ) LIMIT 1   [ RunTime:0.0003s ]
SQL: SELECT `path` FROM `mic_picture` WHERE `id` = 39 LIMIT 1   [ RunTime:0.0003s ]
SQL: SELECT `exp_station` FROM `mic_document_article` WHERE ( id=33 ) LIMIT 1   [ RunTime:0.0003s ]
SQL: SELECT `exp_station` FROM `mic_document_article` WHERE ( id=34 ) LIMIT 1   [ RunTime:0.0003s ]
SQL: SELECT `path` FROM `mic_picture` WHERE `id` = 38 LIMIT 1   [ RunTime:0.0003s ]
SQL: SELECT `exp_station` FROM `mic_document_article` WHERE ( id=35 ) LIMIT 1   [ RunTime:0.0003s ]
SQL: SELECT `path` FROM `mic_picture` WHERE `id` = 37 LIMIT 1   [ RunTime:0.0003s ]
SQL: SELECT `exp_station` FROM `mic_document_article` WHERE ( id=36 ) LIMIT 1   [ RunTime:0.0003s ]
SQL: SELECT `path` FROM `mic_picture` WHERE `id` = 36 LIMIT 1   [ RunTime:0.0003s ]
SQL: SELECT `exp_station` FROM `mic_document_article` WHERE ( id=37 ) LIMIT 1   [ RunTime:0.0003s ]
SQL: SELECT `exp_station` FROM `mic_document_article` WHERE ( id=40 ) LIMIT 1   [ RunTime:0.0003s ]
SQL: SELECT `exp_station` FROM `mic_document_article` WHERE ( id=41 ) LIMIT 1   [ RunTime:0.0005s ]
INFO: [ view_parse ] --START--
INFO: [ template_filter ] --START--
INFO: Run Behavior\ContentReplaceBehavior [ RunTime:0.000052s ]
INFO: [ template_filter ] --END-- [ RunTime:0.000097s ]
INFO: Run Behavior\ParseTemplateBehavior [ RunTime:0.038122s ]
INFO: [ view_parse ] --END-- [ RunTime:0.038178s ]
INFO: [ view_filter ] --START--
INFO: Run Behavior\WriteHtmlCacheBehavior [ RunTime:0.002028s ]
INFO: [ view_filter ] --END-- [ RunTime:0.002106s ]
INFO: [ app_end ] --START--
INFO: Run Behavior\ShowPageTraceBehavior [ RunTime:0.000385s ]
INFO: [ app_end ] --END-- [ RunTime:0.000447s ]

[ 2017-09-08T23:26:07+08:00 ] 123.151.42.47 /index.php?s=/Home/personal
INFO: [ app_init ] --START--
INFO: Run Behavior\BuildLiteBehavior [ RunTime:0.000016s ]
INFO: Run Common\Behavior\InitHookBehavior [ RunTime:0.008126s ]
INFO: [ app_init ] --END-- [ RunTime:0.008283s ]
INFO: [ app_begin ] --START--
INFO: Run Behavior\ReadHtmlCacheBehavior [ RunTime:0.000167s ]
INFO: [ app_begin ] --END-- [ RunTime:0.000215s ]
SQL: SHOW COLUMNS FROM `mic_config` [ RunTime:0.0009s ]
SQL: SELECT `type`,`name`,`value` FROM `mic_config` WHERE `status` = 1  [ RunTime:0.0005s ]
SQL: SHOW COLUMNS FROM `mic_partner` [ RunTime:0.0025s ]
SQL: SELECT * FROM `mic_partner`  [ RunTime:0.0007s ]
SQL: SHOW COLUMNS FROM `mic_picture` [ RunTime:0.0006s ]
SQL: SELECT `path` FROM `mic_picture` WHERE `id` = 54  [ RunTime:0.0019s ]
SQL: SELECT `path` FROM `mic_picture` WHERE `id` = 55  [ RunTime:0.0003s ]
SQL: SELECT `path` FROM `mic_picture` WHERE `id` = 48  [ RunTime:0.0003s ]
SQL: SELECT `path` FROM `mic_picture` WHERE `id` = 49  [ RunTime:0.0003s ]
SQL: SELECT `path` FROM `mic_picture` WHERE `id` = 50  [ RunTime:0.0003s ]
SQL: SELECT `path` FROM `mic_picture` WHERE `id` = 51  [ RunTime:0.0003s ]
SQL: SELECT `path` FROM `mic_picture` WHERE `id` = 52  [ RunTime:0.0003s ]
SQL: SELECT `path` FROM `mic_picture` WHERE `id` = 53  [ RunTime:0.0003s ]
SQL: SELECT `path` FROM `mic_picture` WHERE `id` = 31  [ RunTime:0.0003s ]
SQL: SELECT `path` FROM `mic_picture` WHERE `id` = 32  [ RunTime:0.0003s ]
SQL: SELECT `path` FROM `mic_picture` WHERE `id` = 97  [ RunTime:0.0002s ]
SQL: SELECT `path` FROM `mic_picture` WHERE `id` = 99  [ RunTime:0.0003s ]
SQL: SELECT `path` FROM `mic_picture` WHERE `id` = 42  [ RunTime:0.0003s ]
SQL: SELECT `path` FROM `mic_picture` WHERE `id` = 43  [ RunTime:0.0061s ]
SQL: SELECT `path` FROM `mic_picture` WHERE `id` = 45  [ RunTime:0.0003s ]
SQL: SELECT `path` FROM `mic_picture` WHERE `id` = 46  [ RunTime:0.0003s ]
SQL: SELECT `path` FROM `mic_picture` WHERE `id` = 56  [ RunTime:0.0003s ]
SQL: SELECT `path` FROM `mic_picture` WHERE `id` = 57  [ RunTime:0.0003s ]
SQL: SELECT `path` FROM `mic_picture` WHERE `id` = 58  [ RunTime:0.0003s ]
SQL: SELECT `path` FROM `mic_picture` WHERE `id` = 59  [ RunTime:0.0003s ]
SQL: SELECT `path` FROM `mic_picture` WHERE `id` = 60  [ RunTime:0.0003s ]
SQL: SELECT `path` FROM `mic_picture` WHERE `id` = 61  [ RunTime:0.0003s ]
SQL: SELECT `path` FROM `mic_picture` WHERE `id` = 0  [ RunTime:0.0003s ]
SQL: SELECT `path` FROM `mic_picture` WHERE `id` = 0  [ RunTime:0.0002s ]
SQL: SELECT `path` FROM `mic_picture` WHERE `id` = 0  [ RunTime:0.0061s ]
SQL: SELECT `path` FROM `mic_picture` WHERE `id` = 0  [ RunTime:0.0002s ]
SQL: SELECT `path` FROM `mic_picture` WHERE `id` = 12  [ RunTime:0.0003s ]
SQL: SELECT `path` FROM `mic_picture` WHERE `id` = 63  [ RunTime:0.0006s ]
SQL: SELECT `path` FROM `mic_picture` WHERE `id` = 13  [ RunTime:0.0003s ]
SQL: SELECT `path` FROM `mic_picture` WHERE `id` = 64  [ RunTime:0.0003s ]
SQL: SELECT `path` FROM `mic_picture` WHERE `id` = 0  [ RunTime:0.0003s ]
SQL: SELECT `path` FROM `mic_picture` WHERE `id` = 0  [ RunTime:0.0002s ]
SQL: SELECT `path` FROM `mic_picture` WHERE `id` = 65  [ RunTime:0.0003s ]
SQL: SELECT `path` FROM `mic_picture` WHERE `id` = 66  [ RunTime:0.0003s ]
SQL: SELECT `path` FROM `mic_picture` WHERE `id` = 68  [ RunTime:0.0003s ]
SQL: SELECT `path` FROM `mic_picture` WHERE `id` = 69  [ RunTime:0.0004s ]
SQL: SELECT `path` FROM `mic_picture` WHERE `id` = 71  [ RunTime:0.0014s ]
SQL: SELECT `path` FROM `mic_picture` WHERE `id` = 70  [ RunTime:0.0003s ]
SQL: SELECT `path` FROM `mic_picture` WHERE `id` = 72  [ RunTime:0.0003s ]
SQL: SELECT `path` FROM `mic_picture` WHERE `id` = 73  [ RunTime:0.0003s ]
SQL: SELECT `path` FROM `mic_picture` WHERE `id` = 0  [ RunTime:0.0002s ]
SQL: SELECT `path` FROM `mic_picture` WHERE `id` = 0  [ RunTime:0.0002s ]
SQL: SELECT `path` FROM `mic_picture` WHERE `id` = 75  [ RunTime:0.0003s ]
SQL: SELECT `path` FROM `mic_picture` WHERE `id` = 74  [ RunTime:0.0002s ]
SQL: SELECT `path` FROM `mic_picture` WHERE `id` = 76  [ RunTime:0.0002s ]
SQL: SELECT `path` FROM `mic_picture` WHERE `id` = 77  [ RunTime:0.0061s ]
SQL: SELECT `path` FROM `mic_picture` WHERE `id` = 79  [ RunTime:0.0003s ]
SQL: SELECT `path` FROM `mic_picture` WHERE `id` = 78  [ RunTime:0.0003s ]
SQL: SELECT `path` FROM `mic_picture` WHERE `id` = 0  [ RunTime:0.0002s ]
SQL: SELECT `path` FROM `mic_picture` WHERE `id` = 0  [ RunTime:0.0002s ]
SQL: SELECT `path` FROM `mic_picture` WHERE `id` = 14  [ RunTime:0.0003s ]
SQL: SELECT `path` FROM `mic_picture` WHERE `id` = 80  [ RunTime:0.0003s ]
SQL: SELECT `path` FROM `mic_picture` WHERE `id` = 0  [ RunTime:0.0003s ]
SQL: SELECT `path` FROM `mic_picture` WHERE `id` = 81  [ RunTime:0.0003s ]
SQL: SELECT `path` FROM `mic_picture` WHERE `id` = 11  [ RunTime:0.0003s ]
SQL: SELECT `path` FROM `mic_picture` WHERE `id` = 83  [ RunTime:0.0002s ]
SQL: SELECT `path` FROM `mic_picture` WHERE `id` = 0  [ RunTime:0.0003s ]
SQL: SELECT `path` FROM `mic_picture` WHERE `id` = 0  [ RunTime:0.0002s ]
SQL: SELECT `path` FROM `mic_picture` WHERE `id` = 0  [ RunTime:0.0002s ]
SQL: SELECT `path` FROM `mic_picture` WHERE `id` = 0  [ RunTime:0.0002s ]
SQL: SELECT `path` FROM `mic_picture` WHERE `id` = 86  [ RunTime:0.0003s ]
SQL: SELECT `path` FROM `mic_picture` WHERE `id` = 85  [ RunTime:0.0002s ]
SQL: SELECT `path` FROM `mic_picture` WHERE `id` = 0  [ RunTime:0.0003s ]
SQL: SELECT `path` FROM `mic_picture` WHERE `id` = 0  [ RunTime:0.0002s ]
SQL: SELECT `path` FROM `mic_picture` WHERE `id` = 0  [ RunTime:0.0002s ]
SQL: SELECT `path` FROM `mic_picture` WHERE `id` = 0  [ RunTime:0.0003s ]
SQL: SELECT `path` FROM `mic_picture` WHERE `id` = 0  [ RunTime:0.0003s ]
SQL: SELECT `path` FROM `mic_picture` WHERE `id` = 0  [ RunTime:0.0002s ]
SQL: SELECT `path` FROM `mic_picture` WHERE `id` = 87  [ RunTime:0.0003s ]
SQL: SELECT `path` FROM `mic_picture` WHERE `id` = 88  [ RunTime:0.0003s ]
SQL: SELECT `path` FROM `mic_picture` WHERE `id` = 90  [ RunTime:0.0003s ]
SQL: SELECT `path` FROM `mic_picture` WHERE `id` = 89  [ RunTime:0.0003s ]
SQL: SELECT `path` FROM `mic_picture` WHERE `id` = 91  [ RunTime:0.0003s ]
SQL: SELECT `path` FROM `mic_picture` WHERE `id` = 92  [ RunTime:0.0003s ]
SQL: SELECT `path` FROM `mic_picture` WHERE `id` = 0  [ RunTime:0.0002s ]
SQL: SELECT `path` FROM `mic_picture` WHERE `id` = 0  [ RunTime:0.0002s ]
SQL: SELECT `path` FROM `mic_picture` WHERE `id` = 0  [ RunTime:0.0003s ]
SQL: SELECT `path` FROM `mic_picture` WHERE `id` = 0  [ RunTime:0.0003s ]
SQL: SELECT `path` FROM `mic_picture` WHERE `id` = 0  [ RunTime:0.0003s ]
SQL: SELECT `path` FROM `mic_picture` WHERE `id` = 0  [ RunTime:0.0003s ]
SQL: SELECT `path` FROM `mic_picture` WHERE `id` = 95  [ RunTime:0.0003s ]
SQL: SELECT `path` FROM `mic_picture` WHERE `id` = 94  [ RunTime:0.0003s ]
INFO: [ view_parse ] --START--
INFO: [ template_filter ] --START--
INFO: Run Behavior\ContentReplaceBehavior [ RunTime:0.000091s ]
INFO: [ template_filter ] --END-- [ RunTime:0.000161s ]
INFO: Run Behavior\ParseTemplateBehavior [ RunTime:0.053833s ]
INFO: [ view_parse ] --END-- [ RunTime:0.053892s ]
INFO: [ view_filter ] --START--
INFO: Run Behavior\WriteHtmlCacheBehavior [ RunTime:0.000356s ]
INFO: [ view_filter ] --END-- [ RunTime:0.000409s ]
INFO: [ app_end ] --START--
INFO: Run Behavior\ShowPageTraceBehavior [ RunTime:0.000308s ]
INFO: [ app_end ] --END-- [ RunTime:0.000365s ]

[ 2017-09-08T23:26:11+08:00 ] 123.151.42.47 /index.php?s=/Home/Index
INFO: [ app_init ] --START--
INFO: Run Behavior\BuildLiteBehavior [ RunTime:0.000017s ]
INFO: Run Common\Behavior\InitHookBehavior [ RunTime:0.001534s ]
INFO: [ app_init ] --END-- [ RunTime:0.001675s ]
INFO: [ app_begin ] --START--
INFO: Run Behavior\ReadHtmlCacheBehavior [ RunTime:0.000231s ]
INFO: [ app_begin ] --END-- [ RunTime:0.000297s ]
SQL: SHOW COLUMNS FROM `mic_config` [ RunTime:0.0014s ]
SQL: SELECT `type`,`name`,`value` FROM `mic_config` WHERE `status` = 1  [ RunTime:0.0023s ]
INFO: [ view_parse ] --START--
INFO: [ template_filter ] --START--
INFO: Run Behavior\ContentReplaceBehavior [ RunTime:0.000068s ]
INFO: [ template_filter ] --END-- [ RunTime:0.000135s ]
INFO: Run Behavior\ParseTemplateBehavior [ RunTime:0.048492s ]
INFO: [ view_parse ] --END-- [ RunTime:0.048555s ]
INFO: [ view_filter ] --START--
INFO: Run Behavior\WriteHtmlCacheBehavior [ RunTime:0.000343s ]
INFO: [ view_filter ] --END-- [ RunTime:0.000384s ]
INFO: [ app_end ] --START--
INFO: Run Behavior\ShowPageTraceBehavior [ RunTime:0.000323s ]
INFO: [ app_end ] --END-- [ RunTime:0.000365s ]

[ 2017-09-08T23:26:14+08:00 ] 222.171.7.67 /index.php?s=/Home/Index
INFO: [ app_init ] --START--
INFO: Run Behavior\BuildLiteBehavior [ RunTime:0.000015s ]
INFO: Run Common\Behavior\InitHookBehavior [ RunTime:0.004210s ]
INFO: [ app_init ] --END-- [ RunTime:0.004328s ]
INFO: [ app_begin ] --START--
INFO: Run Behavior\ReadHtmlCacheBehavior [ RunTime:0.000199s ]
INFO: [ app_begin ] --END-- [ RunTime:0.000265s ]
SQL: SHOW COLUMNS FROM `mic_config` [ RunTime:0.0019s ]
SQL: SELECT `type`,`name`,`value` FROM `mic_config` WHERE `status` = 1  [ RunTime:0.0006s ]
INFO: [ view_parse ] --START--
INFO: [ template_filter ] --START--
INFO: Run Behavior\ContentReplaceBehavior [ RunTime:0.000057s ]
INFO: [ template_filter ] --END-- [ RunTime:0.000114s ]
INFO: Run Behavior\ParseTemplateBehavior [ RunTime:0.033153s ]
INFO: [ view_parse ] --END-- [ RunTime:0.033203s ]
INFO: [ view_filter ] --START--
INFO: Run Behavior\WriteHtmlCacheBehavior [ RunTime:0.001153s ]
INFO: [ view_filter ] --END-- [ RunTime:0.001231s ]
INFO: [ app_end ] --START--
INFO: Run Behavior\ShowPageTraceBehavior [ RunTime:0.000351s ]
INFO: [ app_end ] --END-- [ RunTime:0.000401s ]

[ 2017-09-08T23:26:14+08:00 ] 222.171.7.67 /index.php?s=/Home/Index
INFO: [ app_init ] --START--
INFO: Run Behavior\BuildLiteBehavior [ RunTime:0.000017s ]
INFO: Run Common\Behavior\InitHookBehavior [ RunTime:0.009783s ]
INFO: [ app_init ] --END-- [ RunTime:0.009965s ]
INFO: [ app_begin ] --START--
INFO: Run Behavior\ReadHtmlCacheBehavior [ RunTime:0.000213s ]
INFO: [ app_begin ] --END-- [ RunTime:0.000265s ]
SQL: SHOW COLUMNS FROM `mic_config` [ RunTime:0.0018s ]
SQL: SELECT `type`,`name`,`value` FROM `mic_config` WHERE `status` = 1  [ RunTime:0.0008s ]
INFO: [ view_parse ] --START--
INFO: [ template_filter ] --START--
INFO: Run Behavior\ContentReplaceBehavior [ RunTime:0.000068s ]
INFO: [ template_filter ] --END-- [ RunTime:0.000142s ]
INFO: Run Behavior\ParseTemplateBehavior [ RunTime:0.055046s ]
INFO: [ view_parse ] --END-- [ RunTime:0.055107s ]
INFO: [ view_filter ] --START--
INFO: Run Behavior\WriteHtmlCacheBehavior [ RunTime:0.000350s ]
INFO: [ view_filter ] --END-- [ RunTime:0.006164s ]
INFO: [ app_end ] --START--
INFO: Run Behavior\ShowPageTraceBehavior [ RunTime:0.000408s ]
INFO: [ app_end ] --END-- [ RunTime:0.000452s ]

[ 2017-09-08T23:26:14+08:00 ] 222.171.7.67 /index.php?s=/Home/Index
INFO: [ app_init ] --START--
INFO: Run Behavior\BuildLiteBehavior [ RunTime:0.000018s ]
INFO: Run Common\Behavior\InitHookBehavior [ RunTime:0.021329s ]
INFO: [ app_init ] --END-- [ RunTime:0.021478s ]
INFO: [ app_begin ] --START--
INFO: Run Behavior\ReadHtmlCacheBehavior [ RunTime:0.000496s ]
INFO: [ app_begin ] --END-- [ RunTime:0.000565s ]
SQL: SHOW COLUMNS FROM `mic_config` [ RunTime:0.0040s ]
SQL: SELECT `type`,`name`,`value` FROM `mic_config` WHERE `status` = 1  [ RunTime:0.0008s ]
INFO: [ view_parse ] --START--
INFO: [ template_filter ] --START--
INFO: Run Behavior\ContentReplaceBehavior [ RunTime:0.000071s ]
INFO: [ template_filter ] --END-- [ RunTime:0.000136s ]
INFO: Run Behavior\ParseTemplateBehavior [ RunTime:0.040319s ]
INFO: [ view_parse ] --END-- [ RunTime:0.040390s ]
INFO: [ view_filter ] --START--
INFO: Run Behavior\WriteHtmlCacheBehavior [ RunTime:0.000333s ]
INFO: [ view_filter ] --END-- [ RunTime:0.000376s ]
INFO: [ app_end ] --START--
INFO: Run Behavior\ShowPageTraceBehavior [ RunTime:0.000325s ]
INFO: [ app_end ] --END-- [ RunTime:0.000368s ]

[ 2017-09-08T23:27:28+08:00 ] 222.171.7.67 /
INFO: [ app_init ] --START--
INFO: Run Behavior\BuildLiteBehavior [ RunTime:0.000019s ]
INFO: Run Common\Behavior\InitHookBehavior [ RunTime:0.014470s ]
INFO: [ app_init ] --END-- [ RunTime:0.015930s ]
INFO: [ app_begin ] --START--
INFO: Run Behavior\ReadHtmlCacheBehavior [ RunTime:0.001529s ]
INFO: [ app_begin ] --END-- [ RunTime:0.001582s ]
SQL: SHOW COLUMNS FROM `mic_config` [ RunTime:0.0009s ]
SQL: SELECT `type`,`name`,`value` FROM `mic_config` WHERE `status` = 1  [ RunTime:0.0006s ]
INFO: [ view_parse ] --START--
INFO: [ template_filter ] --START--
INFO: Run Behavior\ContentReplaceBehavior [ RunTime:0.000061s ]
INFO: [ template_filter ] --END-- [ RunTime:0.000145s ]
INFO: Run Behavior\ParseTemplateBehavior [ RunTime:0.030709s ]
INFO: [ view_parse ] --END-- [ RunTime:0.030767s ]
INFO: [ view_filter ] --START--
INFO: Run Behavior\WriteHtmlCacheBehavior [ RunTime:0.001764s ]
INFO: [ view_filter ] --END-- [ RunTime:0.001809s ]
INFO: [ app_end ] --START--
INFO: Run Behavior\ShowPageTraceBehavior [ RunTime:0.001161s ]
INFO: [ app_end ] --END-- [ RunTime:0.001207s ]

[ 2017-09-08T23:27:31+08:00 ] 222.171.7.67 /index.php?s=/Home/Personal
INFO: [ app_init ] --START--
INFO: Run Behavior\BuildLiteBehavior [ RunTime:0.000016s ]
INFO: Run Common\Behavior\InitHookBehavior [ RunTime:0.010314s ]
INFO: [ app_init ] --END-- [ RunTime:0.010445s ]
INFO: [ app_begin ] --START--
INFO: Run Behavior\ReadHtmlCacheBehavior [ RunTime:0.000180s ]
INFO: [ app_begin ] --END-- [ RunTime:0.000234s ]
SQL: SHOW COLUMNS FROM `mic_config` [ RunTime:0.0009s ]
SQL: SELECT `type`,`name`,`value` FROM `mic_config` WHERE `status` = 1  [ RunTime:0.0021s ]
SQL: SHOW COLUMNS FROM `mic_partner` [ RunTime:0.0008s ]
SQL: SELECT * FROM `mic_partner`  [ RunTime:0.0007s ]
SQL: SHOW COLUMNS FROM `mic_picture` [ RunTime:0.0006s ]
SQL: SELECT `path` FROM `mic_picture` WHERE `id` = 54  [ RunTime:0.0003s ]
SQL: SELECT `path` FROM `mic_picture` WHERE `id` = 55  [ RunTime:0.0003s ]
SQL: SELECT `path` FROM `mic_picture` WHERE `id` = 48  [ RunTime:0.0003s ]
SQL: SELECT `path` FROM `mic_picture` WHERE `id` = 49  [ RunTime:0.0003s ]
SQL: SELECT `path` FROM `mic_picture` WHERE `id` = 50  [ RunTime:0.0003s ]
SQL: SELECT `path` FROM `mic_picture` WHERE `id` = 51  [ RunTime:0.0003s ]
SQL: SELECT `path` FROM `mic_picture` WHERE `id` = 52  [ RunTime:0.0003s ]
SQL: SELECT `path` FROM `mic_picture` WHERE `id` = 53  [ RunTime:0.0003s ]
SQL: SELECT `path` FROM `mic_picture` WHERE `id` = 31  [ RunTime:0.0003s ]
SQL: SELECT `path` FROM `mic_picture` WHERE `id` = 32  [ RunTime:0.0003s ]
SQL: SELECT `path` FROM `mic_picture` WHERE `id` = 97  [ RunTime:0.0003s ]
SQL: SELECT `path` FROM `mic_picture` WHERE `id` = 99  [ RunTime:0.0003s ]
SQL: SELECT `path` FROM `mic_picture` WHERE `id` = 42  [ RunTime:0.0003s ]
SQL: SELECT `path` FROM `mic_picture` WHERE `id` = 43  [ RunTime:0.0003s ]
SQL: SELECT `path` FROM `mic_picture` WHERE `id` = 45  [ RunTime:0.0061s ]
SQL: SELECT `path` FROM `mic_picture` WHERE `id` = 46  [ RunTime:0.0003s ]
SQL: SELECT `path` FROM `mic_picture` WHERE `id` = 56  [ RunTime:0.0003s ]
SQL: SELECT `path` FROM `mic_picture` WHERE `id` = 57  [ RunTime:0.0003s ]
SQL: SELECT `path` FROM `mic_picture` WHERE `id` = 58  [ RunTime:0.0003s ]
SQL: SELECT `path` FROM `mic_picture` WHERE `id` = 59  [ RunTime:0.0002s ]
SQL: SELECT `path` FROM `mic_picture` WHERE `id` = 60  [ RunTime:0.0003s ]
SQL: SELECT `path` FROM `mic_picture` WHERE `id` = 61  [ RunTime:0.0003s ]
SQL: SELECT `path` FROM `mic_picture` WHERE `id` = 0  [ RunTime:0.0002s ]
SQL: SELECT `path` FROM `mic_picture` WHERE `id` = 0  [ RunTime:0.0002s ]
SQL: SELECT `path` FROM `mic_picture` WHERE `id` = 0  [ RunTime:0.0002s ]
SQL: SELECT `path` FROM `mic_picture` WHERE `id` = 0  [ RunTime:0.0060s ]
SQL: SELECT `path` FROM `mic_picture` WHERE `id` = 12  [ RunTime:0.0003s ]
SQL: SELECT `path` FROM `mic_picture` WHERE `id` = 63  [ RunTime:0.0003s ]
SQL: SELECT `path` FROM `mic_picture` WHERE `id` = 13  [ RunTime:0.0003s ]
SQL: SELECT `path` FROM `mic_picture` WHERE `id` = 64  [ RunTime:0.0003s ]
SQL: SELECT `path` FROM `mic_picture` WHERE `id` = 0  [ RunTime:0.0003s ]
SQL: SELECT `path` FROM `mic_picture` WHERE `id` = 0  [ RunTime:0.0002s ]
SQL: SELECT `path` FROM `mic_picture` WHERE `id` = 65  [ RunTime:0.0003s ]
SQL: SELECT `path` FROM `mic_picture` WHERE `id` = 66  [ RunTime:0.0003s ]
SQL: SELECT `path` FROM `mic_picture` WHERE `id` = 68  [ RunTime:0.0003s ]
SQL: SELECT `path` FROM `mic_picture` WHERE `id` = 69  [ RunTime:0.0003s ]
SQL: SELECT `path` FROM `mic_picture` WHERE `id` = 71  [ RunTime:0.0067s ]
SQL: SELECT `path` FROM `mic_picture` WHERE `id` = 70  [ RunTime:0.0003s ]
SQL: SELECT `path` FROM `mic_picture` WHERE `id` = 72  [ RunTime:0.0003s ]
SQL: SELECT `path` FROM `mic_picture` WHERE `id` = 73  [ RunTime:0.0003s ]
SQL: SELECT `path` FROM `mic_picture` WHERE `id` = 0  [ RunTime:0.0002s ]
SQL: SELECT `path` FROM `mic_picture` WHERE `id` = 0  [ RunTime:0.0003s ]
SQL: SELECT `path` FROM `mic_picture` WHERE `id` = 75  [ RunTime:0.0003s ]
SQL: SELECT `path` FROM `mic_picture` WHERE `id` = 74  [ RunTime:0.0002s ]
SQL: SELECT `path` FROM `mic_picture` WHERE `id` = 76  [ RunTime:0.0003s ]
SQL: SELECT `path` FROM `mic_picture` WHERE `id` = 77  [ RunTime:0.0061s ]
SQL: SELECT `path` FROM `mic_picture` WHERE `id` = 79  [ RunTime:0.0003s ]
SQL: SELECT `path` FROM `mic_picture` WHERE `id` = 78  [ RunTime:0.0003s ]
SQL: SELECT `path` FROM `mic_picture` WHERE `id` = 0  [ RunTime:0.0003s ]
SQL: SELECT `path` FROM `mic_picture` WHERE `id` = 0  [ RunTime:0.0003s ]
SQL: SELECT `path` FROM `mic_picture` WHERE `id` = 14  [ RunTime:0.0003s ]
SQL: SELECT `path` FROM `mic_picture` WHERE `id` = 80  [ RunTime:0.0003s ]
SQL: SELECT `path` FROM `mic_picture` WHERE `id` = 0  [ RunTime:0.0003s ]
SQL: SELECT `path` FROM `mic_picture` WHERE `id` = 81  [ RunTime:0.0003s ]
SQL: SELECT `path` FROM `mic_picture` WHERE `id` = 11  [ RunTime:0.0003s ]
SQL: SELECT `path` FROM `mic_picture` WHERE `id` = 83  [ RunTime:0.0003s ]
SQL: SELECT `path` FROM `mic_picture` WHERE `id` = 0  [ RunTime:0.0064s ]
SQL: SELECT `path` FROM `mic_picture` WHERE `id` = 0  [ RunTime:0.0002s ]
SQL: SELECT `path` FROM `mic_picture` WHERE `id` = 0  [ RunTime:0.0002s ]
SQL: SELECT `path` FROM `mic_picture` WHERE `id` = 0  [ RunTime:0.0003s ]
SQL: SELECT `path` FROM `mic_picture` WHERE `id` = 86  [ RunTime:0.0003s ]
SQL: SELECT `path` FROM `mic_picture` WHERE `id` = 85  [ RunTime:0.0003s ]
SQL: SELECT `path` FROM `mic_picture` WHERE `id` = 0  [ RunTime:0.0003s ]
SQL: SELECT `path` FROM `mic_picture` WHERE `id` = 0  [ RunTime:0.0002s ]
SQL: SELECT `path` FROM `mic_picture` WHERE `id` = 0  [ RunTime:0.0003s ]
SQL: SELECT `path` FROM `mic_picture` WHERE `id` = 0  [ RunTime:0.0003s ]
SQL: SELECT `path` FROM `mic_picture` WHERE `id` = 0  [ RunTime:0.0062s ]
SQL: SELECT `path` FROM `mic_picture` WHERE `id` = 0  [ RunTime:0.0003s ]
SQL: SELECT `path` FROM `mic_picture` WHERE `id` = 87  [ RunTime:0.0003s ]
SQL: SELECT `path` FROM `mic_picture` WHERE `id` = 88  [ RunTime:0.0002s ]
SQL: SELECT `path` FROM `mic_picture` WHERE `id` = 90  [ RunTime:0.0003s ]
SQL: SELECT `path` FROM `mic_picture` WHERE `id` = 89  [ RunTime:0.0002s ]
SQL: SELECT `path` FROM `mic_picture` WHERE `id` = 91  [ RunTime:0.0002s ]
SQL: SELECT `path` FROM `mic_picture` WHERE `id` = 92  [ RunTime:0.0003s ]
SQL: SELECT `path` FROM `mic_picture` WHERE `id` = 0  [ RunTime:0.0002s ]
SQL: SELECT `path` FROM `mic_picture` WHERE `id` = 0  [ RunTime:0.0002s ]
SQL: SELECT `path` FROM `mic_picture` WHERE `id` = 0  [ RunTime:0.0003s ]
SQL: SELECT `path` FROM `mic_picture` WHERE `id` = 0  [ RunTime:0.0061s ]
SQL: SELECT `path` FROM `mic_picture` WHERE `id` = 0  [ RunTime:0.0003s ]
SQL: SELECT `path` FROM `mic_picture` WHERE `id` = 0  [ RunTime:0.0003s ]
SQL: SELECT `path` FROM `mic_picture` WHERE `id` = 95  [ RunTime:0.0003s ]
SQL: SELECT `path` FROM `mic_picture` WHERE `id` = 94  [ RunTime:0.0003s ]
INFO: [ view_parse ] --START--
INFO: [ template_filter ] --START--
INFO: Run Behavior\ContentReplaceBehavior [ RunTime:0.000090s ]
INFO: [ template_filter ] --END-- [ RunTime:0.000164s ]
INFO: Run Behavior\ParseTemplateBehavior [ RunTime:0.056756s ]
INFO: [ view_parse ] --END-- [ RunTime:0.056813s ]
INFO: [ view_filter ] --START--
INFO: Run Behavior\WriteHtmlCacheBehavior [ RunTime:0.000186s ]
INFO: [ view_filter ] --END-- [ RunTime:0.000240s ]
INFO: [ app_end ] --START--
INFO: Run Behavior\ShowPageTraceBehavior [ RunTime:0.005945s ]
INFO: [ app_end ] --END-- [ RunTime:0.005988s ]

