[ 2017-09-15T19:57:41+08:00 ] 182.119.193.66 /
INFO: [ app_init ] --START--
INFO: Run Behavior\BuildLiteBehavior [ RunTime:0.000021s ]
INFO: Run Common\Behavior\InitHookBehavior [ RunTime:1.017342s ]
INFO: [ app_init ] --END-- [ RunTime:1.210102s ]
INFO: [ app_begin ] --START--
INFO: Run Behavior\ReadHtmlCacheBehavior [ RunTime:0.033413s ]
INFO: [ app_begin ] --END-- [ RunTime:0.033481s ]
SQL: SHOW COLUMNS FROM `mic_config` [ RunTime:0.2591s ]
SQL: SELECT `type`,`name`,`value` FROM `mic_config` WHERE `status` = 1  [ RunTime:0.0388s ]
INFO: [ view_parse ] --START--
INFO: [ template_filter ] --START--
INFO: Run Behavior\ContentReplaceBehavior [ RunTime:0.000064s ]
INFO: [ template_filter ] --END-- [ RunTime:0.000116s ]
INFO: Run Behavior\ParseTemplateBehavior [ RunTime:1.969679s ]
INFO: [ view_parse ] --END-- [ RunTime:1.969791s ]
INFO: [ view_filter ] --START--
INFO: Run Behavior\WriteHtmlCacheBehavior [ RunTime:0.059690s ]
INFO: [ view_filter ] --END-- [ RunTime:0.059734s ]
INFO: [ app_end ] --START--
INFO: Run Behavior\ShowPageTraceBehavior [ RunTime:0.389323s ]
INFO: [ app_end ] --END-- [ RunTime:0.389378s ]

