[ 2017-09-17T15:31:08+08:00 ] 113.128.104.128 /
INFO: [ app_init ] --START--
INFO: Run Behavior\BuildLiteBehavior [ RunTime:0.000018s ]
INFO: Run Common\Behavior\InitHookBehavior [ RunTime:1.180748s ]
INFO: [ app_init ] --END-- [ RunTime:1.223462s ]
INFO: [ app_begin ] --START--
INFO: Run Behavior\ReadHtmlCacheBehavior [ RunTime:0.021901s ]
INFO: [ app_begin ] --END-- [ RunTime:0.021967s ]
SQL: SHOW COLUMNS FROM `mic_config` [ RunTime:0.2664s ]
SQL: SELECT `type`,`name`,`value` FROM `mic_config` WHERE `status` = 1  [ RunTime:0.0190s ]
INFO: [ view_parse ] --START--
INFO: [ template_filter ] --START--
INFO: Run Behavior\ContentReplaceBehavior [ RunTime:0.000090s ]
INFO: [ template_filter ] --END-- [ RunTime:0.000145s ]
INFO: Run Behavior\ParseTemplateBehavior [ RunTime:1.304614s ]
INFO: [ view_parse ] --END-- [ RunTime:1.304692s ]
INFO: [ view_filter ] --START--
INFO: Run Behavior\WriteHtmlCacheBehavior [ RunTime:0.375974s ]
INFO: [ view_filter ] --END-- [ RunTime:0.376034s ]
INFO: [ app_end ] --START--
INFO: Run Behavior\ShowPageTraceBehavior [ RunTime:0.049313s ]
INFO: [ app_end ] --END-- [ RunTime:0.049371s ]

[ 2017-09-17T18:23:48+08:00 ] 122.96.131.72 /
INFO: [ app_init ] --START--
INFO: Run Behavior\BuildLiteBehavior [ RunTime:0.000019s ]
INFO: Run Common\Behavior\InitHookBehavior [ RunTime:0.071414s ]
INFO: [ app_init ] --END-- [ RunTime:0.094609s ]
INFO: [ app_begin ] --START--
INFO: Run Behavior\ReadHtmlCacheBehavior [ RunTime:0.023910s ]
INFO: [ app_begin ] --END-- [ RunTime:0.023971s ]
SQL: SHOW COLUMNS FROM `mic_config` [ RunTime:0.1731s ]
SQL: SELECT `type`,`name`,`value` FROM `mic_config` WHERE `status` = 1  [ RunTime:0.2249s ]
INFO: [ view_parse ] --START--
INFO: [ template_filter ] --START--
INFO: Run Behavior\ContentReplaceBehavior [ RunTime:0.000074s ]
INFO: [ template_filter ] --END-- [ RunTime:0.000132s ]
INFO: Run Behavior\ParseTemplateBehavior [ RunTime:0.168772s ]
INFO: [ view_parse ] --END-- [ RunTime:0.168835s ]
INFO: [ view_filter ] --START--
INFO: Run Behavior\WriteHtmlCacheBehavior [ RunTime:0.022295s ]
INFO: [ view_filter ] --END-- [ RunTime:0.022342s ]
INFO: [ app_end ] --START--
INFO: Run Behavior\ShowPageTraceBehavior [ RunTime:0.022184s ]
INFO: [ app_end ] --END-- [ RunTime:0.022235s ]

[ 2017-09-17T23:26:50+08:00 ] 60.1.128.152 /
INFO: [ app_init ] --START--
INFO: Run Behavior\BuildLiteBehavior [ RunTime:0.000020s ]
INFO: Run Common\Behavior\InitHookBehavior [ RunTime:0.925817s ]
INFO: [ app_init ] --END-- [ RunTime:0.996836s ]
INFO: [ app_begin ] --START--
INFO: Run Behavior\ReadHtmlCacheBehavior [ RunTime:0.034971s ]
INFO: [ app_begin ] --END-- [ RunTime:0.035041s ]
SQL: SHOW COLUMNS FROM `mic_config` [ RunTime:0.2795s ]
SQL: SELECT `type`,`name`,`value` FROM `mic_config` WHERE `status` = 1  [ RunTime:0.0253s ]
INFO: [ view_parse ] --START--
INFO: [ template_filter ] --START--
INFO: Run Behavior\ContentReplaceBehavior [ RunTime:0.000072s ]
INFO: [ template_filter ] --END-- [ RunTime:0.000155s ]
INFO: Run Behavior\ParseTemplateBehavior [ RunTime:1.934137s ]
INFO: [ view_parse ] --END-- [ RunTime:1.934202s ]
INFO: [ view_filter ] --START--
INFO: Run Behavior\WriteHtmlCacheBehavior [ RunTime:0.047602s ]
INFO: [ view_filter ] --END-- [ RunTime:0.047667s ]
INFO: [ app_end ] --START--
INFO: Run Behavior\ShowPageTraceBehavior [ RunTime:0.072944s ]
INFO: [ app_end ] --END-- [ RunTime:0.072998s ]

