[ 2017-09-07T10:31:38+08:00 ] 64.233.172.185 /
INFO: [ app_init ] --START--
INFO: Run Behavior\BuildLiteBehavior [ RunTime:0.000018s ]
INFO: Run Common\Behavior\InitHookBehavior [ RunTime:0.057462s ]
INFO: [ app_init ] --END-- [ RunTime:0.069036s ]
INFO: [ app_begin ] --START--
INFO: Run Behavior\ReadHtmlCacheBehavior [ RunTime:0.014474s ]
INFO: [ app_begin ] --END-- [ RunTime:0.014543s ]
SQL: SHOW COLUMNS FROM `mic_config` [ RunTime:0.2816s ]
SQL: SELECT `type`,`name`,`value` FROM `mic_config` WHERE `status` = 1  [ RunTime:0.0151s ]
INFO: [ view_parse ] --START--
INFO: [ template_filter ] --START--
INFO: Run Behavior\ContentReplaceBehavior [ RunTime:0.000073s ]
INFO: [ template_filter ] --END-- [ RunTime:0.000143s ]
INFO: Run Behavior\ParseTemplateBehavior [ RunTime:1.364739s ]
INFO: [ view_parse ] --END-- [ RunTime:1.364840s ]
INFO: [ view_filter ] --START--
INFO: Run Behavior\WriteHtmlCacheBehavior [ RunTime:0.096848s ]
INFO: [ view_filter ] --END-- [ RunTime:0.096908s ]
INFO: [ app_end ] --START--
INFO: Run Behavior\ShowPageTraceBehavior [ RunTime:0.104975s ]
INFO: [ app_end ] --END-- [ RunTime:0.105033s ]

