[ 2017-08-26T05:19:12+08:00 ] 106.45.0.53 /
INFO: [ app_init ] --START--
INFO: Run Behavior\BuildLiteBehavior [ RunTime:0.000019s ]
INFO: Run Common\Behavior\InitHookBehavior [ RunTime:0.096758s ]
INFO: [ app_init ] --END-- [ RunTime:0.108695s ]
INFO: [ app_begin ] --START--
INFO: Run Behavior\ReadHtmlCacheBehavior [ RunTime:0.016491s ]
INFO: [ app_begin ] --END-- [ RunTime:0.016559s ]
SQL: SHOW COLUMNS FROM `mic_config` [ RunTime:0.2808s ]
SQL: SELECT `type`,`name`,`value` FROM `mic_config` WHERE `status` = 1  [ RunTime:0.0453s ]
INFO: [ view_parse ] --START--
INFO: [ template_filter ] --START--
INFO: Run Behavior\ContentReplaceBehavior [ RunTime:0.000073s ]
INFO: [ template_filter ] --END-- [ RunTime:0.000145s ]
INFO: Run Behavior\ParseTemplateBehavior [ RunTime:0.151121s ]
INFO: [ view_parse ] --END-- [ RunTime:0.151194s ]
INFO: [ view_filter ] --START--
INFO: Run Behavior\WriteHtmlCacheBehavior [ RunTime:0.012511s ]
INFO: [ view_filter ] --END-- [ RunTime:0.012568s ]
INFO: [ app_end ] --START--
INFO: Run Behavior\ShowPageTraceBehavior [ RunTime:0.016228s ]
INFO: [ app_end ] --END-- [ RunTime:0.016277s ]

