[ 2017-10-30T09:48:33+08:00 ] 113.59.99.237 /
INFO: [ app_init ] --START--
INFO: Run Behavior\BuildLiteBehavior [ RunTime:0.000022s ]
INFO: Run Common\Behavior\InitHookBehavior [ RunTime:1.296537s ]
INFO: [ app_init ] --END-- [ RunTime:1.370321s ]
INFO: [ app_begin ] --START--
INFO: Run Behavior\ReadHtmlCacheBehavior [ RunTime:0.050530s ]
INFO: [ app_begin ] --END-- [ RunTime:0.050613s ]
SQL: SHOW COLUMNS FROM `mic_config` [ RunTime:0.5444s ]
SQL: SELECT `type`,`name`,`value` FROM `mic_config` WHERE `status` = 1  [ RunTime:0.0234s ]
INFO: [ view_parse ] --START--
INFO: [ template_filter ] --START--
INFO: Run Behavior\ContentReplaceBehavior [ RunTime:0.000084s ]
INFO: [ template_filter ] --END-- [ RunTime:0.000143s ]
INFO: Run Behavior\ParseTemplateBehavior [ RunTime:1.994097s ]
INFO: [ view_parse ] --END-- [ RunTime:1.994172s ]
INFO: [ view_filter ] --START--
INFO: Run Behavior\WriteHtmlCacheBehavior [ RunTime:0.065246s ]
INFO: [ view_filter ] --END-- [ RunTime:0.065323s ]
INFO: [ app_end ] --START--
INFO: Run Behavior\ShowPageTraceBehavior [ RunTime:0.104294s ]
INFO: [ app_end ] --END-- [ RunTime:0.104360s ]

[ 2017-10-30T11:17:57+08:00 ] 223.104.23.96 /
INFO: [ app_init ] --START--
INFO: Run Behavior\BuildLiteBehavior [ RunTime:0.000020s ]
INFO: Run Common\Behavior\InitHookBehavior [ RunTime:0.072159s ]
INFO: [ app_init ] --END-- [ RunTime:0.086726s ]
INFO: [ app_begin ] --START--
INFO: Run Behavior\ReadHtmlCacheBehavior [ RunTime:0.009831s ]
INFO: [ app_begin ] --END-- [ RunTime:0.009886s ]
SQL: SHOW COLUMNS FROM `mic_config` [ RunTime:0.0113s ]
SQL: SELECT `type`,`name`,`value` FROM `mic_config` WHERE `status` = 1  [ RunTime:0.0007s ]
INFO: [ view_parse ] --START--
INFO: [ template_filter ] --START--
INFO: Run Behavior\ContentReplaceBehavior [ RunTime:0.000065s ]
INFO: [ template_filter ] --END-- [ RunTime:0.000119s ]
INFO: Run Behavior\ParseTemplateBehavior [ RunTime:0.157976s ]
INFO: [ view_parse ] --END-- [ RunTime:0.158033s ]
INFO: [ view_filter ] --START--
INFO: Run Behavior\WriteHtmlCacheBehavior [ RunTime:0.009514s ]
INFO: [ view_filter ] --END-- [ RunTime:0.009563s ]
INFO: [ app_end ] --START--
INFO: Run Behavior\ShowPageTraceBehavior [ RunTime:0.015225s ]
INFO: [ app_end ] --END-- [ RunTime:0.015271s ]

[ 2017-10-30T11:18:05+08:00 ] 120.204.17.69 /
INFO: [ app_init ] --START--
INFO: Run Behavior\BuildLiteBehavior [ RunTime:0.000015s ]
INFO: Run Common\Behavior\InitHookBehavior [ RunTime:0.008327s ]
INFO: [ app_init ] --END-- [ RunTime:0.008436s ]
INFO: [ app_begin ] --START--
INFO: Run Behavior\ReadHtmlCacheBehavior [ RunTime:0.000171s ]
INFO: [ app_begin ] --END-- [ RunTime:0.000249s ]
SQL: SHOW COLUMNS FROM `mic_config` [ RunTime:0.0019s ]
SQL: SELECT `type`,`name`,`value` FROM `mic_config` WHERE `status` = 1  [ RunTime:0.0006s ]
INFO: [ view_parse ] --START--
INFO: [ template_filter ] --START--
INFO: Run Behavior\ContentReplaceBehavior [ RunTime:0.000105s ]
INFO: [ template_filter ] --END-- [ RunTime:0.000158s ]
INFO: Run Behavior\ParseTemplateBehavior [ RunTime:0.028166s ]
INFO: [ view_parse ] --END-- [ RunTime:0.028221s ]
INFO: [ view_filter ] --START--
INFO: Run Behavior\WriteHtmlCacheBehavior [ RunTime:0.000339s ]
INFO: [ view_filter ] --END-- [ RunTime:0.000382s ]
INFO: [ app_end ] --START--
INFO: Run Behavior\ShowPageTraceBehavior [ RunTime:0.000307s ]
INFO: [ app_end ] --END-- [ RunTime:0.000347s ]

[ 2017-10-30T11:18:12+08:00 ] 223.104.23.96 /
INFO: [ app_init ] --START--
INFO: Run Behavior\BuildLiteBehavior [ RunTime:0.000015s ]
INFO: Run Common\Behavior\InitHookBehavior [ RunTime:0.010253s ]
INFO: [ app_init ] --END-- [ RunTime:0.010362s ]
INFO: [ app_begin ] --START--
INFO: Run Behavior\ReadHtmlCacheBehavior [ RunTime:0.000209s ]
INFO: [ app_begin ] --END-- [ RunTime:0.000260s ]
SQL: SHOW COLUMNS FROM `mic_config` [ RunTime:0.0125s ]
SQL: SELECT `type`,`name`,`value` FROM `mic_config` WHERE `status` = 1  [ RunTime:0.0007s ]
INFO: [ view_parse ] --START--
INFO: [ template_filter ] --START--
INFO: Run Behavior\ContentReplaceBehavior [ RunTime:0.000073s ]
INFO: [ template_filter ] --END-- [ RunTime:0.000151s ]
INFO: Run Behavior\ParseTemplateBehavior [ RunTime:0.045349s ]
INFO: [ view_parse ] --END-- [ RunTime:0.045405s ]
INFO: [ view_filter ] --START--
INFO: Run Behavior\WriteHtmlCacheBehavior [ RunTime:0.001606s ]
INFO: [ view_filter ] --END-- [ RunTime:0.001651s ]
INFO: [ app_end ] --START--
INFO: Run Behavior\ShowPageTraceBehavior [ RunTime:0.000363s ]
INFO: [ app_end ] --END-- [ RunTime:0.000417s ]

[ 2017-10-30T11:18:23+08:00 ] 223.104.23.96 /index.php?s=/Home/personal
INFO: [ app_init ] --START--
INFO: Run Behavior\BuildLiteBehavior [ RunTime:0.000015s ]
INFO: Run Common\Behavior\InitHookBehavior [ RunTime:0.002166s ]
INFO: [ app_init ] --END-- [ RunTime:0.002277s ]
INFO: [ app_begin ] --START--
INFO: Run Behavior\ReadHtmlCacheBehavior [ RunTime:0.000192s ]
INFO: [ app_begin ] --END-- [ RunTime:0.000242s ]
SQL: SHOW COLUMNS FROM `mic_config` [ RunTime:0.0080s ]
SQL: SELECT `type`,`name`,`value` FROM `mic_config` WHERE `status` = 1  [ RunTime:0.0100s ]
SQL: SHOW COLUMNS FROM `mic_partner` [ RunTime:1.9394s ]
SQL: SELECT * FROM `mic_partner`  [ RunTime:0.2812s ]
SQL: SHOW COLUMNS FROM `mic_picture` [ RunTime:1.7291s ]
SQL: SELECT `path` FROM `mic_picture` WHERE `id` = 54  [ RunTime:0.1673s ]
SQL: SELECT `path` FROM `mic_picture` WHERE `id` = 55  [ RunTime:0.0003s ]
SQL: SELECT `path` FROM `mic_picture` WHERE `id` = 48  [ RunTime:0.0003s ]
SQL: SELECT `path` FROM `mic_picture` WHERE `id` = 49  [ RunTime:0.0003s ]
SQL: SELECT `path` FROM `mic_picture` WHERE `id` = 50  [ RunTime:0.0002s ]
SQL: SELECT `path` FROM `mic_picture` WHERE `id` = 51  [ RunTime:0.0003s ]
SQL: SELECT `path` FROM `mic_picture` WHERE `id` = 52  [ RunTime:0.0003s ]
SQL: SELECT `path` FROM `mic_picture` WHERE `id` = 53  [ RunTime:0.0003s ]
SQL: SELECT `path` FROM `mic_picture` WHERE `id` = 31  [ RunTime:0.5814s ]
SQL: SELECT `path` FROM `mic_picture` WHERE `id` = 32  [ RunTime:0.0005s ]
SQL: SELECT `path` FROM `mic_picture` WHERE `id` = 97  [ RunTime:0.5228s ]
SQL: SELECT `path` FROM `mic_picture` WHERE `id` = 99  [ RunTime:0.0003s ]
SQL: SELECT `path` FROM `mic_picture` WHERE `id` = 42  [ RunTime:0.0003s ]
SQL: SELECT `path` FROM `mic_picture` WHERE `id` = 43  [ RunTime:0.0003s ]
SQL: SELECT `path` FROM `mic_picture` WHERE `id` = 45  [ RunTime:0.0003s ]
SQL: SELECT `path` FROM `mic_picture` WHERE `id` = 46  [ RunTime:0.0003s ]
SQL: SELECT `path` FROM `mic_picture` WHERE `id` = 56  [ RunTime:0.0003s ]
SQL: SELECT `path` FROM `mic_picture` WHERE `id` = 57  [ RunTime:0.0003s ]
SQL: SELECT `path` FROM `mic_picture` WHERE `id` = 58  [ RunTime:0.0003s ]
SQL: SELECT `path` FROM `mic_picture` WHERE `id` = 59  [ RunTime:0.0060s ]
SQL: SELECT `path` FROM `mic_picture` WHERE `id` = 60  [ RunTime:0.0003s ]
SQL: SELECT `path` FROM `mic_picture` WHERE `id` = 61  [ RunTime:0.0003s ]
SQL: SELECT `path` FROM `mic_picture` WHERE `id` = 100  [ RunTime:0.0003s ]
SQL: SELECT `path` FROM `mic_picture` WHERE `id` = 101  [ RunTime:0.0003s ]
SQL: SELECT `path` FROM `mic_picture` WHERE `id` = 0  [ RunTime:0.0002s ]
SQL: SELECT `path` FROM `mic_picture` WHERE `id` = 0  [ RunTime:0.0003s ]
SQL: SELECT `path` FROM `mic_picture` WHERE `id` = 0  [ RunTime:0.0002s ]
SQL: SELECT `path` FROM `mic_picture` WHERE `id` = 0  [ RunTime:0.0002s ]
SQL: SELECT `path` FROM `mic_picture` WHERE `id` = 12  [ RunTime:0.0003s ]
SQL: SELECT `path` FROM `mic_picture` WHERE `id` = 63  [ RunTime:0.0060s ]
SQL: SELECT `path` FROM `mic_picture` WHERE `id` = 13  [ RunTime:0.0003s ]
SQL: SELECT `path` FROM `mic_picture` WHERE `id` = 64  [ RunTime:0.0004s ]
SQL: SELECT `path` FROM `mic_picture` WHERE `id` = 0  [ RunTime:0.0002s ]
SQL: SELECT `path` FROM `mic_picture` WHERE `id` = 0  [ RunTime:0.0002s ]
SQL: SELECT `path` FROM `mic_picture` WHERE `id` = 65  [ RunTime:0.0003s ]
SQL: SELECT `path` FROM `mic_picture` WHERE `id` = 66  [ RunTime:0.0003s ]
SQL: SELECT `path` FROM `mic_picture` WHERE `id` = 68  [ RunTime:0.0003s ]
SQL: SELECT `path` FROM `mic_picture` WHERE `id` = 69  [ RunTime:0.0003s ]
SQL: SELECT `path` FROM `mic_picture` WHERE `id` = 71  [ RunTime:0.0003s ]
SQL: SELECT `path` FROM `mic_picture` WHERE `id` = 70  [ RunTime:0.0059s ]
SQL: SELECT `path` FROM `mic_picture` WHERE `id` = 72  [ RunTime:0.0003s ]
SQL: SELECT `path` FROM `mic_picture` WHERE `id` = 73  [ RunTime:0.0003s ]
SQL: SELECT `path` FROM `mic_picture` WHERE `id` = 0  [ RunTime:0.0003s ]
SQL: SELECT `path` FROM `mic_picture` WHERE `id` = 0  [ RunTime:0.0002s ]
SQL: SELECT `path` FROM `mic_picture` WHERE `id` = 75  [ RunTime:0.0003s ]
SQL: SELECT `path` FROM `mic_picture` WHERE `id` = 74  [ RunTime:0.0003s ]
SQL: SELECT `path` FROM `mic_picture` WHERE `id` = 76  [ RunTime:0.0003s ]
SQL: SELECT `path` FROM `mic_picture` WHERE `id` = 77  [ RunTime:0.0003s ]
SQL: SELECT `path` FROM `mic_picture` WHERE `id` = 79  [ RunTime:0.0003s ]
SQL: SELECT `path` FROM `mic_picture` WHERE `id` = 78  [ RunTime:0.0003s ]
SQL: SELECT `path` FROM `mic_picture` WHERE `id` = 0  [ RunTime:0.0003s ]
SQL: SELECT `path` FROM `mic_picture` WHERE `id` = 0  [ RunTime:0.0002s ]
SQL: SELECT `path` FROM `mic_picture` WHERE `id` = 14  [ RunTime:0.0003s ]
SQL: SELECT `path` FROM `mic_picture` WHERE `id` = 80  [ RunTime:0.0003s ]
SQL: SELECT `path` FROM `mic_picture` WHERE `id` = 0  [ RunTime:0.0003s ]
SQL: SELECT `path` FROM `mic_picture` WHERE `id` = 81  [ RunTime:0.0003s ]
SQL: SELECT `path` FROM `mic_picture` WHERE `id` = 11  [ RunTime:0.0003s ]
SQL: SELECT `path` FROM `mic_picture` WHERE `id` = 83  [ RunTime:0.0003s ]
SQL: SELECT `path` FROM `mic_picture` WHERE `id` = 0  [ RunTime:0.0003s ]
SQL: SELECT `path` FROM `mic_picture` WHERE `id` = 0  [ RunTime:0.0003s ]
SQL: SELECT `path` FROM `mic_picture` WHERE `id` = 0  [ RunTime:0.0060s ]
SQL: SELECT `path` FROM `mic_picture` WHERE `id` = 0  [ RunTime:0.0003s ]
SQL: SELECT `path` FROM `mic_picture` WHERE `id` = 86  [ RunTime:0.0003s ]
SQL: SELECT `path` FROM `mic_picture` WHERE `id` = 85  [ RunTime:0.0003s ]
SQL: SELECT `path` FROM `mic_picture` WHERE `id` = 0  [ RunTime:0.0002s ]
SQL: SELECT `path` FROM `mic_picture` WHERE `id` = 0  [ RunTime:0.0002s ]
SQL: SELECT `path` FROM `mic_picture` WHERE `id` = 0  [ RunTime:0.0003s ]
SQL: SELECT `path` FROM `mic_picture` WHERE `id` = 0  [ RunTime:0.0002s ]
SQL: SELECT `path` FROM `mic_picture` WHERE `id` = 0  [ RunTime:0.0002s ]
SQL: SELECT `path` FROM `mic_picture` WHERE `id` = 0  [ RunTime:0.0002s ]
SQL: SELECT `path` FROM `mic_picture` WHERE `id` = 87  [ RunTime:0.0003s ]
SQL: SELECT `path` FROM `mic_picture` WHERE `id` = 88  [ RunTime:0.0060s ]
SQL: SELECT `path` FROM `mic_picture` WHERE `id` = 90  [ RunTime:0.0003s ]
SQL: SELECT `path` FROM `mic_picture` WHERE `id` = 89  [ RunTime:0.0003s ]
SQL: SELECT `path` FROM `mic_picture` WHERE `id` = 91  [ RunTime:0.0003s ]
SQL: SELECT `path` FROM `mic_picture` WHERE `id` = 92  [ RunTime:0.0003s ]
SQL: SELECT `path` FROM `mic_picture` WHERE `id` = 0  [ RunTime:0.0002s ]
SQL: SELECT `path` FROM `mic_picture` WHERE `id` = 0  [ RunTime:0.0002s ]
SQL: SELECT `path` FROM `mic_picture` WHERE `id` = 0  [ RunTime:0.0003s ]
SQL: SELECT `path` FROM `mic_picture` WHERE `id` = 0  [ RunTime:0.0002s ]
SQL: SELECT `path` FROM `mic_picture` WHERE `id` = 0  [ RunTime:0.0003s ]
SQL: SELECT `path` FROM `mic_picture` WHERE `id` = 0  [ RunTime:0.0003s ]
SQL: SELECT `path` FROM `mic_picture` WHERE `id` = 95  [ RunTime:0.0060s ]
SQL: SELECT `path` FROM `mic_picture` WHERE `id` = 94  [ RunTime:0.0003s ]
SQL: SELECT `path` FROM `mic_picture` WHERE `id` = 106  [ RunTime:0.0003s ]
SQL: SELECT `path` FROM `mic_picture` WHERE `id` = 108  [ RunTime:0.0003s ]
SQL: SELECT `path` FROM `mic_picture` WHERE `id` = 105  [ RunTime:0.0003s ]
SQL: SELECT `path` FROM `mic_picture` WHERE `id` = 104  [ RunTime:0.0003s ]
SQL: SELECT `path` FROM `mic_picture` WHERE `id` = 102  [ RunTime:0.0003s ]
SQL: SELECT `path` FROM `mic_picture` WHERE `id` = 103  [ RunTime:0.0003s ]
INFO: [ view_parse ] --START--
INFO: [ template_filter ] --START--
INFO: Run Behavior\ContentReplaceBehavior [ RunTime:0.000090s ]
INFO: [ template_filter ] --END-- [ RunTime:0.000145s ]
INFO: Run Behavior\ParseTemplateBehavior [ RunTime:0.199841s ]
INFO: [ view_parse ] --END-- [ RunTime:0.199912s ]
INFO: [ view_filter ] --START--
INFO: Run Behavior\WriteHtmlCacheBehavior [ RunTime:0.001453s ]
INFO: [ view_filter ] --END-- [ RunTime:0.001504s ]
INFO: [ app_end ] --START--
INFO: Run Behavior\ShowPageTraceBehavior [ RunTime:0.000352s ]
INFO: [ app_end ] --END-- [ RunTime:0.000408s ]

[ 2017-10-30T11:18:23+08:00 ] 223.104.23.96 /index.php?s=/Home/personal
INFO: [ app_init ] --START--
INFO: Run Behavior\BuildLiteBehavior [ RunTime:0.000016s ]
INFO: Run Common\Behavior\InitHookBehavior [ RunTime:0.022508s ]
INFO: [ app_init ] --END-- [ RunTime:0.022916s ]
INFO: [ app_begin ] --START--
INFO: Run Behavior\ReadHtmlCacheBehavior [ RunTime:0.000485s ]
INFO: [ app_begin ] --END-- [ RunTime:0.000564s ]
SQL: SHOW COLUMNS FROM `mic_config` [ RunTime:0.0022s ]
SQL: SELECT `type`,`name`,`value` FROM `mic_config` WHERE `status` = 1  [ RunTime:0.0064s ]
SQL: SHOW COLUMNS FROM `mic_partner` [ RunTime:1.8581s ]
SQL: SELECT * FROM `mic_partner`  [ RunTime:0.2769s ]
SQL: SHOW COLUMNS FROM `mic_picture` [ RunTime:1.7309s ]
SQL: SELECT `path` FROM `mic_picture` WHERE `id` = 54  [ RunTime:0.1803s ]
SQL: SELECT `path` FROM `mic_picture` WHERE `id` = 55  [ RunTime:0.0003s ]
SQL: SELECT `path` FROM `mic_picture` WHERE `id` = 48  [ RunTime:0.0003s ]
SQL: SELECT `path` FROM `mic_picture` WHERE `id` = 49  [ RunTime:0.0003s ]
SQL: SELECT `path` FROM `mic_picture` WHERE `id` = 50  [ RunTime:0.0003s ]
SQL: SELECT `path` FROM `mic_picture` WHERE `id` = 51  [ RunTime:0.0003s ]
SQL: SELECT `path` FROM `mic_picture` WHERE `id` = 52  [ RunTime:0.0003s ]
SQL: SELECT `path` FROM `mic_picture` WHERE `id` = 53  [ RunTime:0.0003s ]
SQL: SELECT `path` FROM `mic_picture` WHERE `id` = 31  [ RunTime:0.5702s ]
SQL: SELECT `path` FROM `mic_picture` WHERE `id` = 32  [ RunTime:0.0003s ]
SQL: SELECT `path` FROM `mic_picture` WHERE `id` = 97  [ RunTime:0.4424s ]
SQL: SELECT `path` FROM `mic_picture` WHERE `id` = 99  [ RunTime:0.0004s ]
SQL: SELECT `path` FROM `mic_picture` WHERE `id` = 42  [ RunTime:0.0003s ]
SQL: SELECT `path` FROM `mic_picture` WHERE `id` = 43  [ RunTime:0.0003s ]
SQL: SELECT `path` FROM `mic_picture` WHERE `id` = 45  [ RunTime:0.0003s ]
SQL: SELECT `path` FROM `mic_picture` WHERE `id` = 46  [ RunTime:0.0052s ]
SQL: SELECT `path` FROM `mic_picture` WHERE `id` = 56  [ RunTime:0.0004s ]
SQL: SELECT `path` FROM `mic_picture` WHERE `id` = 57  [ RunTime:0.0009s ]
SQL: SELECT `path` FROM `mic_picture` WHERE `id` = 58  [ RunTime:0.0003s ]
SQL: SELECT `path` FROM `mic_picture` WHERE `id` = 59  [ RunTime:0.0003s ]
SQL: SELECT `path` FROM `mic_picture` WHERE `id` = 60  [ RunTime:0.0003s ]
SQL: SELECT `path` FROM `mic_picture` WHERE `id` = 61  [ RunTime:0.0003s ]
SQL: SELECT `path` FROM `mic_picture` WHERE `id` = 100  [ RunTime:0.0003s ]
SQL: SELECT `path` FROM `mic_picture` WHERE `id` = 101  [ RunTime:0.0003s ]
SQL: SELECT `path` FROM `mic_picture` WHERE `id` = 0  [ RunTime:0.0003s ]
SQL: SELECT `path` FROM `mic_picture` WHERE `id` = 0  [ RunTime:0.0003s ]
SQL: SELECT `path` FROM `mic_picture` WHERE `id` = 0  [ RunTime:0.0003s ]
SQL: SELECT `path` FROM `mic_picture` WHERE `id` = 0  [ RunTime:0.0003s ]
SQL: SELECT `path` FROM `mic_picture` WHERE `id` = 12  [ RunTime:0.0003s ]
SQL: SELECT `path` FROM `mic_picture` WHERE `id` = 63  [ RunTime:0.0003s ]
SQL: SELECT `path` FROM `mic_picture` WHERE `id` = 13  [ RunTime:0.0003s ]
SQL: SELECT `path` FROM `mic_picture` WHERE `id` = 64  [ RunTime:0.0003s ]
SQL: SELECT `path` FROM `mic_picture` WHERE `id` = 0  [ RunTime:0.0003s ]
SQL: SELECT `path` FROM `mic_picture` WHERE `id` = 0  [ RunTime:0.0003s ]
SQL: SELECT `path` FROM `mic_picture` WHERE `id` = 65  [ RunTime:0.0003s ]
SQL: SELECT `path` FROM `mic_picture` WHERE `id` = 66  [ RunTime:0.0003s ]
SQL: SELECT `path` FROM `mic_picture` WHERE `id` = 68  [ RunTime:0.0015s ]
SQL: SELECT `path` FROM `mic_picture` WHERE `id` = 69  [ RunTime:0.0003s ]
SQL: SELECT `path` FROM `mic_picture` WHERE `id` = 71  [ RunTime:0.0003s ]
SQL: SELECT `path` FROM `mic_picture` WHERE `id` = 70  [ RunTime:0.0003s ]
SQL: SELECT `path` FROM `mic_picture` WHERE `id` = 72  [ RunTime:0.0003s ]
SQL: SELECT `path` FROM `mic_picture` WHERE `id` = 73  [ RunTime:0.0052s ]
SQL: SELECT `path` FROM `mic_picture` WHERE `id` = 0  [ RunTime:0.0008s ]
SQL: SELECT `path` FROM `mic_picture` WHERE `id` = 0  [ RunTime:0.0008s ]
SQL: SELECT `path` FROM `mic_picture` WHERE `id` = 75  [ RunTime:0.0003s ]
SQL: SELECT `path` FROM `mic_picture` WHERE `id` = 74  [ RunTime:0.0009s ]
SQL: SELECT `path` FROM `mic_picture` WHERE `id` = 76  [ RunTime:0.0003s ]
SQL: SELECT `path` FROM `mic_picture` WHERE `id` = 77  [ RunTime:0.0003s ]
SQL: SELECT `path` FROM `mic_picture` WHERE `id` = 79  [ RunTime:0.0003s ]
SQL: SELECT `path` FROM `mic_picture` WHERE `id` = 78  [ RunTime:0.0053s ]
SQL: SELECT `path` FROM `mic_picture` WHERE `id` = 0  [ RunTime:0.0003s ]
SQL: SELECT `path` FROM `mic_picture` WHERE `id` = 0  [ RunTime:0.0003s ]
SQL: SELECT `path` FROM `mic_picture` WHERE `id` = 14  [ RunTime:0.0003s ]
SQL: SELECT `path` FROM `mic_picture` WHERE `id` = 80  [ RunTime:0.0007s ]
SQL: SELECT `path` FROM `mic_picture` WHERE `id` = 0  [ RunTime:0.0003s ]
SQL: SELECT `path` FROM `mic_picture` WHERE `id` = 81  [ RunTime:0.0003s ]
SQL: SELECT `path` FROM `mic_picture` WHERE `id` = 11  [ RunTime:0.0003s ]
SQL: SELECT `path` FROM `mic_picture` WHERE `id` = 83  [ RunTime:0.0003s ]
SQL: SELECT `path` FROM `mic_picture` WHERE `id` = 0  [ RunTime:0.0003s ]
SQL: SELECT `path` FROM `mic_picture` WHERE `id` = 0  [ RunTime:0.0003s ]
SQL: SELECT `path` FROM `mic_picture` WHERE `id` = 0  [ RunTime:0.0002s ]
SQL: SELECT `path` FROM `mic_picture` WHERE `id` = 0  [ RunTime:0.0003s ]
SQL: SELECT `path` FROM `mic_picture` WHERE `id` = 86  [ RunTime:0.0003s ]
SQL: SELECT `path` FROM `mic_picture` WHERE `id` = 85  [ RunTime:0.0003s ]
SQL: SELECT `path` FROM `mic_picture` WHERE `id` = 0  [ RunTime:0.0002s ]
SQL: SELECT `path` FROM `mic_picture` WHERE `id` = 0  [ RunTime:0.0002s ]
SQL: SELECT `path` FROM `mic_picture` WHERE `id` = 0  [ RunTime:0.0003s ]
SQL: SELECT `path` FROM `mic_picture` WHERE `id` = 0  [ RunTime:0.0003s ]
SQL: SELECT `path` FROM `mic_picture` WHERE `id` = 0  [ RunTime:0.0059s ]
SQL: SELECT `path` FROM `mic_picture` WHERE `id` = 0  [ RunTime:0.0003s ]
SQL: SELECT `path` FROM `mic_picture` WHERE `id` = 87  [ RunTime:0.0003s ]
SQL: SELECT `path` FROM `mic_picture` WHERE `id` = 88  [ RunTime:0.0003s ]
SQL: SELECT `path` FROM `mic_picture` WHERE `id` = 90  [ RunTime:0.0003s ]
SQL: SELECT `path` FROM `mic_picture` WHERE `id` = 89  [ RunTime:0.0003s ]
SQL: SELECT `path` FROM `mic_picture` WHERE `id` = 91  [ RunTime:0.0003s ]
SQL: SELECT `path` FROM `mic_picture` WHERE `id` = 92  [ RunTime:0.0003s ]
SQL: SELECT `path` FROM `mic_picture` WHERE `id` = 0  [ RunTime:0.0003s ]
SQL: SELECT `path` FROM `mic_picture` WHERE `id` = 0  [ RunTime:0.0003s ]
SQL: SELECT `path` FROM `mic_picture` WHERE `id` = 0  [ RunTime:0.0003s ]
SQL: SELECT `path` FROM `mic_picture` WHERE `id` = 0  [ RunTime:0.0060s ]
SQL: SELECT `path` FROM `mic_picture` WHERE `id` = 0  [ RunTime:0.0003s ]
SQL: SELECT `path` FROM `mic_picture` WHERE `id` = 0  [ RunTime:0.0003s ]
SQL: SELECT `path` FROM `mic_picture` WHERE `id` = 95  [ RunTime:0.0003s ]
SQL: SELECT `path` FROM `mic_picture` WHERE `id` = 94  [ RunTime:0.0003s ]
SQL: SELECT `path` FROM `mic_picture` WHERE `id` = 106  [ RunTime:0.0003s ]
SQL: SELECT `path` FROM `mic_picture` WHERE `id` = 108  [ RunTime:0.0003s ]
SQL: SELECT `path` FROM `mic_picture` WHERE `id` = 105  [ RunTime:0.0003s ]
SQL: SELECT `path` FROM `mic_picture` WHERE `id` = 104  [ RunTime:0.0003s ]
SQL: SELECT `path` FROM `mic_picture` WHERE `id` = 102  [ RunTime:0.0003s ]
SQL: SELECT `path` FROM `mic_picture` WHERE `id` = 103  [ RunTime:0.0060s ]
INFO: [ view_parse ] --START--
INFO: [ template_filter ] --START--
INFO: Run Behavior\ContentReplaceBehavior [ RunTime:0.000093s ]
INFO: [ template_filter ] --END-- [ RunTime:0.000153s ]
INFO: Run Behavior\ParseTemplateBehavior [ RunTime:0.222932s ]
INFO: [ view_parse ] --END-- [ RunTime:0.223013s ]
INFO: [ view_filter ] --START--
INFO: Run Behavior\WriteHtmlCacheBehavior [ RunTime:0.000502s ]
INFO: [ view_filter ] --END-- [ RunTime:0.000548s ]
INFO: [ app_end ] --START--
INFO: Run Behavior\ShowPageTraceBehavior [ RunTime:0.000464s ]
INFO: [ app_end ] --END-- [ RunTime:0.000512s ]

[ 2017-10-30T11:18:23+08:00 ] 223.104.23.96 /index.php?s=/Home/personal
INFO: [ app_init ] --START--
INFO: Run Behavior\BuildLiteBehavior [ RunTime:0.000017s ]
INFO: Run Common\Behavior\InitHookBehavior [ RunTime:0.008027s ]
INFO: [ app_init ] --END-- [ RunTime:0.008169s ]
INFO: [ app_begin ] --START--
INFO: Run Behavior\ReadHtmlCacheBehavior [ RunTime:0.000432s ]
INFO: [ app_begin ] --END-- [ RunTime:0.000493s ]
SQL: SHOW COLUMNS FROM `mic_config` [ RunTime:0.0157s ]
SQL: SELECT `type`,`name`,`value` FROM `mic_config` WHERE `status` = 1  [ RunTime:0.0006s ]
SQL: SHOW COLUMNS FROM `mic_partner` [ RunTime:1.4009s ]
SQL: SELECT * FROM `mic_partner`  [ RunTime:0.2603s ]
SQL: SHOW COLUMNS FROM `mic_picture` [ RunTime:1.7309s ]
SQL: SELECT `path` FROM `mic_picture` WHERE `id` = 54  [ RunTime:0.1699s ]
SQL: SELECT `path` FROM `mic_picture` WHERE `id` = 55  [ RunTime:0.0003s ]
SQL: SELECT `path` FROM `mic_picture` WHERE `id` = 48  [ RunTime:0.0003s ]
SQL: SELECT `path` FROM `mic_picture` WHERE `id` = 49  [ RunTime:0.0003s ]
SQL: SELECT `path` FROM `mic_picture` WHERE `id` = 50  [ RunTime:0.0003s ]
SQL: SELECT `path` FROM `mic_picture` WHERE `id` = 51  [ RunTime:0.0003s ]
SQL: SELECT `path` FROM `mic_picture` WHERE `id` = 52  [ RunTime:0.0061s ]
SQL: SELECT `path` FROM `mic_picture` WHERE `id` = 53  [ RunTime:0.0003s ]
SQL: SELECT `path` FROM `mic_picture` WHERE `id` = 31  [ RunTime:0.5745s ]
SQL: SELECT `path` FROM `mic_picture` WHERE `id` = 32  [ RunTime:0.0003s ]
SQL: SELECT `path` FROM `mic_picture` WHERE `id` = 97  [ RunTime:0.3703s ]
SQL: SELECT `path` FROM `mic_picture` WHERE `id` = 99  [ RunTime:0.0003s ]
SQL: SELECT `path` FROM `mic_picture` WHERE `id` = 42  [ RunTime:0.0003s ]
SQL: SELECT `path` FROM `mic_picture` WHERE `id` = 43  [ RunTime:0.0003s ]
SQL: SELECT `path` FROM `mic_picture` WHERE `id` = 45  [ RunTime:0.0003s ]
SQL: SELECT `path` FROM `mic_picture` WHERE `id` = 46  [ RunTime:0.0003s ]
SQL: SELECT `path` FROM `mic_picture` WHERE `id` = 56  [ RunTime:0.0003s ]
SQL: SELECT `path` FROM `mic_picture` WHERE `id` = 57  [ RunTime:0.0003s ]
SQL: SELECT `path` FROM `mic_picture` WHERE `id` = 58  [ RunTime:0.0003s ]
SQL: SELECT `path` FROM `mic_picture` WHERE `id` = 59  [ RunTime:0.0003s ]
SQL: SELECT `path` FROM `mic_picture` WHERE `id` = 60  [ RunTime:0.0003s ]
SQL: SELECT `path` FROM `mic_picture` WHERE `id` = 61  [ RunTime:0.0003s ]
SQL: SELECT `path` FROM `mic_picture` WHERE `id` = 100  [ RunTime:0.0003s ]
SQL: SELECT `path` FROM `mic_picture` WHERE `id` = 101  [ RunTime:0.0004s ]
SQL: SELECT `path` FROM `mic_picture` WHERE `id` = 0  [ RunTime:0.0002s ]
SQL: SELECT `path` FROM `mic_picture` WHERE `id` = 0  [ RunTime:0.0059s ]
SQL: SELECT `path` FROM `mic_picture` WHERE `id` = 0  [ RunTime:0.0002s ]
SQL: SELECT `path` FROM `mic_picture` WHERE `id` = 0  [ RunTime:0.0002s ]
SQL: SELECT `path` FROM `mic_picture` WHERE `id` = 12  [ RunTime:0.0003s ]
SQL: SELECT `path` FROM `mic_picture` WHERE `id` = 63  [ RunTime:0.0003s ]
SQL: SELECT `path` FROM `mic_picture` WHERE `id` = 13  [ RunTime:0.0003s ]
SQL: SELECT `path` FROM `mic_picture` WHERE `id` = 64  [ RunTime:0.0003s ]
SQL: SELECT `path` FROM `mic_picture` WHERE `id` = 0  [ RunTime:0.0002s ]
SQL: SELECT `path` FROM `mic_picture` WHERE `id` = 0  [ RunTime:0.0002s ]
SQL: SELECT `path` FROM `mic_picture` WHERE `id` = 65  [ RunTime:0.0003s ]
SQL: SELECT `path` FROM `mic_picture` WHERE `id` = 66  [ RunTime:0.0003s ]
SQL: SELECT `path` FROM `mic_picture` WHERE `id` = 68  [ RunTime:0.0059s ]
SQL: SELECT `path` FROM `mic_picture` WHERE `id` = 69  [ RunTime:0.0003s ]
SQL: SELECT `path` FROM `mic_picture` WHERE `id` = 71  [ RunTime:0.0003s ]
SQL: SELECT `path` FROM `mic_picture` WHERE `id` = 70  [ RunTime:0.0003s ]
SQL: SELECT `path` FROM `mic_picture` WHERE `id` = 72  [ RunTime:0.0003s ]
SQL: SELECT `path` FROM `mic_picture` WHERE `id` = 73  [ RunTime:0.0003s ]
SQL: SELECT `path` FROM `mic_picture` WHERE `id` = 0  [ RunTime:0.0002s ]
SQL: SELECT `path` FROM `mic_picture` WHERE `id` = 0  [ RunTime:0.0002s ]
SQL: SELECT `path` FROM `mic_picture` WHERE `id` = 75  [ RunTime:0.0003s ]
SQL: SELECT `path` FROM `mic_picture` WHERE `id` = 74  [ RunTime:0.0003s ]
SQL: SELECT `path` FROM `mic_picture` WHERE `id` = 76  [ RunTime:0.0059s ]
SQL: SELECT `path` FROM `mic_picture` WHERE `id` = 77  [ RunTime:0.0004s ]
SQL: SELECT `path` FROM `mic_picture` WHERE `id` = 79  [ RunTime:0.0003s ]
SQL: SELECT `path` FROM `mic_picture` WHERE `id` = 78  [ RunTime:0.0004s ]
SQL: SELECT `path` FROM `mic_picture` WHERE `id` = 0  [ RunTime:0.0003s ]
SQL: SELECT `path` FROM `mic_picture` WHERE `id` = 0  [ RunTime:0.0002s ]
SQL: SELECT `path` FROM `mic_picture` WHERE `id` = 14  [ RunTime:0.0003s ]
SQL: SELECT `path` FROM `mic_picture` WHERE `id` = 80  [ RunTime:0.0003s ]
SQL: SELECT `path` FROM `mic_picture` WHERE `id` = 0  [ RunTime:0.0003s ]
SQL: SELECT `path` FROM `mic_picture` WHERE `id` = 81  [ RunTime:0.0003s ]
SQL: SELECT `path` FROM `mic_picture` WHERE `id` = 11  [ RunTime:0.0003s ]
SQL: SELECT `path` FROM `mic_picture` WHERE `id` = 83  [ RunTime:0.0003s ]
SQL: SELECT `path` FROM `mic_picture` WHERE `id` = 0  [ RunTime:0.0003s ]
SQL: SELECT `path` FROM `mic_picture` WHERE `id` = 0  [ RunTime:0.0003s ]
SQL: SELECT `path` FROM `mic_picture` WHERE `id` = 0  [ RunTime:0.0002s ]
SQL: SELECT `path` FROM `mic_picture` WHERE `id` = 0  [ RunTime:0.0002s ]
SQL: SELECT `path` FROM `mic_picture` WHERE `id` = 86  [ RunTime:0.0008s ]
SQL: SELECT `path` FROM `mic_picture` WHERE `id` = 85  [ RunTime:0.0003s ]
SQL: SELECT `path` FROM `mic_picture` WHERE `id` = 0  [ RunTime:0.0003s ]
SQL: SELECT `path` FROM `mic_picture` WHERE `id` = 0  [ RunTime:0.0002s ]
SQL: SELECT `path` FROM `mic_picture` WHERE `id` = 0  [ RunTime:0.0002s ]
SQL: SELECT `path` FROM `mic_picture` WHERE `id` = 0  [ RunTime:0.0058s ]
SQL: SELECT `path` FROM `mic_picture` WHERE `id` = 0  [ RunTime:0.0003s ]
SQL: SELECT `path` FROM `mic_picture` WHERE `id` = 0  [ RunTime:0.0003s ]
SQL: SELECT `path` FROM `mic_picture` WHERE `id` = 87  [ RunTime:0.0003s ]
SQL: SELECT `path` FROM `mic_picture` WHERE `id` = 88  [ RunTime:0.0003s ]
SQL: SELECT `path` FROM `mic_picture` WHERE `id` = 90  [ RunTime:0.0003s ]
SQL: SELECT `path` FROM `mic_picture` WHERE `id` = 89  [ RunTime:0.0003s ]
SQL: SELECT `path` FROM `mic_picture` WHERE `id` = 91  [ RunTime:0.0003s ]
SQL: SELECT `path` FROM `mic_picture` WHERE `id` = 92  [ RunTime:0.0003s ]
SQL: SELECT `path` FROM `mic_picture` WHERE `id` = 0  [ RunTime:0.0004s ]
SQL: SELECT `path` FROM `mic_picture` WHERE `id` = 0  [ RunTime:0.0058s ]
SQL: SELECT `path` FROM `mic_picture` WHERE `id` = 0  [ RunTime:0.0003s ]
SQL: SELECT `path` FROM `mic_picture` WHERE `id` = 0  [ RunTime:0.0003s ]
SQL: SELECT `path` FROM `mic_picture` WHERE `id` = 0  [ RunTime:0.0002s ]
SQL: SELECT `path` FROM `mic_picture` WHERE `id` = 0  [ RunTime:0.0004s ]
SQL: SELECT `path` FROM `mic_picture` WHERE `id` = 95  [ RunTime:0.0004s ]
SQL: SELECT `path` FROM `mic_picture` WHERE `id` = 94  [ RunTime:0.0003s ]
SQL: SELECT `path` FROM `mic_picture` WHERE `id` = 106  [ RunTime:0.0003s ]
SQL: SELECT `path` FROM `mic_picture` WHERE `id` = 108  [ RunTime:0.0003s ]
SQL: SELECT `path` FROM `mic_picture` WHERE `id` = 105  [ RunTime:0.0003s ]
SQL: SELECT `path` FROM `mic_picture` WHERE `id` = 104  [ RunTime:0.0003s ]
SQL: SELECT `path` FROM `mic_picture` WHERE `id` = 102  [ RunTime:0.0003s ]
SQL: SELECT `path` FROM `mic_picture` WHERE `id` = 103  [ RunTime:0.0003s ]
INFO: [ view_parse ] --START--
INFO: [ template_filter ] --START--
INFO: Run Behavior\ContentReplaceBehavior [ RunTime:0.000094s ]
INFO: [ template_filter ] --END-- [ RunTime:0.000152s ]
NOTIC: [2] file_put_contents(./Runtime/Cache/Home/234c96bd7cd8162248b6749002ab886c.php): failed to open stream: Permission denied D:\home\site\wwwroot\ThinkPHP\Library\Think\Storage\Driver\File.class.php 第 46 行.
ERR: _STORAGE_WRITE_ERROR_:./Runtime/Cache/Home/234c96bd7cd8162248b6749002ab886c.php

[ 2017-10-30T11:18:24+08:00 ] 223.104.23.96 /
INFO: [ app_init ] --START--
INFO: Run Behavior\BuildLiteBehavior [ RunTime:0.000018s ]
INFO: Run Common\Behavior\InitHookBehavior [ RunTime:0.002573s ]
INFO: [ app_init ] --END-- [ RunTime:0.002693s ]
INFO: [ app_begin ] --START--
INFO: Run Behavior\ReadHtmlCacheBehavior [ RunTime:0.000227s ]
INFO: [ app_begin ] --END-- [ RunTime:0.000282s ]
SQL: SHOW COLUMNS FROM `mic_config` [ RunTime:0.0052s ]
SQL: SELECT `type`,`name`,`value` FROM `mic_config` WHERE `status` = 1  [ RunTime:0.0006s ]
INFO: [ view_parse ] --START--
INFO: [ template_filter ] --START--
INFO: Run Behavior\ContentReplaceBehavior [ RunTime:0.000065s ]
INFO: [ template_filter ] --END-- [ RunTime:0.000127s ]
INFO: Run Behavior\ParseTemplateBehavior [ RunTime:0.032307s ]
INFO: [ view_parse ] --END-- [ RunTime:0.032367s ]
INFO: [ view_filter ] --START--
INFO: Run Behavior\WriteHtmlCacheBehavior [ RunTime:0.000345s ]
INFO: [ view_filter ] --END-- [ RunTime:0.000390s ]
INFO: [ app_end ] --START--
INFO: Run Behavior\ShowPageTraceBehavior [ RunTime:0.000353s ]
INFO: [ app_end ] --END-- [ RunTime:0.000396s ]

[ 2017-10-30T11:18:27+08:00 ] 223.104.23.96 /index.php?s=/Home/Personal
INFO: [ app_init ] --START--
INFO: Run Behavior\BuildLiteBehavior [ RunTime:0.000016s ]
INFO: Run Common\Behavior\InitHookBehavior [ RunTime:0.001800s ]
INFO: [ app_init ] --END-- [ RunTime:0.001911s ]
INFO: [ app_begin ] --START--
INFO: Run Behavior\ReadHtmlCacheBehavior [ RunTime:0.000166s ]
INFO: [ app_begin ] --END-- [ RunTime:0.000215s ]
SQL: SHOW COLUMNS FROM `mic_config` [ RunTime:0.0182s ]
SQL: SELECT `type`,`name`,`value` FROM `mic_config` WHERE `status` = 1  [ RunTime:0.0005s ]
SQL: SHOW COLUMNS FROM `mic_partner` [ RunTime:0.0023s ]
SQL: SELECT * FROM `mic_partner`  [ RunTime:0.0006s ]
SQL: SHOW COLUMNS FROM `mic_picture` [ RunTime:0.0072s ]
SQL: SELECT `path` FROM `mic_picture` WHERE `id` = 54  [ RunTime:0.0104s ]
SQL: SELECT `path` FROM `mic_picture` WHERE `id` = 55  [ RunTime:0.0003s ]
SQL: SELECT `path` FROM `mic_picture` WHERE `id` = 48  [ RunTime:0.0003s ]
SQL: SELECT `path` FROM `mic_picture` WHERE `id` = 49  [ RunTime:0.0003s ]
SQL: SELECT `path` FROM `mic_picture` WHERE `id` = 50  [ RunTime:0.0002s ]
SQL: SELECT `path` FROM `mic_picture` WHERE `id` = 51  [ RunTime:0.0003s ]
SQL: SELECT `path` FROM `mic_picture` WHERE `id` = 52  [ RunTime:0.0003s ]
SQL: SELECT `path` FROM `mic_picture` WHERE `id` = 53  [ RunTime:0.0002s ]
SQL: SELECT `path` FROM `mic_picture` WHERE `id` = 31  [ RunTime:0.0003s ]
SQL: SELECT `path` FROM `mic_picture` WHERE `id` = 32  [ RunTime:0.0003s ]
SQL: SELECT `path` FROM `mic_picture` WHERE `id` = 97  [ RunTime:0.0002s ]
SQL: SELECT `path` FROM `mic_picture` WHERE `id` = 99  [ RunTime:0.0003s ]
SQL: SELECT `path` FROM `mic_picture` WHERE `id` = 42  [ RunTime:0.0003s ]
SQL: SELECT `path` FROM `mic_picture` WHERE `id` = 43  [ RunTime:0.0002s ]
SQL: SELECT `path` FROM `mic_picture` WHERE `id` = 45  [ RunTime:0.0003s ]
SQL: SELECT `path` FROM `mic_picture` WHERE `id` = 46  [ RunTime:0.0003s ]
SQL: SELECT `path` FROM `mic_picture` WHERE `id` = 56  [ RunTime:0.0002s ]
SQL: SELECT `path` FROM `mic_picture` WHERE `id` = 57  [ RunTime:0.0003s ]
SQL: SELECT `path` FROM `mic_picture` WHERE `id` = 58  [ RunTime:0.0060s ]
SQL: SELECT `path` FROM `mic_picture` WHERE `id` = 59  [ RunTime:0.0003s ]
SQL: SELECT `path` FROM `mic_picture` WHERE `id` = 60  [ RunTime:0.0003s ]
SQL: SELECT `path` FROM `mic_picture` WHERE `id` = 61  [ RunTime:0.0003s ]
SQL: SELECT `path` FROM `mic_picture` WHERE `id` = 100  [ RunTime:0.0003s ]
SQL: SELECT `path` FROM `mic_picture` WHERE `id` = 101  [ RunTime:0.0003s ]
SQL: SELECT `path` FROM `mic_picture` WHERE `id` = 0  [ RunTime:0.0002s ]
SQL: SELECT `path` FROM `mic_picture` WHERE `id` = 0  [ RunTime:0.0003s ]
SQL: SELECT `path` FROM `mic_picture` WHERE `id` = 0  [ RunTime:0.0003s ]
SQL: SELECT `path` FROM `mic_picture` WHERE `id` = 0  [ RunTime:0.0002s ]
SQL: SELECT `path` FROM `mic_picture` WHERE `id` = 12  [ RunTime:0.0003s ]
SQL: SELECT `path` FROM `mic_picture` WHERE `id` = 63  [ RunTime:0.0005s ]
SQL: SELECT `path` FROM `mic_picture` WHERE `id` = 13  [ RunTime:0.0003s ]
SQL: SELECT `path` FROM `mic_picture` WHERE `id` = 64  [ RunTime:0.0003s ]
SQL: SELECT `path` FROM `mic_picture` WHERE `id` = 0  [ RunTime:0.0002s ]
SQL: SELECT `path` FROM `mic_picture` WHERE `id` = 0  [ RunTime:0.0002s ]
SQL: SELECT `path` FROM `mic_picture` WHERE `id` = 65  [ RunTime:0.0003s ]
SQL: SELECT `path` FROM `mic_picture` WHERE `id` = 66  [ RunTime:0.0002s ]
SQL: SELECT `path` FROM `mic_picture` WHERE `id` = 68  [ RunTime:0.0003s ]
SQL: SELECT `path` FROM `mic_picture` WHERE `id` = 69  [ RunTime:0.0003s ]
SQL: SELECT `path` FROM `mic_picture` WHERE `id` = 71  [ RunTime:0.0003s ]
SQL: SELECT `path` FROM `mic_picture` WHERE `id` = 70  [ RunTime:0.0060s ]
SQL: SELECT `path` FROM `mic_picture` WHERE `id` = 72  [ RunTime:0.0003s ]
SQL: SELECT `path` FROM `mic_picture` WHERE `id` = 73  [ RunTime:0.0003s ]
SQL: SELECT `path` FROM `mic_picture` WHERE `id` = 0  [ RunTime:0.0003s ]
SQL: SELECT `path` FROM `mic_picture` WHERE `id` = 0  [ RunTime:0.0002s ]
SQL: SELECT `path` FROM `mic_picture` WHERE `id` = 75  [ RunTime:0.0003s ]
SQL: SELECT `path` FROM `mic_picture` WHERE `id` = 74  [ RunTime:0.0003s ]
SQL: SELECT `path` FROM `mic_picture` WHERE `id` = 76  [ RunTime:0.0003s ]
SQL: SELECT `path` FROM `mic_picture` WHERE `id` = 77  [ RunTime:0.0003s ]
SQL: SELECT `path` FROM `mic_picture` WHERE `id` = 79  [ RunTime:0.0003s ]
SQL: SELECT `path` FROM `mic_picture` WHERE `id` = 78  [ RunTime:0.0003s ]
SQL: SELECT `path` FROM `mic_picture` WHERE `id` = 0  [ RunTime:0.0061s ]
SQL: SELECT `path` FROM `mic_picture` WHERE `id` = 0  [ RunTime:0.0002s ]
SQL: SELECT `path` FROM `mic_picture` WHERE `id` = 14  [ RunTime:0.0003s ]
SQL: SELECT `path` FROM `mic_picture` WHERE `id` = 80  [ RunTime:0.0003s ]
SQL: SELECT `path` FROM `mic_picture` WHERE `id` = 0  [ RunTime:0.0003s ]
SQL: SELECT `path` FROM `mic_picture` WHERE `id` = 81  [ RunTime:0.0003s ]
SQL: SELECT `path` FROM `mic_picture` WHERE `id` = 11  [ RunTime:0.0003s ]
SQL: SELECT `path` FROM `mic_picture` WHERE `id` = 83  [ RunTime:0.0003s ]
SQL: SELECT `path` FROM `mic_picture` WHERE `id` = 0  [ RunTime:0.0002s ]
SQL: SELECT `path` FROM `mic_picture` WHERE `id` = 0  [ RunTime:0.0002s ]
SQL: SELECT `path` FROM `mic_picture` WHERE `id` = 0  [ RunTime:0.0002s ]
SQL: SELECT `path` FROM `mic_picture` WHERE `id` = 0  [ RunTime:0.0061s ]
SQL: SELECT `path` FROM `mic_picture` WHERE `id` = 86  [ RunTime:0.0003s ]
SQL: SELECT `path` FROM `mic_picture` WHERE `id` = 85  [ RunTime:0.0003s ]
SQL: SELECT `path` FROM `mic_picture` WHERE `id` = 0  [ RunTime:0.0002s ]
SQL: SELECT `path` FROM `mic_picture` WHERE `id` = 0  [ RunTime:0.0003s ]
SQL: SELECT `path` FROM `mic_picture` WHERE `id` = 0  [ RunTime:0.0003s ]
SQL: SELECT `path` FROM `mic_picture` WHERE `id` = 0  [ RunTime:0.0003s ]
SQL: SELECT `path` FROM `mic_picture` WHERE `id` = 0  [ RunTime:0.0003s ]
SQL: SELECT `path` FROM `mic_picture` WHERE `id` = 0  [ RunTime:0.0002s ]
SQL: SELECT `path` FROM `mic_picture` WHERE `id` = 87  [ RunTime:0.0002s ]
SQL: SELECT `path` FROM `mic_picture` WHERE `id` = 88  [ RunTime:0.0003s ]
SQL: SELECT `path` FROM `mic_picture` WHERE `id` = 90  [ RunTime:0.0003s ]
SQL: SELECT `path` FROM `mic_picture` WHERE `id` = 89  [ RunTime:0.0003s ]
SQL: SELECT `path` FROM `mic_picture` WHERE `id` = 91  [ RunTime:0.0003s ]
SQL: SELECT `path` FROM `mic_picture` WHERE `id` = 92  [ RunTime:0.0002s ]
SQL: SELECT `path` FROM `mic_picture` WHERE `id` = 0  [ RunTime:0.0003s ]
SQL: SELECT `path` FROM `mic_picture` WHERE `id` = 0  [ RunTime:0.0003s ]
SQL: SELECT `path` FROM `mic_picture` WHERE `id` = 0  [ RunTime:0.0002s ]
SQL: SELECT `path` FROM `mic_picture` WHERE `id` = 0  [ RunTime:0.0003s ]
SQL: SELECT `path` FROM `mic_picture` WHERE `id` = 0  [ RunTime:0.0003s ]
SQL: SELECT `path` FROM `mic_picture` WHERE `id` = 0  [ RunTime:0.0002s ]
SQL: SELECT `path` FROM `mic_picture` WHERE `id` = 95  [ RunTime:0.0003s ]
SQL: SELECT `path` FROM `mic_picture` WHERE `id` = 94  [ RunTime:0.0061s ]
SQL: SELECT `path` FROM `mic_picture` WHERE `id` = 106  [ RunTime:0.0003s ]
SQL: SELECT `path` FROM `mic_picture` WHERE `id` = 108  [ RunTime:0.0003s ]
SQL: SELECT `path` FROM `mic_picture` WHERE `id` = 105  [ RunTime:0.0003s ]
SQL: SELECT `path` FROM `mic_picture` WHERE `id` = 104  [ RunTime:0.0003s ]
SQL: SELECT `path` FROM `mic_picture` WHERE `id` = 102  [ RunTime:0.0003s ]
SQL: SELECT `path` FROM `mic_picture` WHERE `id` = 103  [ RunTime:0.0003s ]
INFO: [ view_parse ] --START--
INFO: [ template_filter ] --START--
INFO: Run Behavior\ContentReplaceBehavior [ RunTime:0.000096s ]
INFO: [ template_filter ] --END-- [ RunTime:0.000154s ]
INFO: Run Behavior\ParseTemplateBehavior [ RunTime:0.035235s ]
INFO: [ view_parse ] --END-- [ RunTime:0.035457s ]
INFO: [ view_filter ] --START--
INFO: Run Behavior\WriteHtmlCacheBehavior [ RunTime:0.000232s ]
INFO: [ view_filter ] --END-- [ RunTime:0.000275s ]
INFO: [ app_end ] --START--
INFO: Run Behavior\ShowPageTraceBehavior [ RunTime:0.000204s ]
INFO: [ app_end ] --END-- [ RunTime:0.000259s ]

[ 2017-10-30T21:34:31+08:00 ] 124.225.31.217 /
INFO: [ app_init ] --START--
INFO: Run Behavior\BuildLiteBehavior [ RunTime:0.000022s ]
INFO: Run Common\Behavior\InitHookBehavior [ RunTime:1.274804s ]
INFO: [ app_init ] --END-- [ RunTime:1.381738s ]
INFO: [ app_begin ] --START--
INFO: Run Behavior\ReadHtmlCacheBehavior [ RunTime:0.161091s ]
INFO: [ app_begin ] --END-- [ RunTime:0.161177s ]
SQL: SHOW COLUMNS FROM `mic_config` [ RunTime:0.3542s ]
SQL: SELECT `type`,`name`,`value` FROM `mic_config` WHERE `status` = 1  [ RunTime:0.0377s ]
INFO: [ view_parse ] --START--
INFO: [ template_filter ] --START--
INFO: Run Behavior\ContentReplaceBehavior [ RunTime:0.000067s ]
INFO: [ template_filter ] --END-- [ RunTime:0.000122s ]
INFO: Run Behavior\ParseTemplateBehavior [ RunTime:1.831497s ]
INFO: [ view_parse ] --END-- [ RunTime:1.831569s ]
INFO: [ view_filter ] --START--
INFO: Run Behavior\WriteHtmlCacheBehavior [ RunTime:0.174569s ]
INFO: [ view_filter ] --END-- [ RunTime:0.174643s ]
INFO: [ app_end ] --START--
INFO: Run Behavior\ShowPageTraceBehavior [ RunTime:0.063343s ]
INFO: [ app_end ] --END-- [ RunTime:0.063389s ]

[ 2017-10-30T21:35:01+08:00 ] 124.225.31.217 /index.php?s=/Home/Personal
INFO: [ app_init ] --START--
INFO: Run Behavior\BuildLiteBehavior [ RunTime:0.000018s ]
INFO: Run Common\Behavior\InitHookBehavior [ RunTime:0.012496s ]
INFO: [ app_init ] --END-- [ RunTime:0.012838s ]
INFO: [ app_begin ] --START--
INFO: Run Behavior\ReadHtmlCacheBehavior [ RunTime:0.000332s ]
INFO: [ app_begin ] --END-- [ RunTime:0.000382s ]
SQL: SHOW COLUMNS FROM `mic_config` [ RunTime:0.0176s ]
SQL: SELECT `type`,`name`,`value` FROM `mic_config` WHERE `status` = 1  [ RunTime:0.0006s ]
SQL: SHOW COLUMNS FROM `mic_partner` [ RunTime:0.0084s ]
SQL: SELECT * FROM `mic_partner`  [ RunTime:0.0015s ]
SQL: SHOW COLUMNS FROM `mic_picture` [ RunTime:0.0042s ]
SQL: SELECT `path` FROM `mic_picture` WHERE `id` = 54  [ RunTime:0.0339s ]
SQL: SELECT `path` FROM `mic_picture` WHERE `id` = 55  [ RunTime:0.0003s ]
SQL: SELECT `path` FROM `mic_picture` WHERE `id` = 48  [ RunTime:0.0003s ]
SQL: SELECT `path` FROM `mic_picture` WHERE `id` = 49  [ RunTime:0.0003s ]
SQL: SELECT `path` FROM `mic_picture` WHERE `id` = 50  [ RunTime:0.0003s ]
SQL: SELECT `path` FROM `mic_picture` WHERE `id` = 51  [ RunTime:0.0003s ]
SQL: SELECT `path` FROM `mic_picture` WHERE `id` = 52  [ RunTime:0.0003s ]
SQL: SELECT `path` FROM `mic_picture` WHERE `id` = 53  [ RunTime:0.0002s ]
SQL: SELECT `path` FROM `mic_picture` WHERE `id` = 31  [ RunTime:0.0003s ]
SQL: SELECT `path` FROM `mic_picture` WHERE `id` = 32  [ RunTime:0.0003s ]
SQL: SELECT `path` FROM `mic_picture` WHERE `id` = 97  [ RunTime:0.0003s ]
SQL: SELECT `path` FROM `mic_picture` WHERE `id` = 99  [ RunTime:0.0003s ]
SQL: SELECT `path` FROM `mic_picture` WHERE `id` = 42  [ RunTime:0.0003s ]
SQL: SELECT `path` FROM `mic_picture` WHERE `id` = 43  [ RunTime:0.0003s ]
SQL: SELECT `path` FROM `mic_picture` WHERE `id` = 45  [ RunTime:0.0003s ]
SQL: SELECT `path` FROM `mic_picture` WHERE `id` = 46  [ RunTime:0.0003s ]
SQL: SELECT `path` FROM `mic_picture` WHERE `id` = 56  [ RunTime:0.0002s ]
SQL: SELECT `path` FROM `mic_picture` WHERE `id` = 57  [ RunTime:0.0003s ]
SQL: SELECT `path` FROM `mic_picture` WHERE `id` = 58  [ RunTime:0.0003s ]
SQL: SELECT `path` FROM `mic_picture` WHERE `id` = 59  [ RunTime:0.0063s ]
SQL: SELECT `path` FROM `mic_picture` WHERE `id` = 60  [ RunTime:0.0003s ]
SQL: SELECT `path` FROM `mic_picture` WHERE `id` = 61  [ RunTime:0.0003s ]
SQL: SELECT `path` FROM `mic_picture` WHERE `id` = 100  [ RunTime:0.0003s ]
SQL: SELECT `path` FROM `mic_picture` WHERE `id` = 101  [ RunTime:0.0003s ]
SQL: SELECT `path` FROM `mic_picture` WHERE `id` = 0  [ RunTime:0.0003s ]
SQL: SELECT `path` FROM `mic_picture` WHERE `id` = 0  [ RunTime:0.0002s ]
SQL: SELECT `path` FROM `mic_picture` WHERE `id` = 0  [ RunTime:0.0003s ]
SQL: SELECT `path` FROM `mic_picture` WHERE `id` = 0  [ RunTime:0.0003s ]
SQL: SELECT `path` FROM `mic_picture` WHERE `id` = 12  [ RunTime:0.0003s ]
SQL: SELECT `path` FROM `mic_picture` WHERE `id` = 63  [ RunTime:0.0061s ]
SQL: SELECT `path` FROM `mic_picture` WHERE `id` = 13  [ RunTime:0.0003s ]
SQL: SELECT `path` FROM `mic_picture` WHERE `id` = 64  [ RunTime:0.0003s ]
SQL: SELECT `path` FROM `mic_picture` WHERE `id` = 0  [ RunTime:0.0003s ]
SQL: SELECT `path` FROM `mic_picture` WHERE `id` = 0  [ RunTime:0.0002s ]
SQL: SELECT `path` FROM `mic_picture` WHERE `id` = 65  [ RunTime:0.0003s ]
SQL: SELECT `path` FROM `mic_picture` WHERE `id` = 66  [ RunTime:0.0003s ]
SQL: SELECT `path` FROM `mic_picture` WHERE `id` = 68  [ RunTime:0.0003s ]
SQL: SELECT `path` FROM `mic_picture` WHERE `id` = 69  [ RunTime:0.0003s ]
SQL: SELECT `path` FROM `mic_picture` WHERE `id` = 71  [ RunTime:0.0003s ]
SQL: SELECT `path` FROM `mic_picture` WHERE `id` = 70  [ RunTime:0.0003s ]
SQL: SELECT `path` FROM `mic_picture` WHERE `id` = 72  [ RunTime:0.0064s ]
SQL: SELECT `path` FROM `mic_picture` WHERE `id` = 73  [ RunTime:0.0003s ]
SQL: SELECT `path` FROM `mic_picture` WHERE `id` = 0  [ RunTime:0.0003s ]
SQL: SELECT `path` FROM `mic_picture` WHERE `id` = 0  [ RunTime:0.0002s ]
SQL: SELECT `path` FROM `mic_picture` WHERE `id` = 75  [ RunTime:0.0003s ]
SQL: SELECT `path` FROM `mic_picture` WHERE `id` = 74  [ RunTime:0.0003s ]
SQL: SELECT `path` FROM `mic_picture` WHERE `id` = 76  [ RunTime:0.0003s ]
SQL: SELECT `path` FROM `mic_picture` WHERE `id` = 77  [ RunTime:0.0003s ]
SQL: SELECT `path` FROM `mic_picture` WHERE `id` = 79  [ RunTime:0.0003s ]
SQL: SELECT `path` FROM `mic_picture` WHERE `id` = 78  [ RunTime:0.0003s ]
SQL: SELECT `path` FROM `mic_picture` WHERE `id` = 0  [ RunTime:0.0061s ]
SQL: SELECT `path` FROM `mic_picture` WHERE `id` = 0  [ RunTime:0.0003s ]
SQL: SELECT `path` FROM `mic_picture` WHERE `id` = 14  [ RunTime:0.0003s ]
SQL: SELECT `path` FROM `mic_picture` WHERE `id` = 80  [ RunTime:0.0003s ]
SQL: SELECT `path` FROM `mic_picture` WHERE `id` = 0  [ RunTime:0.0003s ]
SQL: SELECT `path` FROM `mic_picture` WHERE `id` = 81  [ RunTime:0.0003s ]
SQL: SELECT `path` FROM `mic_picture` WHERE `id` = 11  [ RunTime:0.0003s ]
SQL: SELECT `path` FROM `mic_picture` WHERE `id` = 83  [ RunTime:0.0003s ]
SQL: SELECT `path` FROM `mic_picture` WHERE `id` = 0  [ RunTime:0.0003s ]
SQL: SELECT `path` FROM `mic_picture` WHERE `id` = 0  [ RunTime:0.0002s ]
SQL: SELECT `path` FROM `mic_picture` WHERE `id` = 0  [ RunTime:0.0003s ]
SQL: SELECT `path` FROM `mic_picture` WHERE `id` = 0  [ RunTime:0.0003s ]
SQL: SELECT `path` FROM `mic_picture` WHERE `id` = 86  [ RunTime:0.0003s ]
SQL: SELECT `path` FROM `mic_picture` WHERE `id` = 85  [ RunTime:0.0003s ]
SQL: SELECT `path` FROM `mic_picture` WHERE `id` = 0  [ RunTime:0.0003s ]
SQL: SELECT `path` FROM `mic_picture` WHERE `id` = 0  [ RunTime:0.0002s ]
SQL: SELECT `path` FROM `mic_picture` WHERE `id` = 0  [ RunTime:0.0003s ]
SQL: SELECT `path` FROM `mic_picture` WHERE `id` = 0  [ RunTime:0.0002s ]
SQL: SELECT `path` FROM `mic_picture` WHERE `id` = 0  [ RunTime:0.0002s ]
SQL: SELECT `path` FROM `mic_picture` WHERE `id` = 0  [ RunTime:0.0002s ]
SQL: SELECT `path` FROM `mic_picture` WHERE `id` = 87  [ RunTime:0.0003s ]
SQL: SELECT `path` FROM `mic_picture` WHERE `id` = 88  [ RunTime:0.0003s ]
SQL: SELECT `path` FROM `mic_picture` WHERE `id` = 90  [ RunTime:0.0004s ]
SQL: SELECT `path` FROM `mic_picture` WHERE `id` = 89  [ RunTime:0.0003s ]
SQL: SELECT `path` FROM `mic_picture` WHERE `id` = 91  [ RunTime:0.0003s ]
SQL: SELECT `path` FROM `mic_picture` WHERE `id` = 92  [ RunTime:0.0003s ]
SQL: SELECT `path` FROM `mic_picture` WHERE `id` = 0  [ RunTime:0.0003s ]
SQL: SELECT `path` FROM `mic_picture` WHERE `id` = 0  [ RunTime:0.0003s ]
SQL: SELECT `path` FROM `mic_picture` WHERE `id` = 0  [ RunTime:0.0002s ]
SQL: SELECT `path` FROM `mic_picture` WHERE `id` = 0  [ RunTime:0.0003s ]
SQL: SELECT `path` FROM `mic_picture` WHERE `id` = 0  [ RunTime:0.0003s ]
SQL: SELECT `path` FROM `mic_picture` WHERE `id` = 0  [ RunTime:0.0002s ]
SQL: SELECT `path` FROM `mic_picture` WHERE `id` = 95  [ RunTime:0.0062s ]
SQL: SELECT `path` FROM `mic_picture` WHERE `id` = 94  [ RunTime:0.0003s ]
SQL: SELECT `path` FROM `mic_picture` WHERE `id` = 106  [ RunTime:0.0003s ]
SQL: SELECT `path` FROM `mic_picture` WHERE `id` = 108  [ RunTime:0.0003s ]
SQL: SELECT `path` FROM `mic_picture` WHERE `id` = 105  [ RunTime:0.0002s ]
SQL: SELECT `path` FROM `mic_picture` WHERE `id` = 104  [ RunTime:0.0004s ]
SQL: SELECT `path` FROM `mic_picture` WHERE `id` = 102  [ RunTime:0.0003s ]
SQL: SELECT `path` FROM `mic_picture` WHERE `id` = 103  [ RunTime:0.0003s ]
INFO: [ view_parse ] --START--
INFO: [ template_filter ] --START--
INFO: Run Behavior\ContentReplaceBehavior [ RunTime:0.000093s ]
INFO: [ template_filter ] --END-- [ RunTime:0.000151s ]
INFO: Run Behavior\ParseTemplateBehavior [ RunTime:0.512151s ]
INFO: [ view_parse ] --END-- [ RunTime:0.512221s ]
INFO: [ view_filter ] --START--
INFO: Run Behavior\WriteHtmlCacheBehavior [ RunTime:0.001718s ]
INFO: [ view_filter ] --END-- [ RunTime:0.001764s ]
INFO: [ app_end ] --START--
INFO: Run Behavior\ShowPageTraceBehavior [ RunTime:0.000609s ]
INFO: [ app_end ] --END-- [ RunTime:0.000665s ]

[ 2017-10-30T21:36:42+08:00 ] 124.225.31.217 /index.php?s=/Home/Experience
INFO: [ app_init ] --START--
INFO: Run Behavior\BuildLiteBehavior [ RunTime:0.000018s ]
INFO: Run Common\Behavior\InitHookBehavior [ RunTime:0.022742s ]
INFO: [ app_init ] --END-- [ RunTime:0.023057s ]
INFO: [ app_begin ] --START--
INFO: Run Behavior\ReadHtmlCacheBehavior [ RunTime:0.001935s ]
INFO: [ app_begin ] --END-- [ RunTime:0.001997s ]
SQL: SHOW COLUMNS FROM `mic_config` [ RunTime:0.0069s ]
SQL: SELECT `type`,`name`,`value` FROM `mic_config` WHERE `status` = 1  [ RunTime:0.0007s ]
INFO: [ view_parse ] --START--
INFO: [ template_filter ] --START--
INFO: Run Behavior\ContentReplaceBehavior [ RunTime:0.000084s ]
INFO: [ template_filter ] --END-- [ RunTime:0.000136s ]
INFO: Run Behavior\ParseTemplateBehavior [ RunTime:0.183145s ]
INFO: [ view_parse ] --END-- [ RunTime:0.183237s ]
INFO: [ view_filter ] --START--
INFO: Run Behavior\WriteHtmlCacheBehavior [ RunTime:0.000499s ]
INFO: [ view_filter ] --END-- [ RunTime:0.000546s ]
INFO: [ app_end ] --START--
INFO: Run Behavior\ShowPageTraceBehavior [ RunTime:0.000430s ]
INFO: [ app_end ] --END-- [ RunTime:0.000473s ]

[ 2017-10-30T21:36:48+08:00 ] 124.225.31.217 /index.php?s=/Home/Index
INFO: [ app_init ] --START--
INFO: Run Behavior\BuildLiteBehavior [ RunTime:0.000016s ]
INFO: Run Common\Behavior\InitHookBehavior [ RunTime:0.001510s ]
INFO: [ app_init ] --END-- [ RunTime:0.001621s ]
INFO: [ app_begin ] --START--
INFO: Run Behavior\ReadHtmlCacheBehavior [ RunTime:0.000167s ]
INFO: [ app_begin ] --END-- [ RunTime:0.000240s ]
SQL: SHOW COLUMNS FROM `mic_config` [ RunTime:0.0391s ]
SQL: SELECT `type`,`name`,`value` FROM `mic_config` WHERE `status` = 1  [ RunTime:0.0006s ]
INFO: [ view_parse ] --START--
INFO: [ template_filter ] --START--
INFO: Run Behavior\ContentReplaceBehavior [ RunTime:0.000070s ]
INFO: [ template_filter ] --END-- [ RunTime:0.000128s ]
INFO: Run Behavior\ParseTemplateBehavior [ RunTime:0.027897s ]
INFO: [ view_parse ] --END-- [ RunTime:0.027950s ]
INFO: [ view_filter ] --START--
INFO: Run Behavior\WriteHtmlCacheBehavior [ RunTime:0.000298s ]
INFO: [ view_filter ] --END-- [ RunTime:0.000339s ]
INFO: [ app_end ] --START--
INFO: Run Behavior\ShowPageTraceBehavior [ RunTime:0.000312s ]
INFO: [ app_end ] --END-- [ RunTime:0.000353s ]

