[ 2017-10-13T17:30:47+08:00 ] 113.59.99.237 /
INFO: [ app_init ] --START--
INFO: Run Behavior\BuildLiteBehavior [ RunTime:0.000015s ]
INFO: Run Common\Behavior\InitHookBehavior [ RunTime:0.001427s ]
INFO: [ app_init ] --END-- [ RunTime:0.001541s ]
INFO: [ app_begin ] --START--
INFO: Run Behavior\ReadHtmlCacheBehavior [ RunTime:0.000205s ]
INFO: [ app_begin ] --END-- [ RunTime:0.000264s ]
SQL: SHOW COLUMNS FROM `mic_config` [ RunTime:0.4141s ]
SQL: SELECT `type`,`name`,`value` FROM `mic_config` WHERE `status` = 1  [ RunTime:0.1463s ]
INFO: [ view_parse ] --START--
INFO: [ template_filter ] --START--
INFO: Run Behavior\ContentReplaceBehavior [ RunTime:0.000070s ]
INFO: [ template_filter ] --END-- [ RunTime:0.000139s ]
INFO: Run Behavior\ParseTemplateBehavior [ RunTime:0.865933s ]
INFO: [ view_parse ] --END-- [ RunTime:0.866016s ]
INFO: [ view_filter ] --START--
INFO: Run Behavior\WriteHtmlCacheBehavior [ RunTime:0.001036s ]
INFO: [ view_filter ] --END-- [ RunTime:0.001079s ]
INFO: [ app_end ] --START--
INFO: Run Behavior\ShowPageTraceBehavior [ RunTime:0.000294s ]
INFO: [ app_end ] --END-- [ RunTime:0.000333s ]

[ 2017-10-13T17:30:52+08:00 ] 113.59.99.237 /index.php?s=/Home/Personal
INFO: [ app_init ] --START--
INFO: Run Behavior\BuildLiteBehavior [ RunTime:0.000016s ]
INFO: Run Common\Behavior\InitHookBehavior [ RunTime:0.004156s ]
INFO: [ app_init ] --END-- [ RunTime:0.004260s ]
INFO: [ app_begin ] --START--
INFO: Run Behavior\ReadHtmlCacheBehavior [ RunTime:0.000179s ]
INFO: [ app_begin ] --END-- [ RunTime:0.000226s ]
SQL: SHOW COLUMNS FROM `mic_config` [ RunTime:0.0156s ]
SQL: SELECT `type`,`name`,`value` FROM `mic_config` WHERE `status` = 1  [ RunTime:0.0068s ]
SQL: SHOW COLUMNS FROM `mic_partner` [ RunTime:0.0129s ]
SQL: SELECT * FROM `mic_partner`  [ RunTime:0.0007s ]
SQL: SHOW COLUMNS FROM `mic_picture` [ RunTime:0.0005s ]
SQL: SELECT `path` FROM `mic_picture` WHERE `id` = 54  [ RunTime:0.0296s ]
SQL: SELECT `path` FROM `mic_picture` WHERE `id` = 55  [ RunTime:0.0003s ]
SQL: SELECT `path` FROM `mic_picture` WHERE `id` = 48  [ RunTime:0.0003s ]
SQL: SELECT `path` FROM `mic_picture` WHERE `id` = 49  [ RunTime:0.0003s ]
SQL: SELECT `path` FROM `mic_picture` WHERE `id` = 50  [ RunTime:0.0003s ]
SQL: SELECT `path` FROM `mic_picture` WHERE `id` = 51  [ RunTime:0.0003s ]
SQL: SELECT `path` FROM `mic_picture` WHERE `id` = 52  [ RunTime:0.0003s ]
SQL: SELECT `path` FROM `mic_picture` WHERE `id` = 53  [ RunTime:0.0003s ]
SQL: SELECT `path` FROM `mic_picture` WHERE `id` = 31  [ RunTime:0.0003s ]
SQL: SELECT `path` FROM `mic_picture` WHERE `id` = 32  [ RunTime:0.0003s ]
SQL: SELECT `path` FROM `mic_picture` WHERE `id` = 97  [ RunTime:0.0003s ]
SQL: SELECT `path` FROM `mic_picture` WHERE `id` = 99  [ RunTime:0.0003s ]
SQL: SELECT `path` FROM `mic_picture` WHERE `id` = 42  [ RunTime:0.0003s ]
SQL: SELECT `path` FROM `mic_picture` WHERE `id` = 43  [ RunTime:0.0003s ]
SQL: SELECT `path` FROM `mic_picture` WHERE `id` = 45  [ RunTime:0.0003s ]
SQL: SELECT `path` FROM `mic_picture` WHERE `id` = 46  [ RunTime:0.0003s ]
SQL: SELECT `path` FROM `mic_picture` WHERE `id` = 56  [ RunTime:0.0003s ]
SQL: SELECT `path` FROM `mic_picture` WHERE `id` = 57  [ RunTime:0.0003s ]
SQL: SELECT `path` FROM `mic_picture` WHERE `id` = 58  [ RunTime:0.0003s ]
SQL: SELECT `path` FROM `mic_picture` WHERE `id` = 59  [ RunTime:0.0003s ]
SQL: SELECT `path` FROM `mic_picture` WHERE `id` = 60  [ RunTime:0.0004s ]
SQL: SELECT `path` FROM `mic_picture` WHERE `id` = 61  [ RunTime:0.0003s ]
SQL: SELECT `path` FROM `mic_picture` WHERE `id` = 100  [ RunTime:0.0003s ]
SQL: SELECT `path` FROM `mic_picture` WHERE `id` = 101  [ RunTime:0.0003s ]
SQL: SELECT `path` FROM `mic_picture` WHERE `id` = 0  [ RunTime:0.0060s ]
SQL: SELECT `path` FROM `mic_picture` WHERE `id` = 0  [ RunTime:0.0003s ]
SQL: SELECT `path` FROM `mic_picture` WHERE `id` = 0  [ RunTime:0.0002s ]
SQL: SELECT `path` FROM `mic_picture` WHERE `id` = 0  [ RunTime:0.0002s ]
SQL: SELECT `path` FROM `mic_picture` WHERE `id` = 12  [ RunTime:0.0003s ]
SQL: SELECT `path` FROM `mic_picture` WHERE `id` = 63  [ RunTime:0.0003s ]
SQL: SELECT `path` FROM `mic_picture` WHERE `id` = 13  [ RunTime:0.0003s ]
SQL: SELECT `path` FROM `mic_picture` WHERE `id` = 64  [ RunTime:0.0003s ]
SQL: SELECT `path` FROM `mic_picture` WHERE `id` = 0  [ RunTime:0.0003s ]
SQL: SELECT `path` FROM `mic_picture` WHERE `id` = 0  [ RunTime:0.0003s ]
SQL: SELECT `path` FROM `mic_picture` WHERE `id` = 65  [ RunTime:0.0003s ]
SQL: SELECT `path` FROM `mic_picture` WHERE `id` = 66  [ RunTime:0.0060s ]
SQL: SELECT `path` FROM `mic_picture` WHERE `id` = 68  [ RunTime:0.0003s ]
SQL: SELECT `path` FROM `mic_picture` WHERE `id` = 69  [ RunTime:0.0003s ]
SQL: SELECT `path` FROM `mic_picture` WHERE `id` = 71  [ RunTime:0.0003s ]
SQL: SELECT `path` FROM `mic_picture` WHERE `id` = 70  [ RunTime:0.0003s ]
SQL: SELECT `path` FROM `mic_picture` WHERE `id` = 72  [ RunTime:0.0003s ]
SQL: SELECT `path` FROM `mic_picture` WHERE `id` = 73  [ RunTime:0.0003s ]
SQL: SELECT `path` FROM `mic_picture` WHERE `id` = 0  [ RunTime:0.0003s ]
SQL: SELECT `path` FROM `mic_picture` WHERE `id` = 0  [ RunTime:0.0003s ]
SQL: SELECT `path` FROM `mic_picture` WHERE `id` = 75  [ RunTime:0.0003s ]
SQL: SELECT `path` FROM `mic_picture` WHERE `id` = 74  [ RunTime:0.0003s ]
SQL: SELECT `path` FROM `mic_picture` WHERE `id` = 76  [ RunTime:0.0061s ]
SQL: SELECT `path` FROM `mic_picture` WHERE `id` = 77  [ RunTime:0.0003s ]
SQL: SELECT `path` FROM `mic_picture` WHERE `id` = 79  [ RunTime:0.0003s ]
SQL: SELECT `path` FROM `mic_picture` WHERE `id` = 78  [ RunTime:0.0003s ]
SQL: SELECT `path` FROM `mic_picture` WHERE `id` = 0  [ RunTime:0.0003s ]
SQL: SELECT `path` FROM `mic_picture` WHERE `id` = 0  [ RunTime:0.0002s ]
SQL: SELECT `path` FROM `mic_picture` WHERE `id` = 14  [ RunTime:0.0003s ]
SQL: SELECT `path` FROM `mic_picture` WHERE `id` = 80  [ RunTime:0.0003s ]
SQL: SELECT `path` FROM `mic_picture` WHERE `id` = 0  [ RunTime:0.0003s ]
SQL: SELECT `path` FROM `mic_picture` WHERE `id` = 81  [ RunTime:0.0003s ]
SQL: SELECT `path` FROM `mic_picture` WHERE `id` = 11  [ RunTime:0.0003s ]
SQL: SELECT `path` FROM `mic_picture` WHERE `id` = 83  [ RunTime:0.0003s ]
SQL: SELECT `path` FROM `mic_picture` WHERE `id` = 0  [ RunTime:0.0003s ]
SQL: SELECT `path` FROM `mic_picture` WHERE `id` = 0  [ RunTime:0.0002s ]
SQL: SELECT `path` FROM `mic_picture` WHERE `id` = 0  [ RunTime:0.0002s ]
SQL: SELECT `path` FROM `mic_picture` WHERE `id` = 0  [ RunTime:0.0003s ]
SQL: SELECT `path` FROM `mic_picture` WHERE `id` = 86  [ RunTime:0.0003s ]
SQL: SELECT `path` FROM `mic_picture` WHERE `id` = 85  [ RunTime:0.0003s ]
SQL: SELECT `path` FROM `mic_picture` WHERE `id` = 0  [ RunTime:0.0002s ]
SQL: SELECT `path` FROM `mic_picture` WHERE `id` = 0  [ RunTime:0.0002s ]
SQL: SELECT `path` FROM `mic_picture` WHERE `id` = 0  [ RunTime:0.0002s ]
SQL: SELECT `path` FROM `mic_picture` WHERE `id` = 0  [ RunTime:0.0002s ]
SQL: SELECT `path` FROM `mic_picture` WHERE `id` = 0  [ RunTime:0.0060s ]
SQL: SELECT `path` FROM `mic_picture` WHERE `id` = 0  [ RunTime:0.0006s ]
SQL: SELECT `path` FROM `mic_picture` WHERE `id` = 87  [ RunTime:0.0003s ]
SQL: SELECT `path` FROM `mic_picture` WHERE `id` = 88  [ RunTime:0.0003s ]
SQL: SELECT `path` FROM `mic_picture` WHERE `id` = 90  [ RunTime:0.0003s ]
SQL: SELECT `path` FROM `mic_picture` WHERE `id` = 89  [ RunTime:0.0003s ]
SQL: SELECT `path` FROM `mic_picture` WHERE `id` = 91  [ RunTime:0.0003s ]
SQL: SELECT `path` FROM `mic_picture` WHERE `id` = 92  [ RunTime:0.0003s ]
SQL: SELECT `path` FROM `mic_picture` WHERE `id` = 0  [ RunTime:0.0003s ]
SQL: SELECT `path` FROM `mic_picture` WHERE `id` = 0  [ RunTime:0.0003s ]
SQL: SELECT `path` FROM `mic_picture` WHERE `id` = 0  [ RunTime:0.0002s ]
SQL: SELECT `path` FROM `mic_picture` WHERE `id` = 0  [ RunTime:0.0004s ]
SQL: SELECT `path` FROM `mic_picture` WHERE `id` = 0  [ RunTime:0.0003s ]
SQL: SELECT `path` FROM `mic_picture` WHERE `id` = 0  [ RunTime:0.0003s ]
SQL: SELECT `path` FROM `mic_picture` WHERE `id` = 95  [ RunTime:0.0003s ]
SQL: SELECT `path` FROM `mic_picture` WHERE `id` = 94  [ RunTime:0.0003s ]
SQL: SELECT `path` FROM `mic_picture` WHERE `id` = 106  [ RunTime:0.0003s ]
SQL: SELECT `path` FROM `mic_picture` WHERE `id` = 108  [ RunTime:0.0003s ]
SQL: SELECT `path` FROM `mic_picture` WHERE `id` = 105  [ RunTime:0.0003s ]
SQL: SELECT `path` FROM `mic_picture` WHERE `id` = 104  [ RunTime:0.0003s ]
SQL: SELECT `path` FROM `mic_picture` WHERE `id` = 102  [ RunTime:0.0002s ]
SQL: SELECT `path` FROM `mic_picture` WHERE `id` = 103  [ RunTime:0.0062s ]
INFO: [ view_parse ] --START--
INFO: [ template_filter ] --START--
INFO: Run Behavior\ContentReplaceBehavior [ RunTime:0.000081s ]
INFO: [ template_filter ] --END-- [ RunTime:0.000132s ]
INFO: Run Behavior\ParseTemplateBehavior [ RunTime:0.213679s ]
INFO: [ view_parse ] --END-- [ RunTime:0.213762s ]
INFO: [ view_filter ] --START--
INFO: Run Behavior\WriteHtmlCacheBehavior [ RunTime:0.000303s ]
INFO: [ view_filter ] --END-- [ RunTime:0.000344s ]
INFO: [ app_end ] --START--
INFO: Run Behavior\ShowPageTraceBehavior [ RunTime:0.000410s ]
INFO: [ app_end ] --END-- [ RunTime:0.000465s ]

[ 2017-10-13T18:16:39+08:00 ] 113.59.99.237 /?nsukey=l017J6hxbFP%2FzAhIbDXN2ihvPtst6nNeUPqIS%2BUbjjFLRLc7J2cmRJyeVbvA03lBtdikgUzn3SJr1KBf7rHcVtar1bJHnX0L8le1Gr5VH9Z%2FGGl%2FeYcRG6lLrxb2EEdCDFjhrZmKL9nocdjS51WfxhA49RyqdYV5OobvKJkONaV6ZNjU%2F4EeE9tHf6Ta1FWv
INFO: [ app_init ] --START--
INFO: Run Behavior\BuildLiteBehavior [ RunTime:0.000040s ]
INFO: Run Common\Behavior\InitHookBehavior [ RunTime:0.066677s ]
INFO: [ app_init ] --END-- [ RunTime:0.076945s ]
INFO: [ app_begin ] --START--
INFO: Run Behavior\ReadHtmlCacheBehavior [ RunTime:0.013979s ]
INFO: [ app_begin ] --END-- [ RunTime:0.014035s ]
SQL: SHOW COLUMNS FROM `mic_config` [ RunTime:0.2895s ]
SQL: SELECT `type`,`name`,`value` FROM `mic_config` WHERE `status` = 1  [ RunTime:0.0421s ]
INFO: [ view_parse ] --START--
INFO: [ template_filter ] --START--
INFO: Run Behavior\ContentReplaceBehavior [ RunTime:0.000073s ]
INFO: [ template_filter ] --END-- [ RunTime:0.000132s ]
INFO: Run Behavior\ParseTemplateBehavior [ RunTime:0.169287s ]
INFO: [ view_parse ] --END-- [ RunTime:0.169343s ]
INFO: [ view_filter ] --START--
INFO: Run Behavior\WriteHtmlCacheBehavior [ RunTime:0.014892s ]
INFO: [ view_filter ] --END-- [ RunTime:0.020603s ]
INFO: [ app_end ] --START--
INFO: Run Behavior\ShowPageTraceBehavior [ RunTime:0.015565s ]
INFO: [ app_end ] --END-- [ RunTime:0.015612s ]

[ 2017-10-13T18:16:51+08:00 ] 113.59.99.237 /index.php?s=/Home/personal
INFO: [ app_init ] --START--
INFO: Run Behavior\BuildLiteBehavior [ RunTime:0.000020s ]
INFO: Run Common\Behavior\InitHookBehavior [ RunTime:0.011202s ]
INFO: [ app_init ] --END-- [ RunTime:0.011398s ]
INFO: [ app_begin ] --START--
INFO: Run Behavior\ReadHtmlCacheBehavior [ RunTime:0.000234s ]
INFO: [ app_begin ] --END-- [ RunTime:0.000288s ]
SQL: SHOW COLUMNS FROM `mic_config` [ RunTime:0.0480s ]
SQL: SELECT `type`,`name`,`value` FROM `mic_config` WHERE `status` = 1  [ RunTime:0.0161s ]
SQL: SHOW COLUMNS FROM `mic_partner` [ RunTime:0.0696s ]
SQL: SELECT * FROM `mic_partner`  [ RunTime:0.0007s ]
SQL: SHOW COLUMNS FROM `mic_picture` [ RunTime:0.0337s ]
SQL: SELECT `path` FROM `mic_picture` WHERE `id` = 54  [ RunTime:0.0005s ]
SQL: SELECT `path` FROM `mic_picture` WHERE `id` = 55  [ RunTime:0.0003s ]
SQL: SELECT `path` FROM `mic_picture` WHERE `id` = 48  [ RunTime:0.0003s ]
SQL: SELECT `path` FROM `mic_picture` WHERE `id` = 49  [ RunTime:0.0003s ]
SQL: SELECT `path` FROM `mic_picture` WHERE `id` = 50  [ RunTime:0.0003s ]
SQL: SELECT `path` FROM `mic_picture` WHERE `id` = 51  [ RunTime:0.0003s ]
SQL: SELECT `path` FROM `mic_picture` WHERE `id` = 52  [ RunTime:0.0002s ]
SQL: SELECT `path` FROM `mic_picture` WHERE `id` = 53  [ RunTime:0.0003s ]
SQL: SELECT `path` FROM `mic_picture` WHERE `id` = 31  [ RunTime:0.0003s ]
SQL: SELECT `path` FROM `mic_picture` WHERE `id` = 32  [ RunTime:0.0003s ]
SQL: SELECT `path` FROM `mic_picture` WHERE `id` = 97  [ RunTime:0.0002s ]
SQL: SELECT `path` FROM `mic_picture` WHERE `id` = 99  [ RunTime:0.0002s ]
SQL: SELECT `path` FROM `mic_picture` WHERE `id` = 42  [ RunTime:0.0004s ]
SQL: SELECT `path` FROM `mic_picture` WHERE `id` = 43  [ RunTime:0.0003s ]
SQL: SELECT `path` FROM `mic_picture` WHERE `id` = 45  [ RunTime:0.0003s ]
SQL: SELECT `path` FROM `mic_picture` WHERE `id` = 46  [ RunTime:0.0003s ]
SQL: SELECT `path` FROM `mic_picture` WHERE `id` = 56  [ RunTime:0.0003s ]
SQL: SELECT `path` FROM `mic_picture` WHERE `id` = 57  [ RunTime:0.0002s ]
SQL: SELECT `path` FROM `mic_picture` WHERE `id` = 58  [ RunTime:0.0058s ]
SQL: SELECT `path` FROM `mic_picture` WHERE `id` = 59  [ RunTime:0.0003s ]
SQL: SELECT `path` FROM `mic_picture` WHERE `id` = 60  [ RunTime:0.0003s ]
SQL: SELECT `path` FROM `mic_picture` WHERE `id` = 61  [ RunTime:0.0003s ]
SQL: SELECT `path` FROM `mic_picture` WHERE `id` = 100  [ RunTime:0.0003s ]
SQL: SELECT `path` FROM `mic_picture` WHERE `id` = 101  [ RunTime:0.0003s ]
SQL: SELECT `path` FROM `mic_picture` WHERE `id` = 0  [ RunTime:0.0004s ]
SQL: SELECT `path` FROM `mic_picture` WHERE `id` = 0  [ RunTime:0.0005s ]
SQL: SELECT `path` FROM `mic_picture` WHERE `id` = 0  [ RunTime:0.0003s ]
SQL: SELECT `path` FROM `mic_picture` WHERE `id` = 0  [ RunTime:0.0002s ]
SQL: SELECT `path` FROM `mic_picture` WHERE `id` = 12  [ RunTime:0.0059s ]
SQL: SELECT `path` FROM `mic_picture` WHERE `id` = 63  [ RunTime:0.0004s ]
SQL: SELECT `path` FROM `mic_picture` WHERE `id` = 13  [ RunTime:0.0003s ]
SQL: SELECT `path` FROM `mic_picture` WHERE `id` = 64  [ RunTime:0.0003s ]
SQL: SELECT `path` FROM `mic_picture` WHERE `id` = 0  [ RunTime:0.0003s ]
SQL: SELECT `path` FROM `mic_picture` WHERE `id` = 0  [ RunTime:0.0003s ]
SQL: SELECT `path` FROM `mic_picture` WHERE `id` = 65  [ RunTime:0.0003s ]
SQL: SELECT `path` FROM `mic_picture` WHERE `id` = 66  [ RunTime:0.0002s ]
SQL: SELECT `path` FROM `mic_picture` WHERE `id` = 68  [ RunTime:0.0002s ]
SQL: SELECT `path` FROM `mic_picture` WHERE `id` = 69  [ RunTime:0.0003s ]
SQL: SELECT `path` FROM `mic_picture` WHERE `id` = 71  [ RunTime:0.0057s ]
SQL: SELECT `path` FROM `mic_picture` WHERE `id` = 70  [ RunTime:0.0003s ]
SQL: SELECT `path` FROM `mic_picture` WHERE `id` = 72  [ RunTime:0.0003s ]
SQL: SELECT `path` FROM `mic_picture` WHERE `id` = 73  [ RunTime:0.0003s ]
SQL: SELECT `path` FROM `mic_picture` WHERE `id` = 0  [ RunTime:0.0002s ]
SQL: SELECT `path` FROM `mic_picture` WHERE `id` = 0  [ RunTime:0.0002s ]
SQL: SELECT `path` FROM `mic_picture` WHERE `id` = 75  [ RunTime:0.0003s ]
SQL: SELECT `path` FROM `mic_picture` WHERE `id` = 74  [ RunTime:0.0003s ]
SQL: SELECT `path` FROM `mic_picture` WHERE `id` = 76  [ RunTime:0.0002s ]
SQL: SELECT `path` FROM `mic_picture` WHERE `id` = 77  [ RunTime:0.0002s ]
SQL: SELECT `path` FROM `mic_picture` WHERE `id` = 79  [ RunTime:0.0002s ]
SQL: SELECT `path` FROM `mic_picture` WHERE `id` = 78  [ RunTime:0.0059s ]
SQL: SELECT `path` FROM `mic_picture` WHERE `id` = 0  [ RunTime:0.0002s ]
SQL: SELECT `path` FROM `mic_picture` WHERE `id` = 0  [ RunTime:0.0002s ]
SQL: SELECT `path` FROM `mic_picture` WHERE `id` = 14  [ RunTime:0.0003s ]
SQL: SELECT `path` FROM `mic_picture` WHERE `id` = 80  [ RunTime:0.0003s ]
SQL: SELECT `path` FROM `mic_picture` WHERE `id` = 0  [ RunTime:0.0002s ]
SQL: SELECT `path` FROM `mic_picture` WHERE `id` = 81  [ RunTime:0.0002s ]
SQL: SELECT `path` FROM `mic_picture` WHERE `id` = 11  [ RunTime:0.0002s ]
SQL: SELECT `path` FROM `mic_picture` WHERE `id` = 83  [ RunTime:0.0003s ]
SQL: SELECT `path` FROM `mic_picture` WHERE `id` = 0  [ RunTime:0.0003s ]
SQL: SELECT `path` FROM `mic_picture` WHERE `id` = 0  [ RunTime:0.0002s ]
SQL: SELECT `path` FROM `mic_picture` WHERE `id` = 0  [ RunTime:0.0004s ]
SQL: SELECT `path` FROM `mic_picture` WHERE `id` = 0  [ RunTime:0.0003s ]
SQL: SELECT `path` FROM `mic_picture` WHERE `id` = 86  [ RunTime:0.0006s ]
SQL: SELECT `path` FROM `mic_picture` WHERE `id` = 85  [ RunTime:0.0003s ]
SQL: SELECT `path` FROM `mic_picture` WHERE `id` = 0  [ RunTime:0.0002s ]
SQL: SELECT `path` FROM `mic_picture` WHERE `id` = 0  [ RunTime:0.0003s ]
SQL: SELECT `path` FROM `mic_picture` WHERE `id` = 0  [ RunTime:0.0003s ]
SQL: SELECT `path` FROM `mic_picture` WHERE `id` = 0  [ RunTime:0.0003s ]
SQL: SELECT `path` FROM `mic_picture` WHERE `id` = 0  [ RunTime:0.0003s ]
SQL: SELECT `path` FROM `mic_picture` WHERE `id` = 0  [ RunTime:0.0057s ]
SQL: SELECT `path` FROM `mic_picture` WHERE `id` = 87  [ RunTime:0.0003s ]
SQL: SELECT `path` FROM `mic_picture` WHERE `id` = 88  [ RunTime:0.0003s ]
SQL: SELECT `path` FROM `mic_picture` WHERE `id` = 90  [ RunTime:0.0003s ]
SQL: SELECT `path` FROM `mic_picture` WHERE `id` = 89  [ RunTime:0.0002s ]
SQL: SELECT `path` FROM `mic_picture` WHERE `id` = 91  [ RunTime:0.0002s ]
SQL: SELECT `path` FROM `mic_picture` WHERE `id` = 92  [ RunTime:0.0002s ]
SQL: SELECT `path` FROM `mic_picture` WHERE `id` = 0  [ RunTime:0.0005s ]
SQL: SELECT `path` FROM `mic_picture` WHERE `id` = 0  [ RunTime:0.0003s ]
SQL: SELECT `path` FROM `mic_picture` WHERE `id` = 0  [ RunTime:0.0002s ]
SQL: SELECT `path` FROM `mic_picture` WHERE `id` = 0  [ RunTime:0.0002s ]
SQL: SELECT `path` FROM `mic_picture` WHERE `id` = 0  [ RunTime:0.0057s ]
SQL: SELECT `path` FROM `mic_picture` WHERE `id` = 0  [ RunTime:0.0004s ]
SQL: SELECT `path` FROM `mic_picture` WHERE `id` = 95  [ RunTime:0.0003s ]
SQL: SELECT `path` FROM `mic_picture` WHERE `id` = 94  [ RunTime:0.0003s ]
SQL: SELECT `path` FROM `mic_picture` WHERE `id` = 106  [ RunTime:0.0003s ]
SQL: SELECT `path` FROM `mic_picture` WHERE `id` = 108  [ RunTime:0.0003s ]
SQL: SELECT `path` FROM `mic_picture` WHERE `id` = 105  [ RunTime:0.0003s ]
SQL: SELECT `path` FROM `mic_picture` WHERE `id` = 104  [ RunTime:0.0003s ]
SQL: SELECT `path` FROM `mic_picture` WHERE `id` = 102  [ RunTime:0.0003s ]
SQL: SELECT `path` FROM `mic_picture` WHERE `id` = 103  [ RunTime:0.0003s ]
INFO: [ view_parse ] --START--
INFO: [ template_filter ] --START--
INFO: Run Behavior\ContentReplaceBehavior [ RunTime:0.000082s ]
INFO: [ template_filter ] --END-- [ RunTime:0.000129s ]
INFO: Run Behavior\ParseTemplateBehavior [ RunTime:0.072709s ]
INFO: [ view_parse ] --END-- [ RunTime:0.072766s ]
INFO: [ view_filter ] --START--
INFO: Run Behavior\WriteHtmlCacheBehavior [ RunTime:0.002657s ]
INFO: [ view_filter ] --END-- [ RunTime:0.002700s ]
INFO: [ app_end ] --START--
INFO: Run Behavior\ShowPageTraceBehavior [ RunTime:0.000307s ]
INFO: [ app_end ] --END-- [ RunTime:0.000350s ]

