[ 2017-10-27T14:19:21+08:00 ] 202.100.214.105 /
INFO: [ app_init ] --START--
INFO: Run Behavior\BuildLiteBehavior [ RunTime:0.000019s ]
INFO: Run Common\Behavior\InitHookBehavior [ RunTime:1.270225s ]
INFO: [ app_init ] --END-- [ RunTime:1.340108s ]
INFO: [ app_begin ] --START--
INFO: Run Behavior\ReadHtmlCacheBehavior [ RunTime:0.111256s ]
INFO: [ app_begin ] --END-- [ RunTime:0.111337s ]
SQL: SHOW COLUMNS FROM `mic_config` [ RunTime:0.5763s ]
SQL: SELECT `type`,`name`,`value` FROM `mic_config` WHERE `status` = 1  [ RunTime:0.0670s ]
INFO: [ view_parse ] --START--
INFO: [ template_filter ] --START--
INFO: Run Behavior\ContentReplaceBehavior [ RunTime:0.000082s ]
INFO: [ template_filter ] --END-- [ RunTime:0.000142s ]
INFO: Run Behavior\ParseTemplateBehavior [ RunTime:1.895721s ]
INFO: [ view_parse ] --END-- [ RunTime:1.895804s ]
INFO: [ view_filter ] --START--
INFO: Run Behavior\WriteHtmlCacheBehavior [ RunTime:0.054468s ]
INFO: [ view_filter ] --END-- [ RunTime:0.054520s ]
INFO: [ app_end ] --START--
INFO: Run Behavior\ShowPageTraceBehavior [ RunTime:0.043873s ]
INFO: [ app_end ] --END-- [ RunTime:0.043920s ]

[ 2017-10-27T14:19:25+08:00 ] 202.100.214.105 /
INFO: [ app_init ] --START--
INFO: Run Behavior\BuildLiteBehavior [ RunTime:0.000019s ]
INFO: Run Common\Behavior\InitHookBehavior [ RunTime:0.009662s ]
INFO: [ app_init ] --END-- [ RunTime:0.009802s ]
INFO: [ app_begin ] --START--
INFO: Run Behavior\ReadHtmlCacheBehavior [ RunTime:0.000203s ]
INFO: [ app_begin ] --END-- [ RunTime:0.000254s ]
SQL: SHOW COLUMNS FROM `mic_config` [ RunTime:0.0080s ]
SQL: SELECT `type`,`name`,`value` FROM `mic_config` WHERE `status` = 1  [ RunTime:0.0005s ]
INFO: [ view_parse ] --START--
INFO: [ template_filter ] --START--
INFO: Run Behavior\ContentReplaceBehavior [ RunTime:0.000060s ]
INFO: [ template_filter ] --END-- [ RunTime:0.000118s ]
INFO: Run Behavior\ParseTemplateBehavior [ RunTime:0.077394s ]
INFO: [ view_parse ] --END-- [ RunTime:0.077453s ]
INFO: [ view_filter ] --START--
INFO: Run Behavior\WriteHtmlCacheBehavior [ RunTime:0.009533s ]
INFO: [ view_filter ] --END-- [ RunTime:0.009576s ]
INFO: [ app_end ] --START--
INFO: Run Behavior\ShowPageTraceBehavior [ RunTime:0.000298s ]
INFO: [ app_end ] --END-- [ RunTime:0.000350s ]

