[ 2017-10-25T10:24:32+08:00 ] 113.59.99.237 /
INFO: [ app_init ] --START--
INFO: Run Behavior\BuildLiteBehavior [ RunTime:0.000020s ]
INFO: Run Common\Behavior\InitHookBehavior [ RunTime:1.445774s ]
INFO: [ app_init ] --END-- [ RunTime:1.735187s ]
INFO: [ app_begin ] --START--
INFO: Run Behavior\ReadHtmlCacheBehavior [ RunTime:0.064110s ]
INFO: [ app_begin ] --END-- [ RunTime:0.064186s ]
SQL: SHOW COLUMNS FROM `mic_config` [ RunTime:1.5085s ]
SQL: SELECT `type`,`name`,`value` FROM `mic_config` WHERE `status` = 1  [ RunTime:0.1378s ]
INFO: [ view_parse ] --START--
INFO: [ template_filter ] --START--
INFO: Run Behavior\ContentReplaceBehavior [ RunTime:0.000072s ]
INFO: [ template_filter ] --END-- [ RunTime:0.000142s ]
INFO: Run Behavior\ParseTemplateBehavior [ RunTime:3.503328s ]
INFO: [ view_parse ] --END-- [ RunTime:3.503418s ]
INFO: [ view_filter ] --START--
INFO: Run Behavior\WriteHtmlCacheBehavior [ RunTime:0.044996s ]
INFO: [ view_filter ] --END-- [ RunTime:0.045061s ]
INFO: [ app_end ] --START--
INFO: Run Behavior\ShowPageTraceBehavior [ RunTime:0.146668s ]
INFO: [ app_end ] --END-- [ RunTime:0.146729s ]

