[ 2017-10-28T13:29:44+08:00 ] 221.182.236.66 /
INFO: [ app_init ] --START--
INFO: Run Behavior\BuildLiteBehavior [ RunTime:0.000019s ]
INFO: Run Common\Behavior\InitHookBehavior [ RunTime:1.714113s ]
INFO: [ app_init ] --END-- [ RunTime:1.794982s ]
INFO: [ app_begin ] --START--
INFO: Run Behavior\ReadHtmlCacheBehavior [ RunTime:0.058892s ]
INFO: [ app_begin ] --END-- [ RunTime:0.058961s ]
SQL: SHOW COLUMNS FROM `mic_config` [ RunTime:1.5532s ]
SQL: SELECT `type`,`name`,`value` FROM `mic_config` WHERE `status` = 1  [ RunTime:0.0606s ]
INFO: [ view_parse ] --START--
INFO: [ template_filter ] --START--
INFO: Run Behavior\ContentReplaceBehavior [ RunTime:0.000065s ]
INFO: [ template_filter ] --END-- [ RunTime:0.000119s ]
INFO: Run Behavior\ParseTemplateBehavior [ RunTime:1.733880s ]
INFO: [ view_parse ] --END-- [ RunTime:1.733998s ]
INFO: [ view_filter ] --START--
INFO: Run Behavior\WriteHtmlCacheBehavior [ RunTime:0.119619s ]
INFO: [ view_filter ] --END-- [ RunTime:0.119692s ]
INFO: [ app_end ] --START--
INFO: Run Behavior\ShowPageTraceBehavior [ RunTime:0.068775s ]
INFO: [ app_end ] --END-- [ RunTime:0.068818s ]

[ 2017-10-28T13:29:44+08:00 ] 45.76.214.154 /
INFO: [ app_init ] --START--
INFO: Run Behavior\BuildLiteBehavior [ RunTime:0.000023s ]
INFO: Run Common\Behavior\InitHookBehavior [ RunTime:1.721306s ]
INFO: [ app_init ] --END-- [ RunTime:1.788886s ]
INFO: [ app_begin ] --START--
INFO: Run Behavior\ReadHtmlCacheBehavior [ RunTime:0.072670s ]
INFO: [ app_begin ] --END-- [ RunTime:0.072744s ]
SQL: SHOW COLUMNS FROM `mic_config` [ RunTime:1.5539s ]
SQL: SELECT `type`,`name`,`value` FROM `mic_config` WHERE `status` = 1  [ RunTime:0.0606s ]
INFO: [ view_parse ] --START--
INFO: [ template_filter ] --START--
INFO: Run Behavior\ContentReplaceBehavior [ RunTime:0.000089s ]
INFO: [ template_filter ] --END-- [ RunTime:0.000145s ]
INFO: Run Behavior\ParseTemplateBehavior [ RunTime:1.759237s ]
INFO: [ view_parse ] --END-- [ RunTime:1.759320s ]
INFO: [ view_filter ] --START--
INFO: Run Behavior\WriteHtmlCacheBehavior [ RunTime:0.096668s ]
INFO: [ view_filter ] --END-- [ RunTime:0.096720s ]
INFO: [ app_end ] --START--
INFO: Run Behavior\ShowPageTraceBehavior [ RunTime:0.068601s ]
INFO: [ app_end ] --END-- [ RunTime:0.068647s ]

[ 2017-10-28T15:20:04+08:00 ] 42.156.251.195 /
INFO: [ app_init ] --START--
INFO: Run Behavior\BuildLiteBehavior [ RunTime:0.000020s ]
INFO: Run Common\Behavior\InitHookBehavior [ RunTime:1.356171s ]
INFO: [ app_init ] --END-- [ RunTime:1.399370s ]
INFO: [ app_begin ] --START--
INFO: Run Behavior\ReadHtmlCacheBehavior [ RunTime:0.043047s ]
INFO: [ app_begin ] --END-- [ RunTime:0.043113s ]
SQL: SHOW COLUMNS FROM `mic_config` [ RunTime:0.0103s ]
SQL: SELECT `type`,`name`,`value` FROM `mic_config` WHERE `status` = 1  [ RunTime:0.0007s ]
INFO: [ view_parse ] --START--
INFO: [ template_filter ] --START--
INFO: Run Behavior\ContentReplaceBehavior [ RunTime:0.000087s ]
INFO: [ template_filter ] --END-- [ RunTime:0.000144s ]
INFO: Run Behavior\ParseTemplateBehavior [ RunTime:0.862706s ]
INFO: [ view_parse ] --END-- [ RunTime:0.862778s ]
INFO: [ view_filter ] --START--
INFO: Run Behavior\WriteHtmlCacheBehavior [ RunTime:0.046076s ]
INFO: [ view_filter ] --END-- [ RunTime:0.046125s ]
INFO: [ app_end ] --START--
INFO: Run Behavior\ShowPageTraceBehavior [ RunTime:0.106075s ]
INFO: [ app_end ] --END-- [ RunTime:0.106125s ]

