[ 2017-08-09T09:22:47+08:00 ] ::1 /onethink/admin.php?s=/Article/index.html
INFO: [ app_init ] --START--
INFO: Run Behavior\BuildLiteBehavior [ RunTime:0.000027s ]
INFO: Run Common\Behavior\InitHookBehavior [ RunTime:0.005141s ]
INFO: [ app_init ] --END-- [ RunTime:0.006088s ]
INFO: [ app_begin ] --START--
INFO: Run Behavior\ReadHtmlCacheBehavior [ RunTime:0.001886s ]
INFO: [ app_begin ] --END-- [ RunTime:0.002033s ]

[ 2017-08-09T09:22:47+08:00 ] ::1 /onethink/admin.php?s=/Public/login.html
INFO: [ app_init ] --START--
INFO: Run Behavior\BuildLiteBehavior [ RunTime:0.000023s ]
INFO: Run Common\Behavior\InitHookBehavior [ RunTime:0.003156s ]
INFO: [ app_init ] --END-- [ RunTime:0.003928s ]
INFO: [ app_begin ] --START--
INFO: Run Behavior\ReadHtmlCacheBehavior [ RunTime:0.000911s ]
INFO: [ app_begin ] --END-- [ RunTime:0.000988s ]
INFO: [ view_parse ] --START--
INFO: [ template_filter ] --START--
INFO: Run Behavior\ContentReplaceBehavior [ RunTime:0.000111s ]
INFO: [ template_filter ] --END-- [ RunTime:0.000187s ]
INFO: Run Behavior\ParseTemplateBehavior [ RunTime:0.230362s ]
INFO: [ view_parse ] --END-- [ RunTime:0.230537s ]
INFO: [ view_filter ] --START--
INFO: Run Behavior\WriteHtmlCacheBehavior [ RunTime:0.000742s ]
INFO: [ view_filter ] --END-- [ RunTime:0.000799s ]
INFO: [ app_end ] --START--
INFO: Run Behavior\ShowPageTraceBehavior [ RunTime:0.001178s ]
INFO: [ app_end ] --END-- [ RunTime:0.001238s ]

[ 2017-08-09T09:22:47+08:00 ] ::1 /onethink/admin.php?s=/Public/verify.html
INFO: [ app_init ] --START--
INFO: Run Behavior\BuildLiteBehavior [ RunTime:0.000021s ]
INFO: Run Common\Behavior\InitHookBehavior [ RunTime:0.004351s ]
INFO: [ app_init ] --END-- [ RunTime:0.005072s ]
INFO: [ app_begin ] --START--
INFO: Run Behavior\ReadHtmlCacheBehavior [ RunTime:0.000951s ]
INFO: [ app_begin ] --END-- [ RunTime:0.001032s ]
INFO: [ app_end ] --START--
INFO: Run Behavior\ShowPageTraceBehavior [ RunTime:0.001276s ]
INFO: [ app_end ] --END-- [ RunTime:0.001362s ]

[ 2017-08-09T09:22:48+08:00 ] ::1 /onethink/admin.php?s=/Public/login.html
INFO: [ app_init ] --START--
INFO: Run Behavior\BuildLiteBehavior [ RunTime:0.000047s ]
INFO: Run Common\Behavior\InitHookBehavior [ RunTime:0.005681s ]
INFO: [ app_init ] --END-- [ RunTime:0.006611s ]
INFO: [ app_begin ] --START--
INFO: Run Behavior\ReadHtmlCacheBehavior [ RunTime:0.001140s ]
INFO: [ app_begin ] --END-- [ RunTime:0.001235s ]
INFO: [ view_parse ] --START--
INFO: [ template_filter ] --START--
INFO: Run Behavior\ContentReplaceBehavior [ RunTime:0.000261s ]
INFO: [ template_filter ] --END-- [ RunTime:0.000501s ]
INFO: Run Behavior\ParseTemplateBehavior [ RunTime:0.012259s ]
INFO: [ view_parse ] --END-- [ RunTime:0.012341s ]
INFO: [ view_filter ] --START--
INFO: Run Behavior\WriteHtmlCacheBehavior [ RunTime:0.000729s ]
INFO: [ view_filter ] --END-- [ RunTime:0.000794s ]
INFO: [ app_end ] --START--
INFO: Run Behavior\ShowPageTraceBehavior [ RunTime:0.001134s ]
INFO: [ app_end ] --END-- [ RunTime:0.001200s ]

[ 2017-08-09T09:22:48+08:00 ] ::1 /onethink/admin.php?s=/Public/verify.html
INFO: [ app_init ] --START--
INFO: Run Behavior\BuildLiteBehavior [ RunTime:0.000022s ]
INFO: Run Common\Behavior\InitHookBehavior [ RunTime:0.005304s ]
INFO: [ app_init ] --END-- [ RunTime:0.006029s ]
INFO: [ app_begin ] --START--
INFO: Run Behavior\ReadHtmlCacheBehavior [ RunTime:0.001220s ]
INFO: [ app_begin ] --END-- [ RunTime:0.001330s ]
INFO: [ app_end ] --START--
INFO: Run Behavior\ShowPageTraceBehavior [ RunTime:0.001660s ]
INFO: [ app_end ] --END-- [ RunTime:0.001868s ]

[ 2017-08-09T09:23:05+08:00 ] ::1 /onethink/admin.php?s=/Public/login.html
INFO: [ app_init ] --START--
INFO: Run Behavior\BuildLiteBehavior [ RunTime:0.000021s ]
INFO: Run Common\Behavior\InitHookBehavior [ RunTime:0.003850s ]
INFO: [ app_init ] --END-- [ RunTime:0.004678s ]
INFO: [ app_begin ] --START--
INFO: Run Behavior\ReadHtmlCacheBehavior [ RunTime:0.001181s ]
INFO: [ app_begin ] --END-- [ RunTime:0.001261s ]
NOTIC: [8] Undefined index: lite F:\tool\php\WWW\oneThink\ThinkPHP\Library\Think\Db.class.php 第 37 行.
SQL: SHOW COLUMNS FROM `mic_member` [ RunTime:0.0364s ]
SQL: SELECT `uid`,`nickname`,`sex`,`birthday`,`qq`,`score`,`login`,`reg_ip`,`reg_time`,`last_login_ip`,`last_login_time`,`status` FROM `mic_member` WHERE `uid` = 1 LIMIT 1   [ RunTime:0.0012s ]
SQL: SHOW COLUMNS FROM `mic_action` [ RunTime:0.0267s ]
SQL: SELECT * FROM `mic_action` WHERE `name` = 'user_login' LIMIT 1   [ RunTime:0.0009s ]
SQL: SHOW COLUMNS FROM `mic_action_log` [ RunTime:0.0157s ]
SQL: INSERT INTO `mic_action_log` (`action_id`,`user_id`,`action_ip`,`model`,`record_id`,`create_time`,`remark`) VALUES ('1','1','0','member','1','1502241784','xuwei在2017-08-09 09:23登录了后台') [ RunTime:0.0245s ]
SQL: SELECT * FROM `mic_action` WHERE `name` = 'user_login' LIMIT 1   [ RunTime:0.0005s ]
NOTIC: [8] Undefined offset: 1 F:\tool\php\WWW\oneThink\Application\Common\Common\function.php 第 679 行.
NOTIC: [2] array_key_exists() expects parameter 2 to be array, null given F:\tool\php\WWW\oneThink\Application\Common\Common\function.php 第 679 行.
SQL: SELECT COUNT(*) AS tp_count FROM `mic_action_log` WHERE `action_id` = 1 AND `user_id` = 1 AND `create_time` > 1502155384 LIMIT 1   [ RunTime:0.2663s ]
SQL: UPDATE `mic_member` SET `login`=`login`+1,`last_login_time`='1502241784',`last_login_ip`='0' WHERE `uid` = 1 [ RunTime:0.0009s ]

[ 2017-08-09T09:23:05+08:00 ] ::1 /onethink/admin.php?s=/Index/index.html
INFO: [ app_init ] --START--
INFO: Run Behavior\BuildLiteBehavior [ RunTime:0.000022s ]
INFO: Run Common\Behavior\InitHookBehavior [ RunTime:0.002803s ]
INFO: [ app_init ] --END-- [ RunTime:0.003565s ]
INFO: [ app_begin ] --START--
INFO: Run Behavior\ReadHtmlCacheBehavior [ RunTime:0.001069s ]
INFO: [ app_begin ] --END-- [ RunTime:0.001207s ]
SQL: SHOW COLUMNS FROM `mic_menu` [ RunTime:0.0521s ]
SQL: SELECT `id`,`title`,`url` FROM `mic_menu` WHERE `pid` = 0 AND `hide` = 0 ORDER BY sort asc  [ RunTime:0.0006s ]
SQL: SELECT `pid` FROM `mic_menu` WHERE ( pid !=0 AND url like '%Index/index%' ) LIMIT 1   [ RunTime:0.0013s ]
INFO: [ view_parse ] --START--
INFO: [ template_filter ] --START--
INFO: Run Behavior\ContentReplaceBehavior [ RunTime:0.000178s ]
INFO: [ template_filter ] --END-- [ RunTime:0.000254s ]
INFO: [ AdminIndex ] --START--
SQL: SHOW COLUMNS FROM `mic_addons` [ RunTime:0.0559s ]
SQL: SELECT `config` FROM `mic_addons` WHERE `name` = 'SiteStat' AND `status` = 1 LIMIT 1   [ RunTime:0.0005s ]
SQL: SHOW COLUMNS FROM `mic_member` [ RunTime:0.0054s ]
SQL: SELECT COUNT(*) AS tp_count FROM `mic_member` LIMIT 1   [ RunTime:0.0004s ]
SQL: SHOW COLUMNS FROM `mic_action_log` [ RunTime:0.0054s ]
SQL: SELECT COUNT(*) AS tp_count FROM `mic_action_log` LIMIT 1   [ RunTime:0.0008s ]
SQL: SHOW COLUMNS FROM `mic_document` [ RunTime:0.0137s ]
SQL: SELECT COUNT(*) AS tp_count FROM `mic_document` LIMIT 1   [ RunTime:0.0003s ]
SQL: SHOW COLUMNS FROM `mic_category` [ RunTime:0.0260s ]
SQL: SELECT COUNT(*) AS tp_count FROM `mic_category` LIMIT 1   [ RunTime:0.0003s ]
SQL: SHOW COLUMNS FROM `mic_model` [ RunTime:0.0065s ]
SQL: SELECT COUNT(*) AS tp_count FROM `mic_model` LIMIT 1   [ RunTime:0.0008s ]
INFO: [ view_parse ] --START--
INFO: [ template_filter ] --START--
INFO: Run Behavior\ContentReplaceBehavior [ RunTime:0.000066s ]
INFO: [ template_filter ] --END-- [ RunTime:-0.128663s ]
INFO: Run Behavior\ParseTemplateBehavior [ RunTime:0.004210s ]
INFO: [ view_parse ] --END-- [ RunTime:0.004337s ]
INFO: [ view_filter ] --START--
INFO: Run Behavior\WriteHtmlCacheBehavior [ RunTime:0.000796s ]
INFO: [ view_filter ] --END-- [ RunTime:0.000860s ]
INFO: Run Addons\SiteStat\SiteStatAddon [ RunTime:0.128900s ]
SQL: SELECT `config` FROM `mic_addons` WHERE `name` = 'SystemInfo' AND `status` = 1 LIMIT 1   [ RunTime:0.0005s ]
INFO: [ view_parse ] --START--
INFO: [ template_filter ] --START--
INFO: Run Behavior\ContentReplaceBehavior [ RunTime:0.000064s ]
INFO: [ template_filter ] --END-- [ RunTime:-0.149108s ]
SQL: select version() as v; [ RunTime:0.0003s ]
INFO: Run Behavior\ParseTemplateBehavior [ RunTime:0.004294s ]
INFO: [ view_parse ] --END-- [ RunTime:-0.016240s ]
INFO: [ view_filter ] --START--
INFO: Run Behavior\WriteHtmlCacheBehavior [ RunTime:0.000017s ]
INFO: [ view_filter ] --END-- [ RunTime:-0.019723s ]
INFO: Run Addons\SystemInfo\SystemInfoAddon [ RunTime:0.019749s ]
SQL: SELECT `config` FROM `mic_addons` WHERE `name` = 'DevTeam' AND `status` = 1 LIMIT 1   [ RunTime:0.0004s ]
INFO: [ view_parse ] --START--
INFO: [ template_filter ] --START--
INFO: Run Behavior\ContentReplaceBehavior [ RunTime:0.000055s ]
INFO: [ template_filter ] --END-- [ RunTime:-0.155533s ]
INFO: Run Behavior\ParseTemplateBehavior [ RunTime:0.002925s ]
INFO: [ view_parse ] --END-- [ RunTime:-0.023072s ]
INFO: [ view_filter ] --START--
INFO: Run Behavior\WriteHtmlCacheBehavior [ RunTime:0.000016s ]
INFO: [ view_filter ] --END-- [ RunTime:-0.025188s ]
INFO: Run Addons\DevTeam\DevTeamAddon [ RunTime:0.005442s ]
INFO: [ AdminIndex ] --END-- [ RunTime:0.154189s ]
INFO: Run Behavior\ParseTemplateBehavior [ RunTime:0.003151s ]
INFO: [ view_parse ] --END-- [ RunTime:-0.023072s ]
INFO: [ view_filter ] --START--
INFO: Run Behavior\WriteHtmlCacheBehavior [ RunTime:0.000013s ]
INFO: [ view_filter ] --END-- [ RunTime:-0.025393s ]
INFO: [ app_end ] --START--
INFO: Run Behavior\ShowPageTraceBehavior [ RunTime:0.002009s ]
INFO: [ app_end ] --END-- [ RunTime:0.002101s ]

[ 2017-08-09T09:23:08+08:00 ] ::1 /onethink/admin.php?s=/Partner/index.html
INFO: [ app_init ] --START--
INFO: Run Behavior\BuildLiteBehavior [ RunTime:0.000021s ]
INFO: Run Common\Behavior\InitHookBehavior [ RunTime:0.003897s ]
INFO: [ app_init ] --END-- [ RunTime:0.004743s ]
INFO: [ app_begin ] --START--
INFO: Run Behavior\ReadHtmlCacheBehavior [ RunTime:0.001003s ]
INFO: [ app_begin ] --END-- [ RunTime:0.001080s ]
SQL: SHOW COLUMNS FROM `mic_menu` [ RunTime:0.0461s ]
SQL: SELECT `id`,`title`,`url` FROM `mic_menu` WHERE `pid` = 0 AND `hide` = 0 ORDER BY sort asc  [ RunTime:0.0006s ]
SQL: SELECT `pid` FROM `mic_menu` WHERE ( pid !=0 AND url like '%Partner/index%' ) LIMIT 1   [ RunTime:0.0012s ]
SQL: SELECT * FROM `mic_menu` WHERE `id` = 129 LIMIT 1   [ RunTime:0.0004s ]
SQL: SELECT DISTINCT  `group` FROM `mic_menu` WHERE `group` <> '' AND `pid` = 129  [ RunTime:0.0007s ]
SQL: SELECT `id`,`url` FROM `mic_menu` WHERE `pid` = 129 AND `hide` = 0  [ RunTime:0.0005s ]
SQL: SELECT `id`,`pid`,`title`,`url`,`tip` FROM `mic_menu` WHERE `group` = '实习生列表' AND `pid` = 129 AND `hide` = 0 ORDER BY sort asc  [ RunTime:0.0007s ]
NOTIC: [8] Undefined variable: p F:\tool\php\WWW\oneThink\Application\Admin\Controller\PartnerController.class.php 第 10 行.
SQL: SHOW COLUMNS FROM `mic_model` [ RunTime:0.0469s ]
SQL: SELECT * FROM `mic_model` WHERE `name` = 'partner' LIMIT 1   [ RunTime:0.0006s ]
SQL: SELECT * FROM `mic_model` WHERE `id` = 5 LIMIT 1   [ RunTime:0.0005s ]
SQL: SHOW COLUMNS FROM `mic_partner` [ RunTime:0.0703s ]
SQL: SELECT `p_name`,`p_sex`,`p_current_job`,`p_hobby`,`p_introduce`,`id` FROM `mic_partner` ORDER BY id DESC LIMIT 0,10   [ RunTime:0.0006s ]
SQL: SELECT COUNT(*) AS tp_count FROM `mic_partner` LIMIT 1   [ RunTime:0.0003s ]
SQL: SELECT `extend` FROM `mic_model` WHERE `id` = 5 LIMIT 1   [ RunTime:0.0004s ]
SQL: SHOW COLUMNS FROM `mic_attribute` [ RunTime:0.0153s ]
SQL: SELECT `id`,`name`,`type`,`extra` FROM `mic_attribute` WHERE `model_id` = 5  [ RunTime:0.0006s ]
INFO: [ view_parse ] --START--
INFO: [ template_filter ] --START--
INFO: Run Behavior\ContentReplaceBehavior [ RunTime:0.000294s ]
INFO: [ template_filter ] --END-- [ RunTime:0.000373s ]
NOTIC: [8] Use of undefined constant add - assumed 'add' F:\tool\php\WWW\oneThink\Runtime\Cache\Admin\b00d2dc38a9c99b026d9919a1acc8aaf.php 第 95 行.
INFO: Run Behavior\ParseTemplateBehavior [ RunTime:0.029992s ]
INFO: [ view_parse ] --END-- [ RunTime:0.030104s ]
INFO: [ view_filter ] --START--
INFO: Run Behavior\WriteHtmlCacheBehavior [ RunTime:0.000798s ]
INFO: [ view_filter ] --END-- [ RunTime:0.000868s ]
INFO: [ app_end ] --START--
INFO: Run Behavior\ShowPageTraceBehavior [ RunTime:0.001214s ]
INFO: [ app_end ] --END-- [ RunTime:0.001290s ]

[ 2017-08-09T09:27:08+08:00 ] ::1 /onethink/admin.php?s=/Partner/add.html
INFO: [ app_init ] --START--
INFO: Run Behavior\BuildLiteBehavior [ RunTime:0.000024s ]
INFO: Run Common\Behavior\InitHookBehavior [ RunTime:0.003847s ]
INFO: [ app_init ] --END-- [ RunTime:0.004786s ]
INFO: [ app_begin ] --START--
INFO: Run Behavior\ReadHtmlCacheBehavior [ RunTime:0.001150s ]
INFO: [ app_begin ] --END-- [ RunTime:0.001254s ]
SQL: SHOW COLUMNS FROM `mic_menu` [ RunTime:0.0090s ]
SQL: SELECT `id`,`title`,`url` FROM `mic_menu` WHERE `pid` = 0 AND `hide` = 0 ORDER BY sort asc  [ RunTime:0.0008s ]
SQL: SELECT `pid` FROM `mic_menu` WHERE ( pid !=0 AND url like '%Partner/add%' ) LIMIT 1   [ RunTime:0.0014s ]
SQL: SELECT * FROM `mic_menu` WHERE `id` = 129 LIMIT 1   [ RunTime:0.0004s ]
SQL: SELECT DISTINCT  `group` FROM `mic_menu` WHERE `group` <> '' AND `pid` = 129  [ RunTime:0.0007s ]
SQL: SELECT `id`,`url` FROM `mic_menu` WHERE `pid` = 129 AND `hide` = 0  [ RunTime:0.0004s ]
SQL: SELECT `id`,`pid`,`title`,`url`,`tip` FROM `mic_menu` WHERE `group` = '实习生列表' AND `pid` = 129 AND `hide` = 0 ORDER BY sort asc  [ RunTime:0.0006s ]
SQL: SHOW COLUMNS FROM `mic_model` [ RunTime:0.0056s ]
SQL: SELECT * FROM `mic_model` WHERE `id` = 5 LIMIT 1   [ RunTime:0.0006s ]
SQL: SELECT `extend` FROM `mic_model` WHERE `id` = 5 LIMIT 1   [ RunTime:0.0009s ]
SQL: SHOW COLUMNS FROM `mic_attribute` [ RunTime:0.0057s ]
SQL: SELECT `id`,`name`,`title`,`field`,`type`,`value`,`remark`,`is_show`,`extra`,`model_id`,`is_must`,`status`,`update_time`,`create_time`,`validate_rule`,`validate_time`,`error_info`,`validate_type`,`auto_rule`,`auto_time`,`auto_type` FROM `mic_attribute` WHERE `model_id` = 5  [ RunTime:0.0007s ]
SQL: SELECT `field_sort`,`attribute_list`,`attribute_alias` FROM `mic_model` WHERE `id` = 5 LIMIT 1   [ RunTime:0.0004s ]
INFO: [ view_parse ] --START--
INFO: [ template_filter ] --START--
INFO: Run Behavior\ContentReplaceBehavior [ RunTime:0.000429s ]
INFO: [ template_filter ] --END-- [ RunTime:0.000503s ]
INFO: Run Behavior\ParseTemplateBehavior [ RunTime:0.040205s ]
INFO: [ view_parse ] --END-- [ RunTime:0.040300s ]
INFO: [ view_filter ] --START--
INFO: Run Behavior\WriteHtmlCacheBehavior [ RunTime:0.001453s ]
INFO: [ view_filter ] --END-- [ RunTime:0.001530s ]
INFO: [ app_end ] --START--
INFO: Run Behavior\ShowPageTraceBehavior [ RunTime:0.001539s ]
INFO: [ app_end ] --END-- [ RunTime:0.001617s ]

[ 2017-08-09T09:27:18+08:00 ] ::1 /onethink/admin.php?s=/File/uploadPicture/session_id/ivan6fukivejbu1hl12925qhl6.html
INFO: [ app_init ] --START--
INFO: Run Behavior\BuildLiteBehavior [ RunTime:0.000045s ]
INFO: Run Common\Behavior\InitHookBehavior [ RunTime:0.007643s ]
INFO: [ app_init ] --END-- [ RunTime:0.009468s ]
INFO: [ app_begin ] --START--
INFO: Run Behavior\ReadHtmlCacheBehavior [ RunTime:0.001257s ]
INFO: [ app_begin ] --END-- [ RunTime:0.001362s ]
SQL: SHOW COLUMNS FROM `mic_menu` [ RunTime:0.0067s ]
SQL: SELECT `id`,`title`,`url` FROM `mic_menu` WHERE `pid` = 0 AND `hide` = 0 ORDER BY sort asc  [ RunTime:0.0006s ]
SQL: SELECT `pid` FROM `mic_menu` WHERE ( pid !=0 AND url like '%File/uploadPicture%' ) LIMIT 1   [ RunTime:0.0017s ]
SQL: SHOW COLUMNS FROM `mic_picture` [ RunTime:0.1557s ]
SQL: SELECT `id`,`path`,`url`,`md5`,`sha1`,`status`,`create_time` FROM `mic_picture` WHERE `md5` = '1b9c69cbf32de2b246fe50a8dca5fcc4' AND `sha1` = '8e6df506deaa184586e1c4a0513260a0f904429a' LIMIT 1   [ RunTime:0.0012s ]

[ 2017-08-09T09:32:00+08:00 ] ::1 /onethink/admin.php?s=/Partner/add/model/5.html
INFO: [ app_init ] --START--
INFO: Run Behavior\BuildLiteBehavior [ RunTime:0.000020s ]
INFO: Run Common\Behavior\InitHookBehavior [ RunTime:0.005537s ]
INFO: [ app_init ] --END-- [ RunTime:0.006679s ]
INFO: [ app_begin ] --START--
INFO: Run Behavior\ReadHtmlCacheBehavior [ RunTime:0.001315s ]
INFO: [ app_begin ] --END-- [ RunTime:0.001431s ]
SQL: SHOW COLUMNS FROM `mic_menu` [ RunTime:0.0083s ]
SQL: SELECT `id`,`title`,`url` FROM `mic_menu` WHERE `pid` = 0 AND `hide` = 0 ORDER BY sort asc  [ RunTime:0.0010s ]
SQL: SELECT `pid` FROM `mic_menu` WHERE ( pid !=0 AND url like '%Partner/add%' ) LIMIT 1   [ RunTime:0.0015s ]
SQL: SELECT * FROM `mic_menu` WHERE `id` = 129 LIMIT 1   [ RunTime:0.0004s ]
SQL: SELECT DISTINCT  `group` FROM `mic_menu` WHERE `group` <> '' AND `pid` = 129  [ RunTime:0.0006s ]
SQL: SELECT `id`,`url` FROM `mic_menu` WHERE `pid` = 129 AND `hide` = 0  [ RunTime:0.0004s ]
SQL: SELECT `id`,`pid`,`title`,`url`,`tip` FROM `mic_menu` WHERE `group` = '实习生列表' AND `pid` = 129 AND `hide` = 0 ORDER BY sort asc  [ RunTime:0.0005s ]
SQL: SHOW COLUMNS FROM `mic_model` [ RunTime:0.0068s ]
SQL: SELECT * FROM `mic_model` WHERE `id` = 5 LIMIT 1   [ RunTime:0.0008s ]
SQL: SHOW COLUMNS FROM `mic_partner` [ RunTime:0.0063s ]
INFO: [ app_end ] --START--
INFO: Run Behavior\ShowPageTraceBehavior [ RunTime:0.001386s ]
INFO: [ app_end ] --END-- [ RunTime:0.001471s ]

[ 2017-08-09T09:42:40+08:00 ] ::1 /onethink/admin.php?s=/Partner/add/model/5.html
INFO: [ app_init ] --START--
INFO: Run Behavior\BuildLiteBehavior [ RunTime:0.000035s ]
INFO: Run Common\Behavior\InitHookBehavior [ RunTime:0.005210s ]
INFO: [ app_init ] --END-- [ RunTime:0.006791s ]
INFO: [ app_begin ] --START--
INFO: Run Behavior\ReadHtmlCacheBehavior [ RunTime:0.001317s ]
INFO: [ app_begin ] --END-- [ RunTime:0.001388s ]

[ 2017-08-09T09:43:06+08:00 ] ::1 /onethink/admin.php?s=/Partner/add.html
INFO: [ app_init ] --START--
INFO: Run Behavior\BuildLiteBehavior [ RunTime:0.000023s ]
INFO: Run Common\Behavior\InitHookBehavior [ RunTime:0.004053s ]
INFO: [ app_init ] --END-- [ RunTime:0.005157s ]
INFO: [ app_begin ] --START--
INFO: Run Behavior\ReadHtmlCacheBehavior [ RunTime:0.001355s ]
INFO: [ app_begin ] --END-- [ RunTime:0.001542s ]

[ 2017-08-09T09:43:07+08:00 ] ::1 /onethink/admin.php
INFO: [ app_init ] --START--
INFO: Run Behavior\BuildLiteBehavior [ RunTime:0.000021s ]
INFO: Run Common\Behavior\InitHookBehavior [ RunTime:0.004090s ]
INFO: [ app_init ] --END-- [ RunTime:0.004908s ]
INFO: [ app_begin ] --START--
INFO: Run Behavior\ReadHtmlCacheBehavior [ RunTime:0.002092s ]
INFO: [ app_begin ] --END-- [ RunTime:0.002550s ]

[ 2017-08-09T09:43:41+08:00 ] ::1 /onethink/admin.php?s=/Partner/add.html
INFO: [ app_init ] --START--
INFO: Run Behavior\BuildLiteBehavior [ RunTime:0.000021s ]
INFO: Run Common\Behavior\InitHookBehavior [ RunTime:0.003147s ]
INFO: [ app_init ] --END-- [ RunTime:0.003941s ]
INFO: [ app_begin ] --START--
INFO: Run Behavior\ReadHtmlCacheBehavior [ RunTime:0.001252s ]
INFO: [ app_begin ] --END-- [ RunTime:0.001363s ]

[ 2017-08-09T09:44:30+08:00 ] ::1 /onethink/admin.php?s=/Partner/add.html
INFO: [ app_init ] --START--
INFO: Run Behavior\BuildLiteBehavior [ RunTime:0.000021s ]
INFO: Run Common\Behavior\InitHookBehavior [ RunTime:0.003428s ]
INFO: [ app_init ] --END-- [ RunTime:0.004155s ]
INFO: [ app_begin ] --START--
INFO: Run Behavior\ReadHtmlCacheBehavior [ RunTime:0.001073s ]
INFO: [ app_begin ] --END-- [ RunTime:0.001154s ]

[ 2017-08-09T09:45:03+08:00 ] ::1 /onethink/admin.php?s=/Partner/add.html
INFO: [ app_init ] --START--
INFO: Run Behavior\BuildLiteBehavior [ RunTime:0.000022s ]
INFO: Run Common\Behavior\InitHookBehavior [ RunTime:0.002797s ]
INFO: [ app_init ] --END-- [ RunTime:0.003510s ]
INFO: [ app_begin ] --START--
INFO: Run Behavior\ReadHtmlCacheBehavior [ RunTime:0.001664s ]
INFO: [ app_begin ] --END-- [ RunTime:0.001839s ]
SQL: SHOW COLUMNS FROM `mic_menu` [ RunTime:0.2651s ]
SQL: SELECT `id`,`title`,`url` FROM `mic_menu` WHERE `pid` = 0 AND `hide` = 0 ORDER BY sort asc  [ RunTime:0.0009s ]
SQL: SELECT `pid` FROM `mic_menu` WHERE ( pid !=0 AND url like '%Partner/add%' ) LIMIT 1   [ RunTime:0.0020s ]
SQL: SELECT * FROM `mic_menu` WHERE `id` = 129 LIMIT 1   [ RunTime:0.0006s ]
SQL: SELECT DISTINCT  `group` FROM `mic_menu` WHERE `group` <> '' AND `pid` = 129  [ RunTime:0.0007s ]
SQL: SELECT `id`,`url` FROM `mic_menu` WHERE `pid` = 129 AND `hide` = 0  [ RunTime:0.0006s ]
SQL: SELECT `id`,`pid`,`title`,`url`,`tip` FROM `mic_menu` WHERE `group` = '实习生列表' AND `pid` = 129 AND `hide` = 0 ORDER BY sort asc  [ RunTime:0.0007s ]
SQL: SHOW COLUMNS FROM `mic_model` [ RunTime:0.0079s ]
SQL: SELECT * FROM `mic_model` WHERE `id` = 5 LIMIT 1   [ RunTime:0.0006s ]
SQL: SELECT `extend` FROM `mic_model` WHERE `id` = 5 LIMIT 1   [ RunTime:0.0004s ]
SQL: SHOW COLUMNS FROM `mic_attribute` [ RunTime:0.0059s ]
SQL: SELECT `id`,`name`,`title`,`field`,`type`,`value`,`remark`,`is_show`,`extra`,`model_id`,`is_must`,`status`,`update_time`,`create_time`,`validate_rule`,`validate_time`,`error_info`,`validate_type`,`auto_rule`,`auto_time`,`auto_type` FROM `mic_attribute` WHERE `model_id` = 5  [ RunTime:0.0007s ]
SQL: SELECT `field_sort`,`attribute_list`,`attribute_alias` FROM `mic_model` WHERE `id` = 5 LIMIT 1   [ RunTime:0.0004s ]
INFO: [ view_parse ] --START--
INFO: [ template_filter ] --START--
INFO: Run Behavior\ContentReplaceBehavior [ RunTime:0.000484s ]
INFO: [ template_filter ] --END-- [ RunTime:0.000606s ]
INFO: Run Behavior\ParseTemplateBehavior [ RunTime:0.049453s ]
INFO: [ view_parse ] --END-- [ RunTime:0.049544s ]
INFO: [ view_filter ] --START--
INFO: Run Behavior\WriteHtmlCacheBehavior [ RunTime:0.000746s ]
INFO: [ view_filter ] --END-- [ RunTime:0.000806s ]
INFO: [ app_end ] --START--
INFO: Run Behavior\ShowPageTraceBehavior [ RunTime:0.002189s ]
INFO: [ app_end ] --END-- [ RunTime:0.002303s ]

[ 2017-08-09T09:45:13+08:00 ] ::1 /onethink/admin.php?s=/File/uploadPicture/session_id/ivan6fukivejbu1hl12925qhl6.html
INFO: [ app_init ] --START--
INFO: Run Behavior\BuildLiteBehavior [ RunTime:0.000034s ]
INFO: Run Common\Behavior\InitHookBehavior [ RunTime:0.010054s ]
INFO: [ app_init ] --END-- [ RunTime:0.011304s ]
INFO: [ app_begin ] --START--
INFO: Run Behavior\ReadHtmlCacheBehavior [ RunTime:0.001180s ]
INFO: [ app_begin ] --END-- [ RunTime:0.001276s ]
SQL: SHOW COLUMNS FROM `mic_menu` [ RunTime:0.0381s ]
SQL: SELECT `id`,`title`,`url` FROM `mic_menu` WHERE `pid` = 0 AND `hide` = 0 ORDER BY sort asc  [ RunTime:0.0007s ]
SQL: SELECT `pid` FROM `mic_menu` WHERE ( pid !=0 AND url like '%File/uploadPicture%' ) LIMIT 1   [ RunTime:0.0015s ]
SQL: SHOW COLUMNS FROM `mic_picture` [ RunTime:0.1166s ]
SQL: SELECT `id`,`path`,`url`,`md5`,`sha1`,`status`,`create_time` FROM `mic_picture` WHERE `md5` = '1b9c69cbf32de2b246fe50a8dca5fcc4' AND `sha1` = '8e6df506deaa184586e1c4a0513260a0f904429a' LIMIT 1   [ RunTime:0.0006s ]

[ 2017-08-09T09:45:22+08:00 ] ::1 /onethink/admin.php?s=/Partner/add/model/5.html
INFO: [ app_init ] --START--
INFO: Run Behavior\BuildLiteBehavior [ RunTime:0.000034s ]
INFO: Run Common\Behavior\InitHookBehavior [ RunTime:0.006669s ]
INFO: [ app_init ] --END-- [ RunTime:0.008466s ]
INFO: [ app_begin ] --START--
INFO: Run Behavior\ReadHtmlCacheBehavior [ RunTime:0.001694s ]
INFO: [ app_begin ] --END-- [ RunTime:0.001763s ]
SQL: SHOW COLUMNS FROM `mic_menu` [ RunTime:0.0102s ]
SQL: SELECT `id`,`title`,`url` FROM `mic_menu` WHERE `pid` = 0 AND `hide` = 0 ORDER BY sort asc  [ RunTime:0.0005s ]
SQL: SELECT `pid` FROM `mic_menu` WHERE ( pid !=0 AND url like '%Partner/add%' ) LIMIT 1   [ RunTime:0.0013s ]
SQL: SELECT * FROM `mic_menu` WHERE `id` = 129 LIMIT 1   [ RunTime:0.0004s ]
SQL: SELECT DISTINCT  `group` FROM `mic_menu` WHERE `group` <> '' AND `pid` = 129  [ RunTime:0.0010s ]
SQL: SELECT `id`,`url` FROM `mic_menu` WHERE `pid` = 129 AND `hide` = 0  [ RunTime:0.0014s ]
SQL: SELECT `id`,`pid`,`title`,`url`,`tip` FROM `mic_menu` WHERE `group` = '实习生列表' AND `pid` = 129 AND `hide` = 0 ORDER BY sort asc  [ RunTime:0.0008s ]
SQL: SHOW COLUMNS FROM `mic_model` [ RunTime:0.0492s ]
SQL: SELECT * FROM `mic_model` WHERE `id` = 5 LIMIT 1   [ RunTime:0.0009s ]
SQL: SHOW COLUMNS FROM `mic_partner` [ RunTime:0.0055s ]
NOTIC: [8] Undefined index: p_img F:\tool\php\WWW\oneThink\Application\Admin\Controller\PartnerController.class.php 第 134 行.
NOTIC: [8] Undefined index: p_img F:\tool\php\WWW\oneThink\Application\Admin\Controller\PartnerController.class.php 第 135 行.
INFO: [ app_end ] --START--
INFO: Run Behavior\ShowPageTraceBehavior [ RunTime:0.002126s ]
INFO: [ app_end ] --END-- [ RunTime:0.002388s ]

[ 2017-08-09T09:59:09+08:00 ] ::1 /onethink/admin.php?s=/Partner/add.html
INFO: [ app_init ] --START--
INFO: Run Behavior\BuildLiteBehavior [ RunTime:0.000022s ]
INFO: Run Common\Behavior\InitHookBehavior [ RunTime:0.003824s ]
INFO: [ app_init ] --END-- [ RunTime:0.004610s ]
INFO: [ app_begin ] --START--
INFO: Run Behavior\ReadHtmlCacheBehavior [ RunTime:0.001301s ]
INFO: [ app_begin ] --END-- [ RunTime:0.001386s ]
SQL: SHOW COLUMNS FROM `mic_menu` [ RunTime:0.0065s ]
SQL: SELECT `id`,`title`,`url` FROM `mic_menu` WHERE `pid` = 0 AND `hide` = 0 ORDER BY sort asc  [ RunTime:0.0008s ]
SQL: SELECT `pid` FROM `mic_menu` WHERE ( pid !=0 AND url like '%Partner/add%' ) LIMIT 1   [ RunTime:0.0014s ]
SQL: SELECT * FROM `mic_menu` WHERE `id` = 129 LIMIT 1   [ RunTime:0.0004s ]
SQL: SELECT DISTINCT  `group` FROM `mic_menu` WHERE `group` <> '' AND `pid` = 129  [ RunTime:0.0007s ]
SQL: SELECT `id`,`url` FROM `mic_menu` WHERE `pid` = 129 AND `hide` = 0  [ RunTime:0.0004s ]
SQL: SELECT `id`,`pid`,`title`,`url`,`tip` FROM `mic_menu` WHERE `group` = '实习生列表' AND `pid` = 129 AND `hide` = 0 ORDER BY sort asc  [ RunTime:0.0006s ]
SQL: SHOW COLUMNS FROM `mic_model` [ RunTime:0.0067s ]
SQL: SELECT * FROM `mic_model` WHERE `id` = 5 LIMIT 1   [ RunTime:0.0007s ]
SQL: SELECT `extend` FROM `mic_model` WHERE `id` = 5 LIMIT 1   [ RunTime:0.0020s ]
SQL: SHOW COLUMNS FROM `mic_attribute` [ RunTime:0.0082s ]
SQL: SELECT `id`,`name`,`title`,`field`,`type`,`value`,`remark`,`is_show`,`extra`,`model_id`,`is_must`,`status`,`update_time`,`create_time`,`validate_rule`,`validate_time`,`error_info`,`validate_type`,`auto_rule`,`auto_time`,`auto_type` FROM `mic_attribute` WHERE `model_id` = 5  [ RunTime:0.0007s ]
SQL: SELECT `field_sort`,`attribute_list`,`attribute_alias` FROM `mic_model` WHERE `id` = 5 LIMIT 1   [ RunTime:0.0004s ]
INFO: [ view_parse ] --START--
INFO: [ template_filter ] --START--
INFO: Run Behavior\ContentReplaceBehavior [ RunTime:0.000444s ]
INFO: [ template_filter ] --END-- [ RunTime:0.000523s ]
INFO: Run Behavior\ParseTemplateBehavior [ RunTime:0.049394s ]
INFO: [ view_parse ] --END-- [ RunTime:0.049758s ]
INFO: [ view_filter ] --START--
INFO: Run Behavior\WriteHtmlCacheBehavior [ RunTime:0.003427s ]
INFO: [ view_filter ] --END-- [ RunTime:0.003509s ]
INFO: [ app_end ] --START--
INFO: Run Behavior\ShowPageTraceBehavior [ RunTime:0.001479s ]
INFO: [ app_end ] --END-- [ RunTime:0.001568s ]

[ 2017-08-09T09:59:48+08:00 ] ::1 /onethink/admin.php?s=/Partner/add.html
INFO: [ app_init ] --START--
INFO: Run Behavior\BuildLiteBehavior [ RunTime:0.000022s ]
INFO: Run Common\Behavior\InitHookBehavior [ RunTime:0.003739s ]
INFO: [ app_init ] --END-- [ RunTime:0.004554s ]
INFO: [ app_begin ] --START--
INFO: Run Behavior\ReadHtmlCacheBehavior [ RunTime:0.003092s ]
INFO: [ app_begin ] --END-- [ RunTime:0.003288s ]
SQL: SHOW COLUMNS FROM `mic_menu` [ RunTime:0.0091s ]
SQL: SELECT `id`,`title`,`url` FROM `mic_menu` WHERE `pid` = 0 AND `hide` = 0 ORDER BY sort asc  [ RunTime:0.0006s ]
SQL: SELECT `pid` FROM `mic_menu` WHERE ( pid !=0 AND url like '%Partner/add%' ) LIMIT 1   [ RunTime:0.0025s ]
SQL: SELECT * FROM `mic_menu` WHERE `id` = 129 LIMIT 1   [ RunTime:0.0007s ]
SQL: SELECT DISTINCT  `group` FROM `mic_menu` WHERE `group` <> '' AND `pid` = 129  [ RunTime:0.0010s ]
SQL: SELECT `id`,`url` FROM `mic_menu` WHERE `pid` = 129 AND `hide` = 0  [ RunTime:0.0005s ]
SQL: SELECT `id`,`pid`,`title`,`url`,`tip` FROM `mic_menu` WHERE `group` = '实习生列表' AND `pid` = 129 AND `hide` = 0 ORDER BY sort asc  [ RunTime:0.0006s ]
SQL: SHOW COLUMNS FROM `mic_model` [ RunTime:0.0522s ]
SQL: SELECT * FROM `mic_model` WHERE `id` = 5 LIMIT 1   [ RunTime:0.0007s ]
SQL: SELECT `extend` FROM `mic_model` WHERE `id` = 5 LIMIT 1   [ RunTime:0.0004s ]
SQL: SHOW COLUMNS FROM `mic_attribute` [ RunTime:0.0090s ]
SQL: SELECT `id`,`name`,`title`,`field`,`type`,`value`,`remark`,`is_show`,`extra`,`model_id`,`is_must`,`status`,`update_time`,`create_time`,`validate_rule`,`validate_time`,`error_info`,`validate_type`,`auto_rule`,`auto_time`,`auto_type` FROM `mic_attribute` WHERE `model_id` = 5  [ RunTime:0.0010s ]
SQL: SELECT `field_sort`,`attribute_list`,`attribute_alias` FROM `mic_model` WHERE `id` = 5 LIMIT 1   [ RunTime:0.0005s ]
INFO: [ view_parse ] --START--
INFO: [ template_filter ] --START--
INFO: Run Behavior\ContentReplaceBehavior [ RunTime:0.000453s ]
INFO: [ template_filter ] --END-- [ RunTime:0.000570s ]
INFO: Run Behavior\ParseTemplateBehavior [ RunTime:0.048089s ]
INFO: [ view_parse ] --END-- [ RunTime:0.048191s ]
INFO: [ view_filter ] --START--
INFO: Run Behavior\WriteHtmlCacheBehavior [ RunTime:0.000717s ]
INFO: [ view_filter ] --END-- [ RunTime:0.000779s ]
INFO: [ app_end ] --START--
INFO: Run Behavior\ShowPageTraceBehavior [ RunTime:0.001152s ]
INFO: [ app_end ] --END-- [ RunTime:0.001215s ]

