[ 2017-09-13T16:42:43+08:00 ] 112.67.203.159 /admin.php?s=/partner/index.html
INFO: [ app_init ] --START--
INFO: Run Behavior\BuildLiteBehavior [ RunTime:0.000019s ]
INFO: Run Common\Behavior\InitHookBehavior [ RunTime:1.094438s ]
INFO: [ app_init ] --END-- [ RunTime:1.137517s ]
INFO: [ app_begin ] --START--
INFO: Run Behavior\ReadHtmlCacheBehavior [ RunTime:0.030354s ]
INFO: [ app_begin ] --END-- [ RunTime:0.030423s ]
NOTIC: [2048] Declaration of Admin\Controller\PartnerController::setStatus() should be compatible with Admin\Controller\AdminController::setStatus($Model = Admin\Controller\CONTROLLER_NAME) D:\home\site\wwwroot\Application\Admin\Controller\PartnerController.class.php 第 3 行.

[ 2017-09-13T16:42:46+08:00 ] 112.67.203.159 /admin.php?s=/Public/login.html
INFO: [ app_init ] --START--
INFO: Run Behavior\BuildLiteBehavior [ RunTime:0.000016s ]
INFO: Run Common\Behavior\InitHookBehavior [ RunTime:0.001468s ]
INFO: [ app_init ] --END-- [ RunTime:0.001599s ]
INFO: [ app_begin ] --START--
INFO: Run Behavior\ReadHtmlCacheBehavior [ RunTime:0.000170s ]
INFO: [ app_begin ] --END-- [ RunTime:0.000245s ]
INFO: [ view_parse ] --START--
INFO: [ template_filter ] --START--
INFO: Run Behavior\ContentReplaceBehavior [ RunTime:0.000075s ]
INFO: [ template_filter ] --END-- [ RunTime:0.000161s ]
INFO: Run Behavior\ParseTemplateBehavior [ RunTime:2.220778s ]
INFO: [ view_parse ] --END-- [ RunTime:2.220856s ]
INFO: [ view_filter ] --START--
INFO: Run Behavior\WriteHtmlCacheBehavior [ RunTime:0.071514s ]
INFO: [ view_filter ] --END-- [ RunTime:0.071568s ]
INFO: [ app_end ] --START--
INFO: Run Behavior\ShowPageTraceBehavior [ RunTime:0.061389s ]
INFO: [ app_end ] --END-- [ RunTime:0.061431s ]

[ 2017-09-13T16:42:48+08:00 ] 112.67.203.159 /admin.php?s=/Public/verify.html
INFO: [ app_init ] --START--
INFO: Run Behavior\BuildLiteBehavior [ RunTime:0.000016s ]
INFO: Run Common\Behavior\InitHookBehavior [ RunTime:0.003805s ]
INFO: [ app_init ] --END-- [ RunTime:0.003929s ]
INFO: [ app_begin ] --START--
INFO: Run Behavior\ReadHtmlCacheBehavior [ RunTime:0.000180s ]
INFO: [ app_begin ] --END-- [ RunTime:0.000238s ]
INFO: [ app_end ] --START--
INFO: Run Behavior\ShowPageTraceBehavior [ RunTime:0.001492s ]
INFO: [ app_end ] --END-- [ RunTime:0.001584s ]

[ 2017-09-13T16:43:28+08:00 ] 112.67.203.159 /admin.php?s=/Public/verify.html&random=0.9101204183750614
INFO: [ app_init ] --START--
INFO: Run Behavior\BuildLiteBehavior [ RunTime:0.000038s ]
INFO: Run Common\Behavior\InitHookBehavior [ RunTime:0.006732s ]
INFO: [ app_init ] --END-- [ RunTime:0.012893s ]
INFO: [ app_begin ] --START--
INFO: Run Behavior\ReadHtmlCacheBehavior [ RunTime:0.000337s ]
INFO: [ app_begin ] --END-- [ RunTime:0.000399s ]
INFO: [ app_end ] --START--
INFO: Run Behavior\ShowPageTraceBehavior [ RunTime:0.001941s ]
INFO: [ app_end ] --END-- [ RunTime:0.002006s ]

[ 2017-09-13T16:43:32+08:00 ] 112.67.203.159 /admin.php?s=/Public/verify.html&random=0.5130464040574343
INFO: [ app_init ] --START--
INFO: Run Behavior\BuildLiteBehavior [ RunTime:0.000017s ]
INFO: Run Common\Behavior\InitHookBehavior [ RunTime:0.001690s ]
INFO: [ app_init ] --END-- [ RunTime:0.001802s ]
INFO: [ app_begin ] --START--
INFO: Run Behavior\ReadHtmlCacheBehavior [ RunTime:0.000167s ]
INFO: [ app_begin ] --END-- [ RunTime:0.000212s ]
INFO: [ app_end ] --START--
INFO: Run Behavior\ShowPageTraceBehavior [ RunTime:0.000488s ]
INFO: [ app_end ] --END-- [ RunTime:0.000548s ]

[ 2017-09-13T16:43:53+08:00 ] 112.67.203.159 /admin.php?s=/Public/login.html
INFO: [ app_init ] --START--
INFO: Run Behavior\BuildLiteBehavior [ RunTime:0.000016s ]
INFO: Run Common\Behavior\InitHookBehavior [ RunTime:0.005256s ]
INFO: [ app_init ] --END-- [ RunTime:0.005362s ]
INFO: [ app_begin ] --START--
INFO: Run Behavior\ReadHtmlCacheBehavior [ RunTime:0.000171s ]
INFO: [ app_begin ] --END-- [ RunTime:0.000217s ]
NOTIC: [8] Undefined index: lite D:\home\site\wwwroot\ThinkPHP\Library\Think\Db.class.php 第 37 行.
SQL: SHOW COLUMNS FROM `mic_member` [ RunTime:0.0133s ]
SQL: SELECT `uid`,`nickname`,`sex`,`birthday`,`qq`,`score`,`login`,`reg_ip`,`reg_time`,`last_login_ip`,`last_login_time`,`status` FROM `mic_member` WHERE `uid` = 1 LIMIT 1   [ RunTime:0.0247s ]
SQL: SHOW COLUMNS FROM `mic_action` [ RunTime:0.2092s ]
SQL: SELECT * FROM `mic_action` WHERE `name` = 'user_login' LIMIT 1   [ RunTime:0.0006s ]
SQL: SHOW COLUMNS FROM `mic_action_log` [ RunTime:0.0116s ]
SQL: INSERT INTO `mic_action_log` (`action_id`,`user_id`,`action_ip`,`model`,`record_id`,`create_time`,`remark`) VALUES ('1','1','1883491231','member','1','1505292228','xuwei在2017-09-13 16:43登录了后台') [ RunTime:0.0019s ]
SQL: SELECT * FROM `mic_action` WHERE `name` = 'user_login' LIMIT 1   [ RunTime:0.0004s ]
NOTIC: [8] Undefined offset: 1 D:\home\site\wwwroot\Application\Common\Common\function.php 第 679 行.
NOTIC: [2] array_key_exists() expects parameter 2 to be array, null given D:\home\site\wwwroot\Application\Common\Common\function.php 第 679 行.
SQL: SELECT COUNT(*) AS tp_count FROM `mic_action_log` WHERE `action_id` = 1 AND `user_id` = 1 AND `create_time` > 1505205828 LIMIT 1   [ RunTime:0.0417s ]
SQL: SHOW COLUMNS FROM `mic_member` [ RunTime:0.0008s ]
SQL: UPDATE `mic_member` SET `score`=score+10 WHERE ( uid=1 AND status>-1 ) [ RunTime:0.0006s ]
SQL: UPDATE `mic_member` SET `login`=`login`+1,`last_login_time`='1505292228',`last_login_ip`='1883491231' WHERE `uid` = 1 [ RunTime:0.0003s ]
INFO: [ view_parse ] --START--
INFO: [ template_filter ] --START--
INFO: Run Behavior\ContentReplaceBehavior [ RunTime:0.000044s ]
INFO: [ template_filter ] --END-- [ RunTime:0.000099s ]
INFO: Run Behavior\ParseTemplateBehavior [ RunTime:0.389175s ]
INFO: [ view_parse ] --END-- [ RunTime:0.389235s ]
INFO: [ view_filter ] --START--
INFO: Run Behavior\WriteHtmlCacheBehavior [ RunTime:0.001668s ]
INFO: [ view_filter ] --END-- [ RunTime:0.001711s ]
INFO: [ app_end ] --START--
INFO: Run Behavior\ShowPageTraceBehavior [ RunTime:0.000319s ]
INFO: [ app_end ] --END-- [ RunTime:0.000361s ]

[ 2017-09-13T16:43:56+08:00 ] 112.67.203.159 /admin.php?s=/Index/index.html
INFO: [ app_init ] --START--
INFO: Run Behavior\BuildLiteBehavior [ RunTime:0.000018s ]
INFO: Run Common\Behavior\InitHookBehavior [ RunTime:0.008053s ]
INFO: [ app_init ] --END-- [ RunTime:0.008425s ]
INFO: [ app_begin ] --START--
INFO: Run Behavior\ReadHtmlCacheBehavior [ RunTime:0.000282s ]
INFO: [ app_begin ] --END-- [ RunTime:0.000328s ]
SQL: SHOW COLUMNS FROM `mic_menu` [ RunTime:0.0053s ]
SQL: SELECT `id`,`title`,`url` FROM `mic_menu` WHERE `pid` = 0 AND `hide` = 0 ORDER BY sort asc  [ RunTime:0.0091s ]
SQL: SELECT `pid` FROM `mic_menu` WHERE ( pid !=0 AND url like '%Index/index%' ) LIMIT 1   [ RunTime:0.0239s ]
INFO: [ view_parse ] --START--
INFO: [ template_filter ] --START--
INFO: Run Behavior\ContentReplaceBehavior [ RunTime:0.000123s ]
INFO: [ template_filter ] --END-- [ RunTime:0.000173s ]
INFO: [ AdminIndex ] --START--
SQL: SHOW COLUMNS FROM `mic_addons` [ RunTime:0.0029s ]
SQL: SELECT `config` FROM `mic_addons` WHERE `name` = 'SiteStat' AND `status` = 1 LIMIT 1   [ RunTime:0.0011s ]
SQL: SHOW COLUMNS FROM `mic_member` [ RunTime:0.0074s ]
SQL: SELECT COUNT(*) AS tp_count FROM `mic_member` LIMIT 1   [ RunTime:0.0003s ]
SQL: SHOW COLUMNS FROM `mic_action_log` [ RunTime:0.0068s ]
SQL: SELECT COUNT(*) AS tp_count FROM `mic_action_log` LIMIT 1   [ RunTime:0.0002s ]
SQL: SHOW COLUMNS FROM `mic_document` [ RunTime:0.0091s ]
SQL: SELECT COUNT(*) AS tp_count FROM `mic_document` LIMIT 1   [ RunTime:0.0003s ]
SQL: SHOW COLUMNS FROM `mic_category` [ RunTime:0.0097s ]
SQL: SELECT COUNT(*) AS tp_count FROM `mic_category` LIMIT 1   [ RunTime:0.0003s ]
SQL: SHOW COLUMNS FROM `mic_model` [ RunTime:0.0087s ]
SQL: SELECT COUNT(*) AS tp_count FROM `mic_model` LIMIT 1   [ RunTime:0.0003s ]
INFO: [ view_parse ] --START--
INFO: [ template_filter ] --START--
INFO: Run Behavior\ContentReplaceBehavior [ RunTime:0.000032s ]
INFO: [ template_filter ] --END-- [ RunTime:-1.343874s ]
INFO: Run Behavior\ParseTemplateBehavior [ RunTime:0.090961s ]
INFO: [ view_parse ] --END-- [ RunTime:0.091013s ]
INFO: [ view_filter ] --START--
INFO: Run Behavior\WriteHtmlCacheBehavior [ RunTime:0.000323s ]
INFO: [ view_filter ] --END-- [ RunTime:0.000364s ]
INFO: Run Addons\SiteStat\SiteStatAddon [ RunTime:1.263157s ]
INFO: [ AdminIndex ] --END-- [ RunTime:1.263201s ]
INFO: Run Behavior\ParseTemplateBehavior [ RunTime:0.091475s ]
INFO: [ view_parse ] --END-- [ RunTime:0.091013s ]
INFO: [ view_filter ] --START--
INFO: Run Behavior\WriteHtmlCacheBehavior [ RunTime:0.000014s ]
INFO: [ view_filter ] --END-- [ RunTime:-0.000128s ]
INFO: [ app_end ] --START--
INFO: Run Behavior\ShowPageTraceBehavior [ RunTime:0.000465s ]
INFO: [ app_end ] --END-- [ RunTime:0.000520s ]

[ 2017-09-13T16:44:17+08:00 ] 112.67.203.159 /admin.php?s=/User/index.html
INFO: [ app_init ] --START--
INFO: Run Behavior\BuildLiteBehavior [ RunTime:0.000030s ]
INFO: Run Common\Behavior\InitHookBehavior [ RunTime:0.014866s ]
INFO: [ app_init ] --END-- [ RunTime:0.015151s ]
INFO: [ app_begin ] --START--
INFO: Run Behavior\ReadHtmlCacheBehavior [ RunTime:0.000348s ]
INFO: [ app_begin ] --END-- [ RunTime:0.000403s ]
SQL: SHOW COLUMNS FROM `mic_menu` [ RunTime:0.0009s ]
SQL: SELECT `id`,`title`,`url` FROM `mic_menu` WHERE `pid` = 0 AND `hide` = 0 ORDER BY sort asc  [ RunTime:0.0712s ]
SQL: SELECT `pid` FROM `mic_menu` WHERE ( pid !=0 AND url like '%User/index%' ) LIMIT 1   [ RunTime:0.0005s ]
SQL: SELECT * FROM `mic_menu` WHERE `id` = 16 LIMIT 1   [ RunTime:0.0004s ]
SQL: SELECT DISTINCT  `group` FROM `mic_menu` WHERE `group` <> '' AND `pid` = 16  [ RunTime:0.0177s ]
SQL: SELECT `id`,`url` FROM `mic_menu` WHERE `pid` = 16 AND `hide` = 0  [ RunTime:0.0004s ]
SQL: SELECT `id`,`pid`,`title`,`url`,`tip` FROM `mic_menu` WHERE `group` = '用户管理' AND `pid` = 16 AND `hide` = 0 ORDER BY sort asc  [ RunTime:0.0005s ]
SQL: SELECT `id`,`pid`,`title`,`url`,`tip` FROM `mic_menu` WHERE `group` = '行为管理' AND `pid` = 16 AND `hide` = 0 ORDER BY sort asc  [ RunTime:0.0005s ]
SQL: SHOW COLUMNS FROM `mic_member` [ RunTime:0.0075s ]
SQL: SELECT COUNT(*) AS tp_count FROM `mic_member` WHERE `status` >= 0 AND `nickname` LIKE '%%' LIMIT 1   [ RunTime:0.0004s ]
SQL: SELECT `uid`,`nickname`,`sex`,`birthday`,`qq`,`score`,`login`,`reg_ip`,`reg_time`,`last_login_ip`,`last_login_time`,`status` FROM `mic_member` WHERE `status` >= 0 AND `nickname` LIKE '%%' ORDER BY uid desc LIMIT 0,10   [ RunTime:0.0008s ]
INFO: [ view_parse ] --START--
INFO: [ template_filter ] --START--
INFO: Run Behavior\ContentReplaceBehavior [ RunTime:0.000165s ]
INFO: [ template_filter ] --END-- [ RunTime:0.000221s ]
INFO: Run Behavior\ParseTemplateBehavior [ RunTime:0.676282s ]
INFO: [ view_parse ] --END-- [ RunTime:0.676352s ]
INFO: [ view_filter ] --START--
INFO: Run Behavior\WriteHtmlCacheBehavior [ RunTime:0.001682s ]
INFO: [ view_filter ] --END-- [ RunTime:0.001737s ]
INFO: [ app_end ] --START--
INFO: Run Behavior\ShowPageTraceBehavior [ RunTime:0.006239s ]
INFO: [ app_end ] --END-- [ RunTime:0.006294s ]

[ 2017-09-13T16:44:30+08:00 ] 112.67.203.159 /admin.php?s=/User/index/p/2.html
INFO: [ app_init ] --START--
INFO: Run Behavior\BuildLiteBehavior [ RunTime:0.000016s ]
INFO: Run Common\Behavior\InitHookBehavior [ RunTime:0.010943s ]
INFO: [ app_init ] --END-- [ RunTime:0.011070s ]
INFO: [ app_begin ] --START--
INFO: Run Behavior\ReadHtmlCacheBehavior [ RunTime:0.000170s ]
INFO: [ app_begin ] --END-- [ RunTime:0.000216s ]
SQL: SHOW COLUMNS FROM `mic_menu` [ RunTime:0.0029s ]
SQL: SELECT `id`,`title`,`url` FROM `mic_menu` WHERE `pid` = 0 AND `hide` = 0 ORDER BY sort asc  [ RunTime:0.0011s ]
SQL: SELECT `pid` FROM `mic_menu` WHERE ( pid !=0 AND url like '%User/index%' ) LIMIT 1   [ RunTime:0.0005s ]
SQL: SELECT * FROM `mic_menu` WHERE `id` = 16 LIMIT 1   [ RunTime:0.0062s ]
SQL: SELECT DISTINCT  `group` FROM `mic_menu` WHERE `group` <> '' AND `pid` = 16  [ RunTime:0.0004s ]
SQL: SELECT `id`,`url` FROM `mic_menu` WHERE `pid` = 16 AND `hide` = 0  [ RunTime:0.0004s ]
SQL: SELECT `id`,`pid`,`title`,`url`,`tip` FROM `mic_menu` WHERE `group` = '用户管理' AND `pid` = 16 AND `hide` = 0 ORDER BY sort asc  [ RunTime:0.0004s ]
SQL: SELECT `id`,`pid`,`title`,`url`,`tip` FROM `mic_menu` WHERE `group` = '行为管理' AND `pid` = 16 AND `hide` = 0 ORDER BY sort asc  [ RunTime:0.0005s ]
SQL: SHOW COLUMNS FROM `mic_member` [ RunTime:0.0008s ]
SQL: SELECT COUNT(*) AS tp_count FROM `mic_member` WHERE `status` >= 0 AND `nickname` LIKE '%%' LIMIT 1   [ RunTime:0.0003s ]
SQL: SELECT `uid`,`nickname`,`sex`,`birthday`,`qq`,`score`,`login`,`reg_ip`,`reg_time`,`last_login_ip`,`last_login_time`,`status` FROM `mic_member` WHERE `status` >= 0 AND `nickname` LIKE '%%' ORDER BY uid desc LIMIT 10,10   [ RunTime:0.0006s ]
INFO: [ view_parse ] --START--
INFO: [ template_filter ] --START--
INFO: Run Behavior\ContentReplaceBehavior [ RunTime:0.000162s ]
INFO: [ template_filter ] --END-- [ RunTime:0.000209s ]
INFO: Run Behavior\ParseTemplateBehavior [ RunTime:0.066814s ]
INFO: [ view_parse ] --END-- [ RunTime:0.066862s ]
INFO: [ view_filter ] --START--
INFO: Run Behavior\WriteHtmlCacheBehavior [ RunTime:0.001554s ]
INFO: [ view_filter ] --END-- [ RunTime:0.001598s ]
INFO: [ app_end ] --START--
INFO: Run Behavior\ShowPageTraceBehavior [ RunTime:0.000316s ]
INFO: [ app_end ] --END-- [ RunTime:0.000370s ]

[ 2017-09-13T16:44:45+08:00 ] 112.67.203.159 /admin.php?s=/User/index/p/1.html
INFO: [ app_init ] --START--
INFO: Run Behavior\BuildLiteBehavior [ RunTime:0.000017s ]
INFO: Run Common\Behavior\InitHookBehavior [ RunTime:0.015289s ]
INFO: [ app_init ] --END-- [ RunTime:0.015607s ]
INFO: [ app_begin ] --START--
INFO: Run Behavior\ReadHtmlCacheBehavior [ RunTime:0.001546s ]
INFO: [ app_begin ] --END-- [ RunTime:0.001599s ]
SQL: SHOW COLUMNS FROM `mic_menu` [ RunTime:0.0033s ]
SQL: SELECT `id`,`title`,`url` FROM `mic_menu` WHERE `pid` = 0 AND `hide` = 0 ORDER BY sort asc  [ RunTime:0.0013s ]
SQL: SELECT `pid` FROM `mic_menu` WHERE ( pid !=0 AND url like '%User/index%' ) LIMIT 1   [ RunTime:0.0005s ]
SQL: SELECT * FROM `mic_menu` WHERE `id` = 16 LIMIT 1   [ RunTime:0.0004s ]
SQL: SELECT DISTINCT  `group` FROM `mic_menu` WHERE `group` <> '' AND `pid` = 16  [ RunTime:0.0004s ]
SQL: SELECT `id`,`url` FROM `mic_menu` WHERE `pid` = 16 AND `hide` = 0  [ RunTime:0.0018s ]
SQL: SELECT `id`,`pid`,`title`,`url`,`tip` FROM `mic_menu` WHERE `group` = '用户管理' AND `pid` = 16 AND `hide` = 0 ORDER BY sort asc  [ RunTime:0.0005s ]
SQL: SELECT `id`,`pid`,`title`,`url`,`tip` FROM `mic_menu` WHERE `group` = '行为管理' AND `pid` = 16 AND `hide` = 0 ORDER BY sort asc  [ RunTime:0.0005s ]
SQL: SHOW COLUMNS FROM `mic_member` [ RunTime:0.0008s ]
SQL: SELECT COUNT(*) AS tp_count FROM `mic_member` WHERE `status` >= 0 AND `nickname` LIKE '%%' LIMIT 1   [ RunTime:0.0004s ]
SQL: SELECT `uid`,`nickname`,`sex`,`birthday`,`qq`,`score`,`login`,`reg_ip`,`reg_time`,`last_login_ip`,`last_login_time`,`status` FROM `mic_member` WHERE `status` >= 0 AND `nickname` LIKE '%%' ORDER BY uid desc LIMIT 0,10   [ RunTime:0.0006s ]
INFO: [ view_parse ] --START--
INFO: [ template_filter ] --START--
INFO: Run Behavior\ContentReplaceBehavior [ RunTime:0.000137s ]
INFO: [ template_filter ] --END-- [ RunTime:0.000183s ]
INFO: Run Behavior\ParseTemplateBehavior [ RunTime:0.065890s ]
INFO: [ view_parse ] --END-- [ RunTime:0.065935s ]
INFO: [ view_filter ] --START--
INFO: Run Behavior\WriteHtmlCacheBehavior [ RunTime:0.000418s ]
INFO: [ view_filter ] --END-- [ RunTime:0.000458s ]
INFO: [ app_end ] --START--
INFO: Run Behavior\ShowPageTraceBehavior [ RunTime:0.006198s ]
INFO: [ app_end ] --END-- [ RunTime:0.006259s ]

[ 2017-09-13T16:45:08+08:00 ] 112.67.203.159 /admin.php?s=/Partner/index.html
INFO: [ app_init ] --START--
INFO: Run Behavior\BuildLiteBehavior [ RunTime:0.000018s ]
INFO: Run Common\Behavior\InitHookBehavior [ RunTime:0.012802s ]
INFO: [ app_init ] --END-- [ RunTime:0.013068s ]
INFO: [ app_begin ] --START--
INFO: Run Behavior\ReadHtmlCacheBehavior [ RunTime:0.000333s ]
INFO: [ app_begin ] --END-- [ RunTime:0.000381s ]
NOTIC: [2048] Declaration of Admin\Controller\PartnerController::setStatus() should be compatible with Admin\Controller\AdminController::setStatus($Model = Admin\Controller\CONTROLLER_NAME) D:\home\site\wwwroot\Application\Admin\Controller\PartnerController.class.php 第 3 行.
SQL: SHOW COLUMNS FROM `mic_menu` [ RunTime:0.0043s ]
SQL: SELECT `id`,`title`,`url` FROM `mic_menu` WHERE `pid` = 0 AND `hide` = 0 ORDER BY sort asc  [ RunTime:0.0017s ]
SQL: SELECT `pid` FROM `mic_menu` WHERE ( pid !=0 AND url like '%Partner/index%' ) LIMIT 1   [ RunTime:0.0011s ]
SQL: SELECT * FROM `mic_menu` WHERE `id` = 129 LIMIT 1   [ RunTime:0.0004s ]
SQL: SELECT DISTINCT  `group` FROM `mic_menu` WHERE `group` <> '' AND `pid` = 129  [ RunTime:0.0004s ]
SQL: SELECT `id`,`url` FROM `mic_menu` WHERE `pid` = 129 AND `hide` = 0  [ RunTime:0.0063s ]
SQL: SELECT `id`,`pid`,`title`,`url`,`tip` FROM `mic_menu` WHERE `group` = '实习生列表' AND `pid` = 129 AND `hide` = 0 ORDER BY sort asc  [ RunTime:0.0006s ]
SQL: SHOW COLUMNS FROM `mic_model` [ RunTime:0.0009s ]
SQL: SELECT * FROM `mic_model` WHERE `name` = 'partner' LIMIT 1   [ RunTime:0.0030s ]
SQL: SELECT * FROM `mic_model` WHERE `id` = 5 LIMIT 1   [ RunTime:0.0005s ]
SQL: SHOW COLUMNS FROM `mic_partner` [ RunTime:0.0019s ]
SQL: SELECT `p_name`,`p_sex`,`p_current_job`,`p_address`,`p_hobby`,`p_station`,`id` FROM `mic_partner` WHERE `p_year` = 0 ORDER BY id DESC LIMIT 0,10   [ RunTime:0.0039s ]
SQL: SELECT COUNT(*) AS tp_count FROM `mic_partner` WHERE `p_year` = 0 LIMIT 1   [ RunTime:0.0004s ]
SQL: SELECT `extend` FROM `mic_model` WHERE `id` = 5 LIMIT 1   [ RunTime:0.0003s ]
SQL: SHOW COLUMNS FROM `mic_attribute` [ RunTime:0.0070s ]
SQL: SELECT `id`,`name`,`type`,`extra` FROM `mic_attribute` WHERE `model_id` = 5  [ RunTime:0.0005s ]
INFO: [ view_parse ] --START--
INFO: [ template_filter ] --START--
INFO: Run Behavior\ContentReplaceBehavior [ RunTime:0.000143s ]
INFO: [ template_filter ] --END-- [ RunTime:0.000189s ]
NOTIC: [8] Use of undefined constant add - assumed 'add' D:\home\site\wwwroot\Runtime\Cache\Admin\b00d2dc38a9c99b026d9919a1acc8aaf.php 第 95 行.
NOTIC: [8] Use of undefined constant del - assumed 'del' D:\home\site\wwwroot\Runtime\Cache\Admin\b00d2dc38a9c99b026d9919a1acc8aaf.php 第 96 行.
NOTIC: [8] Undefined index: category_id D:\home\site\wwwroot\Application\Admin\Common\function.php 第 58 行.
NOTIC: [8] Undefined index: category_id D:\home\site\wwwroot\Application\Admin\Common\function.php 第 58 行.
NOTIC: [8] Undefined index: category_id D:\home\site\wwwroot\Application\Admin\Common\function.php 第 58 行.
NOTIC: [8] Undefined index: category_id D:\home\site\wwwroot\Application\Admin\Common\function.php 第 58 行.
NOTIC: [8] Undefined index: category_id D:\home\site\wwwroot\Application\Admin\Common\function.php 第 58 行.
NOTIC: [8] Undefined index: category_id D:\home\site\wwwroot\Application\Admin\Common\function.php 第 58 行.
NOTIC: [8] Undefined index: category_id D:\home\site\wwwroot\Application\Admin\Common\function.php 第 58 行.
NOTIC: [8] Undefined index: category_id D:\home\site\wwwroot\Application\Admin\Common\function.php 第 58 行.
NOTIC: [8] Undefined index: category_id D:\home\site\wwwroot\Application\Admin\Common\function.php 第 58 行.
NOTIC: [8] Undefined index: category_id D:\home\site\wwwroot\Application\Admin\Common\function.php 第 58 行.
INFO: Run Behavior\ParseTemplateBehavior [ RunTime:0.293387s ]
INFO: [ view_parse ] --END-- [ RunTime:0.293452s ]
INFO: [ view_filter ] --START--
INFO: Run Behavior\WriteHtmlCacheBehavior [ RunTime:0.007559s ]
INFO: [ view_filter ] --END-- [ RunTime:0.007641s ]
INFO: [ app_end ] --START--
INFO: Run Behavior\ShowPageTraceBehavior [ RunTime:0.000461s ]
INFO: [ app_end ] --END-- [ RunTime:0.000516s ]

[ 2017-09-13T16:45:21+08:00 ] 112.67.203.159 /admin.php?s=/Partner/index/p/2.html
INFO: [ app_init ] --START--
INFO: Run Behavior\BuildLiteBehavior [ RunTime:0.000018s ]
INFO: Run Common\Behavior\InitHookBehavior [ RunTime:0.005947s ]
INFO: [ app_init ] --END-- [ RunTime:0.006067s ]
INFO: [ app_begin ] --START--
INFO: Run Behavior\ReadHtmlCacheBehavior [ RunTime:0.000196s ]
INFO: [ app_begin ] --END-- [ RunTime:0.000247s ]
NOTIC: [2048] Declaration of Admin\Controller\PartnerController::setStatus() should be compatible with Admin\Controller\AdminController::setStatus($Model = Admin\Controller\CONTROLLER_NAME) D:\home\site\wwwroot\Application\Admin\Controller\PartnerController.class.php 第 3 行.
SQL: SHOW COLUMNS FROM `mic_menu` [ RunTime:0.1639s ]
SQL: SELECT `id`,`title`,`url` FROM `mic_menu` WHERE `pid` = 0 AND `hide` = 0 ORDER BY sort asc  [ RunTime:0.0006s ]
SQL: SELECT `pid` FROM `mic_menu` WHERE ( pid !=0 AND url like '%Partner/index%' ) LIMIT 1   [ RunTime:0.0010s ]
SQL: SELECT * FROM `mic_menu` WHERE `id` = 129 LIMIT 1   [ RunTime:0.0004s ]
SQL: SELECT DISTINCT  `group` FROM `mic_menu` WHERE `group` <> '' AND `pid` = 129  [ RunTime:0.0004s ]
SQL: SELECT `id`,`url` FROM `mic_menu` WHERE `pid` = 129 AND `hide` = 0  [ RunTime:0.0004s ]
SQL: SELECT `id`,`pid`,`title`,`url`,`tip` FROM `mic_menu` WHERE `group` = '实习生列表' AND `pid` = 129 AND `hide` = 0 ORDER BY sort asc  [ RunTime:0.0005s ]
SQL: SHOW COLUMNS FROM `mic_model` [ RunTime:0.0062s ]
SQL: SELECT * FROM `mic_model` WHERE `name` = 'partner' LIMIT 1   [ RunTime:0.0007s ]
SQL: SELECT * FROM `mic_model` WHERE `id` = 5 LIMIT 1   [ RunTime:0.0004s ]
SQL: SHOW COLUMNS FROM `mic_partner` [ RunTime:0.0007s ]
SQL: SELECT `p_name`,`p_sex`,`p_current_job`,`p_address`,`p_hobby`,`p_station`,`id` FROM `mic_partner` WHERE `p_year` = 0 ORDER BY id DESC LIMIT 10,10   [ RunTime:0.0021s ]
SQL: SELECT COUNT(*) AS tp_count FROM `mic_partner` WHERE `p_year` = 0 LIMIT 1   [ RunTime:0.0056s ]
SQL: SELECT `extend` FROM `mic_model` WHERE `id` = 5 LIMIT 1   [ RunTime:0.0003s ]
SQL: SHOW COLUMNS FROM `mic_attribute` [ RunTime:0.0007s ]
SQL: SELECT `id`,`name`,`type`,`extra` FROM `mic_attribute` WHERE `model_id` = 5  [ RunTime:0.0004s ]
INFO: [ view_parse ] --START--
INFO: [ template_filter ] --START--
INFO: Run Behavior\ContentReplaceBehavior [ RunTime:0.000185s ]
INFO: [ template_filter ] --END-- [ RunTime:0.000231s ]
NOTIC: [8] Use of undefined constant add - assumed 'add' D:\home\site\wwwroot\Runtime\Cache\Admin\b00d2dc38a9c99b026d9919a1acc8aaf.php 第 95 行.
NOTIC: [8] Use of undefined constant del - assumed 'del' D:\home\site\wwwroot\Runtime\Cache\Admin\b00d2dc38a9c99b026d9919a1acc8aaf.php 第 96 行.
NOTIC: [8] Undefined index: category_id D:\home\site\wwwroot\Application\Admin\Common\function.php 第 58 行.
NOTIC: [8] Undefined index: category_id D:\home\site\wwwroot\Application\Admin\Common\function.php 第 58 行.
NOTIC: [8] Undefined index: category_id D:\home\site\wwwroot\Application\Admin\Common\function.php 第 58 行.
NOTIC: [8] Undefined index: category_id D:\home\site\wwwroot\Application\Admin\Common\function.php 第 58 行.
INFO: Run Behavior\ParseTemplateBehavior [ RunTime:0.059066s ]
INFO: [ view_parse ] --END-- [ RunTime:0.059124s ]
INFO: [ view_filter ] --START--
INFO: Run Behavior\WriteHtmlCacheBehavior [ RunTime:0.001416s ]
INFO: [ view_filter ] --END-- [ RunTime:0.001495s ]
INFO: [ app_end ] --START--
INFO: Run Behavior\ShowPageTraceBehavior [ RunTime:0.000375s ]
INFO: [ app_end ] --END-- [ RunTime:0.000440s ]

[ 2017-09-13T16:45:30+08:00 ] 112.67.203.159 /admin.php?s=/Partner/index/p/1.html
INFO: [ app_init ] --START--
INFO: Run Behavior\BuildLiteBehavior [ RunTime:0.000017s ]
INFO: Run Common\Behavior\InitHookBehavior [ RunTime:0.001916s ]
INFO: [ app_init ] --END-- [ RunTime:0.002187s ]
INFO: [ app_begin ] --START--
INFO: Run Behavior\ReadHtmlCacheBehavior [ RunTime:0.000372s ]
INFO: [ app_begin ] --END-- [ RunTime:0.000436s ]
NOTIC: [2048] Declaration of Admin\Controller\PartnerController::setStatus() should be compatible with Admin\Controller\AdminController::setStatus($Model = Admin\Controller\CONTROLLER_NAME) D:\home\site\wwwroot\Application\Admin\Controller\PartnerController.class.php 第 3 行.
SQL: SHOW COLUMNS FROM `mic_menu` [ RunTime:0.0021s ]
SQL: SELECT `id`,`title`,`url` FROM `mic_menu` WHERE `pid` = 0 AND `hide` = 0 ORDER BY sort asc  [ RunTime:0.0023s ]
SQL: SELECT `pid` FROM `mic_menu` WHERE ( pid !=0 AND url like '%Partner/index%' ) LIMIT 1   [ RunTime:0.0010s ]
SQL: SELECT * FROM `mic_menu` WHERE `id` = 129 LIMIT 1   [ RunTime:0.0004s ]
SQL: SELECT DISTINCT  `group` FROM `mic_menu` WHERE `group` <> '' AND `pid` = 129  [ RunTime:0.0005s ]
SQL: SELECT `id`,`url` FROM `mic_menu` WHERE `pid` = 129 AND `hide` = 0  [ RunTime:0.0005s ]
SQL: SELECT `id`,`pid`,`title`,`url`,`tip` FROM `mic_menu` WHERE `group` = '实习生列表' AND `pid` = 129 AND `hide` = 0 ORDER BY sort asc  [ RunTime:0.0005s ]
SQL: SHOW COLUMNS FROM `mic_model` [ RunTime:0.0066s ]
SQL: SELECT * FROM `mic_model` WHERE `name` = 'partner' LIMIT 1   [ RunTime:0.0006s ]
SQL: SELECT * FROM `mic_model` WHERE `id` = 5 LIMIT 1   [ RunTime:0.0004s ]
SQL: SHOW COLUMNS FROM `mic_partner` [ RunTime:0.0026s ]
SQL: SELECT `p_name`,`p_sex`,`p_current_job`,`p_address`,`p_hobby`,`p_station`,`id` FROM `mic_partner` WHERE `p_year` = 0 ORDER BY id DESC LIMIT 0,10   [ RunTime:0.0006s ]
SQL: SELECT COUNT(*) AS tp_count FROM `mic_partner` WHERE `p_year` = 0 LIMIT 1   [ RunTime:0.0060s ]
SQL: SELECT `extend` FROM `mic_model` WHERE `id` = 5 LIMIT 1   [ RunTime:0.0004s ]
SQL: SHOW COLUMNS FROM `mic_attribute` [ RunTime:0.0016s ]
SQL: SELECT `id`,`name`,`type`,`extra` FROM `mic_attribute` WHERE `model_id` = 5  [ RunTime:0.0004s ]
INFO: [ view_parse ] --START--
INFO: [ template_filter ] --START--
INFO: Run Behavior\ContentReplaceBehavior [ RunTime:0.000172s ]
INFO: [ template_filter ] --END-- [ RunTime:0.000220s ]
NOTIC: [8] Use of undefined constant add - assumed 'add' D:\home\site\wwwroot\Runtime\Cache\Admin\b00d2dc38a9c99b026d9919a1acc8aaf.php 第 95 行.
NOTIC: [8] Use of undefined constant del - assumed 'del' D:\home\site\wwwroot\Runtime\Cache\Admin\b00d2dc38a9c99b026d9919a1acc8aaf.php 第 96 行.
NOTIC: [8] Undefined index: category_id D:\home\site\wwwroot\Application\Admin\Common\function.php 第 58 行.
NOTIC: [8] Undefined index: category_id D:\home\site\wwwroot\Application\Admin\Common\function.php 第 58 行.
NOTIC: [8] Undefined index: category_id D:\home\site\wwwroot\Application\Admin\Common\function.php 第 58 行.
NOTIC: [8] Undefined index: category_id D:\home\site\wwwroot\Application\Admin\Common\function.php 第 58 行.
NOTIC: [8] Undefined index: category_id D:\home\site\wwwroot\Application\Admin\Common\function.php 第 58 行.
NOTIC: [8] Undefined index: category_id D:\home\site\wwwroot\Application\Admin\Common\function.php 第 58 行.
NOTIC: [8] Undefined index: category_id D:\home\site\wwwroot\Application\Admin\Common\function.php 第 58 行.
NOTIC: [8] Undefined index: category_id D:\home\site\wwwroot\Application\Admin\Common\function.php 第 58 行.
NOTIC: [8] Undefined index: category_id D:\home\site\wwwroot\Application\Admin\Common\function.php 第 58 行.
NOTIC: [8] Undefined index: category_id D:\home\site\wwwroot\Application\Admin\Common\function.php 第 58 行.
INFO: Run Behavior\ParseTemplateBehavior [ RunTime:0.053383s ]
INFO: [ view_parse ] --END-- [ RunTime:0.053432s ]
INFO: [ view_filter ] --START--
INFO: Run Behavior\WriteHtmlCacheBehavior [ RunTime:0.000474s ]
INFO: [ view_filter ] --END-- [ RunTime:0.000551s ]
INFO: [ app_end ] --START--
INFO: Run Behavior\ShowPageTraceBehavior [ RunTime:0.000482s ]
INFO: [ app_end ] --END-- [ RunTime:0.000527s ]

[ 2017-09-13T16:45:41+08:00 ] 112.67.203.159 /admin.php?s=/Partner/index/p/2.html
INFO: [ app_init ] --START--
INFO: Run Behavior\BuildLiteBehavior [ RunTime:0.000038s ]
INFO: Run Common\Behavior\InitHookBehavior [ RunTime:0.004081s ]
INFO: [ app_init ] --END-- [ RunTime:0.004269s ]
INFO: [ app_begin ] --START--
INFO: Run Behavior\ReadHtmlCacheBehavior [ RunTime:0.000194s ]
INFO: [ app_begin ] --END-- [ RunTime:0.000246s ]
NOTIC: [2048] Declaration of Admin\Controller\PartnerController::setStatus() should be compatible with Admin\Controller\AdminController::setStatus($Model = Admin\Controller\CONTROLLER_NAME) D:\home\site\wwwroot\Application\Admin\Controller\PartnerController.class.php 第 3 行.
SQL: SHOW COLUMNS FROM `mic_menu` [ RunTime:0.0171s ]
SQL: SELECT `id`,`title`,`url` FROM `mic_menu` WHERE `pid` = 0 AND `hide` = 0 ORDER BY sort asc  [ RunTime:0.0018s ]
SQL: SELECT `pid` FROM `mic_menu` WHERE ( pid !=0 AND url like '%Partner/index%' ) LIMIT 1   [ RunTime:0.0010s ]
SQL: SELECT * FROM `mic_menu` WHERE `id` = 129 LIMIT 1   [ RunTime:0.0005s ]
SQL: SELECT DISTINCT  `group` FROM `mic_menu` WHERE `group` <> '' AND `pid` = 129  [ RunTime:0.0004s ]
SQL: SELECT `id`,`url` FROM `mic_menu` WHERE `pid` = 129 AND `hide` = 0  [ RunTime:0.0005s ]
SQL: SELECT `id`,`pid`,`title`,`url`,`tip` FROM `mic_menu` WHERE `group` = '实习生列表' AND `pid` = 129 AND `hide` = 0 ORDER BY sort asc  [ RunTime:0.0005s ]
SQL: SHOW COLUMNS FROM `mic_model` [ RunTime:0.0119s ]
SQL: SELECT * FROM `mic_model` WHERE `name` = 'partner' LIMIT 1   [ RunTime:0.0007s ]
SQL: SELECT * FROM `mic_model` WHERE `id` = 5 LIMIT 1   [ RunTime:0.0004s ]
SQL: SHOW COLUMNS FROM `mic_partner` [ RunTime:0.0077s ]
SQL: SELECT `p_name`,`p_sex`,`p_current_job`,`p_address`,`p_hobby`,`p_station`,`id` FROM `mic_partner` WHERE `p_year` = 0 ORDER BY id DESC LIMIT 10,10   [ RunTime:0.0016s ]
SQL: SELECT COUNT(*) AS tp_count FROM `mic_partner` WHERE `p_year` = 0 LIMIT 1   [ RunTime:0.0004s ]
SQL: SELECT `extend` FROM `mic_model` WHERE `id` = 5 LIMIT 1   [ RunTime:0.0003s ]
SQL: SHOW COLUMNS FROM `mic_attribute` [ RunTime:0.0132s ]
SQL: SELECT `id`,`name`,`type`,`extra` FROM `mic_attribute` WHERE `model_id` = 5  [ RunTime:0.0005s ]
INFO: [ view_parse ] --START--
INFO: [ template_filter ] --START--
INFO: Run Behavior\ContentReplaceBehavior [ RunTime:0.000187s ]
INFO: [ template_filter ] --END-- [ RunTime:0.000233s ]
NOTIC: [8] Use of undefined constant add - assumed 'add' D:\home\site\wwwroot\Runtime\Cache\Admin\b00d2dc38a9c99b026d9919a1acc8aaf.php 第 95 行.
NOTIC: [8] Use of undefined constant del - assumed 'del' D:\home\site\wwwroot\Runtime\Cache\Admin\b00d2dc38a9c99b026d9919a1acc8aaf.php 第 96 行.
NOTIC: [8] Undefined index: category_id D:\home\site\wwwroot\Application\Admin\Common\function.php 第 58 行.
NOTIC: [8] Undefined index: category_id D:\home\site\wwwroot\Application\Admin\Common\function.php 第 58 行.
NOTIC: [8] Undefined index: category_id D:\home\site\wwwroot\Application\Admin\Common\function.php 第 58 行.
NOTIC: [8] Undefined index: category_id D:\home\site\wwwroot\Application\Admin\Common\function.php 第 58 行.
INFO: Run Behavior\ParseTemplateBehavior [ RunTime:0.068295s ]
INFO: [ view_parse ] --END-- [ RunTime:0.068363s ]
INFO: [ view_filter ] --START--
INFO: Run Behavior\WriteHtmlCacheBehavior [ RunTime:0.002836s ]
INFO: [ view_filter ] --END-- [ RunTime:0.002881s ]
INFO: [ app_end ] --START--
INFO: Run Behavior\ShowPageTraceBehavior [ RunTime:0.000350s ]
INFO: [ app_end ] --END-- [ RunTime:0.000396s ]

[ 2017-09-13T16:45:45+08:00 ] 112.67.203.159 /admin.php?s=/Index/index.html
INFO: [ app_init ] --START--
INFO: Run Behavior\BuildLiteBehavior [ RunTime:0.000016s ]
INFO: Run Common\Behavior\InitHookBehavior [ RunTime:0.001674s ]
INFO: [ app_init ] --END-- [ RunTime:0.001841s ]
INFO: [ app_begin ] --START--
INFO: Run Behavior\ReadHtmlCacheBehavior [ RunTime:0.000192s ]
INFO: [ app_begin ] --END-- [ RunTime:0.000264s ]
SQL: SHOW COLUMNS FROM `mic_menu` [ RunTime:0.0025s ]
SQL: SELECT `id`,`title`,`url` FROM `mic_menu` WHERE `pid` = 0 AND `hide` = 0 ORDER BY sort asc  [ RunTime:0.0006s ]
SQL: SELECT `pid` FROM `mic_menu` WHERE ( pid !=0 AND url like '%Index/index%' ) LIMIT 1   [ RunTime:0.0010s ]
INFO: [ view_parse ] --START--
INFO: [ template_filter ] --START--
INFO: Run Behavior\ContentReplaceBehavior [ RunTime:0.000140s ]
INFO: [ template_filter ] --END-- [ RunTime:0.000200s ]
INFO: [ AdminIndex ] --START--
SQL: SHOW COLUMNS FROM `mic_addons` [ RunTime:0.0105s ]
SQL: SELECT `config` FROM `mic_addons` WHERE `name` = 'SiteStat' AND `status` = 1 LIMIT 1   [ RunTime:0.0004s ]
SQL: SHOW COLUMNS FROM `mic_member` [ RunTime:0.0039s ]
SQL: SELECT COUNT(*) AS tp_count FROM `mic_member` LIMIT 1   [ RunTime:0.0002s ]
SQL: SHOW COLUMNS FROM `mic_action_log` [ RunTime:0.0063s ]
SQL: SELECT COUNT(*) AS tp_count FROM `mic_action_log` LIMIT 1   [ RunTime:0.0002s ]
SQL: SHOW COLUMNS FROM `mic_document` [ RunTime:0.0022s ]
SQL: SELECT COUNT(*) AS tp_count FROM `mic_document` LIMIT 1   [ RunTime:0.0067s ]
SQL: SHOW COLUMNS FROM `mic_category` [ RunTime:0.0009s ]
SQL: SELECT COUNT(*) AS tp_count FROM `mic_category` LIMIT 1   [ RunTime:0.0003s ]
SQL: SHOW COLUMNS FROM `mic_model` [ RunTime:0.0009s ]
SQL: SELECT COUNT(*) AS tp_count FROM `mic_model` LIMIT 1   [ RunTime:0.0002s ]
INFO: [ view_parse ] --START--
INFO: [ template_filter ] --START--
INFO: Run Behavior\ContentReplaceBehavior [ RunTime:0.000032s ]
INFO: [ template_filter ] --END-- [ RunTime:-0.087653s ]
INFO: Run Behavior\ParseTemplateBehavior [ RunTime:0.048400s ]
INFO: [ view_parse ] --END-- [ RunTime:0.048478s ]
INFO: [ view_filter ] --START--
INFO: Run Behavior\WriteHtmlCacheBehavior [ RunTime:0.000340s ]
INFO: [ view_filter ] --END-- [ RunTime:0.000411s ]
INFO: Run Addons\SiteStat\SiteStatAddon [ RunTime:0.097776s ]
INFO: [ AdminIndex ] --END-- [ RunTime:0.097817s ]
INFO: Run Behavior\ParseTemplateBehavior [ RunTime:0.048974s ]
INFO: [ view_parse ] --END-- [ RunTime:0.048478s ]
INFO: [ view_filter ] --START--
INFO: Run Behavior\WriteHtmlCacheBehavior [ RunTime:0.000012s ]
INFO: [ view_filter ] --END-- [ RunTime:-0.000103s ]
INFO: [ app_end ] --START--
INFO: Run Behavior\ShowPageTraceBehavior [ RunTime:0.000340s ]
INFO: [ app_end ] --END-- [ RunTime:0.000379s ]

[ 2017-09-13T16:45:57+08:00 ] 112.67.203.159 /admin.php?s=/Article/index.html
INFO: [ app_init ] --START--
INFO: Run Behavior\BuildLiteBehavior [ RunTime:0.000017s ]
INFO: Run Common\Behavior\InitHookBehavior [ RunTime:0.010000s ]
INFO: [ app_init ] --END-- [ RunTime:0.010244s ]
INFO: [ app_begin ] --START--
INFO: Run Behavior\ReadHtmlCacheBehavior [ RunTime:0.000340s ]
INFO: [ app_begin ] --END-- [ RunTime:0.000410s ]
SQL: SHOW COLUMNS FROM `mic_menu` [ RunTime:0.0020s ]
SQL: SELECT `id`,`title`,`url` FROM `mic_menu` WHERE `pid` = 0 AND `hide` = 0 ORDER BY sort asc  [ RunTime:0.0010s ]
SQL: SELECT `pid` FROM `mic_menu` WHERE ( pid !=0 AND url like '%Article/index%' ) LIMIT 1   [ RunTime:0.0004s ]
SQL: SELECT * FROM `mic_menu` WHERE `id` = 2 LIMIT 1   [ RunTime:0.0063s ]
SQL: SELECT DISTINCT  `group` FROM `mic_menu` WHERE `group` <> '' AND `pid` = 2  [ RunTime:0.0005s ]
SQL: SELECT `id`,`url` FROM `mic_menu` WHERE `pid` = 2 AND `hide` = 0  [ RunTime:0.0004s ]
SQL: SELECT `id`,`pid`,`title`,`url`,`tip` FROM `mic_menu` WHERE `group` = '内容' AND `pid` = 2 AND `hide` = 0 ORDER BY sort asc  [ RunTime:0.0005s ]
SQL: SHOW COLUMNS FROM `mic_auth_group_access` [ RunTime:0.0117s ]
SQL: SELECT `extend_id` FROM mic_auth_group_access g INNER JOIN mic_auth_extend c on g.group_id=c.group_id  WHERE ( g.uid='1' and c.type='1' and !isnull(extend_id) )  [ RunTime:0.0330s ]
SQL: SHOW COLUMNS FROM `mic_category` [ RunTime:0.0010s ]
SQL: SELECT `id`,`title`,`pid`,`allow_publish` FROM `mic_category` WHERE `status` = 1 ORDER BY pid,sort  [ RunTime:0.0005s ]
SQL: SHOW COLUMNS FROM `mic_model` [ RunTime:0.0008s ]
SQL: SELECT * FROM `mic_model` WHERE `name` = 'document' LIMIT 1   [ RunTime:0.0062s ]
SQL: SHOW COLUMNS FROM `mic_document` [ RunTime:0.0007s ]
SQL: SELECT COUNT(*) AS tp_count FROM mic_document DOCUMENT WHERE `status` IN ('0','1','2') AND `pid` = 0 LIMIT 1   [ RunTime:0.0004s ]
SQL: SELECT `id`,`title`,`type`,`update_time`,`status`,`view`,`category_id`,`model_id`,`pid` FROM mic_document DOCUMENT WHERE `status` IN ('0','1','2') AND `pid` = 0 ORDER BY level DESC,DOCUMENT.id DESC LIMIT 0,10   [ RunTime:0.0028s ]
SQL: SELECT `extend` FROM `mic_model` WHERE `id` = 1 LIMIT 1   [ RunTime:0.0061s ]
SQL: SHOW COLUMNS FROM `mic_attribute` [ RunTime:0.0068s ]
SQL: SELECT `id`,`name`,`type`,`extra` FROM `mic_attribute` WHERE `model_id` = 1  [ RunTime:0.0005s ]
NOTIC: [8] Undefined variable: groups D:\home\site\wwwroot\Application\Admin\Controller\ArticleController.class.php 第 231 行.
INFO: [ view_parse ] --START--
INFO: [ template_filter ] --START--
INFO: Run Behavior\ContentReplaceBehavior [ RunTime:0.000298s ]
INFO: [ template_filter ] --END-- [ RunTime:0.000353s ]
INFO: Run Behavior\ParseTemplateBehavior [ RunTime:0.915294s ]
INFO: [ view_parse ] --END-- [ RunTime:0.915379s ]
INFO: [ view_filter ] --START--
INFO: Run Behavior\WriteHtmlCacheBehavior [ RunTime:0.007533s ]
INFO: [ view_filter ] --END-- [ RunTime:0.007596s ]
INFO: [ app_end ] --START--
INFO: Run Behavior\ShowPageTraceBehavior [ RunTime:0.000550s ]
INFO: [ app_end ] --END-- [ RunTime:0.000614s ]

[ 2017-09-13T16:46:04+08:00 ] 112.67.203.159 /admin.php?s=/Comment/index.html
INFO: [ app_init ] --START--
INFO: Run Behavior\BuildLiteBehavior [ RunTime:0.000016s ]
INFO: Run Common\Behavior\InitHookBehavior [ RunTime:0.003376s ]
INFO: [ app_init ] --END-- [ RunTime:0.003491s ]
INFO: [ app_begin ] --START--
INFO: Run Behavior\ReadHtmlCacheBehavior [ RunTime:0.000185s ]
INFO: [ app_begin ] --END-- [ RunTime:0.000233s ]
SQL: SHOW COLUMNS FROM `mic_menu` [ RunTime:0.0034s ]
SQL: SELECT `id`,`title`,`url` FROM `mic_menu` WHERE `pid` = 0 AND `hide` = 0 ORDER BY sort asc  [ RunTime:0.0010s ]
SQL: SELECT `pid` FROM `mic_menu` WHERE ( pid !=0 AND url like '%Comment/index%' ) LIMIT 1   [ RunTime:0.0071s ]
SQL: SELECT * FROM `mic_menu` WHERE `id` = 124 LIMIT 1   [ RunTime:0.0006s ]
SQL: SELECT DISTINCT  `group` FROM `mic_menu` WHERE `group` <> '' AND `pid` = 124  [ RunTime:0.0005s ]
SQL: SELECT `id`,`url` FROM `mic_menu` WHERE `pid` = 124 AND `hide` = 0  [ RunTime:0.0004s ]
SQL: SELECT `id`,`pid`,`title`,`url`,`tip` FROM `mic_menu` WHERE `group` = '评论列表' AND `pid` = 124 AND `hide` = 0 ORDER BY sort asc  [ RunTime:0.0005s ]
NOTIC: [8] Undefined variable: p D:\home\site\wwwroot\Application\Admin\Controller\CommentController.class.php 第 22 行.
SQL: SHOW COLUMNS FROM `mic_model` [ RunTime:0.0123s ]
SQL: SELECT * FROM `mic_model` WHERE `name` = 'comment' LIMIT 1   [ RunTime:0.0008s ]
SQL: SELECT * FROM `mic_model` WHERE `id` = 4 LIMIT 1   [ RunTime:0.0005s ]
SQL: SHOW COLUMNS FROM `mic_comment` [ RunTime:0.0135s ]
SQL: SELECT `id`,`uid`,`content`,`article_id`,`comment_time`,`status` FROM `mic_comment` WHERE `status` <> '-1' AND `pid` = 0 ORDER BY id DESC LIMIT 0,10   [ RunTime:0.0012s ]
SQL: SELECT COUNT(*) AS tp_count FROM `mic_comment` WHERE `status` <> '-1' AND `pid` = 0 LIMIT 1   [ RunTime:0.0004s ]
SQL: SELECT `extend` FROM `mic_model` WHERE `id` = 4 LIMIT 1   [ RunTime:0.0061s ]
SQL: SHOW COLUMNS FROM `mic_attribute` [ RunTime:0.0016s ]
SQL: SELECT `id`,`name`,`type`,`extra` FROM `mic_attribute` WHERE `model_id` = 4  [ RunTime:0.0005s ]
INFO: [ view_parse ] --START--
INFO: [ template_filter ] --START--
INFO: Run Behavior\ContentReplaceBehavior [ RunTime:0.000162s ]
INFO: [ template_filter ] --END-- [ RunTime:0.000223s ]
INFO: Run Behavior\ParseTemplateBehavior [ RunTime:0.162762s ]
INFO: [ view_parse ] --END-- [ RunTime:0.162813s ]
INFO: [ view_filter ] --START--
INFO: Run Behavior\WriteHtmlCacheBehavior [ RunTime:0.000354s ]
INFO: [ view_filter ] --END-- [ RunTime:0.000398s ]
INFO: [ app_end ] --START--
INFO: Run Behavior\ShowPageTraceBehavior [ RunTime:0.000339s ]
INFO: [ app_end ] --END-- [ RunTime:0.000382s ]

[ 2017-09-13T16:46:07+08:00 ] 112.67.203.159 /admin.php?s=/User/index.html
INFO: [ app_init ] --START--
INFO: Run Behavior\BuildLiteBehavior [ RunTime:0.000016s ]
INFO: Run Common\Behavior\InitHookBehavior [ RunTime:0.004249s ]
INFO: [ app_init ] --END-- [ RunTime:0.004356s ]
INFO: [ app_begin ] --START--
INFO: Run Behavior\ReadHtmlCacheBehavior [ RunTime:0.000190s ]
INFO: [ app_begin ] --END-- [ RunTime:0.000253s ]
SQL: SHOW COLUMNS FROM `mic_menu` [ RunTime:0.0031s ]
SQL: SELECT `id`,`title`,`url` FROM `mic_menu` WHERE `pid` = 0 AND `hide` = 0 ORDER BY sort asc  [ RunTime:0.0017s ]
SQL: SELECT `pid` FROM `mic_menu` WHERE ( pid !=0 AND url like '%User/index%' ) LIMIT 1   [ RunTime:0.0004s ]
SQL: SELECT * FROM `mic_menu` WHERE `id` = 16 LIMIT 1   [ RunTime:0.0004s ]
SQL: SELECT DISTINCT  `group` FROM `mic_menu` WHERE `group` <> '' AND `pid` = 16  [ RunTime:0.0005s ]
SQL: SELECT `id`,`url` FROM `mic_menu` WHERE `pid` = 16 AND `hide` = 0  [ RunTime:0.0061s ]
SQL: SELECT `id`,`pid`,`title`,`url`,`tip` FROM `mic_menu` WHERE `group` = '用户管理' AND `pid` = 16 AND `hide` = 0 ORDER BY sort asc  [ RunTime:0.0006s ]
SQL: SELECT `id`,`pid`,`title`,`url`,`tip` FROM `mic_menu` WHERE `group` = '行为管理' AND `pid` = 16 AND `hide` = 0 ORDER BY sort asc  [ RunTime:0.0005s ]
SQL: SHOW COLUMNS FROM `mic_member` [ RunTime:0.0019s ]
SQL: SELECT COUNT(*) AS tp_count FROM `mic_member` WHERE `status` >= 0 AND `nickname` LIKE '%%' LIMIT 1   [ RunTime:0.0062s ]
SQL: SELECT `uid`,`nickname`,`sex`,`birthday`,`qq`,`score`,`login`,`reg_ip`,`reg_time`,`last_login_ip`,`last_login_time`,`status` FROM `mic_member` WHERE `status` >= 0 AND `nickname` LIKE '%%' ORDER BY uid desc LIMIT 0,10   [ RunTime:0.0007s ]
INFO: [ view_parse ] --START--
INFO: [ template_filter ] --START--
INFO: Run Behavior\ContentReplaceBehavior [ RunTime:0.000165s ]
INFO: [ template_filter ] --END-- [ RunTime:0.000226s ]
INFO: Run Behavior\ParseTemplateBehavior [ RunTime:0.063297s ]
INFO: [ view_parse ] --END-- [ RunTime:0.063381s ]
INFO: [ view_filter ] --START--
INFO: Run Behavior\WriteHtmlCacheBehavior [ RunTime:0.006519s ]
INFO: [ view_filter ] --END-- [ RunTime:0.006560s ]
INFO: [ app_end ] --START--
INFO: Run Behavior\ShowPageTraceBehavior [ RunTime:0.000355s ]
INFO: [ app_end ] --END-- [ RunTime:0.000402s ]

[ 2017-09-13T16:46:09+08:00 ] 112.67.203.159 /admin.php?s=/Partner/index.html
INFO: [ app_init ] --START--
INFO: Run Behavior\BuildLiteBehavior [ RunTime:0.000015s ]
INFO: Run Common\Behavior\InitHookBehavior [ RunTime:0.001823s ]
INFO: [ app_init ] --END-- [ RunTime:0.001941s ]
INFO: [ app_begin ] --START--
INFO: Run Behavior\ReadHtmlCacheBehavior [ RunTime:0.000200s ]
INFO: [ app_begin ] --END-- [ RunTime:0.000248s ]
NOTIC: [2048] Declaration of Admin\Controller\PartnerController::setStatus() should be compatible with Admin\Controller\AdminController::setStatus($Model = Admin\Controller\CONTROLLER_NAME) D:\home\site\wwwroot\Application\Admin\Controller\PartnerController.class.php 第 3 行.
SQL: SHOW COLUMNS FROM `mic_menu` [ RunTime:0.0021s ]
SQL: SELECT `id`,`title`,`url` FROM `mic_menu` WHERE `pid` = 0 AND `hide` = 0 ORDER BY sort asc  [ RunTime:0.0065s ]
SQL: SELECT `pid` FROM `mic_menu` WHERE ( pid !=0 AND url like '%Partner/index%' ) LIMIT 1   [ RunTime:0.0009s ]
SQL: SELECT * FROM `mic_menu` WHERE `id` = 129 LIMIT 1   [ RunTime:0.0004s ]
SQL: SELECT DISTINCT  `group` FROM `mic_menu` WHERE `group` <> '' AND `pid` = 129  [ RunTime:0.0004s ]
SQL: SELECT `id`,`url` FROM `mic_menu` WHERE `pid` = 129 AND `hide` = 0  [ RunTime:0.0004s ]
SQL: SELECT `id`,`pid`,`title`,`url`,`tip` FROM `mic_menu` WHERE `group` = '实习生列表' AND `pid` = 129 AND `hide` = 0 ORDER BY sort asc  [ RunTime:0.0005s ]
SQL: SHOW COLUMNS FROM `mic_model` [ RunTime:0.0083s ]
SQL: SELECT * FROM `mic_model` WHERE `name` = 'partner' LIMIT 1   [ RunTime:0.0007s ]
SQL: SELECT * FROM `mic_model` WHERE `id` = 5 LIMIT 1   [ RunTime:0.0004s ]
SQL: SHOW COLUMNS FROM `mic_partner` [ RunTime:0.0064s ]
SQL: SELECT `p_name`,`p_sex`,`p_current_job`,`p_address`,`p_hobby`,`p_station`,`id` FROM `mic_partner` WHERE `p_year` = 0 ORDER BY id DESC LIMIT 0,10   [ RunTime:0.0005s ]
SQL: SELECT COUNT(*) AS tp_count FROM `mic_partner` WHERE `p_year` = 0 LIMIT 1   [ RunTime:0.0003s ]
SQL: SELECT `extend` FROM `mic_model` WHERE `id` = 5 LIMIT 1   [ RunTime:0.0003s ]
SQL: SHOW COLUMNS FROM `mic_attribute` [ RunTime:0.0043s ]
SQL: SELECT `id`,`name`,`type`,`extra` FROM `mic_attribute` WHERE `model_id` = 5  [ RunTime:0.0062s ]
INFO: [ view_parse ] --START--
INFO: [ template_filter ] --START--
INFO: Run Behavior\ContentReplaceBehavior [ RunTime:0.000155s ]
INFO: [ template_filter ] --END-- [ RunTime:0.000199s ]
NOTIC: [8] Use of undefined constant add - assumed 'add' D:\home\site\wwwroot\Runtime\Cache\Admin\b00d2dc38a9c99b026d9919a1acc8aaf.php 第 95 行.
NOTIC: [8] Use of undefined constant del - assumed 'del' D:\home\site\wwwroot\Runtime\Cache\Admin\b00d2dc38a9c99b026d9919a1acc8aaf.php 第 96 行.
NOTIC: [8] Undefined index: category_id D:\home\site\wwwroot\Application\Admin\Common\function.php 第 58 行.
NOTIC: [8] Undefined index: category_id D:\home\site\wwwroot\Application\Admin\Common\function.php 第 58 行.
NOTIC: [8] Undefined index: category_id D:\home\site\wwwroot\Application\Admin\Common\function.php 第 58 行.
NOTIC: [8] Undefined index: category_id D:\home\site\wwwroot\Application\Admin\Common\function.php 第 58 行.
NOTIC: [8] Undefined index: category_id D:\home\site\wwwroot\Application\Admin\Common\function.php 第 58 行.
NOTIC: [8] Undefined index: category_id D:\home\site\wwwroot\Application\Admin\Common\function.php 第 58 行.
NOTIC: [8] Undefined index: category_id D:\home\site\wwwroot\Application\Admin\Common\function.php 第 58 行.
NOTIC: [8] Undefined index: category_id D:\home\site\wwwroot\Application\Admin\Common\function.php 第 58 行.
NOTIC: [8] Undefined index: category_id D:\home\site\wwwroot\Application\Admin\Common\function.php 第 58 行.
NOTIC: [8] Undefined index: category_id D:\home\site\wwwroot\Application\Admin\Common\function.php 第 58 行.
INFO: Run Behavior\ParseTemplateBehavior [ RunTime:0.048266s ]
INFO: [ view_parse ] --END-- [ RunTime:0.048313s ]
INFO: [ view_filter ] --START--
INFO: Run Behavior\WriteHtmlCacheBehavior [ RunTime:0.000322s ]
INFO: [ view_filter ] --END-- [ RunTime:0.000362s ]
INFO: [ app_end ] --START--
INFO: Run Behavior\ShowPageTraceBehavior [ RunTime:0.000356s ]
INFO: [ app_end ] --END-- [ RunTime:0.000408s ]

[ 2017-09-13T16:46:13+08:00 ] 112.67.203.159 /admin.php?s=/partner/index/year/0.html
INFO: [ app_init ] --START--
INFO: Run Behavior\BuildLiteBehavior [ RunTime:0.000017s ]
INFO: Run Common\Behavior\InitHookBehavior [ RunTime:0.007654s ]
INFO: [ app_init ] --END-- [ RunTime:0.007767s ]
INFO: [ app_begin ] --START--
INFO: Run Behavior\ReadHtmlCacheBehavior [ RunTime:0.000195s ]
INFO: [ app_begin ] --END-- [ RunTime:0.000255s ]
NOTIC: [2048] Declaration of Admin\Controller\PartnerController::setStatus() should be compatible with Admin\Controller\AdminController::setStatus($Model = Admin\Controller\CONTROLLER_NAME) D:\home\site\wwwroot\Application\Admin\Controller\PartnerController.class.php 第 3 行.
SQL: SHOW COLUMNS FROM `mic_menu` [ RunTime:0.0016s ]
SQL: SELECT `id`,`title`,`url` FROM `mic_menu` WHERE `pid` = 0 AND `hide` = 0 ORDER BY sort asc  [ RunTime:0.0007s ]
SQL: SELECT `pid` FROM `mic_menu` WHERE ( pid !=0 AND url like '%Partner/index%' ) LIMIT 1   [ RunTime:0.0067s ]
SQL: SELECT * FROM `mic_menu` WHERE `id` = 129 LIMIT 1   [ RunTime:0.0009s ]
SQL: SELECT DISTINCT  `group` FROM `mic_menu` WHERE `group` <> '' AND `pid` = 129  [ RunTime:0.0004s ]
SQL: SELECT `id`,`url` FROM `mic_menu` WHERE `pid` = 129 AND `hide` = 0  [ RunTime:0.0004s ]
SQL: SELECT `id`,`pid`,`title`,`url`,`tip` FROM `mic_menu` WHERE `group` = '实习生列表' AND `pid` = 129 AND `hide` = 0 ORDER BY sort asc  [ RunTime:0.0005s ]
SQL: SHOW COLUMNS FROM `mic_model` [ RunTime:0.0073s ]
SQL: SELECT * FROM `mic_model` WHERE `name` = 'partner' LIMIT 1   [ RunTime:0.0007s ]
SQL: SELECT * FROM `mic_model` WHERE `id` = 5 LIMIT 1   [ RunTime:0.0004s ]
SQL: SHOW COLUMNS FROM `mic_partner` [ RunTime:0.1971s ]
SQL: SELECT `p_name`,`p_sex`,`p_current_job`,`p_address`,`p_hobby`,`p_station`,`id` FROM `mic_partner` WHERE `p_year` = '0' ORDER BY id DESC LIMIT 0,10   [ RunTime:0.0007s ]
SQL: SELECT COUNT(*) AS tp_count FROM `mic_partner` WHERE `p_year` = '0' LIMIT 1   [ RunTime:0.0004s ]
SQL: SELECT `extend` FROM `mic_model` WHERE `id` = 5 LIMIT 1   [ RunTime:0.0004s ]
SQL: SHOW COLUMNS FROM `mic_attribute` [ RunTime:0.0012s ]
SQL: SELECT `id`,`name`,`type`,`extra` FROM `mic_attribute` WHERE `model_id` = 5  [ RunTime:0.0005s ]
INFO: [ view_parse ] --START--
INFO: [ template_filter ] --START--
INFO: Run Behavior\ContentReplaceBehavior [ RunTime:0.000168s ]
INFO: [ template_filter ] --END-- [ RunTime:0.000216s ]
NOTIC: [8] Use of undefined constant add - assumed 'add' D:\home\site\wwwroot\Runtime\Cache\Admin\b00d2dc38a9c99b026d9919a1acc8aaf.php 第 95 行.
NOTIC: [8] Use of undefined constant del - assumed 'del' D:\home\site\wwwroot\Runtime\Cache\Admin\b00d2dc38a9c99b026d9919a1acc8aaf.php 第 96 行.
NOTIC: [8] Undefined index: category_id D:\home\site\wwwroot\Application\Admin\Common\function.php 第 58 行.
NOTIC: [8] Undefined index: category_id D:\home\site\wwwroot\Application\Admin\Common\function.php 第 58 行.
NOTIC: [8] Undefined index: category_id D:\home\site\wwwroot\Application\Admin\Common\function.php 第 58 行.
NOTIC: [8] Undefined index: category_id D:\home\site\wwwroot\Application\Admin\Common\function.php 第 58 行.
NOTIC: [8] Undefined index: category_id D:\home\site\wwwroot\Application\Admin\Common\function.php 第 58 行.
NOTIC: [8] Undefined index: category_id D:\home\site\wwwroot\Application\Admin\Common\function.php 第 58 行.
NOTIC: [8] Undefined index: category_id D:\home\site\wwwroot\Application\Admin\Common\function.php 第 58 行.
NOTIC: [8] Undefined index: category_id D:\home\site\wwwroot\Application\Admin\Common\function.php 第 58 行.
NOTIC: [8] Undefined index: category_id D:\home\site\wwwroot\Application\Admin\Common\function.php 第 58 行.
NOTIC: [8] Undefined index: category_id D:\home\site\wwwroot\Application\Admin\Common\function.php 第 58 行.
INFO: Run Behavior\ParseTemplateBehavior [ RunTime:0.057784s ]
INFO: [ view_parse ] --END-- [ RunTime:0.057835s ]
INFO: [ view_filter ] --START--
INFO: Run Behavior\WriteHtmlCacheBehavior [ RunTime:0.000360s ]
INFO: [ view_filter ] --END-- [ RunTime:0.000413s ]
INFO: [ app_end ] --START--
INFO: Run Behavior\ShowPageTraceBehavior [ RunTime:0.000359s ]
INFO: [ app_end ] --END-- [ RunTime:0.000401s ]

[ 2017-09-13T16:46:21+08:00 ] 112.67.203.159 /admin.php?s=/partner/index/year/1.html
INFO: [ app_init ] --START--
INFO: Run Behavior\BuildLiteBehavior [ RunTime:0.000017s ]
INFO: Run Common\Behavior\InitHookBehavior [ RunTime:0.010042s ]
INFO: [ app_init ] --END-- [ RunTime:0.010307s ]
INFO: [ app_begin ] --START--
INFO: Run Behavior\ReadHtmlCacheBehavior [ RunTime:0.004336s ]
INFO: [ app_begin ] --END-- [ RunTime:0.004389s ]
NOTIC: [2048] Declaration of Admin\Controller\PartnerController::setStatus() should be compatible with Admin\Controller\AdminController::setStatus($Model = Admin\Controller\CONTROLLER_NAME) D:\home\site\wwwroot\Application\Admin\Controller\PartnerController.class.php 第 3 行.
SQL: SHOW COLUMNS FROM `mic_menu` [ RunTime:0.0009s ]
SQL: SELECT `id`,`title`,`url` FROM `mic_menu` WHERE `pid` = 0 AND `hide` = 0 ORDER BY sort asc  [ RunTime:0.0010s ]
SQL: SELECT `pid` FROM `mic_menu` WHERE ( pid !=0 AND url like '%Partner/index%' ) LIMIT 1   [ RunTime:0.0010s ]
SQL: SELECT * FROM `mic_menu` WHERE `id` = 129 LIMIT 1   [ RunTime:0.0044s ]
SQL: SELECT DISTINCT  `group` FROM `mic_menu` WHERE `group` <> '' AND `pid` = 129  [ RunTime:0.0005s ]
SQL: SELECT `id`,`url` FROM `mic_menu` WHERE `pid` = 129 AND `hide` = 0  [ RunTime:0.0004s ]
SQL: SELECT `id`,`pid`,`title`,`url`,`tip` FROM `mic_menu` WHERE `group` = '实习生列表' AND `pid` = 129 AND `hide` = 0 ORDER BY sort asc  [ RunTime:0.0005s ]
SQL: SHOW COLUMNS FROM `mic_model` [ RunTime:0.0050s ]
SQL: SELECT * FROM `mic_model` WHERE `name` = 'partner' LIMIT 1   [ RunTime:0.0008s ]
SQL: SELECT * FROM `mic_model` WHERE `id` = 5 LIMIT 1   [ RunTime:0.0010s ]
SQL: SHOW COLUMNS FROM `mic_partner` [ RunTime:0.0066s ]
SQL: SELECT `p_name`,`p_sex`,`p_current_job`,`p_address`,`p_hobby`,`p_station`,`id` FROM `mic_partner` WHERE `p_year` = '1' ORDER BY id DESC LIMIT 0,10   [ RunTime:0.0004s ]
SQL: SELECT COUNT(*) AS tp_count FROM `mic_partner` WHERE `p_year` = '1' LIMIT 1   [ RunTime:0.0004s ]
SQL: SELECT `extend` FROM `mic_model` WHERE `id` = 5 LIMIT 1   [ RunTime:0.0003s ]
SQL: SHOW COLUMNS FROM `mic_attribute` [ RunTime:0.0100s ]
SQL: SELECT `id`,`name`,`type`,`extra` FROM `mic_attribute` WHERE `model_id` = 5  [ RunTime:0.0005s ]
INFO: [ view_parse ] --START--
INFO: [ template_filter ] --START--
INFO: Run Behavior\ContentReplaceBehavior [ RunTime:0.000181s ]
INFO: [ template_filter ] --END-- [ RunTime:0.000227s ]
NOTIC: [8] Use of undefined constant add - assumed 'add' D:\home\site\wwwroot\Runtime\Cache\Admin\b00d2dc38a9c99b026d9919a1acc8aaf.php 第 95 行.
NOTIC: [8] Use of undefined constant del - assumed 'del' D:\home\site\wwwroot\Runtime\Cache\Admin\b00d2dc38a9c99b026d9919a1acc8aaf.php 第 96 行.
NOTIC: [8] Undefined index: category_id D:\home\site\wwwroot\Application\Admin\Common\function.php 第 58 行.
NOTIC: [8] Undefined index: category_id D:\home\site\wwwroot\Application\Admin\Common\function.php 第 58 行.
NOTIC: [8] Undefined index: category_id D:\home\site\wwwroot\Application\Admin\Common\function.php 第 58 行.
NOTIC: [8] Undefined index: category_id D:\home\site\wwwroot\Application\Admin\Common\function.php 第 58 行.
NOTIC: [8] Undefined index: category_id D:\home\site\wwwroot\Application\Admin\Common\function.php 第 58 行.
NOTIC: [8] Undefined index: category_id D:\home\site\wwwroot\Application\Admin\Common\function.php 第 58 行.
NOTIC: [8] Undefined index: category_id D:\home\site\wwwroot\Application\Admin\Common\function.php 第 58 行.
NOTIC: [8] Undefined index: category_id D:\home\site\wwwroot\Application\Admin\Common\function.php 第 58 行.
NOTIC: [8] Undefined index: category_id D:\home\site\wwwroot\Application\Admin\Common\function.php 第 58 行.
NOTIC: [8] Undefined index: category_id D:\home\site\wwwroot\Application\Admin\Common\function.php 第 58 行.
INFO: Run Behavior\ParseTemplateBehavior [ RunTime:0.081049s ]
INFO: [ view_parse ] --END-- [ RunTime:0.081100s ]
INFO: [ view_filter ] --START--
INFO: Run Behavior\WriteHtmlCacheBehavior [ RunTime:0.001642s ]
INFO: [ view_filter ] --END-- [ RunTime:0.001686s ]
INFO: [ app_end ] --START--
INFO: Run Behavior\ShowPageTraceBehavior [ RunTime:0.000402s ]
INFO: [ app_end ] --END-- [ RunTime:0.000469s ]

[ 2017-09-13T16:46:24+08:00 ] 112.67.203.159 /admin.php?s=/partner/index/year/3.html
INFO: [ app_init ] --START--
INFO: Run Behavior\BuildLiteBehavior [ RunTime:0.000015s ]
INFO: Run Common\Behavior\InitHookBehavior [ RunTime:0.007701s ]
INFO: [ app_init ] --END-- [ RunTime:0.007805s ]
INFO: [ app_begin ] --START--
INFO: Run Behavior\ReadHtmlCacheBehavior [ RunTime:0.000171s ]
INFO: [ app_begin ] --END-- [ RunTime:0.000216s ]
NOTIC: [2048] Declaration of Admin\Controller\PartnerController::setStatus() should be compatible with Admin\Controller\AdminController::setStatus($Model = Admin\Controller\CONTROLLER_NAME) D:\home\site\wwwroot\Application\Admin\Controller\PartnerController.class.php 第 3 行.
SQL: SHOW COLUMNS FROM `mic_menu` [ RunTime:0.0016s ]
SQL: SELECT `id`,`title`,`url` FROM `mic_menu` WHERE `pid` = 0 AND `hide` = 0 ORDER BY sort asc  [ RunTime:0.0008s ]
SQL: SELECT `pid` FROM `mic_menu` WHERE ( pid !=0 AND url like '%Partner/index%' ) LIMIT 1   [ RunTime:0.0066s ]
SQL: SELECT * FROM `mic_menu` WHERE `id` = 129 LIMIT 1   [ RunTime:0.0005s ]
SQL: SELECT DISTINCT  `group` FROM `mic_menu` WHERE `group` <> '' AND `pid` = 129  [ RunTime:0.0004s ]
SQL: SELECT `id`,`url` FROM `mic_menu` WHERE `pid` = 129 AND `hide` = 0  [ RunTime:0.0004s ]
SQL: SELECT `id`,`pid`,`title`,`url`,`tip` FROM `mic_menu` WHERE `group` = '实习生列表' AND `pid` = 129 AND `hide` = 0 ORDER BY sort asc  [ RunTime:0.0005s ]
SQL: SHOW COLUMNS FROM `mic_model` [ RunTime:0.0074s ]
SQL: SELECT * FROM `mic_model` WHERE `name` = 'partner' LIMIT 1   [ RunTime:0.0007s ]
SQL: SELECT * FROM `mic_model` WHERE `id` = 5 LIMIT 1   [ RunTime:0.0010s ]
SQL: SHOW COLUMNS FROM `mic_partner` [ RunTime:0.0018s ]
SQL: SELECT `p_name`,`p_sex`,`p_current_job`,`p_address`,`p_hobby`,`p_station`,`id` FROM `mic_partner` WHERE `p_year` = '3' ORDER BY id DESC LIMIT 0,10   [ RunTime:0.0006s ]
SQL: SELECT COUNT(*) AS tp_count FROM `mic_partner` WHERE `p_year` = '3' LIMIT 1   [ RunTime:0.0061s ]
SQL: SELECT `extend` FROM `mic_model` WHERE `id` = 5 LIMIT 1   [ RunTime:0.0003s ]
SQL: SHOW COLUMNS FROM `mic_attribute` [ RunTime:0.0012s ]
SQL: SELECT `id`,`name`,`type`,`extra` FROM `mic_attribute` WHERE `model_id` = 5  [ RunTime:0.0004s ]
INFO: [ view_parse ] --START--
INFO: [ template_filter ] --START--
INFO: Run Behavior\ContentReplaceBehavior [ RunTime:0.000173s ]
INFO: [ template_filter ] --END-- [ RunTime:0.000222s ]
NOTIC: [8] Use of undefined constant add - assumed 'add' D:\home\site\wwwroot\Runtime\Cache\Admin\b00d2dc38a9c99b026d9919a1acc8aaf.php 第 95 行.
NOTIC: [8] Use of undefined constant del - assumed 'del' D:\home\site\wwwroot\Runtime\Cache\Admin\b00d2dc38a9c99b026d9919a1acc8aaf.php 第 96 行.
NOTIC: [8] Undefined index: category_id D:\home\site\wwwroot\Application\Admin\Common\function.php 第 58 行.
NOTIC: [8] Undefined index: category_id D:\home\site\wwwroot\Application\Admin\Common\function.php 第 58 行.
NOTIC: [8] Undefined index: category_id D:\home\site\wwwroot\Application\Admin\Common\function.php 第 58 行.
NOTIC: [8] Undefined index: category_id D:\home\site\wwwroot\Application\Admin\Common\function.php 第 58 行.
NOTIC: [8] Undefined index: category_id D:\home\site\wwwroot\Application\Admin\Common\function.php 第 58 行.
NOTIC: [8] Undefined index: category_id D:\home\site\wwwroot\Application\Admin\Common\function.php 第 58 行.
NOTIC: [8] Undefined index: category_id D:\home\site\wwwroot\Application\Admin\Common\function.php 第 58 行.
INFO: Run Behavior\ParseTemplateBehavior [ RunTime:0.052289s ]
INFO: [ view_parse ] --END-- [ RunTime:0.052341s ]
INFO: [ view_filter ] --START--
INFO: Run Behavior\WriteHtmlCacheBehavior [ RunTime:0.000295s ]
INFO: [ view_filter ] --END-- [ RunTime:0.000333s ]
INFO: [ app_end ] --START--
INFO: Run Behavior\ShowPageTraceBehavior [ RunTime:0.000323s ]
INFO: [ app_end ] --END-- [ RunTime:0.006073s ]

[ 2017-09-13T16:46:27+08:00 ] 112.67.203.159 /admin.php?s=/partner/index/year/2.html
INFO: [ app_init ] --START--
INFO: Run Behavior\BuildLiteBehavior [ RunTime:0.000017s ]
INFO: Run Common\Behavior\InitHookBehavior [ RunTime:0.007227s ]
INFO: [ app_init ] --END-- [ RunTime:0.007346s ]
INFO: [ app_begin ] --START--
INFO: Run Behavior\ReadHtmlCacheBehavior [ RunTime:0.000210s ]
INFO: [ app_begin ] --END-- [ RunTime:0.000259s ]
NOTIC: [2048] Declaration of Admin\Controller\PartnerController::setStatus() should be compatible with Admin\Controller\AdminController::setStatus($Model = Admin\Controller\CONTROLLER_NAME) D:\home\site\wwwroot\Application\Admin\Controller\PartnerController.class.php 第 3 行.
SQL: SHOW COLUMNS FROM `mic_menu` [ RunTime:0.0042s ]
SQL: SELECT `id`,`title`,`url` FROM `mic_menu` WHERE `pid` = 0 AND `hide` = 0 ORDER BY sort asc  [ RunTime:0.0015s ]
SQL: SELECT `pid` FROM `mic_menu` WHERE ( pid !=0 AND url like '%Partner/index%' ) LIMIT 1   [ RunTime:0.0011s ]
SQL: SELECT * FROM `mic_menu` WHERE `id` = 129 LIMIT 1   [ RunTime:0.0017s ]
SQL: SELECT DISTINCT  `group` FROM `mic_menu` WHERE `group` <> '' AND `pid` = 129  [ RunTime:0.0005s ]
SQL: SELECT `id`,`url` FROM `mic_menu` WHERE `pid` = 129 AND `hide` = 0  [ RunTime:0.0010s ]
SQL: SELECT `id`,`pid`,`title`,`url`,`tip` FROM `mic_menu` WHERE `group` = '实习生列表' AND `pid` = 129 AND `hide` = 0 ORDER BY sort asc  [ RunTime:0.0006s ]
SQL: SHOW COLUMNS FROM `mic_model` [ RunTime:0.0079s ]
SQL: SELECT * FROM `mic_model` WHERE `name` = 'partner' LIMIT 1   [ RunTime:0.0007s ]
SQL: SELECT * FROM `mic_model` WHERE `id` = 5 LIMIT 1   [ RunTime:0.0008s ]
SQL: SHOW COLUMNS FROM `mic_partner` [ RunTime:0.0081s ]
SQL: SELECT `p_name`,`p_sex`,`p_current_job`,`p_address`,`p_hobby`,`p_station`,`id` FROM `mic_partner` WHERE `p_year` = '2' ORDER BY id DESC LIMIT 0,10   [ RunTime:0.0007s ]
SQL: SELECT COUNT(*) AS tp_count FROM `mic_partner` WHERE `p_year` = '2' LIMIT 1   [ RunTime:0.0004s ]
SQL: SELECT `extend` FROM `mic_model` WHERE `id` = 5 LIMIT 1   [ RunTime:0.0003s ]
SQL: SHOW COLUMNS FROM `mic_attribute` [ RunTime:0.0040s ]
SQL: SELECT `id`,`name`,`type`,`extra` FROM `mic_attribute` WHERE `model_id` = 5  [ RunTime:0.0061s ]
INFO: [ view_parse ] --START--
INFO: [ template_filter ] --START--
INFO: Run Behavior\ContentReplaceBehavior [ RunTime:0.000176s ]
INFO: [ template_filter ] --END-- [ RunTime:0.000222s ]
NOTIC: [8] Use of undefined constant add - assumed 'add' D:\home\site\wwwroot\Runtime\Cache\Admin\b00d2dc38a9c99b026d9919a1acc8aaf.php 第 95 行.
NOTIC: [8] Use of undefined constant del - assumed 'del' D:\home\site\wwwroot\Runtime\Cache\Admin\b00d2dc38a9c99b026d9919a1acc8aaf.php 第 96 行.
NOTIC: [8] Undefined index: category_id D:\home\site\wwwroot\Application\Admin\Common\function.php 第 58 行.
NOTIC: [8] Undefined index: category_id D:\home\site\wwwroot\Application\Admin\Common\function.php 第 58 行.
NOTIC: [8] Undefined index: category_id D:\home\site\wwwroot\Application\Admin\Common\function.php 第 58 行.
NOTIC: [8] Undefined index: category_id D:\home\site\wwwroot\Application\Admin\Common\function.php 第 58 行.
NOTIC: [8] Undefined index: category_id D:\home\site\wwwroot\Application\Admin\Common\function.php 第 58 行.
NOTIC: [8] Undefined index: category_id D:\home\site\wwwroot\Application\Admin\Common\function.php 第 58 行.
NOTIC: [8] Undefined index: category_id D:\home\site\wwwroot\Application\Admin\Common\function.php 第 58 行.
NOTIC: [8] Undefined index: category_id D:\home\site\wwwroot\Application\Admin\Common\function.php 第 58 行.
NOTIC: [8] Undefined index: category_id D:\home\site\wwwroot\Application\Admin\Common\function.php 第 58 行.
INFO: Run Behavior\ParseTemplateBehavior [ RunTime:0.051632s ]
INFO: [ view_parse ] --END-- [ RunTime:0.051689s ]
INFO: [ view_filter ] --START--
INFO: Run Behavior\WriteHtmlCacheBehavior [ RunTime:0.000374s ]
INFO: [ view_filter ] --END-- [ RunTime:0.000415s ]
INFO: [ app_end ] --START--
INFO: Run Behavior\ShowPageTraceBehavior [ RunTime:0.000304s ]
INFO: [ app_end ] --END-- [ RunTime:0.000357s ]

[ 2017-09-13T16:46:29+08:00 ] 112.67.203.159 /admin.php?s=/partner/index/year/1.html
INFO: [ app_init ] --START--
INFO: Run Behavior\BuildLiteBehavior [ RunTime:0.000016s ]
INFO: Run Common\Behavior\InitHookBehavior [ RunTime:0.002173s ]
INFO: [ app_init ] --END-- [ RunTime:0.002278s ]
INFO: [ app_begin ] --START--
INFO: Run Behavior\ReadHtmlCacheBehavior [ RunTime:0.000173s ]
INFO: [ app_begin ] --END-- [ RunTime:0.000218s ]
NOTIC: [2048] Declaration of Admin\Controller\PartnerController::setStatus() should be compatible with Admin\Controller\AdminController::setStatus($Model = Admin\Controller\CONTROLLER_NAME) D:\home\site\wwwroot\Application\Admin\Controller\PartnerController.class.php 第 3 行.
SQL: SHOW COLUMNS FROM `mic_menu` [ RunTime:0.0495s ]
SQL: SELECT `id`,`title`,`url` FROM `mic_menu` WHERE `pid` = 0 AND `hide` = 0 ORDER BY sort asc  [ RunTime:0.0015s ]
SQL: SELECT `pid` FROM `mic_menu` WHERE ( pid !=0 AND url like '%Partner/index%' ) LIMIT 1   [ RunTime:0.0010s ]
SQL: SELECT * FROM `mic_menu` WHERE `id` = 129 LIMIT 1   [ RunTime:0.0005s ]
SQL: SELECT DISTINCT  `group` FROM `mic_menu` WHERE `group` <> '' AND `pid` = 129  [ RunTime:0.0004s ]
SQL: SELECT `id`,`url` FROM `mic_menu` WHERE `pid` = 129 AND `hide` = 0  [ RunTime:0.0004s ]
SQL: SELECT `id`,`pid`,`title`,`url`,`tip` FROM `mic_menu` WHERE `group` = '实习生列表' AND `pid` = 129 AND `hide` = 0 ORDER BY sort asc  [ RunTime:0.0005s ]
SQL: SHOW COLUMNS FROM `mic_model` [ RunTime:0.0009s ]
SQL: SELECT * FROM `mic_model` WHERE `name` = 'partner' LIMIT 1   [ RunTime:0.0007s ]
SQL: SELECT * FROM `mic_model` WHERE `id` = 5 LIMIT 1   [ RunTime:0.0004s ]
SQL: SHOW COLUMNS FROM `mic_partner` [ RunTime:0.0073s ]
SQL: SELECT `p_name`,`p_sex`,`p_current_job`,`p_address`,`p_hobby`,`p_station`,`id` FROM `mic_partner` WHERE `p_year` = '1' ORDER BY id DESC LIMIT 0,10   [ RunTime:0.0010s ]
SQL: SELECT COUNT(*) AS tp_count FROM `mic_partner` WHERE `p_year` = '1' LIMIT 1   [ RunTime:0.0004s ]
SQL: SELECT `extend` FROM `mic_model` WHERE `id` = 5 LIMIT 1   [ RunTime:0.0003s ]
SQL: SHOW COLUMNS FROM `mic_attribute` [ RunTime:0.0020s ]
SQL: SELECT `id`,`name`,`type`,`extra` FROM `mic_attribute` WHERE `model_id` = 5  [ RunTime:0.0005s ]
INFO: [ view_parse ] --START--
INFO: [ template_filter ] --START--
INFO: Run Behavior\ContentReplaceBehavior [ RunTime:0.000144s ]
INFO: [ template_filter ] --END-- [ RunTime:0.000188s ]
NOTIC: [8] Use of undefined constant add - assumed 'add' D:\home\site\wwwroot\Runtime\Cache\Admin\b00d2dc38a9c99b026d9919a1acc8aaf.php 第 95 行.
NOTIC: [8] Use of undefined constant del - assumed 'del' D:\home\site\wwwroot\Runtime\Cache\Admin\b00d2dc38a9c99b026d9919a1acc8aaf.php 第 96 行.
NOTIC: [8] Undefined index: category_id D:\home\site\wwwroot\Application\Admin\Common\function.php 第 58 行.
NOTIC: [8] Undefined index: category_id D:\home\site\wwwroot\Application\Admin\Common\function.php 第 58 行.
NOTIC: [8] Undefined index: category_id D:\home\site\wwwroot\Application\Admin\Common\function.php 第 58 行.
NOTIC: [8] Undefined index: category_id D:\home\site\wwwroot\Application\Admin\Common\function.php 第 58 行.
NOTIC: [8] Undefined index: category_id D:\home\site\wwwroot\Application\Admin\Common\function.php 第 58 行.
NOTIC: [8] Undefined index: category_id D:\home\site\wwwroot\Application\Admin\Common\function.php 第 58 行.
NOTIC: [8] Undefined index: category_id D:\home\site\wwwroot\Application\Admin\Common\function.php 第 58 行.
NOTIC: [8] Undefined index: category_id D:\home\site\wwwroot\Application\Admin\Common\function.php 第 58 行.
NOTIC: [8] Undefined index: category_id D:\home\site\wwwroot\Application\Admin\Common\function.php 第 58 行.
NOTIC: [8] Undefined index: category_id D:\home\site\wwwroot\Application\Admin\Common\function.php 第 58 行.
INFO: Run Behavior\ParseTemplateBehavior [ RunTime:0.053306s ]
INFO: [ view_parse ] --END-- [ RunTime:0.053370s ]
INFO: [ view_filter ] --START--
INFO: Run Behavior\WriteHtmlCacheBehavior [ RunTime:0.000395s ]
INFO: [ view_filter ] --END-- [ RunTime:0.000436s ]
INFO: [ app_end ] --START--
INFO: Run Behavior\ShowPageTraceBehavior [ RunTime:0.006126s ]
INFO: [ app_end ] --END-- [ RunTime:0.006195s ]

[ 2017-09-13T16:46:31+08:00 ] 112.67.203.159 /admin.php?s=/partner/index/year/0.html
INFO: [ app_init ] --START--
INFO: Run Behavior\BuildLiteBehavior [ RunTime:0.000016s ]
INFO: Run Common\Behavior\InitHookBehavior [ RunTime:0.012239s ]
INFO: [ app_init ] --END-- [ RunTime:0.012349s ]
INFO: [ app_begin ] --START--
INFO: Run Behavior\ReadHtmlCacheBehavior [ RunTime:0.000191s ]
INFO: [ app_begin ] --END-- [ RunTime:0.000251s ]
NOTIC: [2048] Declaration of Admin\Controller\PartnerController::setStatus() should be compatible with Admin\Controller\AdminController::setStatus($Model = Admin\Controller\CONTROLLER_NAME) D:\home\site\wwwroot\Application\Admin\Controller\PartnerController.class.php 第 3 行.
SQL: SHOW COLUMNS FROM `mic_menu` [ RunTime:0.0010s ]
SQL: SELECT `id`,`title`,`url` FROM `mic_menu` WHERE `pid` = 0 AND `hide` = 0 ORDER BY sort asc  [ RunTime:0.0006s ]
SQL: SELECT `pid` FROM `mic_menu` WHERE ( pid !=0 AND url like '%Partner/index%' ) LIMIT 1   [ RunTime:0.0010s ]
SQL: SELECT * FROM `mic_menu` WHERE `id` = 129 LIMIT 1   [ RunTime:0.0005s ]
SQL: SELECT DISTINCT  `group` FROM `mic_menu` WHERE `group` <> '' AND `pid` = 129  [ RunTime:0.0004s ]
SQL: SELECT `id`,`url` FROM `mic_menu` WHERE `pid` = 129 AND `hide` = 0  [ RunTime:0.0004s ]
SQL: SELECT `id`,`pid`,`title`,`url`,`tip` FROM `mic_menu` WHERE `group` = '实习生列表' AND `pid` = 129 AND `hide` = 0 ORDER BY sort asc  [ RunTime:0.0070s ]
SQL: SHOW COLUMNS FROM `mic_model` [ RunTime:0.0016s ]
SQL: SELECT * FROM `mic_model` WHERE `name` = 'partner' LIMIT 1   [ RunTime:0.0008s ]
SQL: SELECT * FROM `mic_model` WHERE `id` = 5 LIMIT 1   [ RunTime:0.0004s ]
SQL: SHOW COLUMNS FROM `mic_partner` [ RunTime:0.0077s ]
SQL: SELECT `p_name`,`p_sex`,`p_current_job`,`p_address`,`p_hobby`,`p_station`,`id` FROM `mic_partner` WHERE `p_year` = '0' ORDER BY id DESC LIMIT 0,10   [ RunTime:0.0006s ]
SQL: SELECT COUNT(*) AS tp_count FROM `mic_partner` WHERE `p_year` = '0' LIMIT 1   [ RunTime:0.0003s ]
SQL: SELECT `extend` FROM `mic_model` WHERE `id` = 5 LIMIT 1   [ RunTime:0.0003s ]
SQL: SHOW COLUMNS FROM `mic_attribute` [ RunTime:0.0018s ]
SQL: SELECT `id`,`name`,`type`,`extra` FROM `mic_attribute` WHERE `model_id` = 5  [ RunTime:0.0005s ]
INFO: [ view_parse ] --START--
INFO: [ template_filter ] --START--
INFO: Run Behavior\ContentReplaceBehavior [ RunTime:0.000164s ]
INFO: [ template_filter ] --END-- [ RunTime:0.000214s ]
NOTIC: [8] Use of undefined constant add - assumed 'add' D:\home\site\wwwroot\Runtime\Cache\Admin\b00d2dc38a9c99b026d9919a1acc8aaf.php 第 95 行.
NOTIC: [8] Use of undefined constant del - assumed 'del' D:\home\site\wwwroot\Runtime\Cache\Admin\b00d2dc38a9c99b026d9919a1acc8aaf.php 第 96 行.
NOTIC: [8] Undefined index: category_id D:\home\site\wwwroot\Application\Admin\Common\function.php 第 58 行.
NOTIC: [8] Undefined index: category_id D:\home\site\wwwroot\Application\Admin\Common\function.php 第 58 行.
NOTIC: [8] Undefined index: category_id D:\home\site\wwwroot\Application\Admin\Common\function.php 第 58 行.
NOTIC: [8] Undefined index: category_id D:\home\site\wwwroot\Application\Admin\Common\function.php 第 58 行.
NOTIC: [8] Undefined index: category_id D:\home\site\wwwroot\Application\Admin\Common\function.php 第 58 行.
NOTIC: [8] Undefined index: category_id D:\home\site\wwwroot\Application\Admin\Common\function.php 第 58 行.
NOTIC: [8] Undefined index: category_id D:\home\site\wwwroot\Application\Admin\Common\function.php 第 58 行.
NOTIC: [8] Undefined index: category_id D:\home\site\wwwroot\Application\Admin\Common\function.php 第 58 行.
NOTIC: [8] Undefined index: category_id D:\home\site\wwwroot\Application\Admin\Common\function.php 第 58 行.
NOTIC: [8] Undefined index: category_id D:\home\site\wwwroot\Application\Admin\Common\function.php 第 58 行.
INFO: Run Behavior\ParseTemplateBehavior [ RunTime:0.057986s ]
INFO: [ view_parse ] --END-- [ RunTime:0.058035s ]
INFO: [ view_filter ] --START--
INFO: Run Behavior\WriteHtmlCacheBehavior [ RunTime:0.001382s ]
INFO: [ view_filter ] --END-- [ RunTime:0.001462s ]
INFO: [ app_end ] --START--
INFO: Run Behavior\ShowPageTraceBehavior [ RunTime:0.000420s ]
INFO: [ app_end ] --END-- [ RunTime:0.000487s ]

[ 2017-09-13T16:46:37+08:00 ] 112.67.203.159 /admin.php?s=/Config/group.html
INFO: [ app_init ] --START--
INFO: Run Behavior\BuildLiteBehavior [ RunTime:0.000017s ]
INFO: Run Common\Behavior\InitHookBehavior [ RunTime:0.001858s ]
INFO: [ app_init ] --END-- [ RunTime:0.001975s ]
INFO: [ app_begin ] --START--
INFO: Run Behavior\ReadHtmlCacheBehavior [ RunTime:0.000208s ]
INFO: [ app_begin ] --END-- [ RunTime:0.000259s ]
SQL: SHOW COLUMNS FROM `mic_menu` [ RunTime:0.0009s ]
SQL: SELECT `id`,`title`,`url` FROM `mic_menu` WHERE `pid` = 0 AND `hide` = 0 ORDER BY sort asc  [ RunTime:0.0006s ]
SQL: SELECT `pid` FROM `mic_menu` WHERE ( pid !=0 AND url like '%Config/group%' ) LIMIT 1   [ RunTime:0.0008s ]
SQL: SELECT * FROM `mic_menu` WHERE `id` = 68 LIMIT 1   [ RunTime:0.0004s ]
SQL: SELECT DISTINCT  `group` FROM `mic_menu` WHERE `group` <> '' AND `pid` = 68  [ RunTime:0.0062s ]
SQL: SELECT `id`,`url` FROM `mic_menu` WHERE `pid` = 68 AND `hide` = 0  [ RunTime:0.0004s ]
SQL: SELECT `id`,`pid`,`title`,`url`,`tip` FROM `mic_menu` WHERE `group` = '系统设置' AND `pid` = 68 AND `hide` = 0 ORDER BY sort asc  [ RunTime:0.0006s ]
SQL: SELECT `id`,`pid`,`title`,`url`,`tip` FROM `mic_menu` WHERE `group` = '数据备份' AND `pid` = 68 AND `hide` = 0 ORDER BY sort asc  [ RunTime:0.0005s ]
SQL: SHOW COLUMNS FROM `mic_config` [ RunTime:0.1936s ]
SQL: SELECT `id`,`name`,`title`,`extra`,`value`,`remark`,`type` FROM `mic_config` WHERE `status` = 1 AND `group` = 1 ORDER BY sort  [ RunTime:0.0006s ]
INFO: [ view_parse ] --START--
INFO: [ template_filter ] --START--
INFO: Run Behavior\ContentReplaceBehavior [ RunTime:0.000136s ]
INFO: [ template_filter ] --END-- [ RunTime:0.000185s ]
INFO: Run Behavior\ParseTemplateBehavior [ RunTime:0.336176s ]
INFO: [ view_parse ] --END-- [ RunTime:0.336249s ]
INFO: [ view_filter ] --START--
INFO: Run Behavior\WriteHtmlCacheBehavior [ RunTime:0.000323s ]
INFO: [ view_filter ] --END-- [ RunTime:0.000363s ]
INFO: [ app_end ] --START--
INFO: Run Behavior\ShowPageTraceBehavior [ RunTime:0.000347s ]
INFO: [ app_end ] --END-- [ RunTime:0.000390s ]

[ 2017-09-13T16:46:44+08:00 ] 112.67.203.159 /admin.php?s=/Addons/index.html
INFO: [ app_init ] --START--
INFO: Run Behavior\BuildLiteBehavior [ RunTime:0.000017s ]
INFO: Run Common\Behavior\InitHookBehavior [ RunTime:0.007493s ]
INFO: [ app_init ] --END-- [ RunTime:0.007649s ]
INFO: [ app_begin ] --START--
INFO: Run Behavior\ReadHtmlCacheBehavior [ RunTime:0.000179s ]
INFO: [ app_begin ] --END-- [ RunTime:0.000225s ]
SQL: SHOW COLUMNS FROM `mic_addons` [ RunTime:0.0127s ]
SQL: SELECT `title`,`name` FROM `mic_addons` WHERE ( status=1 AND has_adminlist=1 )  [ RunTime:0.0022s ]
SQL: SHOW COLUMNS FROM `mic_menu` [ RunTime:0.0007s ]
SQL: SELECT `id`,`title`,`url` FROM `mic_menu` WHERE `pid` = 0 AND `hide` = 0 ORDER BY sort asc  [ RunTime:0.0005s ]
SQL: SELECT `pid` FROM `mic_menu` WHERE ( pid !=0 AND url like '%Addons/index%' ) LIMIT 1   [ RunTime:0.0063s ]
SQL: SELECT * FROM `mic_menu` WHERE `id` = 43 LIMIT 1   [ RunTime:0.0004s ]
SQL: SELECT DISTINCT  `group` FROM `mic_menu` WHERE `group` <> '' AND `pid` = 43  [ RunTime:0.0004s ]
SQL: SELECT `id`,`url` FROM `mic_menu` WHERE `pid` = 43 AND `hide` = 0  [ RunTime:0.0003s ]
SQL: SELECT `id`,`pid`,`title`,`url`,`tip` FROM `mic_menu` WHERE `group` = '扩展' AND `pid` = 43 AND `hide` = 0 ORDER BY sort asc  [ RunTime:0.0005s ]
SQL: SELECT `id`,`name`,`title`,`description`,`status`,`config`,`author`,`version`,`create_time`,`has_adminlist` FROM `mic_addons` WHERE `name` IN ('Attachment','DevTeam','Editor','EditorForAdmin','SiteStat','SocialComment','SystemInfo')  [ RunTime:0.0008s ]
INFO: [ view_parse ] --START--
INFO: [ template_filter ] --START--
INFO: Run Behavior\ContentReplaceBehavior [ RunTime:0.000131s ]
INFO: [ template_filter ] --END-- [ RunTime:0.000182s ]
SQL: SHOW COLUMNS FROM `mic_addons` [ RunTime:0.0009s ]
SQL: SELECT `config` FROM `mic_addons` WHERE `name` = 'Attachment' AND `status` = 1 LIMIT 1   [ RunTime:0.0004s ]
SQL: SELECT `config` FROM `mic_addons` WHERE `name` = 'SocialComment' AND `status` = 1 LIMIT 1   [ RunTime:0.0005s ]
SQL: SELECT `config` FROM `mic_addons` WHERE `name` = 'Editor' AND `status` = 1 LIMIT 1   [ RunTime:0.0005s ]
SQL: SELECT `config` FROM `mic_addons` WHERE `name` = 'SystemInfo' AND `status` = 1 LIMIT 1   [ RunTime:0.0005s ]
SQL: SELECT `config` FROM `mic_addons` WHERE `name` = 'SiteStat' AND `status` = 1 LIMIT 1   [ RunTime:0.0004s ]
SQL: SELECT `config` FROM `mic_addons` WHERE `name` = 'DevTeam' AND `status` = 1 LIMIT 1   [ RunTime:0.0004s ]
SQL: SELECT `config` FROM `mic_addons` WHERE `name` = 'EditorForAdmin' AND `status` = 1 LIMIT 1   [ RunTime:0.0003s ]
INFO: Run Behavior\ParseTemplateBehavior [ RunTime:2.674829s ]
INFO: [ view_parse ] --END-- [ RunTime:2.674898s ]
INFO: [ view_filter ] --START--
INFO: Run Behavior\WriteHtmlCacheBehavior [ RunTime:0.003352s ]
INFO: [ view_filter ] --END-- [ RunTime:0.003395s ]
INFO: [ app_end ] --START--
INFO: Run Behavior\ShowPageTraceBehavior [ RunTime:0.000340s ]
INFO: [ app_end ] --END-- [ RunTime:0.000386s ]

[ 2017-09-13T16:46:48+08:00 ] 112.67.203.159 /admin.php?s=/Index/index.html
INFO: [ app_init ] --START--
INFO: Run Behavior\BuildLiteBehavior [ RunTime:0.000017s ]
INFO: Run Common\Behavior\InitHookBehavior [ RunTime:0.009169s ]
INFO: [ app_init ] --END-- [ RunTime:0.015204s ]
INFO: [ app_begin ] --START--
INFO: Run Behavior\ReadHtmlCacheBehavior [ RunTime:0.000505s ]
INFO: [ app_begin ] --END-- [ RunTime:0.000554s ]
SQL: SHOW COLUMNS FROM `mic_menu` [ RunTime:0.0036s ]
SQL: SELECT `id`,`title`,`url` FROM `mic_menu` WHERE `pid` = 0 AND `hide` = 0 ORDER BY sort asc  [ RunTime:0.0017s ]
SQL: SELECT `pid` FROM `mic_menu` WHERE ( pid !=0 AND url like '%Index/index%' ) LIMIT 1   [ RunTime:0.0010s ]
INFO: [ view_parse ] --START--
INFO: [ template_filter ] --START--
INFO: Run Behavior\ContentReplaceBehavior [ RunTime:0.000143s ]
INFO: [ template_filter ] --END-- [ RunTime:0.000192s ]
INFO: [ AdminIndex ] --START--
SQL: SHOW COLUMNS FROM `mic_addons` [ RunTime:0.0067s ]
SQL: SELECT `config` FROM `mic_addons` WHERE `name` = 'SiteStat' AND `status` = 1 LIMIT 1   [ RunTime:0.0003s ]
SQL: SHOW COLUMNS FROM `mic_member` [ RunTime:0.0012s ]
SQL: SELECT COUNT(*) AS tp_count FROM `mic_member` LIMIT 1   [ RunTime:0.0002s ]
SQL: SHOW COLUMNS FROM `mic_action_log` [ RunTime:0.0007s ]
SQL: SELECT COUNT(*) AS tp_count FROM `mic_action_log` LIMIT 1   [ RunTime:0.0002s ]
SQL: SHOW COLUMNS FROM `mic_document` [ RunTime:0.0071s ]
SQL: SELECT COUNT(*) AS tp_count FROM `mic_document` LIMIT 1   [ RunTime:0.0002s ]
SQL: SHOW COLUMNS FROM `mic_category` [ RunTime:0.0033s ]
SQL: SELECT COUNT(*) AS tp_count FROM `mic_category` LIMIT 1   [ RunTime:0.0002s ]
SQL: SHOW COLUMNS FROM `mic_model` [ RunTime:0.0021s ]
SQL: SELECT COUNT(*) AS tp_count FROM `mic_model` LIMIT 1   [ RunTime:0.0003s ]
INFO: [ view_parse ] --START--
INFO: [ template_filter ] --START--
INFO: Run Behavior\ContentReplaceBehavior [ RunTime:0.000032s ]
INFO: [ template_filter ] --END-- [ RunTime:-0.064018s ]
INFO: Run Behavior\ParseTemplateBehavior [ RunTime:0.025508s ]
INFO: [ view_parse ] --END-- [ RunTime:0.025561s ]
INFO: [ view_filter ] --START--
INFO: Run Behavior\WriteHtmlCacheBehavior [ RunTime:0.000573s ]
INFO: [ view_filter ] --END-- [ RunTime:0.000619s ]
INFO: Run Addons\SiteStat\SiteStatAddon [ RunTime:0.057703s ]
INFO: [ AdminIndex ] --END-- [ RunTime:0.057744s ]
INFO: Run Behavior\ParseTemplateBehavior [ RunTime:0.026291s ]
INFO: [ view_parse ] --END-- [ RunTime:0.025561s ]
INFO: [ view_filter ] --START--
INFO: Run Behavior\WriteHtmlCacheBehavior [ RunTime:0.000015s ]
INFO: [ view_filter ] --END-- [ RunTime:-0.000140s ]
INFO: [ app_end ] --START--
INFO: Run Behavior\ShowPageTraceBehavior [ RunTime:0.000671s ]
INFO: [ app_end ] --END-- [ RunTime:0.000717s ]

[ 2017-09-13T16:47:30+08:00 ] 112.67.203.159 /admin.php?s=/partner/index.html
INFO: [ app_init ] --START--
INFO: Run Behavior\BuildLiteBehavior [ RunTime:0.000074s ]
INFO: Run Common\Behavior\InitHookBehavior [ RunTime:0.015667s ]
INFO: [ app_init ] --END-- [ RunTime:0.015998s ]
INFO: [ app_begin ] --START--
INFO: Run Behavior\ReadHtmlCacheBehavior [ RunTime:0.000328s ]
INFO: [ app_begin ] --END-- [ RunTime:0.000381s ]
NOTIC: [2048] Declaration of Admin\Controller\PartnerController::setStatus() should be compatible with Admin\Controller\AdminController::setStatus($Model = Admin\Controller\CONTROLLER_NAME) D:\home\site\wwwroot\Application\Admin\Controller\PartnerController.class.php 第 3 行.
SQL: SHOW COLUMNS FROM `mic_menu` [ RunTime:0.0009s ]
SQL: SELECT `id`,`title`,`url` FROM `mic_menu` WHERE `pid` = 0 AND `hide` = 0 ORDER BY sort asc  [ RunTime:0.0006s ]
SQL: SELECT `pid` FROM `mic_menu` WHERE ( pid !=0 AND url like '%Partner/index%' ) LIMIT 1   [ RunTime:0.0068s ]
SQL: SELECT * FROM `mic_menu` WHERE `id` = 129 LIMIT 1   [ RunTime:0.0004s ]
SQL: SELECT DISTINCT  `group` FROM `mic_menu` WHERE `group` <> '' AND `pid` = 129  [ RunTime:0.0004s ]
SQL: SELECT `id`,`url` FROM `mic_menu` WHERE `pid` = 129 AND `hide` = 0  [ RunTime:0.0004s ]
SQL: SELECT `id`,`pid`,`title`,`url`,`tip` FROM `mic_menu` WHERE `group` = '实习生列表' AND `pid` = 129 AND `hide` = 0 ORDER BY sort asc  [ RunTime:0.0005s ]
SQL: SHOW COLUMNS FROM `mic_model` [ RunTime:0.0008s ]
SQL: SELECT * FROM `mic_model` WHERE `name` = 'partner' LIMIT 1   [ RunTime:0.0065s ]
SQL: SELECT * FROM `mic_model` WHERE `id` = 5 LIMIT 1   [ RunTime:0.0004s ]
SQL: SHOW COLUMNS FROM `mic_partner` [ RunTime:0.0006s ]
SQL: SELECT `p_name`,`p_sex`,`p_current_job`,`p_address`,`p_hobby`,`p_station`,`id` FROM `mic_partner` WHERE `p_year` = 0 ORDER BY id DESC LIMIT 0,10   [ RunTime:0.0006s ]
SQL: SELECT COUNT(*) AS tp_count FROM `mic_partner` WHERE `p_year` = 0 LIMIT 1   [ RunTime:0.0003s ]
SQL: SELECT `extend` FROM `mic_model` WHERE `id` = 5 LIMIT 1   [ RunTime:0.0061s ]
SQL: SHOW COLUMNS FROM `mic_attribute` [ RunTime:0.0007s ]
SQL: SELECT `id`,`name`,`type`,`extra` FROM `mic_attribute` WHERE `model_id` = 5  [ RunTime:0.0004s ]
INFO: [ view_parse ] --START--
INFO: [ template_filter ] --START--
INFO: Run Behavior\ContentReplaceBehavior [ RunTime:0.000173s ]
INFO: [ template_filter ] --END-- [ RunTime:0.000230s ]
NOTIC: [8] Use of undefined constant add - assumed 'add' D:\home\site\wwwroot\Runtime\Cache\Admin\b00d2dc38a9c99b026d9919a1acc8aaf.php 第 95 行.
NOTIC: [8] Use of undefined constant del - assumed 'del' D:\home\site\wwwroot\Runtime\Cache\Admin\b00d2dc38a9c99b026d9919a1acc8aaf.php 第 96 行.
NOTIC: [8] Undefined index: category_id D:\home\site\wwwroot\Application\Admin\Common\function.php 第 58 行.
NOTIC: [8] Undefined index: category_id D:\home\site\wwwroot\Application\Admin\Common\function.php 第 58 行.
NOTIC: [8] Undefined index: category_id D:\home\site\wwwroot\Application\Admin\Common\function.php 第 58 行.
NOTIC: [8] Undefined index: category_id D:\home\site\wwwroot\Application\Admin\Common\function.php 第 58 行.
NOTIC: [8] Undefined index: category_id D:\home\site\wwwroot\Application\Admin\Common\function.php 第 58 行.
NOTIC: [8] Undefined index: category_id D:\home\site\wwwroot\Application\Admin\Common\function.php 第 58 行.
NOTIC: [8] Undefined index: category_id D:\home\site\wwwroot\Application\Admin\Common\function.php 第 58 行.
NOTIC: [8] Undefined index: category_id D:\home\site\wwwroot\Application\Admin\Common\function.php 第 58 行.
NOTIC: [8] Undefined index: category_id D:\home\site\wwwroot\Application\Admin\Common\function.php 第 58 行.
NOTIC: [8] Undefined index: category_id D:\home\site\wwwroot\Application\Admin\Common\function.php 第 58 行.
INFO: Run Behavior\ParseTemplateBehavior [ RunTime:0.075663s ]
INFO: [ view_parse ] --END-- [ RunTime:0.075712s ]
INFO: [ view_filter ] --START--
INFO: Run Behavior\WriteHtmlCacheBehavior [ RunTime:0.003061s ]
INFO: [ view_filter ] --END-- [ RunTime:0.003108s ]
INFO: [ app_end ] --START--
INFO: Run Behavior\ShowPageTraceBehavior [ RunTime:0.000431s ]
INFO: [ app_end ] --END-- [ RunTime:0.000475s ]

[ 2017-09-13T17:04:17+08:00 ] 66.249.88.89 /admin.php?s=/Public/login.html
INFO: [ app_init ] --START--
INFO: Run Behavior\BuildLiteBehavior [ RunTime:0.000017s ]
INFO: Run Common\Behavior\InitHookBehavior [ RunTime:0.031883s ]
INFO: [ app_init ] --END-- [ RunTime:0.032196s ]
INFO: [ app_begin ] --START--
INFO: Run Behavior\ReadHtmlCacheBehavior [ RunTime:0.003633s ]
INFO: [ app_begin ] --END-- [ RunTime:0.003689s ]
INFO: [ view_parse ] --START--
INFO: [ template_filter ] --START--
INFO: Run Behavior\ContentReplaceBehavior [ RunTime:0.000078s ]
INFO: [ template_filter ] --END-- [ RunTime:0.000124s ]
INFO: Run Behavior\ParseTemplateBehavior [ RunTime:0.034089s ]
INFO: [ view_parse ] --END-- [ RunTime:0.034137s ]
INFO: [ view_filter ] --START--
INFO: Run Behavior\WriteHtmlCacheBehavior [ RunTime:0.000438s ]
INFO: [ view_filter ] --END-- [ RunTime:0.000481s ]
INFO: [ app_end ] --START--
INFO: Run Behavior\ShowPageTraceBehavior [ RunTime:0.000437s ]
INFO: [ app_end ] --END-- [ RunTime:0.000479s ]

