[ 2017-09-12T10:03:00+08:00 ] 66.102.6.125 /admin.php?s=/Public/login.html
INFO: [ app_init ] --START--
INFO: Run Behavior\BuildLiteBehavior [ RunTime:0.000018s ]
INFO: Run Common\Behavior\InitHookBehavior [ RunTime:1.132107s ]
INFO: [ app_init ] --END-- [ RunTime:1.176643s ]
INFO: [ app_begin ] --START--
INFO: Run Behavior\ReadHtmlCacheBehavior [ RunTime:0.242927s ]
INFO: [ app_begin ] --END-- [ RunTime:0.243015s ]
INFO: [ view_parse ] --START--
INFO: [ template_filter ] --START--
INFO: Run Behavior\ContentReplaceBehavior [ RunTime:0.000068s ]
INFO: [ template_filter ] --END-- [ RunTime:0.000123s ]
INFO: Run Behavior\ParseTemplateBehavior [ RunTime:2.503878s ]
INFO: [ view_parse ] --END-- [ RunTime:2.503941s ]
INFO: [ view_filter ] --START--
INFO: Run Behavior\WriteHtmlCacheBehavior [ RunTime:0.062325s ]
INFO: [ view_filter ] --END-- [ RunTime:0.062369s ]
INFO: [ app_end ] --START--
INFO: Run Behavior\ShowPageTraceBehavior [ RunTime:0.093472s ]
INFO: [ app_end ] --END-- [ RunTime:0.093525s ]

