[ 2017-08-20T00:00:03+08:00 ] 47.74.8.184 /admin.php?s=/Partner/index.html
INFO: [ app_init ] --START--
INFO: Run Behavior\BuildLiteBehavior [ RunTime:0.000018s ]
INFO: Run Common\Behavior\InitHookBehavior [ RunTime:0.063902s ]
INFO: [ app_init ] --END-- [ RunTime:0.078037s ]
INFO: [ app_begin ] --START--
INFO: Run Behavior\ReadHtmlCacheBehavior [ RunTime:0.013352s ]
INFO: [ app_begin ] --END-- [ RunTime:0.013431s ]

[ 2017-08-20T00:00:03+08:00 ] 47.74.8.184 /admin.php?s=/Config/group.html
INFO: [ app_init ] --START--
INFO: Run Behavior\BuildLiteBehavior [ RunTime:0.000018s ]
INFO: Run Common\Behavior\InitHookBehavior [ RunTime:0.001456s ]
INFO: [ app_init ] --END-- [ RunTime:0.001590s ]
INFO: [ app_begin ] --START--
INFO: Run Behavior\ReadHtmlCacheBehavior [ RunTime:0.000170s ]
INFO: [ app_begin ] --END-- [ RunTime:0.000224s ]

[ 2017-08-20T00:00:04+08:00 ] 47.74.8.184 /admin.php?s=/Public/login.html
INFO: [ app_init ] --START--
INFO: Run Behavior\BuildLiteBehavior [ RunTime:0.000017s ]
INFO: Run Common\Behavior\InitHookBehavior [ RunTime:0.001621s ]
INFO: [ app_init ] --END-- [ RunTime:0.001756s ]
INFO: [ app_begin ] --START--
INFO: Run Behavior\ReadHtmlCacheBehavior [ RunTime:0.000185s ]
INFO: [ app_begin ] --END-- [ RunTime:0.000242s ]
INFO: [ view_parse ] --START--
INFO: [ template_filter ] --START--
INFO: Run Behavior\ContentReplaceBehavior [ RunTime:0.000074s ]
INFO: [ template_filter ] --END-- [ RunTime:0.000132s ]
INFO: Run Behavior\ParseTemplateBehavior [ RunTime:0.116367s ]
INFO: [ view_parse ] --END-- [ RunTime:0.116425s ]
INFO: [ view_filter ] --START--
INFO: Run Behavior\WriteHtmlCacheBehavior [ RunTime:0.009613s ]
INFO: [ view_filter ] --END-- [ RunTime:0.009682s ]
INFO: [ app_end ] --START--
INFO: Run Behavior\ShowPageTraceBehavior [ RunTime:0.010924s ]
INFO: [ app_end ] --END-- [ RunTime:0.010974s ]

[ 2017-08-20T00:00:05+08:00 ] 47.74.8.184 /admin.php?s=/Public/verify.html
INFO: [ app_init ] --START--
INFO: Run Behavior\BuildLiteBehavior [ RunTime:0.000018s ]
INFO: Run Common\Behavior\InitHookBehavior [ RunTime:0.007760s ]
INFO: [ app_init ] --END-- [ RunTime:0.007887s ]
INFO: [ app_begin ] --START--
INFO: Run Behavior\ReadHtmlCacheBehavior [ RunTime:0.000171s ]
INFO: [ app_begin ] --END-- [ RunTime:0.000234s ]
INFO: [ app_end ] --START--
INFO: Run Behavior\ShowPageTraceBehavior [ RunTime:0.000436s ]
INFO: [ app_end ] --END-- [ RunTime:0.000508s ]

[ 2017-08-20T00:00:14+08:00 ] 47.74.8.184 /admin.php?s=/Public/login.html
INFO: [ app_init ] --START--
INFO: Run Behavior\BuildLiteBehavior [ RunTime:0.000014s ]
INFO: Run Common\Behavior\InitHookBehavior [ RunTime:0.002806s ]
INFO: [ app_init ] --END-- [ RunTime:0.002919s ]
INFO: [ app_begin ] --START--
INFO: Run Behavior\ReadHtmlCacheBehavior [ RunTime:0.000245s ]
INFO: [ app_begin ] --END-- [ RunTime:0.000310s ]
NOTIC: [8] Undefined index: lite D:\home\site\wwwroot\ThinkPHP\Library\Think\Db.class.php 第 37 行.
SQL: SHOW COLUMNS FROM `mic_member` [ RunTime:0.0048s ]
SQL: SELECT `uid`,`nickname`,`sex`,`birthday`,`qq`,`score`,`login`,`reg_ip`,`reg_time`,`last_login_ip`,`last_login_time`,`status` FROM `mic_member` WHERE `uid` = 1 LIMIT 1   [ RunTime:0.0007s ]
SQL: SHOW COLUMNS FROM `mic_action` [ RunTime:0.0027s ]
SQL: SELECT * FROM `mic_action` WHERE `name` = 'user_login' LIMIT 1   [ RunTime:0.0010s ]
SQL: SHOW COLUMNS FROM `mic_action_log` [ RunTime:0.0065s ]
SQL: INSERT INTO `mic_action_log` (`action_id`,`user_id`,`action_ip`,`model`,`record_id`,`create_time`,`remark`) VALUES ('1','1','793381048','member','1','1503158414','xuwei在2017-08-20 00:00登录了后台') [ RunTime:0.0004s ]
SQL: SELECT * FROM `mic_action` WHERE `name` = 'user_login' LIMIT 1   [ RunTime:0.0003s ]
NOTIC: [8] Undefined offset: 1 D:\home\site\wwwroot\Application\Common\Common\function.php 第 679 行.
NOTIC: [2] array_key_exists() expects parameter 2 to be array, null given D:\home\site\wwwroot\Application\Common\Common\function.php 第 679 行.
SQL: SELECT COUNT(*) AS tp_count FROM `mic_action_log` WHERE `action_id` = 1 AND `user_id` = 1 AND `create_time` > 1503072014 LIMIT 1   [ RunTime:0.0006s ]
SQL: UPDATE `mic_member` SET `login`=`login`+1,`last_login_time`='1503158414',`last_login_ip`='793381048' WHERE `uid` = 1 [ RunTime:0.0003s ]
INFO: [ view_parse ] --START--
INFO: [ template_filter ] --START--
INFO: Run Behavior\ContentReplaceBehavior [ RunTime:0.000040s ]
INFO: [ template_filter ] --END-- [ RunTime:0.000096s ]
INFO: Run Behavior\ParseTemplateBehavior [ RunTime:0.042108s ]
INFO: [ view_parse ] --END-- [ RunTime:0.042182s ]
INFO: [ view_filter ] --START--
INFO: Run Behavior\WriteHtmlCacheBehavior [ RunTime:0.002215s ]
INFO: [ view_filter ] --END-- [ RunTime:0.002296s ]
INFO: [ app_end ] --START--
INFO: Run Behavior\ShowPageTraceBehavior [ RunTime:0.000362s ]
INFO: [ app_end ] --END-- [ RunTime:0.000421s ]

[ 2017-08-20T00:00:16+08:00 ] 47.74.8.184 /admin.php?s=/Index/index.html
INFO: [ app_init ] --START--
INFO: Run Behavior\BuildLiteBehavior [ RunTime:0.000015s ]
INFO: Run Common\Behavior\InitHookBehavior [ RunTime:0.001550s ]
INFO: [ app_init ] --END-- [ RunTime:0.001659s ]
INFO: [ app_begin ] --START--
INFO: Run Behavior\ReadHtmlCacheBehavior [ RunTime:0.000153s ]
INFO: [ app_begin ] --END-- [ RunTime:0.000200s ]
SQL: SHOW COLUMNS FROM `mic_menu` [ RunTime:0.0009s ]
SQL: SELECT `id`,`title`,`url` FROM `mic_menu` WHERE `pid` = 0 AND `hide` = 0 ORDER BY sort asc  [ RunTime:0.0007s ]
SQL: SELECT `pid` FROM `mic_menu` WHERE ( pid !=0 AND url like '%Index/index%' ) LIMIT 1   [ RunTime:0.0071s ]
INFO: [ view_parse ] --START--
INFO: [ template_filter ] --START--
INFO: Run Behavior\ContentReplaceBehavior [ RunTime:0.000123s ]
INFO: [ template_filter ] --END-- [ RunTime:0.000181s ]
INFO: [ AdminIndex ] --START--
SQL: SHOW COLUMNS FROM `mic_addons` [ RunTime:0.0028s ]
SQL: SELECT `config` FROM `mic_addons` WHERE `name` = 'SiteStat' AND `status` = 1 LIMIT 1   [ RunTime:0.0004s ]
SQL: SHOW COLUMNS FROM `mic_member` [ RunTime:0.0009s ]
SQL: SELECT COUNT(*) AS tp_count FROM `mic_member` LIMIT 1   [ RunTime:0.0060s ]
SQL: SHOW COLUMNS FROM `mic_action_log` [ RunTime:0.0023s ]
SQL: SELECT COUNT(*) AS tp_count FROM `mic_action_log` LIMIT 1   [ RunTime:0.0002s ]
SQL: SHOW COLUMNS FROM `mic_document` [ RunTime:0.0048s ]
SQL: SELECT COUNT(*) AS tp_count FROM `mic_document` LIMIT 1   [ RunTime:0.0002s ]
SQL: SHOW COLUMNS FROM `mic_category` [ RunTime:0.0023s ]
SQL: SELECT COUNT(*) AS tp_count FROM `mic_category` LIMIT 1   [ RunTime:0.0004s ]
SQL: SHOW COLUMNS FROM `mic_model` [ RunTime:0.0010s ]
SQL: SELECT COUNT(*) AS tp_count FROM `mic_model` LIMIT 1   [ RunTime:0.0003s ]
INFO: [ view_parse ] --START--
INFO: [ template_filter ] --START--
INFO: Run Behavior\ContentReplaceBehavior [ RunTime:0.000039s ]
INFO: [ template_filter ] --END-- [ RunTime:-0.104952s ]
INFO: Run Behavior\ParseTemplateBehavior [ RunTime:0.042602s ]
INFO: [ view_parse ] --END-- [ RunTime:0.042671s ]
INFO: [ view_filter ] --START--
INFO: Run Behavior\WriteHtmlCacheBehavior [ RunTime:0.000401s ]
INFO: [ view_filter ] --END-- [ RunTime:0.000447s ]
INFO: Run Addons\SiteStat\SiteStatAddon [ RunTime:0.109210s ]
INFO: [ AdminIndex ] --END-- [ RunTime:0.109254s ]
INFO: Run Behavior\ParseTemplateBehavior [ RunTime:0.043215s ]
INFO: [ view_parse ] --END-- [ RunTime:0.042671s ]
INFO: [ view_filter ] --START--
INFO: Run Behavior\WriteHtmlCacheBehavior [ RunTime:0.000014s ]
INFO: [ view_filter ] --END-- [ RunTime:-0.000125s ]
INFO: [ app_end ] --START--
INFO: Run Behavior\ShowPageTraceBehavior [ RunTime:0.000332s ]
INFO: [ app_end ] --END-- [ RunTime:0.000386s ]

[ 2017-08-20T00:00:19+08:00 ] 47.74.8.184 /admin.php?s=/Partner/index.html
INFO: [ app_init ] --START--
INFO: Run Behavior\BuildLiteBehavior [ RunTime:0.000017s ]
INFO: Run Common\Behavior\InitHookBehavior [ RunTime:0.003106s ]
INFO: [ app_init ] --END-- [ RunTime:0.003230s ]
INFO: [ app_begin ] --START--
INFO: Run Behavior\ReadHtmlCacheBehavior [ RunTime:0.000210s ]
INFO: [ app_begin ] --END-- [ RunTime:0.000266s ]
SQL: SHOW COLUMNS FROM `mic_menu` [ RunTime:0.0016s ]
SQL: SELECT `id`,`title`,`url` FROM `mic_menu` WHERE `pid` = 0 AND `hide` = 0 ORDER BY sort asc  [ RunTime:0.0067s ]
SQL: SELECT `pid` FROM `mic_menu` WHERE ( pid !=0 AND url like '%Partner/index%' ) LIMIT 1   [ RunTime:0.0010s ]
SQL: SELECT * FROM `mic_menu` WHERE `id` = 129 LIMIT 1   [ RunTime:0.0004s ]
SQL: SELECT DISTINCT  `group` FROM `mic_menu` WHERE `group` <> '' AND `pid` = 129  [ RunTime:0.0004s ]
SQL: SELECT `id`,`url` FROM `mic_menu` WHERE `pid` = 129 AND `hide` = 0  [ RunTime:0.0004s ]
SQL: SELECT `id`,`pid`,`title`,`url`,`tip` FROM `mic_menu` WHERE `group` = '实习生列表' AND `pid` = 129 AND `hide` = 0 ORDER BY sort asc  [ RunTime:0.0005s ]
NOTIC: [8] Undefined variable: p D:\home\site\wwwroot\Application\Admin\Controller\PartnerController.class.php 第 10 行.
SQL: SHOW COLUMNS FROM `mic_model` [ RunTime:0.0065s ]
SQL: SELECT * FROM `mic_model` WHERE `name` = 'partner' LIMIT 1   [ RunTime:0.0006s ]
SQL: SELECT * FROM `mic_model` WHERE `id` = 5 LIMIT 1   [ RunTime:0.0020s ]
SQL: SHOW COLUMNS FROM `mic_partner` [ RunTime:0.0076s ]
SQL: SELECT `p_name`,`p_sex`,`p_current_job`,`p_address`,`p_hobby`,`p_introduce`,`p_station`,`p_year`,`id` FROM `mic_partner` ORDER BY id DESC LIMIT 0,10   [ RunTime:0.0038s ]
SQL: SELECT COUNT(*) AS tp_count FROM `mic_partner` LIMIT 1   [ RunTime:0.0003s ]
SQL: SELECT `extend` FROM `mic_model` WHERE `id` = 5 LIMIT 1   [ RunTime:0.0004s ]
SQL: SHOW COLUMNS FROM `mic_attribute` [ RunTime:0.0031s ]
SQL: SELECT `id`,`name`,`type`,`extra` FROM `mic_attribute` WHERE `model_id` = 5  [ RunTime:0.0013s ]
INFO: [ view_parse ] --START--
INFO: [ template_filter ] --START--
INFO: Run Behavior\ContentReplaceBehavior [ RunTime:0.000155s ]
INFO: [ template_filter ] --END-- [ RunTime:0.000205s ]
NOTIC: [8] Use of undefined constant add - assumed 'add' D:\home\site\wwwroot\Runtime\Cache\Admin\b00d2dc38a9c99b026d9919a1acc8aaf.php 第 95 行.
INFO: Run Behavior\ParseTemplateBehavior [ RunTime:0.404824s ]
INFO: [ view_parse ] --END-- [ RunTime:0.404916s ]
INFO: [ view_filter ] --START--
INFO: Run Behavior\WriteHtmlCacheBehavior [ RunTime:0.000328s ]
INFO: [ view_filter ] --END-- [ RunTime:0.000371s ]
INFO: [ app_end ] --START--
INFO: Run Behavior\ShowPageTraceBehavior [ RunTime:0.000308s ]
INFO: [ app_end ] --END-- [ RunTime:0.000349s ]

[ 2017-08-20T00:00:21+08:00 ] 47.74.8.184 /admin.php?s=/Config/group.html
INFO: [ app_init ] --START--
INFO: Run Behavior\BuildLiteBehavior [ RunTime:0.000016s ]
INFO: Run Common\Behavior\InitHookBehavior [ RunTime:0.001781s ]
INFO: [ app_init ] --END-- [ RunTime:0.001893s ]
INFO: [ app_begin ] --START--
INFO: Run Behavior\ReadHtmlCacheBehavior [ RunTime:0.000168s ]
INFO: [ app_begin ] --END-- [ RunTime:0.000225s ]
SQL: SHOW COLUMNS FROM `mic_menu` [ RunTime:0.0017s ]
SQL: SELECT `id`,`title`,`url` FROM `mic_menu` WHERE `pid` = 0 AND `hide` = 0 ORDER BY sort asc  [ RunTime:0.0063s ]
SQL: SELECT `pid` FROM `mic_menu` WHERE ( pid !=0 AND url like '%Config/group%' ) LIMIT 1   [ RunTime:0.0009s ]
SQL: SELECT * FROM `mic_menu` WHERE `id` = 68 LIMIT 1   [ RunTime:0.0004s ]
SQL: SELECT DISTINCT  `group` FROM `mic_menu` WHERE `group` <> '' AND `pid` = 68  [ RunTime:0.0005s ]
SQL: SELECT `id`,`url` FROM `mic_menu` WHERE `pid` = 68 AND `hide` = 0  [ RunTime:0.0006s ]
SQL: SELECT `id`,`pid`,`title`,`url`,`tip` FROM `mic_menu` WHERE `group` = '系统设置' AND `pid` = 68 AND `hide` = 0 ORDER BY sort asc  [ RunTime:0.0005s ]
SQL: SELECT `id`,`pid`,`title`,`url`,`tip` FROM `mic_menu` WHERE `group` = '数据备份' AND `pid` = 68 AND `hide` = 0 ORDER BY sort asc  [ RunTime:0.0063s ]
SQL: SHOW COLUMNS FROM `mic_config` [ RunTime:0.0027s ]
SQL: SELECT `id`,`name`,`title`,`extra`,`value`,`remark`,`type` FROM `mic_config` WHERE `status` = 1 AND `group` = 1 ORDER BY sort  [ RunTime:0.0006s ]
INFO: [ view_parse ] --START--
INFO: [ template_filter ] --START--
INFO: Run Behavior\ContentReplaceBehavior [ RunTime:0.005938s ]
INFO: [ template_filter ] --END-- [ RunTime:0.005991s ]
INFO: Run Behavior\ParseTemplateBehavior [ RunTime:0.062320s ]
INFO: [ view_parse ] --END-- [ RunTime:0.062381s ]
INFO: [ view_filter ] --START--
INFO: Run Behavior\WriteHtmlCacheBehavior [ RunTime:0.000564s ]
INFO: [ view_filter ] --END-- [ RunTime:0.000608s ]
INFO: [ app_end ] --START--
INFO: Run Behavior\ShowPageTraceBehavior [ RunTime:0.000370s ]
INFO: [ app_end ] --END-- [ RunTime:0.000426s ]

[ 2017-08-20T00:00:26+08:00 ] 47.74.8.184 /admin.php?s=/Model/index.html
INFO: [ app_init ] --START--
INFO: Run Behavior\BuildLiteBehavior [ RunTime:0.000016s ]
INFO: Run Common\Behavior\InitHookBehavior [ RunTime:0.011822s ]
INFO: [ app_init ] --END-- [ RunTime:0.012088s ]
INFO: [ app_begin ] --START--
INFO: Run Behavior\ReadHtmlCacheBehavior [ RunTime:0.000294s ]
INFO: [ app_begin ] --END-- [ RunTime:0.000342s ]
SQL: SHOW COLUMNS FROM `mic_menu` [ RunTime:0.0024s ]
SQL: SELECT `id`,`title`,`url` FROM `mic_menu` WHERE `pid` = 0 AND `hide` = 0 ORDER BY sort asc  [ RunTime:0.2008s ]
SQL: SELECT `pid` FROM `mic_menu` WHERE ( pid !=0 AND url like '%Model/index%' ) LIMIT 1   [ RunTime:0.0020s ]
SQL: SELECT * FROM `mic_menu` WHERE `id` = 68 LIMIT 1   [ RunTime:0.0004s ]
SQL: SELECT DISTINCT  `group` FROM `mic_menu` WHERE `group` <> '' AND `pid` = 68  [ RunTime:0.0005s ]
SQL: SELECT `id`,`url` FROM `mic_menu` WHERE `pid` = 68 AND `hide` = 0  [ RunTime:0.0004s ]
SQL: SELECT `id`,`pid`,`title`,`url`,`tip` FROM `mic_menu` WHERE `group` = '系统设置' AND `pid` = 68 AND `hide` = 0 ORDER BY sort asc  [ RunTime:0.0005s ]
SQL: SELECT `id`,`pid`,`title`,`url`,`tip` FROM `mic_menu` WHERE `group` = '数据备份' AND `pid` = 68 AND `hide` = 0 ORDER BY sort asc  [ RunTime:0.0005s ]
SQL: SHOW COLUMNS FROM `mic_model` [ RunTime:0.0027s ]
SQL: SELECT COUNT(*) AS tp_count FROM `mic_model` WHERE `status` > -1 LIMIT 1   [ RunTime:0.0003s ]
SQL: SELECT `id`,`name`,`title`,`extend`,`relation`,`need_pk`,`field_sort`,`field_group`,`attribute_list`,`attribute_alias`,`template_list`,`template_add`,`template_edit`,`list_grid`,`list_row`,`search_key`,`search_list`,`create_time`,`update_time`,`status`,`engine_type` FROM `mic_model` WHERE `status` > -1 ORDER BY id desc LIMIT 0,10   [ RunTime:0.0009s ]
INFO: [ view_parse ] --START--
INFO: [ template_filter ] --START--
INFO: Run Behavior\ContentReplaceBehavior [ RunTime:0.000135s ]
INFO: [ template_filter ] --END-- [ RunTime:0.000187s ]
INFO: Run Behavior\ParseTemplateBehavior [ RunTime:0.076878s ]
INFO: [ view_parse ] --END-- [ RunTime:0.076939s ]
INFO: [ view_filter ] --START--
INFO: Run Behavior\WriteHtmlCacheBehavior [ RunTime:0.004092s ]
INFO: [ view_filter ] --END-- [ RunTime:0.004150s ]
INFO: [ app_end ] --START--
INFO: Run Behavior\ShowPageTraceBehavior [ RunTime:0.000650s ]
INFO: [ app_end ] --END-- [ RunTime:0.000698s ]

[ 2017-08-20T00:00:28+08:00 ] 47.74.8.184 /admin.php?s=/model/edit/id/5.html
INFO: [ app_init ] --START--
INFO: Run Behavior\BuildLiteBehavior [ RunTime:0.000015s ]
INFO: Run Common\Behavior\InitHookBehavior [ RunTime:0.001583s ]
INFO: [ app_init ] --END-- [ RunTime:0.002608s ]
INFO: [ app_begin ] --START--
INFO: Run Behavior\ReadHtmlCacheBehavior [ RunTime:0.005961s ]
INFO: [ app_begin ] --END-- [ RunTime:0.006012s ]
SQL: SHOW COLUMNS FROM `mic_menu` [ RunTime:0.0013s ]
SQL: SELECT `id`,`title`,`url` FROM `mic_menu` WHERE `pid` = 0 AND `hide` = 0 ORDER BY sort asc  [ RunTime:0.0005s ]
SQL: SELECT `pid` FROM `mic_menu` WHERE ( pid !=0 AND url like '%Model/edit%' ) LIMIT 1   [ RunTime:0.0009s ]
SQL: SELECT * FROM `mic_menu` WHERE `id` = 58 LIMIT 1   [ RunTime:0.0081s ]
SQL: SELECT * FROM `mic_menu` WHERE `id` = 68 LIMIT 1   [ RunTime:0.0004s ]
SQL: SELECT DISTINCT  `group` FROM `mic_menu` WHERE `group` <> '' AND `pid` = 68  [ RunTime:0.0004s ]
SQL: SELECT `id`,`url` FROM `mic_menu` WHERE `pid` = 68 AND `hide` = 0  [ RunTime:0.0004s ]
SQL: SELECT `id`,`pid`,`title`,`url`,`tip` FROM `mic_menu` WHERE `group` = '系统设置' AND `pid` = 68 AND `hide` = 0 ORDER BY sort asc  [ RunTime:0.0006s ]
SQL: SELECT `id`,`pid`,`title`,`url`,`tip` FROM `mic_menu` WHERE `group` = '数据备份' AND `pid` = 68 AND `hide` = 0 ORDER BY sort asc  [ RunTime:0.0005s ]
SQL: SHOW COLUMNS FROM `mic_model` [ RunTime:0.0067s ]
SQL: SELECT `id`,`name`,`title`,`extend`,`relation`,`need_pk`,`field_sort`,`field_group`,`attribute_list`,`attribute_alias`,`template_list`,`template_add`,`template_edit`,`list_grid`,`list_row`,`search_key`,`search_list`,`create_time`,`update_time`,`status`,`engine_type` FROM `mic_model` WHERE `id` = 5 LIMIT 1   [ RunTime:0.0066s ]
SQL: SHOW COLUMNS FROM `mic_attribute` [ RunTime:0.0059s ]
SQL: SELECT `id`,`name`,`title`,`is_show` FROM `mic_attribute` WHERE `model_id` = 5  [ RunTime:0.0005s ]
INFO: [ view_parse ] --START--
INFO: [ template_filter ] --START--
INFO: Run Behavior\ContentReplaceBehavior [ RunTime:0.000185s ]
INFO: [ template_filter ] --END-- [ RunTime:0.000236s ]
NOTIC: [8] Undefined index: group D:\home\site\wwwroot\Runtime\Cache\Admin\4bc4913b407324fb4d494724d5710d65.php 第 163 行.
NOTIC: [8] Undefined index: group D:\home\site\wwwroot\Runtime\Cache\Admin\4bc4913b407324fb4d494724d5710d65.php 第 163 行.
INFO: Run Behavior\ParseTemplateBehavior [ RunTime:0.067376s ]
INFO: [ view_parse ] --END-- [ RunTime:0.067449s ]
INFO: [ view_filter ] --START--
INFO: Run Behavior\WriteHtmlCacheBehavior [ RunTime:0.000393s ]
INFO: [ view_filter ] --END-- [ RunTime:0.000439s ]
INFO: [ app_end ] --START--
INFO: Run Behavior\ShowPageTraceBehavior [ RunTime:0.000328s ]
INFO: [ app_end ] --END-- [ RunTime:0.000374s ]

[ 2017-08-20T00:00:34+08:00 ] 47.74.8.184 /admin.php?s=/Attribute/add/model_id/5.html
INFO: [ app_init ] --START--
INFO: Run Behavior\BuildLiteBehavior [ RunTime:0.000017s ]
INFO: Run Common\Behavior\InitHookBehavior [ RunTime:0.001803s ]
INFO: [ app_init ] --END-- [ RunTime:0.001964s ]
INFO: [ app_begin ] --START--
INFO: Run Behavior\ReadHtmlCacheBehavior [ RunTime:0.000176s ]
INFO: [ app_begin ] --END-- [ RunTime:0.000229s ]
SQL: SHOW COLUMNS FROM `mic_menu` [ RunTime:0.0015s ]
SQL: SELECT `id`,`title`,`url` FROM `mic_menu` WHERE `pid` = 0 AND `hide` = 0 ORDER BY sort asc  [ RunTime:0.0027s ]
SQL: SELECT `pid` FROM `mic_menu` WHERE ( pid !=0 AND url like '%Attribute/add%' ) LIMIT 1   [ RunTime:0.0007s ]
SQL: SELECT * FROM `mic_menu` WHERE `id` = 63 LIMIT 1   [ RunTime:0.0004s ]
SQL: SELECT * FROM `mic_menu` WHERE `id` = 68 LIMIT 1   [ RunTime:0.0004s ]
SQL: SELECT DISTINCT  `group` FROM `mic_menu` WHERE `group` <> '' AND `pid` = 68  [ RunTime:0.0004s ]
SQL: SELECT `id`,`url` FROM `mic_menu` WHERE `pid` = 68 AND `hide` = 0  [ RunTime:0.0004s ]
SQL: SELECT `id`,`pid`,`title`,`url`,`tip` FROM `mic_menu` WHERE `group` = '系统设置' AND `pid` = 68 AND `hide` = 0 ORDER BY sort asc  [ RunTime:0.0006s ]
SQL: SELECT `id`,`pid`,`title`,`url`,`tip` FROM `mic_menu` WHERE `group` = '数据备份' AND `pid` = 68 AND `hide` = 0 ORDER BY sort asc  [ RunTime:0.0006s ]
SQL: SHOW COLUMNS FROM `mic_model` [ RunTime:0.0067s ]
SQL: SELECT `title`,`name`,`field_group` FROM `mic_model` WHERE `id` = 5 LIMIT 1   [ RunTime:0.0004s ]
INFO: [ view_parse ] --START--
INFO: [ template_filter ] --START--
INFO: Run Behavior\ContentReplaceBehavior [ RunTime:0.000171s ]
INFO: [ template_filter ] --END-- [ RunTime:0.006047s ]
NOTIC: [8] Undefined index: id D:\home\site\wwwroot\Runtime\Cache\Admin\5de3ad3cb2669b692ef5954e1c687884.php 第 89 行.
SQL: SELECT `title` FROM `mic_model` WHERE `id` = 5 LIMIT 1   [ RunTime:0.0005s ]
NOTIC: [8] Undefined index: name D:\home\site\wwwroot\Runtime\Cache\Admin\5de3ad3cb2669b692ef5954e1c687884.php 第 106 行.
NOTIC: [8] Undefined index: title D:\home\site\wwwroot\Runtime\Cache\Admin\5de3ad3cb2669b692ef5954e1c687884.php 第 112 行.
NOTIC: [8] Undefined index: field D:\home\site\wwwroot\Runtime\Cache\Admin\5de3ad3cb2669b692ef5954e1c687884.php 第 127 行.
NOTIC: [8] Undefined index: extra D:\home\site\wwwroot\Runtime\Cache\Admin\5de3ad3cb2669b692ef5954e1c687884.php 第 134 行.
NOTIC: [8] Undefined index: value D:\home\site\wwwroot\Runtime\Cache\Admin\5de3ad3cb2669b692ef5954e1c687884.php 第 141 行.
NOTIC: [8] Undefined index: remark D:\home\site\wwwroot\Runtime\Cache\Admin\5de3ad3cb2669b692ef5954e1c687884.php 第 147 行.
NOTIC: [8] Undefined index: validate_rule D:\home\site\wwwroot\Runtime\Cache\Admin\5de3ad3cb2669b692ef5954e1c687884.php 第 190 行.
NOTIC: [8] Undefined index: error_info D:\home\site\wwwroot\Runtime\Cache\Admin\5de3ad3cb2669b692ef5954e1c687884.php 第 196 行.
NOTIC: [8] Undefined index: auto_rule D:\home\site\wwwroot\Runtime\Cache\Admin\5de3ad3cb2669b692ef5954e1c687884.php 第 222 行.
NOTIC: [8] Undefined index: id D:\home\site\wwwroot\Runtime\Cache\Admin\5de3ad3cb2669b692ef5954e1c687884.php 第 241 行.
INFO: Run Behavior\ParseTemplateBehavior [ RunTime:0.061024s ]
INFO: [ view_parse ] --END-- [ RunTime:0.061077s ]
INFO: [ view_filter ] --START--
INFO: Run Behavior\WriteHtmlCacheBehavior [ RunTime:0.000359s ]
INFO: [ view_filter ] --END-- [ RunTime:0.000403s ]
INFO: [ app_end ] --START--
INFO: Run Behavior\ShowPageTraceBehavior [ RunTime:0.000338s ]
INFO: [ app_end ] --END-- [ RunTime:0.000380s ]

[ 2017-08-20T00:01:21+08:00 ] 47.74.15.42 /admin.php?s=/Attribute/update.html
INFO: [ app_init ] --START--
INFO: Run Behavior\BuildLiteBehavior [ RunTime:0.000017s ]
INFO: Run Common\Behavior\InitHookBehavior [ RunTime:0.007850s ]
INFO: [ app_init ] --END-- [ RunTime:0.008156s ]
INFO: [ app_begin ] --START--
INFO: Run Behavior\ReadHtmlCacheBehavior [ RunTime:0.000310s ]
INFO: [ app_begin ] --END-- [ RunTime:0.000366s ]
SQL: SHOW COLUMNS FROM `mic_menu` [ RunTime:0.0019s ]
SQL: SELECT `id`,`title`,`url` FROM `mic_menu` WHERE `pid` = 0 AND `hide` = 0 ORDER BY sort asc  [ RunTime:0.0010s ]
SQL: SELECT `pid` FROM `mic_menu` WHERE ( pid !=0 AND url like '%Attribute/update%' ) LIMIT 1   [ RunTime:0.0011s ]
SQL: SELECT * FROM `mic_menu` WHERE `id` = 63 LIMIT 1   [ RunTime:0.0004s ]
SQL: SELECT * FROM `mic_menu` WHERE `id` = 68 LIMIT 1   [ RunTime:0.0004s ]
SQL: SELECT DISTINCT  `group` FROM `mic_menu` WHERE `group` <> '' AND `pid` = 68  [ RunTime:0.0004s ]
SQL: SELECT `id`,`url` FROM `mic_menu` WHERE `pid` = 68 AND `hide` = 0  [ RunTime:0.0004s ]
SQL: SELECT `id`,`pid`,`title`,`url`,`tip` FROM `mic_menu` WHERE `group` = '系统设置' AND `pid` = 68 AND `hide` = 0 ORDER BY sort asc  [ RunTime:0.0005s ]
SQL: SELECT `id`,`pid`,`title`,`url`,`tip` FROM `mic_menu` WHERE `group` = '数据备份' AND `pid` = 68 AND `hide` = 0 ORDER BY sort asc  [ RunTime:0.0004s ]
SQL: SHOW COLUMNS FROM `mic_attribute` [ RunTime:0.0008s ]
SQL: SELECT * FROM `mic_attribute` WHERE `name` = 'p_small_img' AND `model_id` = 5 LIMIT 1   [ RunTime:0.0006s ]
SQL: INSERT INTO `mic_attribute` (`name`,`title`,`type`,`field`,`extra`,`value`,`remark`,`is_show`,`is_must`,`validate_type`,`validate_rule`,`error_info`,`validate_time`,`auto_type`,`auto_rule`,`auto_time`,`id`,`model_id`,`status`,`create_time`,`update_time`) VALUES ('p_small_img','头像缩略图（建议163*163）','picture','int(10) UNSIGNED NOT NULL','','','头像缩略图','1','0','regex','','','3','function','','3','0','5','1','1503158481','1503158481') [ RunTime:0.0003s ]
SQL: SHOW COLUMNS FROM `mic_model` [ RunTime:0.0007s ]
SQL: SELECT `name`,`extend` FROM `mic_model` WHERE `id` = 5 LIMIT 1   [ RunTime:0.0003s ]
SQL:                 SHOW TABLES LIKE 'mic_partner'; [ RunTime:0.0016s ]
SQL:                 ALTER TABLE `mic_partner`
ADD COLUMN `p_small_img`  int(10) UNSIGNED NOT NULL  COMMENT '头像缩略图（建议163*163）'; [ RunTime:0.1240s ]
SQL: SELECT `name` FROM `mic_model` WHERE `id` = 5 LIMIT 1   [ RunTime:0.0004s ]
SQL: SHOW COLUMNS FROM `mic_action` [ RunTime:0.0017s ]
SQL: SELECT * FROM `mic_action` WHERE `name` = 'update_attribute' LIMIT 1   [ RunTime:0.0004s ]
SQL: SHOW COLUMNS FROM `mic_action_log` [ RunTime:0.0076s ]
SQL: INSERT INTO `mic_action_log` (`action_id`,`user_id`,`action_ip`,`model`,`record_id`,`create_time`,`remark`) VALUES ('8','1','793382698','attribute','51','1503158481','操作url：/admin.php?s=/Attribute/update.html') [ RunTime:0.0003s ]

[ 2017-08-20T00:01:24+08:00 ] 47.74.15.42 /admin.php?s=/Model/index.html
INFO: [ app_init ] --START--
INFO: Run Behavior\BuildLiteBehavior [ RunTime:0.000015s ]
INFO: Run Common\Behavior\InitHookBehavior [ RunTime:0.001813s ]
INFO: [ app_init ] --END-- [ RunTime:0.001929s ]
INFO: [ app_begin ] --START--
INFO: Run Behavior\ReadHtmlCacheBehavior [ RunTime:0.005541s ]
INFO: [ app_begin ] --END-- [ RunTime:0.005612s ]
SQL: SHOW COLUMNS FROM `mic_menu` [ RunTime:0.0025s ]
SQL: SELECT `id`,`title`,`url` FROM `mic_menu` WHERE `pid` = 0 AND `hide` = 0 ORDER BY sort asc  [ RunTime:0.0005s ]
SQL: SELECT `pid` FROM `mic_menu` WHERE ( pid !=0 AND url like '%Model/index%' ) LIMIT 1   [ RunTime:0.0007s ]
SQL: SELECT * FROM `mic_menu` WHERE `id` = 68 LIMIT 1   [ RunTime:0.0005s ]
SQL: SELECT DISTINCT  `group` FROM `mic_menu` WHERE `group` <> '' AND `pid` = 68  [ RunTime:0.0004s ]
SQL: SELECT `id`,`url` FROM `mic_menu` WHERE `pid` = 68 AND `hide` = 0  [ RunTime:0.0004s ]
SQL: SELECT `id`,`pid`,`title`,`url`,`tip` FROM `mic_menu` WHERE `group` = '系统设置' AND `pid` = 68 AND `hide` = 0 ORDER BY sort asc  [ RunTime:0.0005s ]
SQL: SELECT `id`,`pid`,`title`,`url`,`tip` FROM `mic_menu` WHERE `group` = '数据备份' AND `pid` = 68 AND `hide` = 0 ORDER BY sort asc  [ RunTime:0.0004s ]
SQL: SHOW COLUMNS FROM `mic_model` [ RunTime:0.0009s ]
SQL: SELECT COUNT(*) AS tp_count FROM `mic_model` WHERE `status` > -1 LIMIT 1   [ RunTime:0.0004s ]
SQL: SELECT `id`,`name`,`title`,`extend`,`relation`,`need_pk`,`field_sort`,`field_group`,`attribute_list`,`attribute_alias`,`template_list`,`template_add`,`template_edit`,`list_grid`,`list_row`,`search_key`,`search_list`,`create_time`,`update_time`,`status`,`engine_type` FROM `mic_model` WHERE `status` > -1 ORDER BY id desc LIMIT 0,10   [ RunTime:0.0008s ]
INFO: [ view_parse ] --START--
INFO: [ template_filter ] --START--
INFO: Run Behavior\ContentReplaceBehavior [ RunTime:0.000123s ]
INFO: [ template_filter ] --END-- [ RunTime:0.000167s ]
INFO: Run Behavior\ParseTemplateBehavior [ RunTime:0.059987s ]
INFO: [ view_parse ] --END-- [ RunTime:0.060039s ]
INFO: [ view_filter ] --START--
INFO: Run Behavior\WriteHtmlCacheBehavior [ RunTime:0.001141s ]
INFO: [ view_filter ] --END-- [ RunTime:0.001186s ]
INFO: [ app_end ] --START--
INFO: Run Behavior\ShowPageTraceBehavior [ RunTime:0.000423s ]
INFO: [ app_end ] --END-- [ RunTime:0.000466s ]

[ 2017-08-20T00:01:28+08:00 ] 47.74.15.42 /admin.php?s=/model/edit/id/5.html
INFO: [ app_init ] --START--
INFO: Run Behavior\BuildLiteBehavior [ RunTime:0.000016s ]
INFO: Run Common\Behavior\InitHookBehavior [ RunTime:0.002828s ]
INFO: [ app_init ] --END-- [ RunTime:0.002949s ]
INFO: [ app_begin ] --START--
INFO: Run Behavior\ReadHtmlCacheBehavior [ RunTime:0.000195s ]
INFO: [ app_begin ] --END-- [ RunTime:0.000246s ]
SQL: SHOW COLUMNS FROM `mic_menu` [ RunTime:0.0022s ]
SQL: SELECT `id`,`title`,`url` FROM `mic_menu` WHERE `pid` = 0 AND `hide` = 0 ORDER BY sort asc  [ RunTime:0.0007s ]
SQL: SELECT `pid` FROM `mic_menu` WHERE ( pid !=0 AND url like '%Model/edit%' ) LIMIT 1   [ RunTime:0.0022s ]
SQL: SELECT * FROM `mic_menu` WHERE `id` = 58 LIMIT 1   [ RunTime:0.0004s ]
SQL: SELECT * FROM `mic_menu` WHERE `id` = 68 LIMIT 1   [ RunTime:0.0018s ]
SQL: SELECT DISTINCT  `group` FROM `mic_menu` WHERE `group` <> '' AND `pid` = 68  [ RunTime:0.0004s ]
SQL: SELECT `id`,`url` FROM `mic_menu` WHERE `pid` = 68 AND `hide` = 0  [ RunTime:0.0005s ]
SQL: SELECT `id`,`pid`,`title`,`url`,`tip` FROM `mic_menu` WHERE `group` = '系统设置' AND `pid` = 68 AND `hide` = 0 ORDER BY sort asc  [ RunTime:0.0062s ]
SQL: SELECT `id`,`pid`,`title`,`url`,`tip` FROM `mic_menu` WHERE `group` = '数据备份' AND `pid` = 68 AND `hide` = 0 ORDER BY sort asc  [ RunTime:0.0005s ]
SQL: SHOW COLUMNS FROM `mic_model` [ RunTime:0.0008s ]
SQL: SELECT `id`,`name`,`title`,`extend`,`relation`,`need_pk`,`field_sort`,`field_group`,`attribute_list`,`attribute_alias`,`template_list`,`template_add`,`template_edit`,`list_grid`,`list_row`,`search_key`,`search_list`,`create_time`,`update_time`,`status`,`engine_type` FROM `mic_model` WHERE `id` = 5 LIMIT 1   [ RunTime:0.0007s ]
SQL: SHOW COLUMNS FROM `mic_attribute` [ RunTime:0.0007s ]
SQL: SELECT `id`,`name`,`title`,`is_show` FROM `mic_attribute` WHERE `model_id` = 5  [ RunTime:0.0005s ]
INFO: [ view_parse ] --START--
INFO: [ template_filter ] --START--
INFO: Run Behavior\ContentReplaceBehavior [ RunTime:0.000200s ]
INFO: [ template_filter ] --END-- [ RunTime:0.000248s ]
NOTIC: [8] Undefined index: group D:\home\site\wwwroot\Runtime\Cache\Admin\4bc4913b407324fb4d494724d5710d65.php 第 163 行.
NOTIC: [8] Undefined index: group D:\home\site\wwwroot\Runtime\Cache\Admin\4bc4913b407324fb4d494724d5710d65.php 第 163 行.
NOTIC: [8] Undefined index: group D:\home\site\wwwroot\Runtime\Cache\Admin\4bc4913b407324fb4d494724d5710d65.php 第 163 行.
INFO: Run Behavior\ParseTemplateBehavior [ RunTime:0.049107s ]
INFO: [ view_parse ] --END-- [ RunTime:0.049161s ]
INFO: [ view_filter ] --START--
INFO: Run Behavior\WriteHtmlCacheBehavior [ RunTime:0.000474s ]
INFO: [ view_filter ] --END-- [ RunTime:0.000515s ]
INFO: [ app_end ] --START--
INFO: Run Behavior\ShowPageTraceBehavior [ RunTime:0.000297s ]
INFO: [ app_end ] --END-- [ RunTime:0.000338s ]

[ 2017-08-20T00:01:37+08:00 ] 47.74.15.42 /admin.php?s=/Model/update.html
INFO: [ app_init ] --START--
INFO: Run Behavior\BuildLiteBehavior [ RunTime:0.000015s ]
INFO: Run Common\Behavior\InitHookBehavior [ RunTime:0.002694s ]
INFO: [ app_init ] --END-- [ RunTime:0.002808s ]
INFO: [ app_begin ] --START--
INFO: Run Behavior\ReadHtmlCacheBehavior [ RunTime:0.000174s ]
INFO: [ app_begin ] --END-- [ RunTime:0.000224s ]
SQL: SHOW COLUMNS FROM `mic_menu` [ RunTime:0.0008s ]
SQL: SELECT `id`,`title`,`url` FROM `mic_menu` WHERE `pid` = 0 AND `hide` = 0 ORDER BY sort asc  [ RunTime:0.0005s ]
SQL: SELECT `pid` FROM `mic_menu` WHERE ( pid !=0 AND url like '%Model/update%' ) LIMIT 1   [ RunTime:0.0008s ]
SQL: SELECT * FROM `mic_menu` WHERE `id` = 58 LIMIT 1   [ RunTime:0.0004s ]
SQL: SELECT * FROM `mic_menu` WHERE `id` = 68 LIMIT 1   [ RunTime:0.0004s ]
SQL: SELECT DISTINCT  `group` FROM `mic_menu` WHERE `group` <> '' AND `pid` = 68  [ RunTime:0.0004s ]
SQL: SELECT `id`,`url` FROM `mic_menu` WHERE `pid` = 68 AND `hide` = 0  [ RunTime:0.0004s ]
SQL: SELECT `id`,`pid`,`title`,`url`,`tip` FROM `mic_menu` WHERE `group` = '系统设置' AND `pid` = 68 AND `hide` = 0 ORDER BY sort asc  [ RunTime:0.0021s ]
SQL: SELECT `id`,`pid`,`title`,`url`,`tip` FROM `mic_menu` WHERE `group` = '数据备份' AND `pid` = 68 AND `hide` = 0 ORDER BY sort asc  [ RunTime:0.0004s ]
SQL: SHOW COLUMNS FROM `mic_model` [ RunTime:0.0066s ]
SQL: SELECT * FROM `mic_model` WHERE `name` = 'partner' AND `id` <> '5' LIMIT 1   [ RunTime:0.0006s ]
SQL: UPDATE `mic_model` SET `name`='partner',`title`='实习生',`extend`='0',`attribute_list`='47,49,51,46,40,42,41,44,43,45',`attribute_alias`='',`field_group`='1:基础',`field_sort`='{\"1\":[\"47\",\"49\",\"46\",\"40\",\"42\",\"41\",\"44\",\"43\",\"45\"]}',`list_grid`='p_name:实习生姓名
p_sex:性别
p_current_job:目前工作
p_address:现居地
p_hobby:兴趣爱好
p_introduce:简介
p_station:所属岗位
p_year:所属届数',`search_key`='',`search_list`='',`template_list`='',`template_add`='',`template_edit`='',`list_row`='10',`update_time`='1503158497' WHERE `id` = 5 [ RunTime:0.0005s ]
SQL: SHOW COLUMNS FROM `mic_action` [ RunTime:0.0065s ]
SQL: SELECT * FROM `mic_action` WHERE `name` = 'update_model' LIMIT 1   [ RunTime:0.0004s ]
SQL: SHOW COLUMNS FROM `mic_action_log` [ RunTime:0.0007s ]
SQL: INSERT INTO `mic_action_log` (`action_id`,`user_id`,`action_ip`,`model`,`record_id`,`create_time`,`remark`) VALUES ('7','1','793382698','model','5','1503158497','操作url：/admin.php?s=/Model/update.html') [ RunTime:0.0003s ]

[ 2017-08-20T00:01:40+08:00 ] 47.74.15.42 /admin.php?s=/Model/index.html
INFO: [ app_init ] --START--
INFO: Run Behavior\BuildLiteBehavior [ RunTime:0.000016s ]
INFO: Run Common\Behavior\InitHookBehavior [ RunTime:0.004747s ]
INFO: [ app_init ] --END-- [ RunTime:0.004872s ]
INFO: [ app_begin ] --START--
INFO: Run Behavior\ReadHtmlCacheBehavior [ RunTime:0.001433s ]
INFO: [ app_begin ] --END-- [ RunTime:0.001490s ]
SQL: SHOW COLUMNS FROM `mic_menu` [ RunTime:0.0008s ]
SQL: SELECT `id`,`title`,`url` FROM `mic_menu` WHERE `pid` = 0 AND `hide` = 0 ORDER BY sort asc  [ RunTime:0.0022s ]
SQL: SELECT `pid` FROM `mic_menu` WHERE ( pid !=0 AND url like '%Model/index%' ) LIMIT 1   [ RunTime:0.0008s ]
SQL: SELECT * FROM `mic_menu` WHERE `id` = 68 LIMIT 1   [ RunTime:0.0004s ]
SQL: SELECT DISTINCT  `group` FROM `mic_menu` WHERE `group` <> '' AND `pid` = 68  [ RunTime:0.0004s ]
SQL: SELECT `id`,`url` FROM `mic_menu` WHERE `pid` = 68 AND `hide` = 0  [ RunTime:0.0004s ]
SQL: SELECT `id`,`pid`,`title`,`url`,`tip` FROM `mic_menu` WHERE `group` = '系统设置' AND `pid` = 68 AND `hide` = 0 ORDER BY sort asc  [ RunTime:0.0005s ]
SQL: SELECT `id`,`pid`,`title`,`url`,`tip` FROM `mic_menu` WHERE `group` = '数据备份' AND `pid` = 68 AND `hide` = 0 ORDER BY sort asc  [ RunTime:0.0004s ]
SQL: SHOW COLUMNS FROM `mic_model` [ RunTime:0.0066s ]
SQL: SELECT COUNT(*) AS tp_count FROM `mic_model` WHERE `status` > -1 LIMIT 1   [ RunTime:0.0004s ]
SQL: SELECT `id`,`name`,`title`,`extend`,`relation`,`need_pk`,`field_sort`,`field_group`,`attribute_list`,`attribute_alias`,`template_list`,`template_add`,`template_edit`,`list_grid`,`list_row`,`search_key`,`search_list`,`create_time`,`update_time`,`status`,`engine_type` FROM `mic_model` WHERE `status` > -1 ORDER BY id desc LIMIT 0,10   [ RunTime:0.0008s ]
INFO: [ view_parse ] --START--
INFO: [ template_filter ] --START--
INFO: Run Behavior\ContentReplaceBehavior [ RunTime:0.000124s ]
INFO: [ template_filter ] --END-- [ RunTime:0.000167s ]
INFO: Run Behavior\ParseTemplateBehavior [ RunTime:0.054202s ]
INFO: [ view_parse ] --END-- [ RunTime:0.054252s ]
INFO: [ view_filter ] --START--
INFO: Run Behavior\WriteHtmlCacheBehavior [ RunTime:0.000302s ]
INFO: [ view_filter ] --END-- [ RunTime:0.006114s ]
INFO: [ app_end ] --START--
INFO: Run Behavior\ShowPageTraceBehavior [ RunTime:0.000379s ]
INFO: [ app_end ] --END-- [ RunTime:0.000456s ]

[ 2017-08-20T00:01:42+08:00 ] 47.74.15.42 /admin.php?s=/model/edit/id/5.html
INFO: [ app_init ] --START--
INFO: Run Behavior\BuildLiteBehavior [ RunTime:0.000018s ]
INFO: Run Common\Behavior\InitHookBehavior [ RunTime:0.008324s ]
INFO: [ app_init ] --END-- [ RunTime:0.008594s ]
INFO: [ app_begin ] --START--
INFO: Run Behavior\ReadHtmlCacheBehavior [ RunTime:0.000309s ]
INFO: [ app_begin ] --END-- [ RunTime:0.000380s ]
SQL: SHOW COLUMNS FROM `mic_menu` [ RunTime:0.0015s ]
SQL: SELECT `id`,`title`,`url` FROM `mic_menu` WHERE `pid` = 0 AND `hide` = 0 ORDER BY sort asc  [ RunTime:0.0005s ]
SQL: SELECT `pid` FROM `mic_menu` WHERE ( pid !=0 AND url like '%Model/edit%' ) LIMIT 1   [ RunTime:0.0006s ]
SQL: SELECT * FROM `mic_menu` WHERE `id` = 58 LIMIT 1   [ RunTime:0.0004s ]
SQL: SELECT * FROM `mic_menu` WHERE `id` = 68 LIMIT 1   [ RunTime:0.0004s ]
SQL: SELECT DISTINCT  `group` FROM `mic_menu` WHERE `group` <> '' AND `pid` = 68  [ RunTime:0.0004s ]
SQL: SELECT `id`,`url` FROM `mic_menu` WHERE `pid` = 68 AND `hide` = 0  [ RunTime:0.0004s ]
SQL: SELECT `id`,`pid`,`title`,`url`,`tip` FROM `mic_menu` WHERE `group` = '系统设置' AND `pid` = 68 AND `hide` = 0 ORDER BY sort asc  [ RunTime:0.0063s ]
SQL: SELECT `id`,`pid`,`title`,`url`,`tip` FROM `mic_menu` WHERE `group` = '数据备份' AND `pid` = 68 AND `hide` = 0 ORDER BY sort asc  [ RunTime:0.0005s ]
SQL: SHOW COLUMNS FROM `mic_model` [ RunTime:0.0020s ]
SQL: SELECT `id`,`name`,`title`,`extend`,`relation`,`need_pk`,`field_sort`,`field_group`,`attribute_list`,`attribute_alias`,`template_list`,`template_add`,`template_edit`,`list_grid`,`list_row`,`search_key`,`search_list`,`create_time`,`update_time`,`status`,`engine_type` FROM `mic_model` WHERE `id` = 5 LIMIT 1   [ RunTime:0.0006s ]
SQL: SHOW COLUMNS FROM `mic_attribute` [ RunTime:0.0076s ]
SQL: SELECT `id`,`name`,`title`,`is_show` FROM `mic_attribute` WHERE `model_id` = 5  [ RunTime:0.0009s ]
INFO: [ view_parse ] --START--
INFO: [ template_filter ] --START--
INFO: Run Behavior\ContentReplaceBehavior [ RunTime:0.000184s ]
INFO: [ template_filter ] --END-- [ RunTime:0.000227s ]
NOTIC: [8] Undefined index: group D:\home\site\wwwroot\Runtime\Cache\Admin\4bc4913b407324fb4d494724d5710d65.php 第 163 行.
NOTIC: [8] Undefined index: group D:\home\site\wwwroot\Runtime\Cache\Admin\4bc4913b407324fb4d494724d5710d65.php 第 163 行.
INFO: Run Behavior\ParseTemplateBehavior [ RunTime:0.044247s ]
INFO: [ view_parse ] --END-- [ RunTime:0.044296s ]
INFO: [ view_filter ] --START--
INFO: Run Behavior\WriteHtmlCacheBehavior [ RunTime:0.000181s ]
INFO: [ view_filter ] --END-- [ RunTime:0.000218s ]
INFO: [ app_end ] --START--
INFO: Run Behavior\ShowPageTraceBehavior [ RunTime:0.000167s ]
INFO: [ app_end ] --END-- [ RunTime:0.000206s ]

[ 2017-08-20T00:01:56+08:00 ] 47.74.15.42 /admin.php?s=/Article/index.html
INFO: [ app_init ] --START--
INFO: Run Behavior\BuildLiteBehavior [ RunTime:0.000018s ]
INFO: Run Common\Behavior\InitHookBehavior [ RunTime:0.004541s ]
INFO: [ app_init ] --END-- [ RunTime:0.004692s ]
INFO: [ app_begin ] --START--
INFO: Run Behavior\ReadHtmlCacheBehavior [ RunTime:0.000174s ]
INFO: [ app_begin ] --END-- [ RunTime:0.000227s ]
SQL: SHOW COLUMNS FROM `mic_menu` [ RunTime:0.0015s ]
SQL: SELECT `id`,`title`,`url` FROM `mic_menu` WHERE `pid` = 0 AND `hide` = 0 ORDER BY sort asc  [ RunTime:0.0006s ]
SQL: SELECT `pid` FROM `mic_menu` WHERE ( pid !=0 AND url like '%Article/index%' ) LIMIT 1   [ RunTime:0.0003s ]
SQL: SELECT * FROM `mic_menu` WHERE `id` = 2 LIMIT 1   [ RunTime:0.0004s ]
SQL: SELECT DISTINCT  `group` FROM `mic_menu` WHERE `group` <> '' AND `pid` = 2  [ RunTime:0.0004s ]
SQL: SELECT `id`,`url` FROM `mic_menu` WHERE `pid` = 2 AND `hide` = 0  [ RunTime:0.0004s ]
SQL: SELECT `id`,`pid`,`title`,`url`,`tip` FROM `mic_menu` WHERE `group` = '内容' AND `pid` = 2 AND `hide` = 0 ORDER BY sort asc  [ RunTime:0.0004s ]
SQL: SHOW COLUMNS FROM `mic_auth_group_access` [ RunTime:0.0026s ]
SQL: SELECT `extend_id` FROM mic_auth_group_access g INNER JOIN mic_auth_extend c on g.group_id=c.group_id  WHERE ( g.uid='1' and c.type='1' and !isnull(extend_id) )  [ RunTime:0.0029s ]
SQL: SHOW COLUMNS FROM `mic_category` [ RunTime:0.0057s ]
SQL: SELECT `id`,`title`,`pid`,`allow_publish` FROM `mic_category` WHERE `status` = 1 ORDER BY pid,sort  [ RunTime:0.0004s ]
SQL: SHOW COLUMNS FROM `mic_model` [ RunTime:0.0008s ]
SQL: SELECT * FROM `mic_model` WHERE `name` = 'document' LIMIT 1   [ RunTime:0.0005s ]
SQL: SHOW COLUMNS FROM `mic_document` [ RunTime:0.0075s ]
SQL: SELECT COUNT(*) AS tp_count FROM mic_document DOCUMENT WHERE `status` IN ('0','1','2') AND `pid` = 0 LIMIT 1   [ RunTime:0.0004s ]
SQL: SELECT `id`,`title`,`type`,`update_time`,`status`,`view`,`category_id`,`model_id`,`pid` FROM mic_document DOCUMENT WHERE `status` IN ('0','1','2') AND `pid` = 0 ORDER BY level DESC,DOCUMENT.id DESC LIMIT 0,10   [ RunTime:0.0011s ]
SQL: SELECT `extend` FROM `mic_model` WHERE `id` = 1 LIMIT 1   [ RunTime:0.0003s ]
SQL: SHOW COLUMNS FROM `mic_attribute` [ RunTime:0.0006s ]
SQL: SELECT `id`,`name`,`type`,`extra` FROM `mic_attribute` WHERE `model_id` = 1  [ RunTime:0.0013s ]
NOTIC: [8] Undefined variable: groups D:\home\site\wwwroot\Application\Admin\Controller\ArticleController.class.php 第 231 行.
INFO: [ view_parse ] --START--
INFO: [ template_filter ] --START--
INFO: Run Behavior\ContentReplaceBehavior [ RunTime:0.000309s ]
INFO: [ template_filter ] --END-- [ RunTime:0.000367s ]
INFO: Run Behavior\ParseTemplateBehavior [ RunTime:0.086789s ]
INFO: [ view_parse ] --END-- [ RunTime:0.086862s ]
INFO: [ view_filter ] --START--
INFO: Run Behavior\WriteHtmlCacheBehavior [ RunTime:0.000393s ]
INFO: [ view_filter ] --END-- [ RunTime:0.000437s ]
INFO: [ app_end ] --START--
INFO: Run Behavior\ShowPageTraceBehavior [ RunTime:0.000326s ]
INFO: [ app_end ] --END-- [ RunTime:0.000367s ]

[ 2017-08-20T00:02:02+08:00 ] 47.74.15.42 /admin.php?s=/Partner/index.html
INFO: [ app_init ] --START--
INFO: Run Behavior\BuildLiteBehavior [ RunTime:0.000017s ]
INFO: Run Common\Behavior\InitHookBehavior [ RunTime:0.007488s ]
INFO: [ app_init ] --END-- [ RunTime:0.007616s ]
INFO: [ app_begin ] --START--
INFO: Run Behavior\ReadHtmlCacheBehavior [ RunTime:0.000239s ]
INFO: [ app_begin ] --END-- [ RunTime:0.000289s ]
SQL: SHOW COLUMNS FROM `mic_menu` [ RunTime:0.0010s ]
SQL: SELECT `id`,`title`,`url` FROM `mic_menu` WHERE `pid` = 0 AND `hide` = 0 ORDER BY sort asc  [ RunTime:0.0006s ]
SQL: SELECT `pid` FROM `mic_menu` WHERE ( pid !=0 AND url like '%Partner/index%' ) LIMIT 1   [ RunTime:0.0010s ]
SQL: SELECT * FROM `mic_menu` WHERE `id` = 129 LIMIT 1   [ RunTime:0.0004s ]
SQL: SELECT DISTINCT  `group` FROM `mic_menu` WHERE `group` <> '' AND `pid` = 129  [ RunTime:0.0005s ]
SQL: SELECT `id`,`url` FROM `mic_menu` WHERE `pid` = 129 AND `hide` = 0  [ RunTime:0.0004s ]
SQL: SELECT `id`,`pid`,`title`,`url`,`tip` FROM `mic_menu` WHERE `group` = '实习生列表' AND `pid` = 129 AND `hide` = 0 ORDER BY sort asc  [ RunTime:0.0005s ]
NOTIC: [8] Undefined variable: p D:\home\site\wwwroot\Application\Admin\Controller\PartnerController.class.php 第 10 行.
SQL: SHOW COLUMNS FROM `mic_model` [ RunTime:0.0011s ]
SQL: SELECT * FROM `mic_model` WHERE `name` = 'partner' LIMIT 1   [ RunTime:0.0007s ]
SQL: SELECT * FROM `mic_model` WHERE `id` = 5 LIMIT 1   [ RunTime:0.0004s ]
SQL: SHOW COLUMNS FROM `mic_partner` [ RunTime:0.0357s ]
SQL: SELECT `p_name`,`p_sex`,`p_current_job`,`p_address`,`p_hobby`,`p_introduce`,`p_station`,`p_year`,`id` FROM `mic_partner` ORDER BY id DESC LIMIT 0,10   [ RunTime:0.0007s ]
SQL: SELECT COUNT(*) AS tp_count FROM `mic_partner` LIMIT 1   [ RunTime:0.0003s ]
SQL: SELECT `extend` FROM `mic_model` WHERE `id` = 5 LIMIT 1   [ RunTime:0.0003s ]
SQL: SHOW COLUMNS FROM `mic_attribute` [ RunTime:0.0008s ]
SQL: SELECT `id`,`name`,`type`,`extra` FROM `mic_attribute` WHERE `model_id` = 5  [ RunTime:0.0060s ]
INFO: [ view_parse ] --START--
INFO: [ template_filter ] --START--
INFO: Run Behavior\ContentReplaceBehavior [ RunTime:0.000148s ]
INFO: [ template_filter ] --END-- [ RunTime:0.000214s ]
NOTIC: [8] Use of undefined constant add - assumed 'add' D:\home\site\wwwroot\Runtime\Cache\Admin\b00d2dc38a9c99b026d9919a1acc8aaf.php 第 95 行.
INFO: Run Behavior\ParseTemplateBehavior [ RunTime:0.040160s ]
INFO: [ view_parse ] --END-- [ RunTime:0.040210s ]
INFO: [ view_filter ] --START--
INFO: Run Behavior\WriteHtmlCacheBehavior [ RunTime:0.000190s ]
INFO: [ view_filter ] --END-- [ RunTime:0.000232s ]
INFO: [ app_end ] --START--
INFO: Run Behavior\ShowPageTraceBehavior [ RunTime:0.000176s ]
INFO: [ app_end ] --END-- [ RunTime:0.000216s ]

[ 2017-08-20T00:02:05+08:00 ] 47.74.15.42 /admin.php?s=/Partner/add.html
INFO: [ app_init ] --START--
INFO: Run Behavior\BuildLiteBehavior [ RunTime:0.000017s ]
INFO: Run Common\Behavior\InitHookBehavior [ RunTime:0.008024s ]
INFO: [ app_init ] --END-- [ RunTime:0.008287s ]
INFO: [ app_begin ] --START--
INFO: Run Behavior\ReadHtmlCacheBehavior [ RunTime:0.000281s ]
INFO: [ app_begin ] --END-- [ RunTime:0.000327s ]
SQL: SHOW COLUMNS FROM `mic_menu` [ RunTime:0.0008s ]
SQL: SELECT `id`,`title`,`url` FROM `mic_menu` WHERE `pid` = 0 AND `hide` = 0 ORDER BY sort asc  [ RunTime:0.0013s ]
SQL: SELECT `pid` FROM `mic_menu` WHERE ( pid !=0 AND url like '%Partner/add%' ) LIMIT 1   [ RunTime:0.0011s ]
SQL: SELECT * FROM `mic_menu` WHERE `id` = 129 LIMIT 1   [ RunTime:0.0004s ]
SQL: SELECT DISTINCT  `group` FROM `mic_menu` WHERE `group` <> '' AND `pid` = 129  [ RunTime:0.0005s ]
SQL: SELECT `id`,`url` FROM `mic_menu` WHERE `pid` = 129 AND `hide` = 0  [ RunTime:0.0004s ]
SQL: SELECT `id`,`pid`,`title`,`url`,`tip` FROM `mic_menu` WHERE `group` = '实习生列表' AND `pid` = 129 AND `hide` = 0 ORDER BY sort asc  [ RunTime:0.0065s ]
SQL: SHOW COLUMNS FROM `mic_model` [ RunTime:0.0008s ]
SQL: SELECT * FROM `mic_model` WHERE `id` = 5 LIMIT 1   [ RunTime:0.0007s ]
SQL: SELECT `extend` FROM `mic_model` WHERE `id` = 5 LIMIT 1   [ RunTime:0.0003s ]
SQL: SHOW COLUMNS FROM `mic_attribute` [ RunTime:0.0021s ]
SQL: SELECT `id`,`name`,`title`,`field`,`type`,`value`,`remark`,`is_show`,`extra`,`model_id`,`is_must`,`status`,`update_time`,`create_time`,`validate_rule`,`validate_time`,`error_info`,`validate_type`,`auto_rule`,`auto_time`,`auto_type` FROM `mic_attribute` WHERE `model_id` = 5  [ RunTime:0.0065s ]
SQL: SELECT `field_sort`,`attribute_list`,`attribute_alias` FROM `mic_model` WHERE `id` = 5 LIMIT 1   [ RunTime:0.0003s ]
INFO: [ view_parse ] --START--
INFO: [ template_filter ] --START--
INFO: Run Behavior\ContentReplaceBehavior [ RunTime:0.000212s ]
INFO: [ template_filter ] --END-- [ RunTime:0.000262s ]
INFO: Run Behavior\ParseTemplateBehavior [ RunTime:0.508668s ]
INFO: [ view_parse ] --END-- [ RunTime:0.508726s ]
INFO: [ view_filter ] --START--
INFO: Run Behavior\WriteHtmlCacheBehavior [ RunTime:0.000189s ]
INFO: [ view_filter ] --END-- [ RunTime:0.000227s ]
INFO: [ app_end ] --START--
INFO: Run Behavior\ShowPageTraceBehavior [ RunTime:0.000167s ]
INFO: [ app_end ] --END-- [ RunTime:0.000206s ]

[ 2017-08-20T00:02:11+08:00 ] 47.74.8.184 /admin.php?s=/Config/group.html
INFO: [ app_init ] --START--
INFO: Run Behavior\BuildLiteBehavior [ RunTime:0.000017s ]
INFO: Run Common\Behavior\InitHookBehavior [ RunTime:0.002219s ]
INFO: [ app_init ] --END-- [ RunTime:0.002403s ]
INFO: [ app_begin ] --START--
INFO: Run Behavior\ReadHtmlCacheBehavior [ RunTime:0.005750s ]
INFO: [ app_begin ] --END-- [ RunTime:0.005811s ]
SQL: SHOW COLUMNS FROM `mic_menu` [ RunTime:0.0009s ]
SQL: SELECT `id`,`title`,`url` FROM `mic_menu` WHERE `pid` = 0 AND `hide` = 0 ORDER BY sort asc  [ RunTime:0.0006s ]
SQL: SELECT `pid` FROM `mic_menu` WHERE ( pid !=0 AND url like '%Config/group%' ) LIMIT 1   [ RunTime:0.0008s ]
SQL: SELECT * FROM `mic_menu` WHERE `id` = 68 LIMIT 1   [ RunTime:0.0004s ]
SQL: SELECT DISTINCT  `group` FROM `mic_menu` WHERE `group` <> '' AND `pid` = 68  [ RunTime:0.0061s ]
SQL: SELECT `id`,`url` FROM `mic_menu` WHERE `pid` = 68 AND `hide` = 0  [ RunTime:0.0005s ]
SQL: SELECT `id`,`pid`,`title`,`url`,`tip` FROM `mic_menu` WHERE `group` = '系统设置' AND `pid` = 68 AND `hide` = 0 ORDER BY sort asc  [ RunTime:0.0006s ]
SQL: SELECT `id`,`pid`,`title`,`url`,`tip` FROM `mic_menu` WHERE `group` = '数据备份' AND `pid` = 68 AND `hide` = 0 ORDER BY sort asc  [ RunTime:0.0005s ]
SQL: SHOW COLUMNS FROM `mic_config` [ RunTime:0.0008s ]
SQL: SELECT `id`,`name`,`title`,`extra`,`value`,`remark`,`type` FROM `mic_config` WHERE `status` = 1 AND `group` = 1 ORDER BY sort  [ RunTime:0.0063s ]
INFO: [ view_parse ] --START--
INFO: [ template_filter ] --START--
INFO: Run Behavior\ContentReplaceBehavior [ RunTime:0.000149s ]
INFO: [ template_filter ] --END-- [ RunTime:0.000205s ]
INFO: Run Behavior\ParseTemplateBehavior [ RunTime:0.048801s ]
INFO: [ view_parse ] --END-- [ RunTime:0.048867s ]
INFO: [ view_filter ] --START--
INFO: Run Behavior\WriteHtmlCacheBehavior [ RunTime:0.000357s ]
INFO: [ view_filter ] --END-- [ RunTime:0.000423s ]
INFO: [ app_end ] --START--
INFO: Run Behavior\ShowPageTraceBehavior [ RunTime:0.000193s ]
INFO: [ app_end ] --END-- [ RunTime:0.000250s ]

[ 2017-08-20T00:02:18+08:00 ] 47.74.8.184 /admin.php?s=/Model/index.html
INFO: [ app_init ] --START--
INFO: Run Behavior\BuildLiteBehavior [ RunTime:0.000038s ]
INFO: Run Common\Behavior\InitHookBehavior [ RunTime:0.002045s ]
INFO: [ app_init ] --END-- [ RunTime:0.002189s ]
INFO: [ app_begin ] --START--
INFO: Run Behavior\ReadHtmlCacheBehavior [ RunTime:0.000187s ]
INFO: [ app_begin ] --END-- [ RunTime:0.000236s ]
SQL: SHOW COLUMNS FROM `mic_menu` [ RunTime:0.0008s ]
SQL: SELECT `id`,`title`,`url` FROM `mic_menu` WHERE `pid` = 0 AND `hide` = 0 ORDER BY sort asc  [ RunTime:0.0016s ]
SQL: SELECT `pid` FROM `mic_menu` WHERE ( pid !=0 AND url like '%Model/index%' ) LIMIT 1   [ RunTime:0.0010s ]
SQL: SELECT * FROM `mic_menu` WHERE `id` = 68 LIMIT 1   [ RunTime:0.0062s ]
SQL: SELECT DISTINCT  `group` FROM `mic_menu` WHERE `group` <> '' AND `pid` = 68  [ RunTime:0.0004s ]
SQL: SELECT `id`,`url` FROM `mic_menu` WHERE `pid` = 68 AND `hide` = 0  [ RunTime:0.0004s ]
SQL: SELECT `id`,`pid`,`title`,`url`,`tip` FROM `mic_menu` WHERE `group` = '系统设置' AND `pid` = 68 AND `hide` = 0 ORDER BY sort asc  [ RunTime:0.0005s ]
SQL: SELECT `id`,`pid`,`title`,`url`,`tip` FROM `mic_menu` WHERE `group` = '数据备份' AND `pid` = 68 AND `hide` = 0 ORDER BY sort asc  [ RunTime:0.0005s ]
SQL: SHOW COLUMNS FROM `mic_model` [ RunTime:0.0009s ]
SQL: SELECT COUNT(*) AS tp_count FROM `mic_model` WHERE `status` > -1 LIMIT 1   [ RunTime:0.0062s ]
SQL: SELECT `id`,`name`,`title`,`extend`,`relation`,`need_pk`,`field_sort`,`field_group`,`attribute_list`,`attribute_alias`,`template_list`,`template_add`,`template_edit`,`list_grid`,`list_row`,`search_key`,`search_list`,`create_time`,`update_time`,`status`,`engine_type` FROM `mic_model` WHERE `status` > -1 ORDER BY id desc LIMIT 0,10   [ RunTime:0.0009s ]
INFO: [ view_parse ] --START--
INFO: [ template_filter ] --START--
INFO: Run Behavior\ContentReplaceBehavior [ RunTime:0.000139s ]
INFO: [ template_filter ] --END-- [ RunTime:0.000194s ]
INFO: Run Behavior\ParseTemplateBehavior [ RunTime:0.057638s ]
INFO: [ view_parse ] --END-- [ RunTime:0.057707s ]
INFO: [ view_filter ] --START--
INFO: Run Behavior\WriteHtmlCacheBehavior [ RunTime:0.000304s ]
INFO: [ view_filter ] --END-- [ RunTime:0.000344s ]
INFO: [ app_end ] --START--
INFO: Run Behavior\ShowPageTraceBehavior [ RunTime:0.000285s ]
INFO: [ app_end ] --END-- [ RunTime:0.000324s ]

[ 2017-08-20T00:02:21+08:00 ] 47.74.8.184 /admin.php?s=/model/edit/id/5.html
INFO: [ app_init ] --START--
INFO: Run Behavior\BuildLiteBehavior [ RunTime:0.000015s ]
INFO: Run Common\Behavior\InitHookBehavior [ RunTime:0.003896s ]
INFO: [ app_init ] --END-- [ RunTime:0.004000s ]
INFO: [ app_begin ] --START--
INFO: Run Behavior\ReadHtmlCacheBehavior [ RunTime:0.000177s ]
INFO: [ app_begin ] --END-- [ RunTime:0.000222s ]
SQL: SHOW COLUMNS FROM `mic_menu` [ RunTime:0.0009s ]
SQL: SELECT `id`,`title`,`url` FROM `mic_menu` WHERE `pid` = 0 AND `hide` = 0 ORDER BY sort asc  [ RunTime:0.0010s ]
SQL: SELECT `pid` FROM `mic_menu` WHERE ( pid !=0 AND url like '%Model/edit%' ) LIMIT 1   [ RunTime:0.0009s ]
SQL: SELECT * FROM `mic_menu` WHERE `id` = 58 LIMIT 1   [ RunTime:0.0004s ]
SQL: SELECT * FROM `mic_menu` WHERE `id` = 68 LIMIT 1   [ RunTime:0.0004s ]
SQL: SELECT DISTINCT  `group` FROM `mic_menu` WHERE `group` <> '' AND `pid` = 68  [ RunTime:0.0004s ]
SQL: SELECT `id`,`url` FROM `mic_menu` WHERE `pid` = 68 AND `hide` = 0  [ RunTime:0.0065s ]
SQL: SELECT `id`,`pid`,`title`,`url`,`tip` FROM `mic_menu` WHERE `group` = '系统设置' AND `pid` = 68 AND `hide` = 0 ORDER BY sort asc  [ RunTime:0.0006s ]
SQL: SELECT `id`,`pid`,`title`,`url`,`tip` FROM `mic_menu` WHERE `group` = '数据备份' AND `pid` = 68 AND `hide` = 0 ORDER BY sort asc  [ RunTime:0.0005s ]
SQL: SHOW COLUMNS FROM `mic_model` [ RunTime:0.0009s ]
SQL: SELECT `id`,`name`,`title`,`extend`,`relation`,`need_pk`,`field_sort`,`field_group`,`attribute_list`,`attribute_alias`,`template_list`,`template_add`,`template_edit`,`list_grid`,`list_row`,`search_key`,`search_list`,`create_time`,`update_time`,`status`,`engine_type` FROM `mic_model` WHERE `id` = 5 LIMIT 1   [ RunTime:0.0007s ]
SQL: SHOW COLUMNS FROM `mic_attribute` [ RunTime:0.0065s ]
SQL: SELECT `id`,`name`,`title`,`is_show` FROM `mic_attribute` WHERE `model_id` = 5  [ RunTime:0.0004s ]
INFO: [ view_parse ] --START--
INFO: [ template_filter ] --START--
INFO: Run Behavior\ContentReplaceBehavior [ RunTime:0.000247s ]
INFO: [ template_filter ] --END-- [ RunTime:0.000302s ]
NOTIC: [8] Undefined index: group D:\home\site\wwwroot\Runtime\Cache\Admin\4bc4913b407324fb4d494724d5710d65.php 第 163 行.
NOTIC: [8] Undefined index: group D:\home\site\wwwroot\Runtime\Cache\Admin\4bc4913b407324fb4d494724d5710d65.php 第 163 行.
INFO: Run Behavior\ParseTemplateBehavior [ RunTime:0.050780s ]
INFO: [ view_parse ] --END-- [ RunTime:0.050835s ]
INFO: [ view_filter ] --START--
INFO: Run Behavior\WriteHtmlCacheBehavior [ RunTime:0.000204s ]
INFO: [ view_filter ] --END-- [ RunTime:0.000243s ]
INFO: [ app_end ] --START--
INFO: Run Behavior\ShowPageTraceBehavior [ RunTime:0.000167s ]
INFO: [ app_end ] --END-- [ RunTime:0.000206s ]

[ 2017-08-20T00:03:08+08:00 ] 47.74.8.184 /admin.php?s=/Model/update.html
INFO: [ app_init ] --START--
INFO: Run Behavior\BuildLiteBehavior [ RunTime:0.000019s ]
INFO: Run Common\Behavior\InitHookBehavior [ RunTime:0.012928s ]
INFO: [ app_init ] --END-- [ RunTime:0.013222s ]
INFO: [ app_begin ] --START--
INFO: Run Behavior\ReadHtmlCacheBehavior [ RunTime:0.000340s ]
INFO: [ app_begin ] --END-- [ RunTime:0.000408s ]
SQL: SHOW COLUMNS FROM `mic_menu` [ RunTime:0.0041s ]
SQL: SELECT `id`,`title`,`url` FROM `mic_menu` WHERE `pid` = 0 AND `hide` = 0 ORDER BY sort asc  [ RunTime:0.0014s ]
SQL: SELECT `pid` FROM `mic_menu` WHERE ( pid !=0 AND url like '%Model/update%' ) LIMIT 1   [ RunTime:0.0007s ]
SQL: SELECT * FROM `mic_menu` WHERE `id` = 58 LIMIT 1   [ RunTime:0.0004s ]
SQL: SELECT * FROM `mic_menu` WHERE `id` = 68 LIMIT 1   [ RunTime:0.0004s ]
SQL: SELECT DISTINCT  `group` FROM `mic_menu` WHERE `group` <> '' AND `pid` = 68  [ RunTime:0.0004s ]
SQL: SELECT `id`,`url` FROM `mic_menu` WHERE `pid` = 68 AND `hide` = 0  [ RunTime:0.0004s ]
SQL: SELECT `id`,`pid`,`title`,`url`,`tip` FROM `mic_menu` WHERE `group` = '系统设置' AND `pid` = 68 AND `hide` = 0 ORDER BY sort asc  [ RunTime:0.0006s ]
SQL: SELECT `id`,`pid`,`title`,`url`,`tip` FROM `mic_menu` WHERE `group` = '数据备份' AND `pid` = 68 AND `hide` = 0 ORDER BY sort asc  [ RunTime:0.0005s ]
SQL: SHOW COLUMNS FROM `mic_model` [ RunTime:0.0009s ]
SQL: SELECT * FROM `mic_model` WHERE `name` = 'partner' AND `id` <> '5' LIMIT 1   [ RunTime:0.0006s ]
SQL: UPDATE `mic_model` SET `name`='partner',`title`='实习生',`extend`='0',`attribute_list`='47,51,49,46,40,42,41,44,43,45',`attribute_alias`='',`field_group`='1:基础',`field_sort`='{\"1\":[\"40\",\"42\",\"41\",\"51\",\"47\",\"46\",\"49\",\"44\",\"43\",\"45\"]}',`list_grid`='p_name:实习生姓名
p_sex:性别
p_current_job:目前工作
p_address:现居地
p_hobby:兴趣爱好
p_introduce:简介
p_station:所属岗位
p_year:所属届数',`search_key`='',`search_list`='',`template_list`='',`template_add`='',`template_edit`='',`list_row`='10',`update_time`='1503158588' WHERE `id` = 5 [ RunTime:0.0005s ]
NOTIC: [2] unlink(./Runtime/Temp/8badceef8761e1f2fa41d8bf7e2cdf39.php): No such file or directory D:\home\site\wwwroot\ThinkPHP\Library\Think\Cache\Driver\File.class.php 第 157 行.
SQL: SHOW COLUMNS FROM `mic_action` [ RunTime:0.0142s ]
SQL: SELECT * FROM `mic_action` WHERE `name` = 'update_model' LIMIT 1   [ RunTime:0.0005s ]
SQL: SHOW COLUMNS FROM `mic_action_log` [ RunTime:0.0023s ]
SQL: INSERT INTO `mic_action_log` (`action_id`,`user_id`,`action_ip`,`model`,`record_id`,`create_time`,`remark`) VALUES ('7','1','793381048','model','5','1503158588','操作url：/admin.php?s=/Model/update.html') [ RunTime:0.0003s ]

[ 2017-08-20T00:03:12+08:00 ] 47.74.8.184 /admin.php?s=/Model/index.html
INFO: [ app_init ] --START--
INFO: Run Behavior\BuildLiteBehavior [ RunTime:0.000017s ]
INFO: Run Common\Behavior\InitHookBehavior [ RunTime:0.001920s ]
INFO: [ app_init ] --END-- [ RunTime:0.002054s ]
INFO: [ app_begin ] --START--
INFO: Run Behavior\ReadHtmlCacheBehavior [ RunTime:0.000210s ]
INFO: [ app_begin ] --END-- [ RunTime:0.000266s ]
SQL: SHOW COLUMNS FROM `mic_menu` [ RunTime:0.0094s ]
SQL: SELECT `id`,`title`,`url` FROM `mic_menu` WHERE `pid` = 0 AND `hide` = 0 ORDER BY sort asc  [ RunTime:0.0009s ]
SQL: SELECT `pid` FROM `mic_menu` WHERE ( pid !=0 AND url like '%Model/index%' ) LIMIT 1   [ RunTime:0.0018s ]
SQL: SELECT * FROM `mic_menu` WHERE `id` = 68 LIMIT 1   [ RunTime:0.0004s ]
SQL: SELECT DISTINCT  `group` FROM `mic_menu` WHERE `group` <> '' AND `pid` = 68  [ RunTime:0.0060s ]
SQL: SELECT `id`,`url` FROM `mic_menu` WHERE `pid` = 68 AND `hide` = 0  [ RunTime:0.0021s ]
SQL: SELECT `id`,`pid`,`title`,`url`,`tip` FROM `mic_menu` WHERE `group` = '系统设置' AND `pid` = 68 AND `hide` = 0 ORDER BY sort asc  [ RunTime:0.0005s ]
SQL: SELECT `id`,`pid`,`title`,`url`,`tip` FROM `mic_menu` WHERE `group` = '数据备份' AND `pid` = 68 AND `hide` = 0 ORDER BY sort asc  [ RunTime:0.0004s ]
SQL: SHOW COLUMNS FROM `mic_model` [ RunTime:0.0008s ]
SQL: SELECT COUNT(*) AS tp_count FROM `mic_model` WHERE `status` > -1 LIMIT 1   [ RunTime:0.0003s ]
SQL: SELECT `id`,`name`,`title`,`extend`,`relation`,`need_pk`,`field_sort`,`field_group`,`attribute_list`,`attribute_alias`,`template_list`,`template_add`,`template_edit`,`list_grid`,`list_row`,`search_key`,`search_list`,`create_time`,`update_time`,`status`,`engine_type` FROM `mic_model` WHERE `status` > -1 ORDER BY id desc LIMIT 0,10   [ RunTime:0.0007s ]
INFO: [ view_parse ] --START--
INFO: [ template_filter ] --START--
INFO: Run Behavior\ContentReplaceBehavior [ RunTime:0.000145s ]
INFO: [ template_filter ] --END-- [ RunTime:0.000195s ]
INFO: Run Behavior\ParseTemplateBehavior [ RunTime:0.044163s ]
INFO: [ view_parse ] --END-- [ RunTime:0.044223s ]
INFO: [ view_filter ] --START--
INFO: Run Behavior\WriteHtmlCacheBehavior [ RunTime:0.000432s ]
INFO: [ view_filter ] --END-- [ RunTime:0.000475s ]
INFO: [ app_end ] --START--
INFO: Run Behavior\ShowPageTraceBehavior [ RunTime:0.000320s ]
INFO: [ app_end ] --END-- [ RunTime:0.000362s ]

[ 2017-08-20T00:03:15+08:00 ] 47.74.8.184 /admin.php?s=/Index/index.html
INFO: [ app_init ] --START--
INFO: Run Behavior\BuildLiteBehavior [ RunTime:0.000016s ]
INFO: Run Common\Behavior\InitHookBehavior [ RunTime:0.009269s ]
INFO: [ app_init ] --END-- [ RunTime:0.009384s ]
INFO: [ app_begin ] --START--
INFO: Run Behavior\ReadHtmlCacheBehavior [ RunTime:0.000192s ]
INFO: [ app_begin ] --END-- [ RunTime:0.000242s ]
SQL: SHOW COLUMNS FROM `mic_menu` [ RunTime:0.0011s ]
SQL: SELECT `id`,`title`,`url` FROM `mic_menu` WHERE `pid` = 0 AND `hide` = 0 ORDER BY sort asc  [ RunTime:0.0009s ]
SQL: SELECT `pid` FROM `mic_menu` WHERE ( pid !=0 AND url like '%Index/index%' ) LIMIT 1   [ RunTime:0.0010s ]
INFO: [ view_parse ] --START--
INFO: [ template_filter ] --START--
INFO: Run Behavior\ContentReplaceBehavior [ RunTime:0.000120s ]
INFO: [ template_filter ] --END-- [ RunTime:0.000177s ]
INFO: [ AdminIndex ] --START--
SQL: SHOW COLUMNS FROM `mic_addons` [ RunTime:0.0009s ]
SQL: SELECT `config` FROM `mic_addons` WHERE `name` = 'SiteStat' AND `status` = 1 LIMIT 1   [ RunTime:0.0059s ]
SQL: SHOW COLUMNS FROM `mic_member` [ RunTime:0.0017s ]
SQL: SELECT COUNT(*) AS tp_count FROM `mic_member` LIMIT 1   [ RunTime:0.0003s ]
SQL: SHOW COLUMNS FROM `mic_action_log` [ RunTime:0.0008s ]
SQL: SELECT COUNT(*) AS tp_count FROM `mic_action_log` LIMIT 1   [ RunTime:0.0003s ]
SQL: SHOW COLUMNS FROM `mic_document` [ RunTime:0.0010s ]
SQL: SELECT COUNT(*) AS tp_count FROM `mic_document` LIMIT 1   [ RunTime:0.0003s ]
SQL: SHOW COLUMNS FROM `mic_category` [ RunTime:0.0009s ]
SQL: SELECT COUNT(*) AS tp_count FROM `mic_category` LIMIT 1   [ RunTime:0.0002s ]
SQL: SHOW COLUMNS FROM `mic_model` [ RunTime:0.0009s ]
SQL: SELECT COUNT(*) AS tp_count FROM `mic_model` LIMIT 1   [ RunTime:0.0003s ]
INFO: [ view_parse ] --START--
INFO: [ template_filter ] --START--
INFO: Run Behavior\ContentReplaceBehavior [ RunTime:0.000030s ]
INFO: [ template_filter ] --END-- [ RunTime:-0.064726s ]
INFO: Run Behavior\ParseTemplateBehavior [ RunTime:0.030092s ]
INFO: [ view_parse ] --END-- [ RunTime:0.030146s ]
INFO: [ view_filter ] --START--
INFO: Run Behavior\WriteHtmlCacheBehavior [ RunTime:0.000185s ]
INFO: [ view_filter ] --END-- [ RunTime:0.000225s ]
INFO: Run Addons\SiteStat\SiteStatAddon [ RunTime:0.056197s ]
INFO: [ AdminIndex ] --END-- [ RunTime:0.056249s ]
INFO: Run Behavior\ParseTemplateBehavior [ RunTime:0.030456s ]
INFO: [ view_parse ] --END-- [ RunTime:0.030146s ]
INFO: [ view_filter ] --START--
INFO: Run Behavior\WriteHtmlCacheBehavior [ RunTime:0.000015s ]
INFO: [ view_filter ] --END-- [ RunTime:-0.000104s ]
INFO: [ app_end ] --START--
INFO: Run Behavior\ShowPageTraceBehavior [ RunTime:0.000196s ]
INFO: [ app_end ] --END-- [ RunTime:0.000256s ]

[ 2017-08-20T00:03:19+08:00 ] 47.74.8.184 /admin.php?s=/Partner/index.html
INFO: [ app_init ] --START--
INFO: Run Behavior\BuildLiteBehavior [ RunTime:0.000016s ]
INFO: Run Common\Behavior\InitHookBehavior [ RunTime:0.009242s ]
INFO: [ app_init ] --END-- [ RunTime:0.009405s ]
INFO: [ app_begin ] --START--
INFO: Run Behavior\ReadHtmlCacheBehavior [ RunTime:0.000182s ]
INFO: [ app_begin ] --END-- [ RunTime:0.000236s ]
SQL: SHOW COLUMNS FROM `mic_menu` [ RunTime:0.0009s ]
SQL: SELECT `id`,`title`,`url` FROM `mic_menu` WHERE `pid` = 0 AND `hide` = 0 ORDER BY sort asc  [ RunTime:0.0005s ]
SQL: SELECT `pid` FROM `mic_menu` WHERE ( pid !=0 AND url like '%Partner/index%' ) LIMIT 1   [ RunTime:0.0010s ]
SQL: SELECT * FROM `mic_menu` WHERE `id` = 129 LIMIT 1   [ RunTime:0.0005s ]
SQL: SELECT DISTINCT  `group` FROM `mic_menu` WHERE `group` <> '' AND `pid` = 129  [ RunTime:0.0004s ]
SQL: SELECT `id`,`url` FROM `mic_menu` WHERE `pid` = 129 AND `hide` = 0  [ RunTime:0.0004s ]
SQL: SELECT `id`,`pid`,`title`,`url`,`tip` FROM `mic_menu` WHERE `group` = '实习生列表' AND `pid` = 129 AND `hide` = 0 ORDER BY sort asc  [ RunTime:0.0070s ]
NOTIC: [8] Undefined variable: p D:\home\site\wwwroot\Application\Admin\Controller\PartnerController.class.php 第 10 行.
SQL: SHOW COLUMNS FROM `mic_model` [ RunTime:0.0009s ]
SQL: SELECT * FROM `mic_model` WHERE `name` = 'partner' LIMIT 1   [ RunTime:0.0007s ]
SQL: SELECT * FROM `mic_model` WHERE `id` = 5 LIMIT 1   [ RunTime:0.0005s ]
SQL: SHOW COLUMNS FROM `mic_partner` [ RunTime:0.0104s ]
SQL: SELECT `p_name`,`p_sex`,`p_current_job`,`p_address`,`p_hobby`,`p_introduce`,`p_station`,`p_year`,`id` FROM `mic_partner` ORDER BY id DESC LIMIT 0,10   [ RunTime:0.0004s ]
SQL: SELECT COUNT(*) AS tp_count FROM `mic_partner` LIMIT 1   [ RunTime:0.0002s ]
SQL: SELECT `extend` FROM `mic_model` WHERE `id` = 5 LIMIT 1   [ RunTime:0.0003s ]
SQL: SHOW COLUMNS FROM `mic_attribute` [ RunTime:0.0006s ]
SQL: SELECT `id`,`name`,`type`,`extra` FROM `mic_attribute` WHERE `model_id` = 5  [ RunTime:0.0004s ]
INFO: [ view_parse ] --START--
INFO: [ template_filter ] --START--
INFO: Run Behavior\ContentReplaceBehavior [ RunTime:0.000149s ]
INFO: [ template_filter ] --END-- [ RunTime:0.000193s ]
NOTIC: [8] Use of undefined constant add - assumed 'add' D:\home\site\wwwroot\Runtime\Cache\Admin\b00d2dc38a9c99b026d9919a1acc8aaf.php 第 95 行.
INFO: Run Behavior\ParseTemplateBehavior [ RunTime:0.047059s ]
INFO: [ view_parse ] --END-- [ RunTime:0.047108s ]
INFO: [ view_filter ] --START--
INFO: Run Behavior\WriteHtmlCacheBehavior [ RunTime:0.000212s ]
INFO: [ view_filter ] --END-- [ RunTime:0.000253s ]
INFO: [ app_end ] --START--
INFO: Run Behavior\ShowPageTraceBehavior [ RunTime:0.000177s ]
INFO: [ app_end ] --END-- [ RunTime:0.000225s ]

[ 2017-08-20T00:03:21+08:00 ] 47.74.8.184 /admin.php?s=/Partner/add.html
INFO: [ app_init ] --START--
INFO: Run Behavior\BuildLiteBehavior [ RunTime:0.000015s ]
INFO: Run Common\Behavior\InitHookBehavior [ RunTime:0.007261s ]
INFO: [ app_init ] --END-- [ RunTime:0.007369s ]
INFO: [ app_begin ] --START--
INFO: Run Behavior\ReadHtmlCacheBehavior [ RunTime:0.000188s ]
INFO: [ app_begin ] --END-- [ RunTime:0.000240s ]
SQL: SHOW COLUMNS FROM `mic_menu` [ RunTime:0.0014s ]
SQL: SELECT `id`,`title`,`url` FROM `mic_menu` WHERE `pid` = 0 AND `hide` = 0 ORDER BY sort asc  [ RunTime:0.0014s ]
SQL: SELECT `pid` FROM `mic_menu` WHERE ( pid !=0 AND url like '%Partner/add%' ) LIMIT 1   [ RunTime:0.0011s ]
SQL: SELECT * FROM `mic_menu` WHERE `id` = 129 LIMIT 1   [ RunTime:0.0004s ]
SQL: SELECT DISTINCT  `group` FROM `mic_menu` WHERE `group` <> '' AND `pid` = 129  [ RunTime:0.0004s ]
SQL: SELECT `id`,`url` FROM `mic_menu` WHERE `pid` = 129 AND `hide` = 0  [ RunTime:0.0004s ]
SQL: SELECT `id`,`pid`,`title`,`url`,`tip` FROM `mic_menu` WHERE `group` = '实习生列表' AND `pid` = 129 AND `hide` = 0 ORDER BY sort asc  [ RunTime:0.0004s ]
SQL: SHOW COLUMNS FROM `mic_model` [ RunTime:0.0008s ]
SQL: SELECT * FROM `mic_model` WHERE `id` = 5 LIMIT 1   [ RunTime:0.0064s ]
SQL: SELECT `extend` FROM `mic_model` WHERE `id` = 5 LIMIT 1   [ RunTime:0.0003s ]
SQL: SHOW COLUMNS FROM `mic_attribute` [ RunTime:0.0006s ]
SQL: SELECT `id`,`name`,`title`,`field`,`type`,`value`,`remark`,`is_show`,`extra`,`model_id`,`is_must`,`status`,`update_time`,`create_time`,`validate_rule`,`validate_time`,`error_info`,`validate_type`,`auto_rule`,`auto_time`,`auto_type` FROM `mic_attribute` WHERE `model_id` = 5  [ RunTime:0.0005s ]
SQL: SELECT `field_sort`,`attribute_list`,`attribute_alias` FROM `mic_model` WHERE `id` = 5 LIMIT 1   [ RunTime:0.0003s ]
INFO: [ view_parse ] --START--
INFO: [ template_filter ] --START--
INFO: Run Behavior\ContentReplaceBehavior [ RunTime:0.000218s ]
INFO: [ template_filter ] --END-- [ RunTime:0.000266s ]
INFO: Run Behavior\ParseTemplateBehavior [ RunTime:0.087627s ]
INFO: [ view_parse ] --END-- [ RunTime:0.087682s ]
INFO: [ view_filter ] --START--
INFO: Run Behavior\WriteHtmlCacheBehavior [ RunTime:0.000189s ]
INFO: [ view_filter ] --END-- [ RunTime:0.000226s ]
INFO: [ app_end ] --START--
INFO: Run Behavior\ShowPageTraceBehavior [ RunTime:0.000222s ]
INFO: [ app_end ] --END-- [ RunTime:0.000262s ]

[ 2017-08-20T23:46:18+08:00 ] 123.125.67.225 /admin.php?s=/Partner/add.html
INFO: [ app_init ] --START--
INFO: Run Behavior\BuildLiteBehavior [ RunTime:0.000022s ]
INFO: Run Common\Behavior\InitHookBehavior [ RunTime:1.108378s ]
INFO: [ app_init ] --END-- [ RunTime:1.163598s ]
INFO: [ app_begin ] --START--
INFO: Run Behavior\ReadHtmlCacheBehavior [ RunTime:0.020651s ]
INFO: [ app_begin ] --END-- [ RunTime:0.020726s ]

[ 2017-08-20T23:46:28+08:00 ] 123.125.67.164 /admin.php?s=/Partner/index.html
INFO: [ app_init ] --START--
INFO: Run Behavior\BuildLiteBehavior [ RunTime:0.000015s ]
INFO: Run Common\Behavior\InitHookBehavior [ RunTime:0.003398s ]
INFO: [ app_init ] --END-- [ RunTime:0.003514s ]
INFO: [ app_begin ] --START--
INFO: Run Behavior\ReadHtmlCacheBehavior [ RunTime:0.000161s ]
INFO: [ app_begin ] --END-- [ RunTime:0.000215s ]

[ 2017-08-20T23:46:31+08:00 ] 123.125.67.164 /admin.php?s=/Public/login.html
INFO: [ app_init ] --START--
INFO: Run Behavior\BuildLiteBehavior [ RunTime:0.000018s ]
INFO: Run Common\Behavior\InitHookBehavior [ RunTime:0.003179s ]
INFO: [ app_init ] --END-- [ RunTime:0.003295s ]
INFO: [ app_begin ] --START--
INFO: Run Behavior\ReadHtmlCacheBehavior [ RunTime:0.000167s ]
INFO: [ app_begin ] --END-- [ RunTime:0.000221s ]
INFO: [ view_parse ] --START--
INFO: [ template_filter ] --START--
INFO: Run Behavior\ContentReplaceBehavior [ RunTime:0.000071s ]
INFO: [ template_filter ] --END-- [ RunTime:0.000129s ]
INFO: Run Behavior\ParseTemplateBehavior [ RunTime:1.787054s ]
INFO: [ view_parse ] --END-- [ RunTime:1.787132s ]
INFO: [ view_filter ] --START--
INFO: Run Behavior\WriteHtmlCacheBehavior [ RunTime:0.037903s ]
INFO: [ view_filter ] --END-- [ RunTime:0.037969s ]
INFO: [ app_end ] --START--
INFO: Run Behavior\ShowPageTraceBehavior [ RunTime:0.074755s ]
INFO: [ app_end ] --END-- [ RunTime:0.074811s ]

[ 2017-08-20T23:46:31+08:00 ] 123.125.67.219 /admin.php?s=/Public/login.html
INFO: [ app_init ] --START--
INFO: Run Behavior\BuildLiteBehavior [ RunTime:0.000018s ]
INFO: Run Common\Behavior\InitHookBehavior [ RunTime:0.008233s ]
INFO: [ app_init ] --END-- [ RunTime:0.008525s ]
INFO: [ app_begin ] --START--
INFO: Run Behavior\ReadHtmlCacheBehavior [ RunTime:0.000324s ]
INFO: [ app_begin ] --END-- [ RunTime:0.000385s ]
INFO: [ view_parse ] --START--
INFO: [ template_filter ] --START--
INFO: Run Behavior\ContentReplaceBehavior [ RunTime:0.000071s ]
INFO: [ template_filter ] --END-- [ RunTime:0.000122s ]
INFO: Run Behavior\ParseTemplateBehavior [ RunTime:0.026604s ]
INFO: [ view_parse ] --END-- [ RunTime:0.026664s ]
INFO: [ view_filter ] --START--
INFO: Run Behavior\WriteHtmlCacheBehavior [ RunTime:0.000374s ]
INFO: [ view_filter ] --END-- [ RunTime:0.000415s ]
INFO: [ app_end ] --START--
INFO: Run Behavior\ShowPageTraceBehavior [ RunTime:0.000307s ]
INFO: [ app_end ] --END-- [ RunTime:0.000348s ]

