[ 2017-09-07T05:23:23+08:00 ] 115.239.212.4 /admin.php?s=/Article/index.html
INFO: [ app_init ] --START--
INFO: Run Behavior\BuildLiteBehavior [ RunTime:0.000018s ]
INFO: Run Common\Behavior\InitHookBehavior [ RunTime:0.959439s ]
INFO: [ app_init ] --END-- [ RunTime:1.005780s ]
INFO: [ app_begin ] --START--
INFO: Run Behavior\ReadHtmlCacheBehavior [ RunTime:0.026725s ]
INFO: [ app_begin ] --END-- [ RunTime:0.026829s ]

[ 2017-09-07T10:34:30+08:00 ] 64.233.172.189 /admin.php?s=/Public/login.html
INFO: [ app_init ] --START--
INFO: Run Behavior\BuildLiteBehavior [ RunTime:0.000016s ]
INFO: Run Common\Behavior\InitHookBehavior [ RunTime:0.016163s ]
INFO: [ app_init ] --END-- [ RunTime:0.016584s ]
INFO: [ app_begin ] --START--
INFO: Run Behavior\ReadHtmlCacheBehavior [ RunTime:0.000546s ]
INFO: [ app_begin ] --END-- [ RunTime:0.000623s ]
INFO: [ view_parse ] --START--
INFO: [ template_filter ] --START--
INFO: Run Behavior\ContentReplaceBehavior [ RunTime:0.000081s ]
INFO: [ template_filter ] --END-- [ RunTime:0.000142s ]
INFO: Run Behavior\ParseTemplateBehavior [ RunTime:0.618502s ]
INFO: [ view_parse ] --END-- [ RunTime:0.618581s ]
INFO: [ view_filter ] --START--
INFO: Run Behavior\WriteHtmlCacheBehavior [ RunTime:0.000627s ]
INFO: [ view_filter ] --END-- [ RunTime:0.000670s ]
INFO: [ app_end ] --START--
INFO: Run Behavior\ShowPageTraceBehavior [ RunTime:0.000543s ]
INFO: [ app_end ] --END-- [ RunTime:0.000589s ]

[ 2017-09-07T20:45:32+08:00 ] 115.239.212.193 /admin.php?s=/comment/index/module/2.html&User-Agent=Mozilla%2F5.0+%28Linux%3B+U%3B+Android+4.0.3%3B+zh-cn%3B+M032+Build%2FIML74K%29+UC+AppleWebKit%2F534.31+%28KHTML%2C+like+Gecko%29+Mobile+Safari%2F534.31%0A
INFO: [ app_init ] --START--
INFO: Run Behavior\BuildLiteBehavior [ RunTime:0.000021s ]
INFO: Run Common\Behavior\InitHookBehavior [ RunTime:1.054379s ]
INFO: [ app_init ] --END-- [ RunTime:1.102007s ]
INFO: [ app_begin ] --START--
INFO: Run Behavior\ReadHtmlCacheBehavior [ RunTime:0.029029s ]
INFO: [ app_begin ] --END-- [ RunTime:0.029097s ]

