[ 2017-10-10T11:48:35+08:00 ] 14.17.37.43 /admin.php?s=/Public/login.html&nsukey=NVuW6LVlkCOGwvFIlAPchLtxC7ie4akiUlyjuA3QOnOtDDTBwr%2FQlc2HxSfNHz1WQmX4KKvSOPEJRgGJ18wRdAK%2FdaDt2JKpvMqJRK1jOzkkHNRyHBHJEXpIWXAJkQYNEfIrgJ%2F%2FddmLg7vDkzAZxa7SfUau65OAeUA2GQrVzDVIj0p0fQTytiejIh1hyQHp
INFO: [ app_init ] --START--
INFO: Run Behavior\BuildLiteBehavior [ RunTime:0.000017s ]
INFO: Run Common\Behavior\InitHookBehavior [ RunTime:0.012507s ]
INFO: [ app_init ] --END-- [ RunTime:0.012788s ]
INFO: [ app_begin ] --START--
INFO: Run Behavior\ReadHtmlCacheBehavior [ RunTime:0.000368s ]
INFO: [ app_begin ] --END-- [ RunTime:0.000420s ]
INFO: [ view_parse ] --START--
INFO: [ template_filter ] --START--
INFO: Run Behavior\ContentReplaceBehavior [ RunTime:0.000069s ]
INFO: [ template_filter ] --END-- [ RunTime:0.000116s ]
INFO: Run Behavior\ParseTemplateBehavior [ RunTime:0.036502s ]
INFO: [ view_parse ] --END-- [ RunTime:0.036631s ]
INFO: [ view_filter ] --START--
INFO: Run Behavior\WriteHtmlCacheBehavior [ RunTime:0.002478s ]
INFO: [ view_filter ] --END-- [ RunTime:0.002520s ]
INFO: [ app_end ] --START--
INFO: Run Behavior\ShowPageTraceBehavior [ RunTime:0.000285s ]
INFO: [ app_end ] --END-- [ RunTime:0.000325s ]

[ 2017-10-10T11:48:39+08:00 ] 14.17.37.161 /admin.php?s=/Public/login.html&nsukey=NVuW6LVlkCOGwvFIlAPchLtxC7ie4akiUlyjuA3QOnOtDDTBwr%2FQlc2HxSfNHz1WQmX4KKvSOPEJRgGJ18wRdAK%2FdaDt2JKpvMqJRK1jOzkkHNRyHBHJEXpIWXAJkQYNEfIrgJ%2F%2FddmLg7vDkzAZxa7SfUau65OAeUA2GQrVzDVIj0p0fQTytiejIh1hyQHp
INFO: [ app_init ] --START--
INFO: Run Behavior\BuildLiteBehavior [ RunTime:0.000015s ]
INFO: Run Common\Behavior\InitHookBehavior [ RunTime:0.001921s ]
INFO: [ app_init ] --END-- [ RunTime:0.002028s ]
INFO: [ app_begin ] --START--
INFO: Run Behavior\ReadHtmlCacheBehavior [ RunTime:0.005899s ]
INFO: [ app_begin ] --END-- [ RunTime:0.005960s ]
INFO: [ view_parse ] --START--
INFO: [ template_filter ] --START--
INFO: Run Behavior\ContentReplaceBehavior [ RunTime:0.000090s ]
INFO: [ template_filter ] --END-- [ RunTime:0.000140s ]
INFO: Run Behavior\ParseTemplateBehavior [ RunTime:0.030869s ]
INFO: [ view_parse ] --END-- [ RunTime:0.030922s ]
INFO: [ view_filter ] --START--
INFO: Run Behavior\WriteHtmlCacheBehavior [ RunTime:0.000336s ]
INFO: [ view_filter ] --END-- [ RunTime:0.000377s ]
INFO: [ app_end ] --START--
INFO: Run Behavior\ShowPageTraceBehavior [ RunTime:0.000183s ]
INFO: [ app_end ] --END-- [ RunTime:0.000221s ]

[ 2017-10-10T11:48:43+08:00 ] 14.17.37.69 /admin.php?s=/Public/login.html&nsukey=NVuW6LVlkCOGwvFIlAPchLtxC7ie4akiUlyjuA3QOnOtDDTBwr%2FQlc2HxSfNHz1WQmX4KKvSOPEJRgGJ18wRdAK%2FdaDt2JKpvMqJRK1jOzkkHNRyHBHJEXpIWXAJkQYNEfIrgJ%2F%2FddmLg7vDkzAZxa7SfUau65OAeUA2GQrVzDVIj0p0fQTytiejIh1hyQHp
INFO: [ app_init ] --START--
INFO: Run Behavior\BuildLiteBehavior [ RunTime:0.000015s ]
INFO: Run Common\Behavior\InitHookBehavior [ RunTime:0.007320s ]
INFO: [ app_init ] --END-- [ RunTime:0.007435s ]
INFO: [ app_begin ] --START--
INFO: Run Behavior\ReadHtmlCacheBehavior [ RunTime:0.000163s ]
INFO: [ app_begin ] --END-- [ RunTime:0.000210s ]
INFO: [ view_parse ] --START--
INFO: [ template_filter ] --START--
INFO: Run Behavior\ContentReplaceBehavior [ RunTime:0.000063s ]
INFO: [ template_filter ] --END-- [ RunTime:0.000106s ]
INFO: Run Behavior\ParseTemplateBehavior [ RunTime:0.025819s ]
INFO: [ view_parse ] --END-- [ RunTime:0.025872s ]
INFO: [ view_filter ] --START--
INFO: Run Behavior\WriteHtmlCacheBehavior [ RunTime:0.000341s ]
INFO: [ view_filter ] --END-- [ RunTime:0.000383s ]
INFO: [ app_end ] --START--
INFO: Run Behavior\ShowPageTraceBehavior [ RunTime:0.000199s ]
INFO: [ app_end ] --END-- [ RunTime:0.000240s ]

[ 2017-10-10T11:48:44+08:00 ] 113.59.99.237 /admin.php?s=/Public/verify.html
INFO: [ app_init ] --START--
INFO: Run Behavior\BuildLiteBehavior [ RunTime:0.000016s ]
INFO: Run Common\Behavior\InitHookBehavior [ RunTime:0.001888s ]
INFO: [ app_init ] --END-- [ RunTime:0.002009s ]
INFO: [ app_begin ] --START--
INFO: Run Behavior\ReadHtmlCacheBehavior [ RunTime:0.000163s ]
INFO: [ app_begin ] --END-- [ RunTime:0.000209s ]
INFO: [ app_end ] --START--
INFO: Run Behavior\ShowPageTraceBehavior [ RunTime:0.000279s ]
INFO: [ app_end ] --END-- [ RunTime:0.000340s ]

[ 2017-10-10T14:11:53+08:00 ] 113.59.99.237 /admin.php?s=/Public/login.html
INFO: [ app_init ] --START--
INFO: Run Behavior\BuildLiteBehavior [ RunTime:0.000018s ]
INFO: Run Common\Behavior\InitHookBehavior [ RunTime:0.077036s ]
INFO: [ app_init ] --END-- [ RunTime:0.093787s ]
INFO: [ app_begin ] --START--
INFO: Run Behavior\ReadHtmlCacheBehavior [ RunTime:0.011167s ]
INFO: [ app_begin ] --END-- [ RunTime:0.011228s ]
INFO: [ view_parse ] --START--
INFO: [ template_filter ] --START--
INFO: Run Behavior\ContentReplaceBehavior [ RunTime:0.000068s ]
INFO: [ template_filter ] --END-- [ RunTime:0.000119s ]
INFO: Run Behavior\ParseTemplateBehavior [ RunTime:0.095414s ]
INFO: [ view_parse ] --END-- [ RunTime:0.095472s ]
INFO: [ view_filter ] --START--
INFO: Run Behavior\WriteHtmlCacheBehavior [ RunTime:0.015395s ]
INFO: [ view_filter ] --END-- [ RunTime:0.015438s ]
INFO: [ app_end ] --START--
INFO: Run Behavior\ShowPageTraceBehavior [ RunTime:0.016427s ]
INFO: [ app_end ] --END-- [ RunTime:0.016481s ]

