[ 2017-10-31T17:26:28+08:00 ] ::1 /admin.php?s=/Public/login.html&nsukey=bfBdt4JyN9IbFi3NsqXD81G7cB20FU70120tUSO9XBIaAbtZIZx3qjvV5l6nb2ksTxN1oM7s4T8B8vPxNcfpV5b3uAbA8Q4Ee76k0TQdgF62gfomvBwdmeXaYpjjQ2dFZSWshawfgXvnzQ79pPbig4W5%2Bn92TuCUT%2FN1aBDd6QyYl3oz1spoXovp2R2nT%2F%2FQ
INFO: [ app_init ] --START--
INFO: Run Behavior\BuildLiteBehavior [ RunTime:0.000014s ]
INFO: Run Common\Behavior\InitHookBehavior [ RunTime:0.002206s ]
INFO: [ app_init ] --END-- [ RunTime:0.002749s ]
INFO: [ app_begin ] --START--
INFO: Run Behavior\ReadHtmlCacheBehavior [ RunTime:0.000514s ]
INFO: [ app_begin ] --END-- [ RunTime:0.000557s ]
INFO: [ view_parse ] --START--
INFO: [ template_filter ] --START--
INFO: Run Behavior\ContentReplaceBehavior [ RunTime:0.000069s ]
INFO: [ template_filter ] --END-- [ RunTime:0.000115s ]
INFO: Run Behavior\ParseTemplateBehavior [ RunTime:0.011024s ]
INFO: [ view_parse ] --END-- [ RunTime:0.011124s ]
INFO: [ view_filter ] --START--
INFO: Run Behavior\WriteHtmlCacheBehavior [ RunTime:0.000745s ]
INFO: [ view_filter ] --END-- [ RunTime:0.000793s ]
INFO: [ app_end ] --START--
INFO: Run Behavior\ShowPageTraceBehavior [ RunTime:0.000889s ]
INFO: [ app_end ] --END-- [ RunTime:0.000933s ]

[ 2017-10-31T17:26:28+08:00 ] ::1 /admin.php?s=/Public/verify.html
INFO: [ app_init ] --START--
INFO: Run Behavior\BuildLiteBehavior [ RunTime:0.000013s ]
INFO: Run Common\Behavior\InitHookBehavior [ RunTime:0.002408s ]
INFO: [ app_init ] --END-- [ RunTime:0.002774s ]
INFO: [ app_begin ] --START--
INFO: Run Behavior\ReadHtmlCacheBehavior [ RunTime:0.003235s ]
INFO: [ app_begin ] --END-- [ RunTime:0.003300s ]
INFO: [ app_end ] --START--
INFO: Run Behavior\ShowPageTraceBehavior [ RunTime:0.001281s ]
INFO: [ app_end ] --END-- [ RunTime:0.001403s ]

[ 2017-10-31T17:26:52+08:00 ] ::1 /admin.php?s=/Public/verify.html&random=0.5180882507403384
INFO: [ app_init ] --START--
INFO: Run Behavior\BuildLiteBehavior [ RunTime:0.000011s ]
INFO: Run Common\Behavior\InitHookBehavior [ RunTime:0.002340s ]
INFO: [ app_init ] --END-- [ RunTime:0.002746s ]
INFO: [ app_begin ] --START--
INFO: Run Behavior\ReadHtmlCacheBehavior [ RunTime:0.000822s ]
INFO: [ app_begin ] --END-- [ RunTime:0.000860s ]
INFO: [ app_end ] --START--
INFO: Run Behavior\ShowPageTraceBehavior [ RunTime:0.001512s ]
INFO: [ app_end ] --END-- [ RunTime:0.001609s ]

[ 2017-10-31T17:26:58+08:00 ] ::1 /admin.php?s=/Public/login.html
INFO: [ app_init ] --START--
INFO: Run Behavior\BuildLiteBehavior [ RunTime:0.000012s ]
INFO: Run Common\Behavior\InitHookBehavior [ RunTime:0.001618s ]
INFO: [ app_init ] --END-- [ RunTime:0.001988s ]
INFO: [ app_begin ] --START--
INFO: Run Behavior\ReadHtmlCacheBehavior [ RunTime:0.000982s ]
INFO: [ app_begin ] --END-- [ RunTime:0.001043s ]
NOTIC: [8] Undefined index: lite C:\Users\AstroBoy\Downloads\wwwroot\ThinkPHP\Library\Think\Db.class.php 第 37 行.
INFO: [ view_parse ] --START--
INFO: [ template_filter ] --START--
INFO: Run Behavior\ContentReplaceBehavior [ RunTime:0.000041s ]
INFO: [ template_filter ] --END-- [ RunTime:0.000081s ]
INFO: Run Behavior\ParseTemplateBehavior [ RunTime:0.013185s ]
INFO: [ view_parse ] --END-- [ RunTime:0.013229s ]
INFO: [ view_filter ] --START--
INFO: Run Behavior\WriteHtmlCacheBehavior [ RunTime:0.000672s ]
INFO: [ view_filter ] --END-- [ RunTime:0.000711s ]

[ 2017-10-31T17:27:02+08:00 ] ::1 /admin.php?s=/Public/verify.html
INFO: [ app_init ] --START--
INFO: Run Behavior\BuildLiteBehavior [ RunTime:0.000013s ]
INFO: Run Common\Behavior\InitHookBehavior [ RunTime:0.002467s ]
INFO: [ app_init ] --END-- [ RunTime:0.002912s ]
INFO: [ app_begin ] --START--
INFO: Run Behavior\ReadHtmlCacheBehavior [ RunTime:0.000730s ]
INFO: [ app_begin ] --END-- [ RunTime:0.000782s ]
INFO: [ app_end ] --START--
INFO: Run Behavior\ShowPageTraceBehavior [ RunTime:0.001479s ]
INFO: [ app_end ] --END-- [ RunTime:0.001575s ]

[ 2017-10-31T17:27:17+08:00 ] ::1 /admin.php?s=/Public/login.html
INFO: [ app_init ] --START--
INFO: Run Behavior\BuildLiteBehavior [ RunTime:0.000012s ]
INFO: Run Common\Behavior\InitHookBehavior [ RunTime:0.001906s ]
INFO: [ app_init ] --END-- [ RunTime:0.002240s ]
INFO: [ app_begin ] --START--
INFO: Run Behavior\ReadHtmlCacheBehavior [ RunTime:0.001074s ]
INFO: [ app_begin ] --END-- [ RunTime:0.001140s ]
NOTIC: [8] Undefined index: lite C:\Users\AstroBoy\Downloads\wwwroot\ThinkPHP\Library\Think\Db.class.php 第 37 行.
INFO: [ view_parse ] --START--
INFO: [ template_filter ] --START--
INFO: Run Behavior\ContentReplaceBehavior [ RunTime:0.000041s ]
INFO: [ template_filter ] --END-- [ RunTime:0.000085s ]
INFO: Run Behavior\ParseTemplateBehavior [ RunTime:0.006575s ]
INFO: [ view_parse ] --END-- [ RunTime:0.006624s ]
INFO: [ view_filter ] --START--
INFO: Run Behavior\WriteHtmlCacheBehavior [ RunTime:0.000501s ]
INFO: [ view_filter ] --END-- [ RunTime:0.000531s ]

[ 2017-10-31T17:27:20+08:00 ] ::1 /admin.php?s=/Public/verify.html
INFO: [ app_init ] --START--
INFO: Run Behavior\BuildLiteBehavior [ RunTime:0.000030s ]
INFO: Run Common\Behavior\InitHookBehavior [ RunTime:0.001884s ]
INFO: [ app_init ] --END-- [ RunTime:0.002352s ]
INFO: [ app_begin ] --START--
INFO: Run Behavior\ReadHtmlCacheBehavior [ RunTime:0.000914s ]
INFO: [ app_begin ] --END-- [ RunTime:0.000988s ]
INFO: [ app_end ] --START--
INFO: Run Behavior\ShowPageTraceBehavior [ RunTime:0.001051s ]
INFO: [ app_end ] --END-- [ RunTime:0.001100s ]

[ 2017-10-31T17:29:50+08:00 ] ::1 /admin.php?s=/Public/login.html
INFO: [ app_init ] --START--
INFO: Run Behavior\BuildLiteBehavior [ RunTime:0.000011s ]
INFO: Run Common\Behavior\InitHookBehavior [ RunTime:0.002500s ]
INFO: [ app_init ] --END-- [ RunTime:0.002921s ]
INFO: [ app_begin ] --START--
INFO: Run Behavior\ReadHtmlCacheBehavior [ RunTime:0.000744s ]
INFO: [ app_begin ] --END-- [ RunTime:0.000832s ]
INFO: [ view_parse ] --START--
INFO: [ template_filter ] --START--
INFO: Run Behavior\ContentReplaceBehavior [ RunTime:0.000042s ]
INFO: [ template_filter ] --END-- [ RunTime:0.000084s ]
INFO: Run Behavior\ParseTemplateBehavior [ RunTime:0.008028s ]
INFO: [ view_parse ] --END-- [ RunTime:0.008072s ]
INFO: [ view_filter ] --START--
INFO: Run Behavior\WriteHtmlCacheBehavior [ RunTime:0.000502s ]
INFO: [ view_filter ] --END-- [ RunTime:0.000533s ]

[ 2017-10-31T17:29:53+08:00 ] ::1 /admin.php?s=/Public/logout.html
INFO: [ app_init ] --START--
INFO: Run Behavior\BuildLiteBehavior [ RunTime:0.000026s ]
INFO: Run Common\Behavior\InitHookBehavior [ RunTime:0.001647s ]
INFO: [ app_init ] --END-- [ RunTime:0.002064s ]
INFO: [ app_begin ] --START--
INFO: Run Behavior\ReadHtmlCacheBehavior [ RunTime:0.001092s ]
INFO: [ app_begin ] --END-- [ RunTime:0.001162s ]

[ 2017-10-31T17:29:53+08:00 ] ::1 /admin.php?s=/Public/login.html
INFO: [ app_init ] --START--
INFO: Run Behavior\BuildLiteBehavior [ RunTime:0.000012s ]
INFO: Run Common\Behavior\InitHookBehavior [ RunTime:0.001531s ]
INFO: [ app_init ] --END-- [ RunTime:0.001849s ]
INFO: [ app_begin ] --START--
INFO: Run Behavior\ReadHtmlCacheBehavior [ RunTime:0.000779s ]
INFO: [ app_begin ] --END-- [ RunTime:0.000821s ]
INFO: [ view_parse ] --START--
INFO: [ template_filter ] --START--
INFO: Run Behavior\ContentReplaceBehavior [ RunTime:0.000068s ]
INFO: [ template_filter ] --END-- [ RunTime:0.000120s ]
INFO: Run Behavior\ParseTemplateBehavior [ RunTime:0.009062s ]
INFO: [ view_parse ] --END-- [ RunTime:0.009106s ]
INFO: [ view_filter ] --START--
INFO: Run Behavior\WriteHtmlCacheBehavior [ RunTime:0.000525s ]
INFO: [ view_filter ] --END-- [ RunTime:0.000559s ]
INFO: [ app_end ] --START--
INFO: Run Behavior\ShowPageTraceBehavior [ RunTime:0.001076s ]
INFO: [ app_end ] --END-- [ RunTime:0.001128s ]

[ 2017-10-31T17:29:54+08:00 ] ::1 /admin.php?s=/Public/verify.html
INFO: [ app_init ] --START--
INFO: Run Behavior\BuildLiteBehavior [ RunTime:0.000030s ]
INFO: Run Common\Behavior\InitHookBehavior [ RunTime:0.001887s ]
INFO: [ app_init ] --END-- [ RunTime:0.002279s ]
INFO: [ app_begin ] --START--
INFO: Run Behavior\ReadHtmlCacheBehavior [ RunTime:0.001126s ]
INFO: [ app_begin ] --END-- [ RunTime:0.001205s ]
INFO: [ app_end ] --START--
INFO: Run Behavior\ShowPageTraceBehavior [ RunTime:0.001447s ]
INFO: [ app_end ] --END-- [ RunTime:0.001575s ]

[ 2017-10-31T17:30:06+08:00 ] ::1 /admin.php?s=/Public/login.html
INFO: [ app_init ] --START--
INFO: Run Behavior\BuildLiteBehavior [ RunTime:0.000017s ]
INFO: Run Common\Behavior\InitHookBehavior [ RunTime:0.002383s ]
INFO: [ app_init ] --END-- [ RunTime:0.002965s ]
INFO: [ app_begin ] --START--
INFO: Run Behavior\ReadHtmlCacheBehavior [ RunTime:0.000958s ]
INFO: [ app_begin ] --END-- [ RunTime:0.001016s ]
NOTIC: [8] Undefined index: lite C:\Users\AstroBoy\Downloads\wwwroot\ThinkPHP\Library\Think\Db.class.php 第 37 行.
SQL: SHOW COLUMNS FROM `mic_member` [ RunTime:0.0038s ]
SQL: SELECT `uid`,`nickname`,`sex`,`birthday`,`qq`,`score`,`login`,`reg_ip`,`reg_time`,`last_login_ip`,`last_login_time`,`status` FROM `mic_member` WHERE `uid` = 1 LIMIT 1   [ RunTime:0.0002s ]
SQL: SHOW COLUMNS FROM `mic_action` [ RunTime:0.0035s ]
SQL: SELECT * FROM `mic_action` WHERE `name` = 'user_login' LIMIT 1   [ RunTime:0.0003s ]
SQL: SHOW COLUMNS FROM `mic_action_log` [ RunTime:0.0036s ]
SQL: INSERT INTO `mic_action_log` (`action_id`,`user_id`,`action_ip`,`model`,`record_id`,`create_time`,`remark`) VALUES ('1','1','0','member','1','1509442205','xuwei在2017-10-31 17:30登录了后台') [ RunTime:0.0004s ]
SQL: SELECT * FROM `mic_action` WHERE `name` = 'user_login' LIMIT 1   [ RunTime:0.0002s ]
NOTIC: [8] Undefined offset: 1 C:\Users\AstroBoy\Downloads\wwwroot\Application\Common\Common\function.php 第 679 行.
NOTIC: [2] array_key_exists() expects parameter 2 to be array, null given C:\Users\AstroBoy\Downloads\wwwroot\Application\Common\Common\function.php 第 679 行.
SQL: SELECT COUNT(*) AS tp_count FROM `mic_action_log` WHERE `action_id` = 1 AND `user_id` = 1 AND `create_time` > 1509355805 LIMIT 1   [ RunTime:0.0004s ]
SQL: SHOW COLUMNS FROM `mic_member` [ RunTime:0.0034s ]
SQL: UPDATE `mic_member` SET `score`=score+10 WHERE ( uid=1 AND status>-1 ) [ RunTime:0.0003s ]
SQL: UPDATE `mic_member` SET `login`=`login`+1,`last_login_time`='1509442205',`last_login_ip`='0' WHERE `uid` = 1 [ RunTime:0.0002s ]
INFO: [ view_parse ] --START--
INFO: [ template_filter ] --START--
INFO: Run Behavior\ContentReplaceBehavior [ RunTime:0.000039s ]
INFO: [ template_filter ] --END-- [ RunTime:0.000082s ]
INFO: Run Behavior\ParseTemplateBehavior [ RunTime:0.007187s ]
INFO: [ view_parse ] --END-- [ RunTime:0.007233s ]
INFO: [ view_filter ] --START--
INFO: Run Behavior\WriteHtmlCacheBehavior [ RunTime:0.000493s ]
INFO: [ view_filter ] --END-- [ RunTime:0.000525s ]
INFO: [ app_end ] --START--
INFO: Run Behavior\ShowPageTraceBehavior [ RunTime:0.000767s ]
INFO: [ app_end ] --END-- [ RunTime:0.000799s ]

[ 2017-10-31T17:30:07+08:00 ] ::1 /admin.php?s=/Index/index.html
INFO: [ app_init ] --START--
INFO: Run Behavior\BuildLiteBehavior [ RunTime:0.000029s ]
INFO: Run Common\Behavior\InitHookBehavior [ RunTime:0.001921s ]
INFO: [ app_init ] --END-- [ RunTime:0.002352s ]
INFO: [ app_begin ] --START--
INFO: Run Behavior\ReadHtmlCacheBehavior [ RunTime:0.001269s ]
INFO: [ app_begin ] --END-- [ RunTime:0.001335s ]
SQL: SHOW COLUMNS FROM `mic_menu` [ RunTime:0.0042s ]
SQL: SELECT `id`,`title`,`url` FROM `mic_menu` WHERE `pid` = 0 AND `hide` = 0 ORDER BY sort asc  [ RunTime:0.0004s ]
SQL: SELECT `pid` FROM `mic_menu` WHERE ( pid !=0 AND url like '%Index/index%' ) LIMIT 1   [ RunTime:0.0007s ]
INFO: [ view_parse ] --START--
INFO: [ template_filter ] --START--
INFO: Run Behavior\ContentReplaceBehavior [ RunTime:0.000142s ]
INFO: [ template_filter ] --END-- [ RunTime:0.000185s ]
INFO: [ AdminIndex ] --START--
SQL: SHOW COLUMNS FROM `mic_addons` [ RunTime:0.0064s ]
SQL: SELECT `config` FROM `mic_addons` WHERE `name` = 'SiteStat' AND `status` = 1 LIMIT 1   [ RunTime:0.0005s ]
SQL: SHOW COLUMNS FROM `mic_member` [ RunTime:0.0051s ]
SQL: SELECT COUNT(*) AS tp_count FROM `mic_member` LIMIT 1   [ RunTime:0.0003s ]
SQL: SHOW COLUMNS FROM `mic_action_log` [ RunTime:0.0053s ]
SQL: SELECT COUNT(*) AS tp_count FROM `mic_action_log` LIMIT 1   [ RunTime:0.0001s ]
SQL: SHOW COLUMNS FROM `mic_document` [ RunTime:0.0053s ]
SQL: SELECT COUNT(*) AS tp_count FROM `mic_document` LIMIT 1   [ RunTime:0.0001s ]
SQL: SHOW COLUMNS FROM `mic_category` [ RunTime:0.0041s ]
SQL: SELECT COUNT(*) AS tp_count FROM `mic_category` LIMIT 1   [ RunTime:0.0002s ]
SQL: SHOW COLUMNS FROM `mic_model` [ RunTime:0.0038s ]
SQL: SELECT COUNT(*) AS tp_count FROM `mic_model` LIMIT 1   [ RunTime:0.0003s ]
INFO: [ view_parse ] --START--
INFO: [ template_filter ] --START--
INFO: Run Behavior\ContentReplaceBehavior [ RunTime:0.000034s ]
INFO: [ template_filter ] --END-- [ RunTime:-0.041101s ]
INFO: Run Behavior\ParseTemplateBehavior [ RunTime:0.002896s ]
INFO: [ view_parse ] --END-- [ RunTime:0.002944s ]
INFO: [ view_filter ] --START--
INFO: Run Behavior\WriteHtmlCacheBehavior [ RunTime:0.000511s ]
INFO: [ view_filter ] --END-- [ RunTime:0.000558s ]
INFO: Run Addons\SiteStat\SiteStatAddon [ RunTime:0.040959s ]
INFO: [ AdminIndex ] --END-- [ RunTime:0.040992s ]
INFO: Run Behavior\ParseTemplateBehavior [ RunTime:0.003572s ]
INFO: [ view_parse ] --END-- [ RunTime:0.002944s ]
INFO: [ view_filter ] --START--
INFO: Run Behavior\WriteHtmlCacheBehavior [ RunTime:0.000009s ]
INFO: [ view_filter ] --END-- [ RunTime:-0.000092s ]
INFO: [ app_end ] --START--
INFO: Run Behavior\ShowPageTraceBehavior [ RunTime:0.000808s ]
INFO: [ app_end ] --END-- [ RunTime:0.000863s ]

[ 2017-10-31T17:30:14+08:00 ] ::1 /admin.php?s=/Article/index.html
INFO: [ app_init ] --START--
INFO: Run Behavior\BuildLiteBehavior [ RunTime:0.000012s ]
INFO: Run Common\Behavior\InitHookBehavior [ RunTime:0.001734s ]
INFO: [ app_init ] --END-- [ RunTime:0.002090s ]
INFO: [ app_begin ] --START--
INFO: Run Behavior\ReadHtmlCacheBehavior [ RunTime:0.000760s ]
INFO: [ app_begin ] --END-- [ RunTime:0.000808s ]
SQL: SHOW COLUMNS FROM `mic_menu` [ RunTime:0.0040s ]
SQL: SELECT `id`,`title`,`url` FROM `mic_menu` WHERE `pid` = 0 AND `hide` = 0 ORDER BY sort asc  [ RunTime:0.0004s ]
SQL: SELECT `pid` FROM `mic_menu` WHERE ( pid !=0 AND url like '%Article/index%' ) LIMIT 1   [ RunTime:0.0003s ]
SQL: SELECT * FROM `mic_menu` WHERE `id` = 2 LIMIT 1   [ RunTime:0.0003s ]
SQL: SELECT DISTINCT  `group` FROM `mic_menu` WHERE `group` <> '' AND `pid` = 2  [ RunTime:0.0003s ]
SQL: SELECT `id`,`url` FROM `mic_menu` WHERE `pid` = 2 AND `hide` = 0  [ RunTime:0.0002s ]
SQL: SELECT `id`,`pid`,`title`,`url`,`tip` FROM `mic_menu` WHERE `group` = '内容' AND `pid` = 2 AND `hide` = 0 ORDER BY sort asc  [ RunTime:0.0004s ]
SQL: SHOW COLUMNS FROM `mic_auth_group_access` [ RunTime:0.0045s ]
SQL: SELECT `extend_id` FROM mic_auth_group_access g INNER JOIN mic_auth_extend c on g.group_id=c.group_id  WHERE ( g.uid='1' and c.type='1' and !isnull(extend_id) )  [ RunTime:0.0004s ]
SQL: SHOW COLUMNS FROM `mic_category` [ RunTime:0.0041s ]
SQL: SELECT `id`,`title`,`pid`,`allow_publish` FROM `mic_category` WHERE `status` = 1 ORDER BY pid,sort  [ RunTime:0.0003s ]
SQL: SHOW COLUMNS FROM `mic_model` [ RunTime:0.0037s ]
SQL: SELECT * FROM `mic_model` WHERE `name` = 'document' LIMIT 1   [ RunTime:0.0003s ]
SQL: SHOW COLUMNS FROM `mic_document` [ RunTime:0.0043s ]
SQL: SELECT COUNT(*) AS tp_count FROM mic_document DOCUMENT WHERE `status` IN ('0','1','2') AND `pid` = 0 LIMIT 1   [ RunTime:0.0003s ]
SQL: SELECT `id`,`title`,`type`,`update_time`,`status`,`view`,`category_id`,`model_id`,`pid` FROM mic_document DOCUMENT WHERE `status` IN ('0','1','2') AND `pid` = 0 ORDER BY level DESC,DOCUMENT.id DESC LIMIT 0,10   [ RunTime:0.0004s ]
SQL: SELECT `extend` FROM `mic_model` WHERE `id` = 1 LIMIT 1   [ RunTime:0.0002s ]
SQL: SHOW COLUMNS FROM `mic_attribute` [ RunTime:0.0036s ]
SQL: SELECT `id`,`name`,`type`,`extra` FROM `mic_attribute` WHERE `model_id` = 1  [ RunTime:0.0003s ]
NOTIC: [8] Undefined variable: groups C:\Users\AstroBoy\Downloads\wwwroot\Application\Admin\Controller\ArticleController.class.php 第 231 行.
INFO: [ view_parse ] --START--
INFO: [ template_filter ] --START--
INFO: Run Behavior\ContentReplaceBehavior [ RunTime:0.000268s ]
INFO: [ template_filter ] --END-- [ RunTime:0.000308s ]
INFO: Run Behavior\ParseTemplateBehavior [ RunTime:0.031008s ]
INFO: [ view_parse ] --END-- [ RunTime:0.031050s ]
INFO: [ view_filter ] --START--
INFO: Run Behavior\WriteHtmlCacheBehavior [ RunTime:0.000484s ]
INFO: [ view_filter ] --END-- [ RunTime:0.000514s ]
INFO: [ app_end ] --START--
INFO: Run Behavior\ShowPageTraceBehavior [ RunTime:0.001307s ]
INFO: [ app_end ] --END-- [ RunTime:0.001414s ]

[ 2017-10-31T17:30:32+08:00 ] ::1 /admin.php?s=/Article/index/position/1.html
INFO: [ app_init ] --START--
INFO: Run Behavior\BuildLiteBehavior [ RunTime:0.000011s ]
INFO: Run Common\Behavior\InitHookBehavior [ RunTime:0.001908s ]
INFO: [ app_init ] --END-- [ RunTime:0.002373s ]
INFO: [ app_begin ] --START--
INFO: Run Behavior\ReadHtmlCacheBehavior [ RunTime:0.000964s ]
INFO: [ app_begin ] --END-- [ RunTime:0.001033s ]
SQL: SHOW COLUMNS FROM `mic_menu` [ RunTime:0.0047s ]
SQL: SELECT `id`,`title`,`url` FROM `mic_menu` WHERE `pid` = 0 AND `hide` = 0 ORDER BY sort asc  [ RunTime:0.0003s ]
SQL: SELECT `pid` FROM `mic_menu` WHERE ( pid !=0 AND url like '%Article/index%' ) LIMIT 1   [ RunTime:0.0002s ]
SQL: SELECT * FROM `mic_menu` WHERE `id` = 2 LIMIT 1   [ RunTime:0.0002s ]
SQL: SELECT DISTINCT  `group` FROM `mic_menu` WHERE `group` <> '' AND `pid` = 2  [ RunTime:0.0003s ]
SQL: SELECT `id`,`url` FROM `mic_menu` WHERE `pid` = 2 AND `hide` = 0  [ RunTime:0.0002s ]
SQL: SELECT `id`,`pid`,`title`,`url`,`tip` FROM `mic_menu` WHERE `group` = '内容' AND `pid` = 2 AND `hide` = 0 ORDER BY sort asc  [ RunTime:0.0003s ]
SQL: SHOW COLUMNS FROM `mic_auth_group_access` [ RunTime:0.0036s ]
SQL: SELECT `extend_id` FROM mic_auth_group_access g INNER JOIN mic_auth_extend c on g.group_id=c.group_id  WHERE ( g.uid='1' and c.type='1' and !isnull(extend_id) )  [ RunTime:0.0003s ]
SQL: SHOW COLUMNS FROM `mic_category` [ RunTime:0.0056s ]
SQL: SELECT `id`,`title`,`pid`,`allow_publish` FROM `mic_category` WHERE `status` = 1 ORDER BY pid,sort  [ RunTime:0.0003s ]
SQL: SHOW COLUMNS FROM `mic_model` [ RunTime:0.0044s ]
SQL: SELECT * FROM `mic_model` WHERE `name` = 'document' LIMIT 1   [ RunTime:0.0003s ]
SQL: SHOW COLUMNS FROM `mic_document` [ RunTime:0.0044s ]
SQL: SELECT COUNT(*) AS tp_count FROM mic_document DOCUMENT WHERE `status` IN ('0','1','2') AND `pid` = 0 AND (  position & 1 = 1 ) LIMIT 1   [ RunTime:0.0004s ]
SQL: SELECT `id`,`title`,`type`,`update_time`,`status`,`view`,`category_id`,`model_id`,`pid` FROM mic_document DOCUMENT WHERE `status` IN ('0','1','2') AND `pid` = 0 AND (  position & 1 = 1 ) ORDER BY level DESC,DOCUMENT.id DESC LIMIT 0,10   [ RunTime:0.0005s ]
SQL: SELECT `extend` FROM `mic_model` WHERE `id` = 1 LIMIT 1   [ RunTime:0.0003s ]
SQL: SHOW COLUMNS FROM `mic_attribute` [ RunTime:0.0042s ]
SQL: SELECT `id`,`name`,`type`,`extra` FROM `mic_attribute` WHERE `model_id` = 1  [ RunTime:0.0003s ]
NOTIC: [8] Undefined variable: groups C:\Users\AstroBoy\Downloads\wwwroot\Application\Admin\Controller\ArticleController.class.php 第 231 行.
INFO: [ view_parse ] --START--
INFO: [ template_filter ] --START--
INFO: Run Behavior\ContentReplaceBehavior [ RunTime:0.000433s ]
INFO: [ template_filter ] --END-- [ RunTime:0.000492s ]
INFO: Run Behavior\ParseTemplateBehavior [ RunTime:0.033158s ]
INFO: [ view_parse ] --END-- [ RunTime:0.033203s ]
INFO: [ view_filter ] --START--
INFO: Run Behavior\WriteHtmlCacheBehavior [ RunTime:0.000524s ]
INFO: [ view_filter ] --END-- [ RunTime:0.000555s ]

[ 2017-10-31T17:30:33+08:00 ] ::1 /admin.php?s=/Article/index/position/2.html
INFO: [ app_init ] --START--
INFO: Run Behavior\BuildLiteBehavior [ RunTime:0.000012s ]
INFO: Run Common\Behavior\InitHookBehavior [ RunTime:0.001816s ]
INFO: [ app_init ] --END-- [ RunTime:0.002156s ]
INFO: [ app_begin ] --START--
INFO: Run Behavior\ReadHtmlCacheBehavior [ RunTime:0.000772s ]
INFO: [ app_begin ] --END-- [ RunTime:0.000821s ]
SQL: SHOW COLUMNS FROM `mic_menu` [ RunTime:0.0059s ]
SQL: SELECT `id`,`title`,`url` FROM `mic_menu` WHERE `pid` = 0 AND `hide` = 0 ORDER BY sort asc  [ RunTime:0.0004s ]
SQL: SELECT `pid` FROM `mic_menu` WHERE ( pid !=0 AND url like '%Article/index%' ) LIMIT 1   [ RunTime:0.0002s ]
SQL: SELECT * FROM `mic_menu` WHERE `id` = 2 LIMIT 1   [ RunTime:0.0003s ]
SQL: SELECT DISTINCT  `group` FROM `mic_menu` WHERE `group` <> '' AND `pid` = 2  [ RunTime:0.0003s ]
SQL: SELECT `id`,`url` FROM `mic_menu` WHERE `pid` = 2 AND `hide` = 0  [ RunTime:0.0002s ]
SQL: SELECT `id`,`pid`,`title`,`url`,`tip` FROM `mic_menu` WHERE `group` = '内容' AND `pid` = 2 AND `hide` = 0 ORDER BY sort asc  [ RunTime:0.0002s ]
SQL: SHOW COLUMNS FROM `mic_auth_group_access` [ RunTime:0.0037s ]
SQL: SELECT `extend_id` FROM mic_auth_group_access g INNER JOIN mic_auth_extend c on g.group_id=c.group_id  WHERE ( g.uid='1' and c.type='1' and !isnull(extend_id) )  [ RunTime:0.0003s ]
SQL: SHOW COLUMNS FROM `mic_category` [ RunTime:0.0063s ]
SQL: SELECT `id`,`title`,`pid`,`allow_publish` FROM `mic_category` WHERE `status` = 1 ORDER BY pid,sort  [ RunTime:0.0003s ]
SQL: SHOW COLUMNS FROM `mic_model` [ RunTime:0.0040s ]
SQL: SELECT * FROM `mic_model` WHERE `name` = 'document' LIMIT 1   [ RunTime:0.0003s ]
SQL: SHOW COLUMNS FROM `mic_document` [ RunTime:0.0041s ]
SQL: SELECT COUNT(*) AS tp_count FROM mic_document DOCUMENT WHERE `status` IN ('0','1','2') AND `pid` = 0 AND (  position & 2 = 2 ) LIMIT 1   [ RunTime:0.0003s ]
SQL: SELECT `id`,`title`,`type`,`update_time`,`status`,`view`,`category_id`,`model_id`,`pid` FROM mic_document DOCUMENT WHERE `status` IN ('0','1','2') AND `pid` = 0 AND (  position & 2 = 2 ) ORDER BY level DESC,DOCUMENT.id DESC LIMIT 0,10   [ RunTime:0.0004s ]
SQL: SELECT `extend` FROM `mic_model` WHERE `id` = 1 LIMIT 1   [ RunTime:0.0002s ]
SQL: SHOW COLUMNS FROM `mic_attribute` [ RunTime:0.0043s ]
SQL: SELECT `id`,`name`,`type`,`extra` FROM `mic_attribute` WHERE `model_id` = 1  [ RunTime:0.0004s ]
NOTIC: [8] Undefined variable: groups C:\Users\AstroBoy\Downloads\wwwroot\Application\Admin\Controller\ArticleController.class.php 第 231 行.
INFO: [ view_parse ] --START--
INFO: [ template_filter ] --START--
INFO: Run Behavior\ContentReplaceBehavior [ RunTime:0.000242s ]
INFO: [ template_filter ] --END-- [ RunTime:0.000282s ]
INFO: Run Behavior\ParseTemplateBehavior [ RunTime:0.030307s ]
INFO: [ view_parse ] --END-- [ RunTime:0.030359s ]
INFO: [ view_filter ] --START--
INFO: Run Behavior\WriteHtmlCacheBehavior [ RunTime:0.000702s ]
INFO: [ view_filter ] --END-- [ RunTime:0.000746s ]

[ 2017-10-31T17:30:35+08:00 ] ::1 /admin.php?s=/Comment/index.html
INFO: [ app_init ] --START--
INFO: Run Behavior\BuildLiteBehavior [ RunTime:0.000013s ]
INFO: Run Common\Behavior\InitHookBehavior [ RunTime:0.001852s ]
INFO: [ app_init ] --END-- [ RunTime:0.002194s ]
INFO: [ app_begin ] --START--
INFO: Run Behavior\ReadHtmlCacheBehavior [ RunTime:0.000735s ]
INFO: [ app_begin ] --END-- [ RunTime:0.000779s ]
SQL: SHOW COLUMNS FROM `mic_menu` [ RunTime:0.0038s ]
SQL: SELECT `id`,`title`,`url` FROM `mic_menu` WHERE `pid` = 0 AND `hide` = 0 ORDER BY sort asc  [ RunTime:0.0003s ]
SQL: SELECT `pid` FROM `mic_menu` WHERE ( pid !=0 AND url like '%Comment/index%' ) LIMIT 1   [ RunTime:0.0006s ]
SQL: SELECT * FROM `mic_menu` WHERE `id` = 124 LIMIT 1   [ RunTime:0.0002s ]
SQL: SELECT DISTINCT  `group` FROM `mic_menu` WHERE `group` <> '' AND `pid` = 124  [ RunTime:0.0003s ]
SQL: SELECT `id`,`url` FROM `mic_menu` WHERE `pid` = 124 AND `hide` = 0  [ RunTime:0.0002s ]
SQL: SELECT `id`,`pid`,`title`,`url`,`tip` FROM `mic_menu` WHERE `group` = '评论列表' AND `pid` = 124 AND `hide` = 0 ORDER BY sort asc  [ RunTime:0.0003s ]
NOTIC: [8] Undefined variable: p C:\Users\AstroBoy\Downloads\wwwroot\Application\Admin\Controller\CommentController.class.php 第 22 行.
SQL: SHOW COLUMNS FROM `mic_model` [ RunTime:0.0044s ]
SQL: SELECT * FROM `mic_model` WHERE `name` = 'comment' LIMIT 1   [ RunTime:0.0003s ]
SQL: SELECT * FROM `mic_model` WHERE `id` = 4 LIMIT 1   [ RunTime:0.0002s ]
SQL: SHOW COLUMNS FROM `mic_comment` [ RunTime:0.0037s ]
SQL: SELECT `id`,`uid`,`content`,`article_id`,`comment_time`,`status` FROM `mic_comment` WHERE `status` <> '-1' AND `pid` = 0 ORDER BY id DESC LIMIT 0,10   [ RunTime:0.0002s ]
SQL: SELECT COUNT(*) AS tp_count FROM `mic_comment` WHERE `status` <> '-1' AND `pid` = 0 LIMIT 1   [ RunTime:0.0001s ]
SQL: SELECT `extend` FROM `mic_model` WHERE `id` = 4 LIMIT 1   [ RunTime:0.0002s ]
SQL: SHOW COLUMNS FROM `mic_attribute` [ RunTime:0.0040s ]
SQL: SELECT `id`,`name`,`type`,`extra` FROM `mic_attribute` WHERE `model_id` = 4  [ RunTime:0.0003s ]
INFO: [ view_parse ] --START--
INFO: [ template_filter ] --START--
INFO: Run Behavior\ContentReplaceBehavior [ RunTime:0.000235s ]
INFO: [ template_filter ] --END-- [ RunTime:0.000298s ]
INFO: Run Behavior\ParseTemplateBehavior [ RunTime:0.017325s ]
INFO: [ view_parse ] --END-- [ RunTime:0.017388s ]
INFO: [ view_filter ] --START--
INFO: Run Behavior\WriteHtmlCacheBehavior [ RunTime:0.000477s ]
INFO: [ view_filter ] --END-- [ RunTime:0.000509s ]

[ 2017-10-31T17:30:36+08:00 ] ::1 /admin.php?s=/Comment/index.html
INFO: [ app_init ] --START--
INFO: Run Behavior\BuildLiteBehavior [ RunTime:0.000012s ]
INFO: Run Common\Behavior\InitHookBehavior [ RunTime:0.001650s ]
INFO: [ app_init ] --END-- [ RunTime:0.001988s ]
INFO: [ app_begin ] --START--
INFO: Run Behavior\ReadHtmlCacheBehavior [ RunTime:0.000680s ]
INFO: [ app_begin ] --END-- [ RunTime:0.000742s ]
SQL: SHOW COLUMNS FROM `mic_menu` [ RunTime:0.0076s ]
SQL: SELECT `id`,`title`,`url` FROM `mic_menu` WHERE `pid` = 0 AND `hide` = 0 ORDER BY sort asc  [ RunTime:0.0004s ]
SQL: SELECT `pid` FROM `mic_menu` WHERE ( pid !=0 AND url like '%Comment/index%' ) LIMIT 1   [ RunTime:0.0010s ]
SQL: SELECT * FROM `mic_menu` WHERE `id` = 124 LIMIT 1   [ RunTime:0.0004s ]
SQL: SELECT DISTINCT  `group` FROM `mic_menu` WHERE `group` <> '' AND `pid` = 124  [ RunTime:0.0006s ]
SQL: SELECT `id`,`url` FROM `mic_menu` WHERE `pid` = 124 AND `hide` = 0  [ RunTime:0.0004s ]
SQL: SELECT `id`,`pid`,`title`,`url`,`tip` FROM `mic_menu` WHERE `group` = '评论列表' AND `pid` = 124 AND `hide` = 0 ORDER BY sort asc  [ RunTime:0.0003s ]
NOTIC: [8] Undefined variable: p C:\Users\AstroBoy\Downloads\wwwroot\Application\Admin\Controller\CommentController.class.php 第 22 行.
SQL: SHOW COLUMNS FROM `mic_model` [ RunTime:0.0041s ]
SQL: SELECT * FROM `mic_model` WHERE `name` = 'comment' LIMIT 1   [ RunTime:0.0004s ]
SQL: SELECT * FROM `mic_model` WHERE `id` = 4 LIMIT 1   [ RunTime:0.0003s ]
SQL: SHOW COLUMNS FROM `mic_comment` [ RunTime:0.0040s ]
SQL: SELECT `id`,`uid`,`content`,`article_id`,`comment_time`,`status` FROM `mic_comment` WHERE `status` <> '-1' AND `pid` = 0 ORDER BY id DESC LIMIT 0,10   [ RunTime:0.0002s ]
SQL: SELECT COUNT(*) AS tp_count FROM `mic_comment` WHERE `status` <> '-1' AND `pid` = 0 LIMIT 1   [ RunTime:0.0002s ]
SQL: SELECT `extend` FROM `mic_model` WHERE `id` = 4 LIMIT 1   [ RunTime:0.0003s ]
SQL: SHOW COLUMNS FROM `mic_attribute` [ RunTime:0.0043s ]
SQL: SELECT `id`,`name`,`type`,`extra` FROM `mic_attribute` WHERE `model_id` = 4  [ RunTime:0.0003s ]
INFO: [ view_parse ] --START--
INFO: [ template_filter ] --START--
INFO: Run Behavior\ContentReplaceBehavior [ RunTime:0.000142s ]
INFO: [ template_filter ] --END-- [ RunTime:0.000182s ]
INFO: Run Behavior\ParseTemplateBehavior [ RunTime:0.015054s ]
INFO: [ view_parse ] --END-- [ RunTime:0.015095s ]
INFO: [ view_filter ] --START--
INFO: Run Behavior\WriteHtmlCacheBehavior [ RunTime:0.000523s ]
INFO: [ view_filter ] --END-- [ RunTime:0.000587s ]

[ 2017-10-31T17:30:42+08:00 ] ::1 /admin.php?s=/User/index.html
INFO: [ app_init ] --START--
INFO: Run Behavior\BuildLiteBehavior [ RunTime:0.000017s ]
INFO: Run Common\Behavior\InitHookBehavior [ RunTime:0.002575s ]
INFO: [ app_init ] --END-- [ RunTime:0.003141s ]
INFO: [ app_begin ] --START--
INFO: Run Behavior\ReadHtmlCacheBehavior [ RunTime:0.001169s ]
INFO: [ app_begin ] --END-- [ RunTime:0.001269s ]
SQL: SHOW COLUMNS FROM `mic_menu` [ RunTime:0.0046s ]
SQL: SELECT `id`,`title`,`url` FROM `mic_menu` WHERE `pid` = 0 AND `hide` = 0 ORDER BY sort asc  [ RunTime:0.0008s ]
SQL: SELECT `pid` FROM `mic_menu` WHERE ( pid !=0 AND url like '%User/index%' ) LIMIT 1   [ RunTime:0.0006s ]
SQL: SELECT * FROM `mic_menu` WHERE `id` = 16 LIMIT 1   [ RunTime:0.0004s ]
SQL: SELECT DISTINCT  `group` FROM `mic_menu` WHERE `group` <> '' AND `pid` = 16  [ RunTime:0.0006s ]
SQL: SELECT `id`,`url` FROM `mic_menu` WHERE `pid` = 16 AND `hide` = 0  [ RunTime:0.0002s ]
SQL: SELECT `id`,`pid`,`title`,`url`,`tip` FROM `mic_menu` WHERE `group` = '用户管理' AND `pid` = 16 AND `hide` = 0 ORDER BY sort asc  [ RunTime:0.0004s ]
SQL: SELECT `id`,`pid`,`title`,`url`,`tip` FROM `mic_menu` WHERE `group` = '行为管理' AND `pid` = 16 AND `hide` = 0 ORDER BY sort asc  [ RunTime:0.0003s ]
SQL: SHOW COLUMNS FROM `mic_member` [ RunTime:0.0062s ]
SQL: SELECT COUNT(*) AS tp_count FROM `mic_member` WHERE `status` >= 0 AND `nickname` LIKE '%%' LIMIT 1   [ RunTime:0.0003s ]
SQL: SELECT `uid`,`nickname`,`sex`,`birthday`,`qq`,`score`,`login`,`reg_ip`,`reg_time`,`last_login_ip`,`last_login_time`,`status` FROM `mic_member` WHERE `status` >= 0 AND `nickname` LIKE '%%' ORDER BY uid desc LIMIT 0,10   [ RunTime:0.0004s ]
INFO: [ view_parse ] --START--
INFO: [ template_filter ] --START--
INFO: Run Behavior\ContentReplaceBehavior [ RunTime:0.000126s ]
INFO: [ template_filter ] --END-- [ RunTime:0.000165s ]
INFO: Run Behavior\ParseTemplateBehavior [ RunTime:0.016538s ]
INFO: [ view_parse ] --END-- [ RunTime:0.016582s ]
INFO: [ view_filter ] --START--
INFO: Run Behavior\WriteHtmlCacheBehavior [ RunTime:0.000564s ]
INFO: [ view_filter ] --END-- [ RunTime:0.000610s ]
INFO: [ app_end ] --START--
INFO: Run Behavior\ShowPageTraceBehavior [ RunTime:0.000801s ]
INFO: [ app_end ] --END-- [ RunTime:0.000847s ]

[ 2017-10-31T17:30:54+08:00 ] ::1 /admin.php?s=/Config/group.html
INFO: [ app_init ] --START--
INFO: Run Behavior\BuildLiteBehavior [ RunTime:0.000012s ]
INFO: Run Common\Behavior\InitHookBehavior [ RunTime:0.001674s ]
INFO: [ app_init ] --END-- [ RunTime:0.002031s ]
INFO: [ app_begin ] --START--
INFO: Run Behavior\ReadHtmlCacheBehavior [ RunTime:0.000729s ]
INFO: [ app_begin ] --END-- [ RunTime:0.000770s ]
SQL: SHOW COLUMNS FROM `mic_menu` [ RunTime:0.0058s ]
SQL: SELECT `id`,`title`,`url` FROM `mic_menu` WHERE `pid` = 0 AND `hide` = 0 ORDER BY sort asc  [ RunTime:0.0003s ]
SQL: SELECT `pid` FROM `mic_menu` WHERE ( pid !=0 AND url like '%Config/group%' ) LIMIT 1   [ RunTime:0.0006s ]
SQL: SELECT * FROM `mic_menu` WHERE `id` = 68 LIMIT 1   [ RunTime:0.0003s ]
SQL: SELECT DISTINCT  `group` FROM `mic_menu` WHERE `group` <> '' AND `pid` = 68  [ RunTime:0.0004s ]
SQL: SELECT `id`,`url` FROM `mic_menu` WHERE `pid` = 68 AND `hide` = 0  [ RunTime:0.0003s ]
SQL: SELECT `id`,`pid`,`title`,`url`,`tip` FROM `mic_menu` WHERE `group` = '系统设置' AND `pid` = 68 AND `hide` = 0 ORDER BY sort asc  [ RunTime:0.0005s ]
SQL: SELECT `id`,`pid`,`title`,`url`,`tip` FROM `mic_menu` WHERE `group` = '数据备份' AND `pid` = 68 AND `hide` = 0 ORDER BY sort asc  [ RunTime:0.0003s ]
SQL: SHOW COLUMNS FROM `mic_config` [ RunTime:0.0036s ]
SQL: SELECT `id`,`name`,`title`,`extra`,`value`,`remark`,`type` FROM `mic_config` WHERE `status` = 1 AND `group` = 1 ORDER BY sort  [ RunTime:0.0004s ]
INFO: [ view_parse ] --START--
INFO: [ template_filter ] --START--
INFO: Run Behavior\ContentReplaceBehavior [ RunTime:0.000125s ]
INFO: [ template_filter ] --END-- [ RunTime:0.000167s ]
INFO: Run Behavior\ParseTemplateBehavior [ RunTime:0.015778s ]
INFO: [ view_parse ] --END-- [ RunTime:0.015830s ]
INFO: [ view_filter ] --START--
INFO: Run Behavior\WriteHtmlCacheBehavior [ RunTime:0.000644s ]
INFO: [ view_filter ] --END-- [ RunTime:0.000688s ]
INFO: [ app_end ] --START--
INFO: Run Behavior\ShowPageTraceBehavior [ RunTime:0.000941s ]
INFO: [ app_end ] --END-- [ RunTime:0.001001s ]

